<?xml version="1.0" encoding="UTF-8"?>
<testsuites name="GM - Regression Suite for Reporting Tool" time="874" tests="4" failures="1" errors="0">
   <testsuite name="GM - Regression Suite for Reporting Tool" tests="4" failures="1" errors="0" time="874" timestamp="2018-03-30 10:10:38" hostname="THE FRANKENSTINE - 10.2.38.51" id="Test Suites/GM - Regression Suite for Reporting Tool">
      <properties>
         <property name="deviceName" value=""/>
         <property name="devicePlatform" value=""/>
         <property name="logFolder" value="C:\\Users\\THE FRANKENSTINE\\Katalon Studio\\GM-US_Lead_Gen_Reporting_Tool\\Reports\\GM - Regression Suite for Reporting Tool\\20180330_101037"/>
         <property name="logFiles" value="C:\\Users\\THE FRANKENSTINE\\Katalon Studio\\GM-US_Lead_Gen_Reporting_Tool\\Reports\\GM - Regression Suite for Reporting Tool\\20180330_101037\\execution0.log"/>
         <property name="attachments" value="C:\\Users\\THE FRANKENSTINE\\Katalon Studio\\GM-US_Lead_Gen_Reporting_Tool\\Reports\\GM - Regression Suite for Reporting Tool\\20180330_101037\\1522419910805.png"/>
         <property name="hostName" value="THE FRANKENSTINE - 10.2.38.51"/>
         <property name="os" value="Windows 7 64bit"/>
         <property name="katalonVersion" value="5.3.1.1"/>
         <property name="browser" value="Firefox 57.0"/>
         <property name="hostAddress" value="10.2.38.51"/>
         <property name="sessionId" value="cef23e85-7d5f-492f-91a0-2f864c3e95a5"/>
         <property name="seleniumVersion" value="3.7.1"/>
         <property name="proxyInformation" value="ProxyInformation{proxyOption=USE_SYSTEM, proxyServerType=HTTP, password=, proxyServerAddress=, proxyServerPort=0}"/>
         <property name="platform" value="Windows 7"/>
      </properties>
      <testcase name="Test Cases/Regression - Logging in and Logging out" classname="Test Cases/Regression - Logging in and Logging out" status="PASSED">
         <system-out><![CDATA[2018-03-30 10:10:39 - [TEST_CASE][PASSED] - Test Cases/Regression - Logging in and Logging out: Test Cases/Regression - Logging in and Logging out

2018-03-30 10:10:39 - [TEST_STEP][PASSED] - openBrowser: Browser is opened with url: ''

2018-03-30 10:10:49 - [MESSAGE][PASSED] - Browser is opened with url: ''

2018-03-30 10:10:49 - [TEST_STEP][PASSED] - navigateToUrl: Navigate to 'https://us-dev.gmli2.bluewatertech.host' successfully

2018-03-30 10:10:51 - [MESSAGE][PASSED] - Navigate to 'https://us-dev.gmli2.bluewatertech.host' successfully

2018-03-30 10:10:51 - [TEST_STEP][PASSED] - maximizeWindow: Current window maximized

2018-03-30 10:10:51 - [MESSAGE][PASSED] - Current window maximized

2018-03-30 10:10:51 - [TEST_STEP][PASSED] - delay: Delayed 2 second(s)

2018-03-30 10:10:53 - [MESSAGE][PASSED] - Delayed 2 second(s)

2018-03-30 10:10:53 - [TEST_STEP][PASSED] - mouseOver: Object: 'Object Repository/Page_Home Page - US Leadgen/a_Sign In' is hovered

2018-03-30 10:10:53 - [MESSAGE][PASSED] - Object: 'Object Repository/Page_Home Page - US Leadgen/a_Sign In' is hovered

2018-03-30 10:10:53 - [TEST_STEP][PASSED] - click: Object: 'Object Repository/Page_Home Page - US Leadgen/a_Sign In' is clicked on

2018-03-30 10:10:54 - [MESSAGE][PASSED] - Object: 'Object Repository/Page_Home Page - US Leadgen/a_Sign In' is clicked on

2018-03-30 10:10:54 - [TEST_STEP][PASSED] - delay: Delayed 2 second(s)

2018-03-30 10:10:56 - [MESSAGE][PASSED] - Delayed 2 second(s)

2018-03-30 10:10:56 - [TEST_STEP][PASSED] - setText: Text 'jwaryas@bluewatertech.com' is set on object 'Object Repository/Page_Log in - US Leadgen/input_Email'

2018-03-30 10:10:56 - [MESSAGE][PASSED] - Text 'jwaryas@bluewatertech.com' is set on object 'Object Repository/Page_Log in - US Leadgen/input_Email'

2018-03-30 10:10:56 - [TEST_STEP][PASSED] - setText: Text 'Droop420!' is set on object 'Object Repository/Page_Log in - US Leadgen/input_Password'

2018-03-30 10:10:56 - [MESSAGE][PASSED] - Text 'Droop420!' is set on object 'Object Repository/Page_Log in - US Leadgen/input_Password'

2018-03-30 10:10:56 - [TEST_STEP][PASSED] - delay: Delayed 2 second(s)

2018-03-30 10:10:58 - [MESSAGE][PASSED] - Delayed 2 second(s)

2018-03-30 10:10:58 - [TEST_STEP][PASSED] - click: Object: 'Object Repository/Page_Log in - US Leadgen/input_btn btn-default' is clicked on

2018-03-30 10:10:58 - [MESSAGE][PASSED] - Object: 'Object Repository/Page_Log in - US Leadgen/input_btn btn-default' is clicked on

2018-03-30 10:10:58 - [TEST_STEP][PASSED] - delay: Delayed 2 second(s)

2018-03-30 10:11:00 - [MESSAGE][PASSED] - Delayed 2 second(s)

2018-03-30 10:11:00 - [TEST_STEP][PASSED] - mouseOver: Object: 'Object Repository/Page_Home Page - US Leadgen (1)/span_Account' is hovered

2018-03-30 10:11:01 - [MESSAGE][PASSED] - Object: 'Object Repository/Page_Home Page - US Leadgen (1)/span_Account' is hovered

2018-03-30 10:11:01 - [TEST_STEP][PASSED] - delay: Delayed 2 second(s)

2018-03-30 10:11:03 - [MESSAGE][PASSED] - Delayed 2 second(s)

2018-03-30 10:11:03 - [TEST_STEP][PASSED] - click: Object: 'Object Repository/Page_Home Page - US Leadgen (2)/span_Sign Out' is clicked on

2018-03-30 10:11:03 - [MESSAGE][PASSED] - Object: 'Object Repository/Page_Home Page - US Leadgen (2)/span_Sign Out' is clicked on

2018-03-30 10:11:03 - [TEST_STEP][PASSED] - delay: Delayed 2 second(s)

2018-03-30 10:11:05 - [MESSAGE][PASSED] - Delayed 2 second(s)

2018-03-30 10:11:05 - [TEST_STEP][PASSED] - mouseOver: Object: 'Object Repository/Page_Home Page - US Leadgen/a_Sign In' is hovered

2018-03-30 10:11:05 - [MESSAGE][PASSED] - Object: 'Object Repository/Page_Home Page - US Leadgen/a_Sign In' is hovered

2018-03-30 10:11:05 - [TEST_STEP][PASSED] - click: Object: 'Object Repository/Page_Home Page - US Leadgen/a_Sign In' is clicked on

2018-03-30 10:11:06 - [MESSAGE][PASSED] - Object: 'Object Repository/Page_Home Page - US Leadgen/a_Sign In' is clicked on

2018-03-30 10:11:06 - [TEST_STEP][PASSED] - delay: Delayed 2 second(s)

2018-03-30 10:11:08 - [MESSAGE][PASSED] - Delayed 2 second(s)

2018-03-30 10:11:08 - [TEST_STEP][PASSED] - setText: Text 'jwaryas@bluewatertech.com' is set on object 'Object Repository/Page_Log in - US Leadgen/input_Email'

2018-03-30 10:11:08 - [MESSAGE][PASSED] - Text 'jwaryas@bluewatertech.com' is set on object 'Object Repository/Page_Log in - US Leadgen/input_Email'

2018-03-30 10:11:08 - [TEST_STEP][PASSED] - setText: Text 'Droop420!' is set on object 'Object Repository/Page_Log in - US Leadgen/input_Password'

2018-03-30 10:11:08 - [MESSAGE][PASSED] - Text 'Droop420!' is set on object 'Object Repository/Page_Log in - US Leadgen/input_Password'

2018-03-30 10:11:08 - [TEST_STEP][PASSED] - delay: Delayed 2 second(s)

2018-03-30 10:11:10 - [MESSAGE][PASSED] - Delayed 2 second(s)

2018-03-30 10:11:10 - [TEST_STEP][PASSED] - click: Object: 'Object Repository/Page_Log in - US Leadgen/input_btn btn-default' is clicked on

2018-03-30 10:11:10 - [MESSAGE][PASSED] - Object: 'Object Repository/Page_Log in - US Leadgen/input_btn btn-default' is clicked on

2018-03-30 10:11:10 - [TEST_STEP][PASSED] - delay: Delayed 2 second(s)

2018-03-30 10:11:12 - [MESSAGE][PASSED] - Delayed 2 second(s)

2018-03-30 10:11:12 - [TEST_STEP][PASSED] - mouseOver: Object: 'Object Repository/Page_Home Page - US Leadgen (1)/span_Account' is hovered

2018-03-30 10:11:13 - [MESSAGE][PASSED] - Object: 'Object Repository/Page_Home Page - US Leadgen (1)/span_Account' is hovered

2018-03-30 10:11:13 - [TEST_STEP][PASSED] - delay: Delayed 2 second(s)

2018-03-30 10:11:15 - [MESSAGE][PASSED] - Delayed 2 second(s)

2018-03-30 10:11:15 - [TEST_STEP][PASSED] - click: Object: 'Object Repository/Page_Home Page - US Leadgen (2)/span_Sign Out' is clicked on

2018-03-30 10:11:15 - [MESSAGE][PASSED] - Object: 'Object Repository/Page_Home Page - US Leadgen (2)/span_Sign Out' is clicked on

2018-03-30 10:11:15 - [TEST_STEP][PASSED] - delay: Delayed 2 second(s)

2018-03-30 10:11:17 - [MESSAGE][PASSED] - Delayed 2 second(s)

2018-03-30 10:11:17 - [TEST_STEP][PASSED] - mouseOver: Object: 'Object Repository/Page_Home Page - US Leadgen/a_Sign In' is hovered

2018-03-30 10:11:17 - [MESSAGE][PASSED] - Object: 'Object Repository/Page_Home Page - US Leadgen/a_Sign In' is hovered

2018-03-30 10:11:17 - [TEST_STEP][PASSED] - click: Object: 'Object Repository/Page_Home Page - US Leadgen/a_Sign In' is clicked on

2018-03-30 10:11:18 - [MESSAGE][PASSED] - Object: 'Object Repository/Page_Home Page - US Leadgen/a_Sign In' is clicked on

2018-03-30 10:11:18 - [TEST_STEP][PASSED] - delay: Delayed 2 second(s)

2018-03-30 10:11:20 - [MESSAGE][PASSED] - Delayed 2 second(s)

2018-03-30 10:11:20 - [TEST_STEP][PASSED] - setText: Text 'jwaryas@bluewatertech.com' is set on object 'Object Repository/Page_Log in - US Leadgen/input_Email'

2018-03-30 10:11:20 - [MESSAGE][PASSED] - Text 'jwaryas@bluewatertech.com' is set on object 'Object Repository/Page_Log in - US Leadgen/input_Email'

2018-03-30 10:11:20 - [TEST_STEP][PASSED] - setText: Text 'Droop420!' is set on object 'Object Repository/Page_Log in - US Leadgen/input_Password'

2018-03-30 10:11:20 - [MESSAGE][PASSED] - Text 'Droop420!' is set on object 'Object Repository/Page_Log in - US Leadgen/input_Password'

2018-03-30 10:11:20 - [TEST_STEP][PASSED] - delay: Delayed 2 second(s)

2018-03-30 10:11:22 - [MESSAGE][PASSED] - Delayed 2 second(s)

2018-03-30 10:11:22 - [TEST_STEP][PASSED] - click: Object: 'Object Repository/Page_Log in - US Leadgen/input_btn btn-default' is clicked on

2018-03-30 10:11:22 - [MESSAGE][PASSED] - Object: 'Object Repository/Page_Log in - US Leadgen/input_btn btn-default' is clicked on

2018-03-30 10:11:22 - [TEST_STEP][PASSED] - delay: Delayed 2 second(s)

2018-03-30 10:11:24 - [MESSAGE][PASSED] - Delayed 2 second(s)

2018-03-30 10:11:24 - [TEST_STEP][PASSED] - mouseOver: Object: 'Object Repository/Page_Home Page - US Leadgen (1)/span_Account' is hovered

2018-03-30 10:11:24 - [MESSAGE][PASSED] - Object: 'Object Repository/Page_Home Page - US Leadgen (1)/span_Account' is hovered

2018-03-30 10:11:24 - [TEST_STEP][PASSED] - delay: Delayed 2 second(s)

2018-03-30 10:11:26 - [MESSAGE][PASSED] - Delayed 2 second(s)

2018-03-30 10:11:26 - [TEST_STEP][PASSED] - click: Object: 'Object Repository/Page_Home Page - US Leadgen (2)/span_Sign Out' is clicked on

2018-03-30 10:11:27 - [MESSAGE][PASSED] - Object: 'Object Repository/Page_Home Page - US Leadgen (2)/span_Sign Out' is clicked on

2018-03-30 10:11:27 - [TEST_STEP][PASSED] - delay: Delayed 2 second(s)

2018-03-30 10:11:29 - [MESSAGE][PASSED] - Delayed 2 second(s)

2018-03-30 10:11:29 - [TEST_STEP][PASSED] - mouseOver: Object: 'Object Repository/Page_Home Page - US Leadgen/a_Sign In' is hovered

2018-03-30 10:11:29 - [MESSAGE][PASSED] - Object: 'Object Repository/Page_Home Page - US Leadgen/a_Sign In' is hovered

2018-03-30 10:11:29 - [TEST_STEP][PASSED] - click: Object: 'Object Repository/Page_Home Page - US Leadgen/a_Sign In' is clicked on

2018-03-30 10:11:30 - [MESSAGE][PASSED] - Object: 'Object Repository/Page_Home Page - US Leadgen/a_Sign In' is clicked on

2018-03-30 10:11:30 - [TEST_STEP][PASSED] - delay: Delayed 2 second(s)

2018-03-30 10:11:32 - [MESSAGE][PASSED] - Delayed 2 second(s)

2018-03-30 10:11:32 - [TEST_STEP][PASSED] - setText: Text 'jwaryas@bluewatertech.com' is set on object 'Object Repository/Page_Log in - US Leadgen/input_Email'

2018-03-30 10:11:32 - [MESSAGE][PASSED] - Text 'jwaryas@bluewatertech.com' is set on object 'Object Repository/Page_Log in - US Leadgen/input_Email'

2018-03-30 10:11:32 - [TEST_STEP][PASSED] - setText: Text 'Droop420!' is set on object 'Object Repository/Page_Log in - US Leadgen/input_Password'

2018-03-30 10:11:32 - [MESSAGE][PASSED] - Text 'Droop420!' is set on object 'Object Repository/Page_Log in - US Leadgen/input_Password'

2018-03-30 10:11:32 - [TEST_STEP][PASSED] - delay: Delayed 2 second(s)

2018-03-30 10:11:34 - [MESSAGE][PASSED] - Delayed 2 second(s)

2018-03-30 10:11:34 - [TEST_STEP][PASSED] - click: Object: 'Object Repository/Page_Log in - US Leadgen/input_btn btn-default' is clicked on

2018-03-30 10:11:34 - [MESSAGE][PASSED] - Object: 'Object Repository/Page_Log in - US Leadgen/input_btn btn-default' is clicked on

2018-03-30 10:11:34 - [TEST_STEP][PASSED] - delay: Delayed 2 second(s)

2018-03-30 10:11:36 - [MESSAGE][PASSED] - Delayed 2 second(s)

2018-03-30 10:11:36 - [TEST_STEP][PASSED] - mouseOver: Object: 'Object Repository/Page_Home Page - US Leadgen (1)/span_Account' is hovered

2018-03-30 10:11:36 - [MESSAGE][PASSED] - Object: 'Object Repository/Page_Home Page - US Leadgen (1)/span_Account' is hovered

2018-03-30 10:11:36 - [TEST_STEP][PASSED] - delay: Delayed 2 second(s)

2018-03-30 10:11:38 - [MESSAGE][PASSED] - Delayed 2 second(s)

2018-03-30 10:11:38 - [TEST_STEP][PASSED] - click: Object: 'Object Repository/Page_Home Page - US Leadgen (2)/span_Sign Out' is clicked on

2018-03-30 10:11:39 - [MESSAGE][PASSED] - Object: 'Object Repository/Page_Home Page - US Leadgen (2)/span_Sign Out' is clicked on

2018-03-30 10:11:39 - [TEST_STEP][PASSED] - delay: Delayed 2 second(s)

2018-03-30 10:11:41 - [MESSAGE][PASSED] - Delayed 2 second(s)

2018-03-30 10:11:41 - [TEST_STEP][PASSED] - mouseOver: Object: 'Object Repository/Page_Home Page - US Leadgen/a_Sign In' is hovered

2018-03-30 10:11:41 - [MESSAGE][PASSED] - Object: 'Object Repository/Page_Home Page - US Leadgen/a_Sign In' is hovered

2018-03-30 10:11:41 - [TEST_STEP][PASSED] - click: Object: 'Object Repository/Page_Home Page - US Leadgen/a_Sign In' is clicked on

2018-03-30 10:11:41 - [MESSAGE][PASSED] - Object: 'Object Repository/Page_Home Page - US Leadgen/a_Sign In' is clicked on

2018-03-30 10:11:41 - [TEST_STEP][PASSED] - delay: Delayed 2 second(s)

2018-03-30 10:11:43 - [MESSAGE][PASSED] - Delayed 2 second(s)

2018-03-30 10:11:43 - [TEST_STEP][PASSED] - setText: Text 'jwaryas@bluewatertech.com' is set on object 'Object Repository/Page_Log in - US Leadgen/input_Email'

2018-03-30 10:11:44 - [MESSAGE][PASSED] - Text 'jwaryas@bluewatertech.com' is set on object 'Object Repository/Page_Log in - US Leadgen/input_Email'

2018-03-30 10:11:44 - [TEST_STEP][PASSED] - setText: Text 'Droop420!' is set on object 'Object Repository/Page_Log in - US Leadgen/input_Password'

2018-03-30 10:11:44 - [MESSAGE][PASSED] - Text 'Droop420!' is set on object 'Object Repository/Page_Log in - US Leadgen/input_Password'

2018-03-30 10:11:44 - [TEST_STEP][PASSED] - delay: Delayed 2 second(s)

2018-03-30 10:11:46 - [MESSAGE][PASSED] - Delayed 2 second(s)

2018-03-30 10:11:46 - [TEST_STEP][PASSED] - click: Object: 'Object Repository/Page_Log in - US Leadgen/input_btn btn-default' is clicked on

2018-03-30 10:11:46 - [MESSAGE][PASSED] - Object: 'Object Repository/Page_Log in - US Leadgen/input_btn btn-default' is clicked on

2018-03-30 10:11:46 - [TEST_STEP][PASSED] - delay: Delayed 2 second(s)

2018-03-30 10:11:48 - [MESSAGE][PASSED] - Delayed 2 second(s)

2018-03-30 10:11:48 - [TEST_STEP][PASSED] - mouseOver: Object: 'Object Repository/Page_Home Page - US Leadgen (1)/span_Account' is hovered

2018-03-30 10:11:48 - [MESSAGE][PASSED] - Object: 'Object Repository/Page_Home Page - US Leadgen (1)/span_Account' is hovered

2018-03-30 10:11:48 - [TEST_STEP][PASSED] - delay: Delayed 2 second(s)

2018-03-30 10:11:50 - [MESSAGE][PASSED] - Delayed 2 second(s)

2018-03-30 10:11:50 - [TEST_STEP][PASSED] - click: Object: 'Object Repository/Page_Home Page - US Leadgen (2)/span_Sign Out' is clicked on

2018-03-30 10:11:51 - [MESSAGE][PASSED] - Object: 'Object Repository/Page_Home Page - US Leadgen (2)/span_Sign Out' is clicked on

2018-03-30 10:11:51 - [TEST_STEP][PASSED] - delay: Delayed 2 second(s)

2018-03-30 10:11:53 - [MESSAGE][PASSED] - Delayed 2 second(s)

2018-03-30 10:11:53 - [TEST_STEP][PASSED] - mouseOver: Object: 'Object Repository/Page_Home Page - US Leadgen/a_Sign In' is hovered

2018-03-30 10:11:53 - [MESSAGE][PASSED] - Object: 'Object Repository/Page_Home Page - US Leadgen/a_Sign In' is hovered

2018-03-30 10:11:53 - [TEST_STEP][PASSED] - click: Object: 'Object Repository/Page_Home Page - US Leadgen/a_Sign In' is clicked on

2018-03-30 10:11:54 - [MESSAGE][PASSED] - Object: 'Object Repository/Page_Home Page - US Leadgen/a_Sign In' is clicked on

2018-03-30 10:11:54 - [TEST_STEP][PASSED] - delay: Delayed 2 second(s)

2018-03-30 10:11:56 - [MESSAGE][PASSED] - Delayed 2 second(s)

2018-03-30 10:11:56 - [TEST_STEP][PASSED] - setText: Text 'jwaryas@bluewatertech.com' is set on object 'Object Repository/Page_Log in - US Leadgen/input_Email'

2018-03-30 10:11:56 - [MESSAGE][PASSED] - Text 'jwaryas@bluewatertech.com' is set on object 'Object Repository/Page_Log in - US Leadgen/input_Email'

2018-03-30 10:11:56 - [TEST_STEP][PASSED] - setText: Text 'Droop420!' is set on object 'Object Repository/Page_Log in - US Leadgen/input_Password'

2018-03-30 10:11:56 - [MESSAGE][PASSED] - Text 'Droop420!' is set on object 'Object Repository/Page_Log in - US Leadgen/input_Password'

2018-03-30 10:11:56 - [TEST_STEP][PASSED] - delay: Delayed 2 second(s)

2018-03-30 10:11:58 - [MESSAGE][PASSED] - Delayed 2 second(s)

2018-03-30 10:11:58 - [TEST_STEP][PASSED] - click: Object: 'Object Repository/Page_Log in - US Leadgen/input_btn btn-default' is clicked on

2018-03-30 10:11:58 - [MESSAGE][PASSED] - Object: 'Object Repository/Page_Log in - US Leadgen/input_btn btn-default' is clicked on

2018-03-30 10:11:58 - [TEST_STEP][PASSED] - delay: Delayed 2 second(s)

2018-03-30 10:12:00 - [MESSAGE][PASSED] - Delayed 2 second(s)

2018-03-30 10:12:00 - [TEST_STEP][PASSED] - mouseOver: Object: 'Object Repository/Page_Home Page - US Leadgen (1)/span_Account' is hovered

2018-03-30 10:12:00 - [MESSAGE][PASSED] - Object: 'Object Repository/Page_Home Page - US Leadgen (1)/span_Account' is hovered

2018-03-30 10:12:00 - [TEST_STEP][PASSED] - delay: Delayed 2 second(s)

2018-03-30 10:12:02 - [MESSAGE][PASSED] - Delayed 2 second(s)

2018-03-30 10:12:02 - [TEST_STEP][PASSED] - click: Object: 'Object Repository/Page_Home Page - US Leadgen (2)/span_Sign Out' is clicked on

2018-03-30 10:12:03 - [MESSAGE][PASSED] - Object: 'Object Repository/Page_Home Page - US Leadgen (2)/span_Sign Out' is clicked on

2018-03-30 10:12:03 - [TEST_STEP][PASSED] - delay: Delayed 2 second(s)

2018-03-30 10:12:05 - [MESSAGE][PASSED] - Delayed 2 second(s)

2018-03-30 10:12:05 - [TEST_STEP][PASSED] - mouseOver: Object: 'Object Repository/Page_Home Page - US Leadgen/a_Sign In' is hovered

2018-03-30 10:12:05 - [MESSAGE][PASSED] - Object: 'Object Repository/Page_Home Page - US Leadgen/a_Sign In' is hovered

2018-03-30 10:12:05 - [TEST_STEP][PASSED] - click: Object: 'Object Repository/Page_Home Page - US Leadgen/a_Sign In' is clicked on

2018-03-30 10:12:06 - [MESSAGE][PASSED] - Object: 'Object Repository/Page_Home Page - US Leadgen/a_Sign In' is clicked on

2018-03-30 10:12:06 - [TEST_STEP][PASSED] - delay: Delayed 2 second(s)

2018-03-30 10:12:08 - [MESSAGE][PASSED] - Delayed 2 second(s)

2018-03-30 10:12:08 - [TEST_STEP][PASSED] - setText: Text 'jwaryas@bluewatertech.com' is set on object 'Object Repository/Page_Log in - US Leadgen/input_Email'

2018-03-30 10:12:08 - [MESSAGE][PASSED] - Text 'jwaryas@bluewatertech.com' is set on object 'Object Repository/Page_Log in - US Leadgen/input_Email'

2018-03-30 10:12:08 - [TEST_STEP][PASSED] - setText: Text 'Droop420!' is set on object 'Object Repository/Page_Log in - US Leadgen/input_Password'

2018-03-30 10:12:08 - [MESSAGE][PASSED] - Text 'Droop420!' is set on object 'Object Repository/Page_Log in - US Leadgen/input_Password'

2018-03-30 10:12:08 - [TEST_STEP][PASSED] - delay: Delayed 2 second(s)

2018-03-30 10:12:10 - [MESSAGE][PASSED] - Delayed 2 second(s)

2018-03-30 10:12:10 - [TEST_STEP][PASSED] - click: Object: 'Object Repository/Page_Log in - US Leadgen/input_btn btn-default' is clicked on

2018-03-30 10:12:11 - [MESSAGE][PASSED] - Object: 'Object Repository/Page_Log in - US Leadgen/input_btn btn-default' is clicked on

2018-03-30 10:12:11 - [TEST_STEP][PASSED] - delay: Delayed 2 second(s)

2018-03-30 10:12:13 - [MESSAGE][PASSED] - Delayed 2 second(s)

2018-03-30 10:12:13 - [TEST_STEP][PASSED] - mouseOver: Object: 'Object Repository/Page_Home Page - US Leadgen (1)/span_Account' is hovered

2018-03-30 10:12:13 - [MESSAGE][PASSED] - Object: 'Object Repository/Page_Home Page - US Leadgen (1)/span_Account' is hovered

2018-03-30 10:12:13 - [TEST_STEP][PASSED] - delay: Delayed 2 second(s)

2018-03-30 10:12:15 - [MESSAGE][PASSED] - Delayed 2 second(s)

2018-03-30 10:12:15 - [TEST_STEP][PASSED] - click: Object: 'Object Repository/Page_Home Page - US Leadgen (2)/span_Sign Out' is clicked on

2018-03-30 10:12:16 - [MESSAGE][PASSED] - Object: 'Object Repository/Page_Home Page - US Leadgen (2)/span_Sign Out' is clicked on

2018-03-30 10:12:16 - [TEST_STEP][PASSED] - delay: Delayed 2 second(s)

2018-03-30 10:12:18 - [MESSAGE][PASSED] - Delayed 2 second(s)

2018-03-30 10:12:18 - [TEST_STEP][PASSED] - mouseOver: Object: 'Object Repository/Page_Home Page - US Leadgen/a_Sign In' is hovered

2018-03-30 10:12:18 - [MESSAGE][PASSED] - Object: 'Object Repository/Page_Home Page - US Leadgen/a_Sign In' is hovered

2018-03-30 10:12:18 - [TEST_STEP][PASSED] - click: Object: 'Object Repository/Page_Home Page - US Leadgen/a_Sign In' is clicked on

2018-03-30 10:12:18 - [MESSAGE][PASSED] - Object: 'Object Repository/Page_Home Page - US Leadgen/a_Sign In' is clicked on

2018-03-30 10:12:18 - [TEST_STEP][PASSED] - delay: Delayed 2 second(s)

2018-03-30 10:12:20 - [MESSAGE][PASSED] - Delayed 2 second(s)

2018-03-30 10:12:20 - [TEST_STEP][PASSED] - setText: Text 'jwaryas@bluewatertech.com' is set on object 'Object Repository/Page_Log in - US Leadgen/input_Email'

2018-03-30 10:12:21 - [MESSAGE][PASSED] - Text 'jwaryas@bluewatertech.com' is set on object 'Object Repository/Page_Log in - US Leadgen/input_Email'

2018-03-30 10:12:21 - [TEST_STEP][PASSED] - setText: Text 'Droop420!' is set on object 'Object Repository/Page_Log in - US Leadgen/input_Password'

2018-03-30 10:12:21 - [MESSAGE][PASSED] - Text 'Droop420!' is set on object 'Object Repository/Page_Log in - US Leadgen/input_Password'

2018-03-30 10:12:21 - [TEST_STEP][PASSED] - delay: Delayed 2 second(s)

2018-03-30 10:12:23 - [MESSAGE][PASSED] - Delayed 2 second(s)

2018-03-30 10:12:23 - [TEST_STEP][PASSED] - click: Object: 'Object Repository/Page_Log in - US Leadgen/input_btn btn-default' is clicked on

2018-03-30 10:12:23 - [MESSAGE][PASSED] - Object: 'Object Repository/Page_Log in - US Leadgen/input_btn btn-default' is clicked on

2018-03-30 10:12:23 - [TEST_STEP][PASSED] - delay: Delayed 2 second(s)

2018-03-30 10:12:25 - [MESSAGE][PASSED] - Delayed 2 second(s)

2018-03-30 10:12:25 - [TEST_STEP][PASSED] - mouseOver: Object: 'Object Repository/Page_Home Page - US Leadgen (1)/span_Account' is hovered

2018-03-30 10:12:26 - [MESSAGE][PASSED] - Object: 'Object Repository/Page_Home Page - US Leadgen (1)/span_Account' is hovered

2018-03-30 10:12:26 - [TEST_STEP][PASSED] - delay: Delayed 2 second(s)

2018-03-30 10:12:28 - [MESSAGE][PASSED] - Delayed 2 second(s)

2018-03-30 10:12:28 - [TEST_STEP][PASSED] - click: Object: 'Object Repository/Page_Home Page - US Leadgen (2)/span_Sign Out' is clicked on

2018-03-30 10:12:28 - [MESSAGE][PASSED] - Object: 'Object Repository/Page_Home Page - US Leadgen (2)/span_Sign Out' is clicked on

2018-03-30 10:12:28 - [TEST_STEP][PASSED] - delay: Delayed 2 second(s)

2018-03-30 10:12:30 - [MESSAGE][PASSED] - Delayed 2 second(s)

2018-03-30 10:12:30 - [TEST_STEP][PASSED] - mouseOver: Object: 'Object Repository/Page_Home Page - US Leadgen/a_Sign In' is hovered

2018-03-30 10:12:30 - [MESSAGE][PASSED] - Object: 'Object Repository/Page_Home Page - US Leadgen/a_Sign In' is hovered

2018-03-30 10:12:30 - [TEST_STEP][PASSED] - click: Object: 'Object Repository/Page_Home Page - US Leadgen/a_Sign In' is clicked on

2018-03-30 10:12:31 - [MESSAGE][PASSED] - Object: 'Object Repository/Page_Home Page - US Leadgen/a_Sign In' is clicked on

2018-03-30 10:12:31 - [TEST_STEP][PASSED] - delay: Delayed 2 second(s)

2018-03-30 10:12:33 - [MESSAGE][PASSED] - Delayed 2 second(s)

2018-03-30 10:12:33 - [TEST_STEP][PASSED] - setText: Text 'jwaryas@bluewatertech.com' is set on object 'Object Repository/Page_Log in - US Leadgen/input_Email'

2018-03-30 10:12:33 - [MESSAGE][PASSED] - Text 'jwaryas@bluewatertech.com' is set on object 'Object Repository/Page_Log in - US Leadgen/input_Email'

2018-03-30 10:12:33 - [TEST_STEP][PASSED] - setText: Text 'Droop420!' is set on object 'Object Repository/Page_Log in - US Leadgen/input_Password'

2018-03-30 10:12:33 - [MESSAGE][PASSED] - Text 'Droop420!' is set on object 'Object Repository/Page_Log in - US Leadgen/input_Password'

2018-03-30 10:12:33 - [TEST_STEP][PASSED] - delay: Delayed 2 second(s)

2018-03-30 10:12:35 - [MESSAGE][PASSED] - Delayed 2 second(s)

2018-03-30 10:12:35 - [TEST_STEP][PASSED] - click: Object: 'Object Repository/Page_Log in - US Leadgen/input_btn btn-default' is clicked on

2018-03-30 10:12:35 - [MESSAGE][PASSED] - Object: 'Object Repository/Page_Log in - US Leadgen/input_btn btn-default' is clicked on

2018-03-30 10:12:35 - [TEST_STEP][PASSED] - delay: Delayed 2 second(s)

2018-03-30 10:12:37 - [MESSAGE][PASSED] - Delayed 2 second(s)

2018-03-30 10:12:37 - [TEST_STEP][PASSED] - mouseOver: Object: 'Object Repository/Page_Home Page - US Leadgen (1)/span_Account' is hovered

2018-03-30 10:12:38 - [MESSAGE][PASSED] - Object: 'Object Repository/Page_Home Page - US Leadgen (1)/span_Account' is hovered

2018-03-30 10:12:38 - [TEST_STEP][PASSED] - delay: Delayed 2 second(s)

2018-03-30 10:12:40 - [MESSAGE][PASSED] - Delayed 2 second(s)

2018-03-30 10:12:40 - [TEST_STEP][PASSED] - click: Object: 'Object Repository/Page_Home Page - US Leadgen (2)/span_Sign Out' is clicked on

2018-03-30 10:12:40 - [MESSAGE][PASSED] - Object: 'Object Repository/Page_Home Page - US Leadgen (2)/span_Sign Out' is clicked on

2018-03-30 10:12:40 - [TEST_STEP][PASSED] - delay: Delayed 2 second(s)

2018-03-30 10:12:42 - [MESSAGE][PASSED] - Delayed 2 second(s)

2018-03-30 10:12:42 - [TEST_STEP][PASSED] - mouseOver: Object: 'Object Repository/Page_Home Page - US Leadgen/a_Sign In' is hovered

2018-03-30 10:12:42 - [MESSAGE][PASSED] - Object: 'Object Repository/Page_Home Page - US Leadgen/a_Sign In' is hovered

2018-03-30 10:12:42 - [TEST_STEP][PASSED] - click: Object: 'Object Repository/Page_Home Page - US Leadgen/a_Sign In' is clicked on

2018-03-30 10:12:43 - [MESSAGE][PASSED] - Object: 'Object Repository/Page_Home Page - US Leadgen/a_Sign In' is clicked on

2018-03-30 10:12:43 - [TEST_STEP][PASSED] - delay: Delayed 2 second(s)

2018-03-30 10:12:45 - [MESSAGE][PASSED] - Delayed 2 second(s)

2018-03-30 10:12:45 - [TEST_STEP][PASSED] - setText: Text 'jwaryas@bluewatertech.com' is set on object 'Object Repository/Page_Log in - US Leadgen/input_Email'

2018-03-30 10:12:45 - [MESSAGE][PASSED] - Text 'jwaryas@bluewatertech.com' is set on object 'Object Repository/Page_Log in - US Leadgen/input_Email'

2018-03-30 10:12:45 - [TEST_STEP][PASSED] - setText: Text 'Droop420!' is set on object 'Object Repository/Page_Log in - US Leadgen/input_Password'

2018-03-30 10:12:45 - [MESSAGE][PASSED] - Text 'Droop420!' is set on object 'Object Repository/Page_Log in - US Leadgen/input_Password'

2018-03-30 10:12:45 - [TEST_STEP][PASSED] - delay: Delayed 2 second(s)

2018-03-30 10:12:47 - [MESSAGE][PASSED] - Delayed 2 second(s)

2018-03-30 10:12:47 - [TEST_STEP][PASSED] - click: Object: 'Object Repository/Page_Log in - US Leadgen/input_btn btn-default' is clicked on

2018-03-30 10:12:48 - [MESSAGE][PASSED] - Object: 'Object Repository/Page_Log in - US Leadgen/input_btn btn-default' is clicked on

2018-03-30 10:12:48 - [TEST_STEP][PASSED] - delay: Delayed 2 second(s)

2018-03-30 10:12:50 - [MESSAGE][PASSED] - Delayed 2 second(s)

2018-03-30 10:12:50 - [TEST_STEP][PASSED] - mouseOver: Object: 'Object Repository/Page_Home Page - US Leadgen (1)/span_Account' is hovered

2018-03-30 10:12:50 - [MESSAGE][PASSED] - Object: 'Object Repository/Page_Home Page - US Leadgen (1)/span_Account' is hovered

2018-03-30 10:12:50 - [TEST_STEP][PASSED] - delay: Delayed 2 second(s)

2018-03-30 10:12:52 - [MESSAGE][PASSED] - Delayed 2 second(s)

2018-03-30 10:12:52 - [TEST_STEP][PASSED] - click: Object: 'Object Repository/Page_Home Page - US Leadgen (2)/span_Sign Out' is clicked on

2018-03-30 10:12:52 - [MESSAGE][PASSED] - Object: 'Object Repository/Page_Home Page - US Leadgen (2)/span_Sign Out' is clicked on

2018-03-30 10:12:52 - [TEST_STEP][PASSED] - delay: Delayed 2 second(s)

2018-03-30 10:12:54 - [MESSAGE][PASSED] - Delayed 2 second(s)

2018-03-30 10:12:54 - [TEST_STEP][PASSED] - mouseOver: Object: 'Object Repository/Page_Home Page - US Leadgen/a_Sign In' is hovered

2018-03-30 10:12:55 - [MESSAGE][PASSED] - Object: 'Object Repository/Page_Home Page - US Leadgen/a_Sign In' is hovered

2018-03-30 10:12:55 - [TEST_STEP][PASSED] - click: Object: 'Object Repository/Page_Home Page - US Leadgen/a_Sign In' is clicked on

2018-03-30 10:12:55 - [MESSAGE][PASSED] - Object: 'Object Repository/Page_Home Page - US Leadgen/a_Sign In' is clicked on

2018-03-30 10:12:55 - [TEST_STEP][PASSED] - delay: Delayed 2 second(s)

2018-03-30 10:12:57 - [MESSAGE][PASSED] - Delayed 2 second(s)

2018-03-30 10:12:57 - [TEST_STEP][PASSED] - setText: Text 'jwaryas@bluewatertech.com' is set on object 'Object Repository/Page_Log in - US Leadgen/input_Email'

2018-03-30 10:12:57 - [MESSAGE][PASSED] - Text 'jwaryas@bluewatertech.com' is set on object 'Object Repository/Page_Log in - US Leadgen/input_Email'

2018-03-30 10:12:57 - [TEST_STEP][PASSED] - setText: Text 'Droop420!' is set on object 'Object Repository/Page_Log in - US Leadgen/input_Password'

2018-03-30 10:12:58 - [MESSAGE][PASSED] - Text 'Droop420!' is set on object 'Object Repository/Page_Log in - US Leadgen/input_Password'

2018-03-30 10:12:58 - [TEST_STEP][PASSED] - delay: Delayed 2 second(s)

2018-03-30 10:13:00 - [MESSAGE][PASSED] - Delayed 2 second(s)

2018-03-30 10:13:00 - [TEST_STEP][PASSED] - click: Object: 'Object Repository/Page_Log in - US Leadgen/input_btn btn-default' is clicked on

2018-03-30 10:13:00 - [MESSAGE][PASSED] - Object: 'Object Repository/Page_Log in - US Leadgen/input_btn btn-default' is clicked on

2018-03-30 10:13:00 - [TEST_STEP][PASSED] - delay: Delayed 2 second(s)

2018-03-30 10:13:02 - [MESSAGE][PASSED] - Delayed 2 second(s)

2018-03-30 10:13:02 - [TEST_STEP][PASSED] - mouseOver: Object: 'Object Repository/Page_Home Page - US Leadgen (1)/span_Account' is hovered

2018-03-30 10:13:02 - [MESSAGE][PASSED] - Object: 'Object Repository/Page_Home Page - US Leadgen (1)/span_Account' is hovered

2018-03-30 10:13:02 - [TEST_STEP][PASSED] - delay: Delayed 2 second(s)

2018-03-30 10:13:04 - [MESSAGE][PASSED] - Delayed 2 second(s)

2018-03-30 10:13:04 - [TEST_STEP][PASSED] - click: Object: 'Object Repository/Page_Home Page - US Leadgen (2)/span_Sign Out' is clicked on

2018-03-30 10:13:05 - [MESSAGE][PASSED] - Object: 'Object Repository/Page_Home Page - US Leadgen (2)/span_Sign Out' is clicked on

2018-03-30 10:13:05 - [TEST_STEP][PASSED] - delay: Delayed 2 second(s)

2018-03-30 10:13:07 - [MESSAGE][PASSED] - Delayed 2 second(s)

2018-03-30 10:13:07 - [TEST_STEP][PASSED] - mouseOver: Object: 'Object Repository/Page_Home Page - US Leadgen/a_Sign In' is hovered

2018-03-30 10:13:07 - [MESSAGE][PASSED] - Object: 'Object Repository/Page_Home Page - US Leadgen/a_Sign In' is hovered

2018-03-30 10:13:07 - [TEST_STEP][PASSED] - click: Object: 'Object Repository/Page_Home Page - US Leadgen/a_Sign In' is clicked on

2018-03-30 10:13:08 - [MESSAGE][PASSED] - Object: 'Object Repository/Page_Home Page - US Leadgen/a_Sign In' is clicked on

2018-03-30 10:13:08 - [TEST_STEP][PASSED] - delay: Delayed 2 second(s)

2018-03-30 10:13:10 - [MESSAGE][PASSED] - Delayed 2 second(s)

2018-03-30 10:13:10 - [TEST_STEP][PASSED] - setText: Text 'jwaryas@bluewatertech.com' is set on object 'Object Repository/Page_Log in - US Leadgen/input_Email'

2018-03-30 10:13:10 - [MESSAGE][PASSED] - Text 'jwaryas@bluewatertech.com' is set on object 'Object Repository/Page_Log in - US Leadgen/input_Email'

2018-03-30 10:13:10 - [TEST_STEP][PASSED] - setText: Text 'Droop420!' is set on object 'Object Repository/Page_Log in - US Leadgen/input_Password'

2018-03-30 10:13:10 - [MESSAGE][PASSED] - Text 'Droop420!' is set on object 'Object Repository/Page_Log in - US Leadgen/input_Password'

2018-03-30 10:13:10 - [TEST_STEP][PASSED] - delay: Delayed 2 second(s)

2018-03-30 10:13:12 - [MESSAGE][PASSED] - Delayed 2 second(s)

2018-03-30 10:13:12 - [TEST_STEP][PASSED] - click: Object: 'Object Repository/Page_Log in - US Leadgen/input_btn btn-default' is clicked on

2018-03-30 10:13:12 - [MESSAGE][PASSED] - Object: 'Object Repository/Page_Log in - US Leadgen/input_btn btn-default' is clicked on

2018-03-30 10:13:12 - [TEST_STEP][PASSED] - delay: Delayed 2 second(s)

2018-03-30 10:13:14 - [MESSAGE][PASSED] - Delayed 2 second(s)

2018-03-30 10:13:14 - [TEST_STEP][PASSED] - mouseOver: Object: 'Object Repository/Page_Home Page - US Leadgen (1)/span_Account' is hovered

2018-03-30 10:13:15 - [MESSAGE][PASSED] - Object: 'Object Repository/Page_Home Page - US Leadgen (1)/span_Account' is hovered

2018-03-30 10:13:15 - [TEST_STEP][PASSED] - delay: Delayed 2 second(s)

2018-03-30 10:13:17 - [MESSAGE][PASSED] - Delayed 2 second(s)

2018-03-30 10:13:17 - [TEST_STEP][PASSED] - click: Object: 'Object Repository/Page_Home Page - US Leadgen (2)/span_Sign Out' is clicked on

2018-03-30 10:13:17 - [MESSAGE][PASSED] - Object: 'Object Repository/Page_Home Page - US Leadgen (2)/span_Sign Out' is clicked on

2018-03-30 10:13:17 - [TEST_STEP][PASSED] - delay: Delayed 2 second(s)

2018-03-30 10:13:19 - [MESSAGE][PASSED] - Delayed 2 second(s)

2018-03-30 10:13:19 - [TEST_STEP][PASSED] - mouseOver: Object: 'Object Repository/Page_Home Page - US Leadgen/a_Sign In' is hovered

2018-03-30 10:13:19 - [MESSAGE][PASSED] - Object: 'Object Repository/Page_Home Page - US Leadgen/a_Sign In' is hovered

2018-03-30 10:13:19 - [TEST_STEP][PASSED] - click: Object: 'Object Repository/Page_Home Page - US Leadgen/a_Sign In' is clicked on

2018-03-30 10:13:20 - [MESSAGE][PASSED] - Object: 'Object Repository/Page_Home Page - US Leadgen/a_Sign In' is clicked on

2018-03-30 10:13:20 - [TEST_STEP][PASSED] - delay: Delayed 2 second(s)

2018-03-30 10:13:22 - [MESSAGE][PASSED] - Delayed 2 second(s)

2018-03-30 10:13:22 - [TEST_STEP][PASSED] - setText: Text 'jwaryas@bluewatertech.com' is set on object 'Object Repository/Page_Log in - US Leadgen/input_Email'

2018-03-30 10:13:22 - [MESSAGE][PASSED] - Text 'jwaryas@bluewatertech.com' is set on object 'Object Repository/Page_Log in - US Leadgen/input_Email'

2018-03-30 10:13:22 - [TEST_STEP][PASSED] - setText: Text 'Droop420!' is set on object 'Object Repository/Page_Log in - US Leadgen/input_Password'

2018-03-30 10:13:22 - [MESSAGE][PASSED] - Text 'Droop420!' is set on object 'Object Repository/Page_Log in - US Leadgen/input_Password'

2018-03-30 10:13:22 - [TEST_STEP][PASSED] - delay: Delayed 2 second(s)

2018-03-30 10:13:24 - [MESSAGE][PASSED] - Delayed 2 second(s)

2018-03-30 10:13:24 - [TEST_STEP][PASSED] - click: Object: 'Object Repository/Page_Log in - US Leadgen/input_btn btn-default' is clicked on

2018-03-30 10:13:24 - [MESSAGE][PASSED] - Object: 'Object Repository/Page_Log in - US Leadgen/input_btn btn-default' is clicked on

2018-03-30 10:13:24 - [TEST_STEP][PASSED] - delay: Delayed 2 second(s)

2018-03-30 10:13:26 - [MESSAGE][PASSED] - Delayed 2 second(s)

2018-03-30 10:13:26 - [TEST_STEP][PASSED] - mouseOver: Object: 'Object Repository/Page_Home Page - US Leadgen (1)/span_Account' is hovered

2018-03-30 10:13:26 - [MESSAGE][PASSED] - Object: 'Object Repository/Page_Home Page - US Leadgen (1)/span_Account' is hovered

2018-03-30 10:13:26 - [TEST_STEP][PASSED] - delay: Delayed 2 second(s)

2018-03-30 10:13:28 - [MESSAGE][PASSED] - Delayed 2 second(s)

2018-03-30 10:13:28 - [TEST_STEP][PASSED] - click: Object: 'Object Repository/Page_Home Page - US Leadgen (2)/span_Sign Out' is clicked on

2018-03-30 10:13:29 - [MESSAGE][PASSED] - Object: 'Object Repository/Page_Home Page - US Leadgen (2)/span_Sign Out' is clicked on

2018-03-30 10:13:29 - [TEST_STEP][PASSED] - delay: Delayed 2 second(s)

2018-03-30 10:13:31 - [MESSAGE][PASSED] - Delayed 2 second(s)

2018-03-30 10:13:31 - [TEST_STEP][PASSED] - mouseOver: Object: 'Object Repository/Page_Home Page - US Leadgen/a_Sign In' is hovered

2018-03-30 10:13:31 - [MESSAGE][PASSED] - Object: 'Object Repository/Page_Home Page - US Leadgen/a_Sign In' is hovered

2018-03-30 10:13:31 - [TEST_STEP][PASSED] - click: Object: 'Object Repository/Page_Home Page - US Leadgen/a_Sign In' is clicked on

2018-03-30 10:13:32 - [MESSAGE][PASSED] - Object: 'Object Repository/Page_Home Page - US Leadgen/a_Sign In' is clicked on

2018-03-30 10:13:32 - [TEST_STEP][PASSED] - delay: Delayed 2 second(s)

2018-03-30 10:13:34 - [MESSAGE][PASSED] - Delayed 2 second(s)

2018-03-30 10:13:34 - [TEST_STEP][PASSED] - setText: Text 'jwaryas@bluewatertech.com' is set on object 'Object Repository/Page_Log in - US Leadgen/input_Email'

2018-03-30 10:13:34 - [MESSAGE][PASSED] - Text 'jwaryas@bluewatertech.com' is set on object 'Object Repository/Page_Log in - US Leadgen/input_Email'

2018-03-30 10:13:34 - [TEST_STEP][PASSED] - setText: Text 'Droop420!' is set on object 'Object Repository/Page_Log in - US Leadgen/input_Password'

2018-03-30 10:13:34 - [MESSAGE][PASSED] - Text 'Droop420!' is set on object 'Object Repository/Page_Log in - US Leadgen/input_Password'

2018-03-30 10:13:34 - [TEST_STEP][PASSED] - delay: Delayed 2 second(s)

2018-03-30 10:13:36 - [MESSAGE][PASSED] - Delayed 2 second(s)

2018-03-30 10:13:36 - [TEST_STEP][PASSED] - click: Object: 'Object Repository/Page_Log in - US Leadgen/input_btn btn-default' is clicked on

2018-03-30 10:13:36 - [MESSAGE][PASSED] - Object: 'Object Repository/Page_Log in - US Leadgen/input_btn btn-default' is clicked on

2018-03-30 10:13:36 - [TEST_STEP][PASSED] - delay: Delayed 2 second(s)

2018-03-30 10:13:38 - [MESSAGE][PASSED] - Delayed 2 second(s)

2018-03-30 10:13:38 - [TEST_STEP][PASSED] - mouseOver: Object: 'Object Repository/Page_Home Page - US Leadgen (1)/span_Account' is hovered

2018-03-30 10:13:38 - [MESSAGE][PASSED] - Object: 'Object Repository/Page_Home Page - US Leadgen (1)/span_Account' is hovered

2018-03-30 10:13:38 - [TEST_STEP][PASSED] - delay: Delayed 2 second(s)

2018-03-30 10:13:40 - [MESSAGE][PASSED] - Delayed 2 second(s)

2018-03-30 10:13:40 - [TEST_STEP][PASSED] - click: Object: 'Object Repository/Page_Home Page - US Leadgen (2)/span_Sign Out' is clicked on

2018-03-30 10:13:41 - [MESSAGE][PASSED] - Object: 'Object Repository/Page_Home Page - US Leadgen (2)/span_Sign Out' is clicked on

2018-03-30 10:13:41 - [TEST_STEP][PASSED] - delay: Delayed 2 second(s)

2018-03-30 10:13:43 - [MESSAGE][PASSED] - Delayed 2 second(s)

2018-03-30 10:13:43 - [TEST_STEP][PASSED] - mouseOver: Object: 'Object Repository/Page_Home Page - US Leadgen/a_Sign In' is hovered

2018-03-30 10:13:43 - [MESSAGE][PASSED] - Object: 'Object Repository/Page_Home Page - US Leadgen/a_Sign In' is hovered

2018-03-30 10:13:43 - [TEST_STEP][PASSED] - click: Object: 'Object Repository/Page_Home Page - US Leadgen/a_Sign In' is clicked on

2018-03-30 10:13:44 - [MESSAGE][PASSED] - Object: 'Object Repository/Page_Home Page - US Leadgen/a_Sign In' is clicked on

2018-03-30 10:13:44 - [TEST_STEP][PASSED] - delay: Delayed 2 second(s)

2018-03-30 10:13:46 - [MESSAGE][PASSED] - Delayed 2 second(s)

2018-03-30 10:13:46 - [TEST_STEP][PASSED] - setText: Text 'jwaryas@bluewatertech.com' is set on object 'Object Repository/Page_Log in - US Leadgen/input_Email'

2018-03-30 10:13:46 - [MESSAGE][PASSED] - Text 'jwaryas@bluewatertech.com' is set on object 'Object Repository/Page_Log in - US Leadgen/input_Email'

2018-03-30 10:13:46 - [TEST_STEP][PASSED] - setText: Text 'Droop420!' is set on object 'Object Repository/Page_Log in - US Leadgen/input_Password'

2018-03-30 10:13:46 - [MESSAGE][PASSED] - Text 'Droop420!' is set on object 'Object Repository/Page_Log in - US Leadgen/input_Password'

2018-03-30 10:13:46 - [TEST_STEP][PASSED] - delay: Delayed 2 second(s)

2018-03-30 10:13:48 - [MESSAGE][PASSED] - Delayed 2 second(s)

2018-03-30 10:13:48 - [TEST_STEP][PASSED] - click: Object: 'Object Repository/Page_Log in - US Leadgen/input_btn btn-default' is clicked on

2018-03-30 10:13:48 - [MESSAGE][PASSED] - Object: 'Object Repository/Page_Log in - US Leadgen/input_btn btn-default' is clicked on

2018-03-30 10:13:48 - [TEST_STEP][PASSED] - delay: Delayed 2 second(s)

2018-03-30 10:13:50 - [MESSAGE][PASSED] - Delayed 2 second(s)

2018-03-30 10:13:50 - [TEST_STEP][PASSED] - mouseOver: Object: 'Object Repository/Page_Home Page - US Leadgen (1)/span_Account' is hovered

2018-03-30 10:13:50 - [MESSAGE][PASSED] - Object: 'Object Repository/Page_Home Page - US Leadgen (1)/span_Account' is hovered

2018-03-30 10:13:50 - [TEST_STEP][PASSED] - delay: Delayed 2 second(s)

2018-03-30 10:13:52 - [MESSAGE][PASSED] - Delayed 2 second(s)

2018-03-30 10:13:52 - [TEST_STEP][PASSED] - click: Object: 'Object Repository/Page_Home Page - US Leadgen (2)/span_Sign Out' is clicked on

2018-03-30 10:13:53 - [MESSAGE][PASSED] - Object: 'Object Repository/Page_Home Page - US Leadgen (2)/span_Sign Out' is clicked on

2018-03-30 10:13:53 - [TEST_STEP][PASSED] - delay: Delayed 2 second(s)

2018-03-30 10:13:55 - [MESSAGE][PASSED] - Delayed 2 second(s)

2018-03-30 10:13:55 - [TEST_STEP][PASSED] - mouseOver: Object: 'Object Repository/Page_Home Page - US Leadgen/a_Sign In' is hovered

2018-03-30 10:13:55 - [MESSAGE][PASSED] - Object: 'Object Repository/Page_Home Page - US Leadgen/a_Sign In' is hovered

2018-03-30 10:13:55 - [TEST_STEP][PASSED] - click: Object: 'Object Repository/Page_Home Page - US Leadgen/a_Sign In' is clicked on

2018-03-30 10:13:55 - [MESSAGE][PASSED] - Object: 'Object Repository/Page_Home Page - US Leadgen/a_Sign In' is clicked on

2018-03-30 10:13:55 - [TEST_STEP][PASSED] - delay: Delayed 2 second(s)

2018-03-30 10:13:57 - [MESSAGE][PASSED] - Delayed 2 second(s)

2018-03-30 10:13:57 - [TEST_STEP][PASSED] - setText: Text 'jwaryas@bluewatertech.com' is set on object 'Object Repository/Page_Log in - US Leadgen/input_Email'

2018-03-30 10:13:57 - [MESSAGE][PASSED] - Text 'jwaryas@bluewatertech.com' is set on object 'Object Repository/Page_Log in - US Leadgen/input_Email'

2018-03-30 10:13:57 - [TEST_STEP][PASSED] - setText: Text 'Droop420!' is set on object 'Object Repository/Page_Log in - US Leadgen/input_Password'

2018-03-30 10:13:57 - [MESSAGE][PASSED] - Text 'Droop420!' is set on object 'Object Repository/Page_Log in - US Leadgen/input_Password'

2018-03-30 10:13:57 - [TEST_STEP][PASSED] - delay: Delayed 2 second(s)

2018-03-30 10:13:59 - [MESSAGE][PASSED] - Delayed 2 second(s)

2018-03-30 10:13:59 - [TEST_STEP][PASSED] - click: Object: 'Object Repository/Page_Log in - US Leadgen/input_btn btn-default' is clicked on

2018-03-30 10:14:00 - [MESSAGE][PASSED] - Object: 'Object Repository/Page_Log in - US Leadgen/input_btn btn-default' is clicked on

2018-03-30 10:14:00 - [TEST_STEP][PASSED] - delay: Delayed 2 second(s)

2018-03-30 10:14:02 - [MESSAGE][PASSED] - Delayed 2 second(s)

2018-03-30 10:14:02 - [TEST_STEP][PASSED] - mouseOver: Object: 'Object Repository/Page_Home Page - US Leadgen (1)/span_Account' is hovered

2018-03-30 10:14:02 - [MESSAGE][PASSED] - Object: 'Object Repository/Page_Home Page - US Leadgen (1)/span_Account' is hovered

2018-03-30 10:14:02 - [TEST_STEP][PASSED] - delay: Delayed 2 second(s)

2018-03-30 10:14:04 - [MESSAGE][PASSED] - Delayed 2 second(s)

2018-03-30 10:14:04 - [TEST_STEP][PASSED] - click: Object: 'Object Repository/Page_Home Page - US Leadgen (2)/span_Sign Out' is clicked on

2018-03-30 10:14:05 - [MESSAGE][PASSED] - Object: 'Object Repository/Page_Home Page - US Leadgen (2)/span_Sign Out' is clicked on

2018-03-30 10:14:05 - [TEST_STEP][PASSED] - delay: Delayed 2 second(s)

2018-03-30 10:14:07 - [MESSAGE][PASSED] - Delayed 2 second(s)

2018-03-30 10:14:07 - [TEST_STEP][PASSED] - mouseOver: Object: 'Object Repository/Page_Home Page - US Leadgen/a_Sign In' is hovered

2018-03-30 10:14:07 - [MESSAGE][PASSED] - Object: 'Object Repository/Page_Home Page - US Leadgen/a_Sign In' is hovered

2018-03-30 10:14:07 - [TEST_STEP][PASSED] - click: Object: 'Object Repository/Page_Home Page - US Leadgen/a_Sign In' is clicked on

2018-03-30 10:14:07 - [MESSAGE][PASSED] - Object: 'Object Repository/Page_Home Page - US Leadgen/a_Sign In' is clicked on

2018-03-30 10:14:07 - [TEST_STEP][PASSED] - delay: Delayed 2 second(s)

2018-03-30 10:14:09 - [MESSAGE][PASSED] - Delayed 2 second(s)

2018-03-30 10:14:09 - [TEST_STEP][PASSED] - setText: Text 'jwaryas@bluewatertech.com' is set on object 'Object Repository/Page_Log in - US Leadgen/input_Email'

2018-03-30 10:14:09 - [MESSAGE][PASSED] - Text 'jwaryas@bluewatertech.com' is set on object 'Object Repository/Page_Log in - US Leadgen/input_Email'

2018-03-30 10:14:09 - [TEST_STEP][PASSED] - setText: Text 'Droop420!' is set on object 'Object Repository/Page_Log in - US Leadgen/input_Password'

2018-03-30 10:14:09 - [MESSAGE][PASSED] - Text 'Droop420!' is set on object 'Object Repository/Page_Log in - US Leadgen/input_Password'

2018-03-30 10:14:09 - [TEST_STEP][PASSED] - delay: Delayed 2 second(s)

2018-03-30 10:14:11 - [MESSAGE][PASSED] - Delayed 2 second(s)

2018-03-30 10:14:11 - [TEST_STEP][PASSED] - click: Object: 'Object Repository/Page_Log in - US Leadgen/input_btn btn-default' is clicked on

2018-03-30 10:14:12 - [MESSAGE][PASSED] - Object: 'Object Repository/Page_Log in - US Leadgen/input_btn btn-default' is clicked on

2018-03-30 10:14:12 - [TEST_STEP][PASSED] - delay: Delayed 2 second(s)

2018-03-30 10:14:14 - [MESSAGE][PASSED] - Delayed 2 second(s)

2018-03-30 10:14:14 - [TEST_STEP][PASSED] - mouseOver: Object: 'Object Repository/Page_Home Page - US Leadgen (1)/span_Account' is hovered

2018-03-30 10:14:14 - [MESSAGE][PASSED] - Object: 'Object Repository/Page_Home Page - US Leadgen (1)/span_Account' is hovered

2018-03-30 10:14:14 - [TEST_STEP][PASSED] - delay: Delayed 2 second(s)

2018-03-30 10:14:16 - [MESSAGE][PASSED] - Delayed 2 second(s)

2018-03-30 10:14:16 - [TEST_STEP][PASSED] - click: Object: 'Object Repository/Page_Home Page - US Leadgen (2)/span_Sign Out' is clicked on

2018-03-30 10:14:17 - [MESSAGE][PASSED] - Object: 'Object Repository/Page_Home Page - US Leadgen (2)/span_Sign Out' is clicked on

2018-03-30 10:14:17 - [TEST_STEP][PASSED] - delay: Delayed 2 second(s)

2018-03-30 10:14:19 - [MESSAGE][PASSED] - Delayed 2 second(s)

2018-03-30 10:14:19 - [TEST_STEP][PASSED] - mouseOver: Object: 'Object Repository/Page_Home Page - US Leadgen/a_Sign In' is hovered

2018-03-30 10:14:19 - [MESSAGE][PASSED] - Object: 'Object Repository/Page_Home Page - US Leadgen/a_Sign In' is hovered

2018-03-30 10:14:19 - [TEST_STEP][PASSED] - click: Object: 'Object Repository/Page_Home Page - US Leadgen/a_Sign In' is clicked on

2018-03-30 10:14:19 - [MESSAGE][PASSED] - Object: 'Object Repository/Page_Home Page - US Leadgen/a_Sign In' is clicked on

2018-03-30 10:14:19 - [TEST_STEP][PASSED] - delay: Delayed 2 second(s)

2018-03-30 10:14:21 - [MESSAGE][PASSED] - Delayed 2 second(s)

2018-03-30 10:14:21 - [TEST_STEP][PASSED] - setText: Text 'jwaryas@bluewatertech.com' is set on object 'Object Repository/Page_Log in - US Leadgen/input_Email'

2018-03-30 10:14:21 - [MESSAGE][PASSED] - Text 'jwaryas@bluewatertech.com' is set on object 'Object Repository/Page_Log in - US Leadgen/input_Email'

2018-03-30 10:14:21 - [TEST_STEP][PASSED] - setText: Text 'Droop420!' is set on object 'Object Repository/Page_Log in - US Leadgen/input_Password'

2018-03-30 10:14:21 - [MESSAGE][PASSED] - Text 'Droop420!' is set on object 'Object Repository/Page_Log in - US Leadgen/input_Password'

2018-03-30 10:14:21 - [TEST_STEP][PASSED] - delay: Delayed 2 second(s)

2018-03-30 10:14:23 - [MESSAGE][PASSED] - Delayed 2 second(s)

2018-03-30 10:14:23 - [TEST_STEP][PASSED] - click: Object: 'Object Repository/Page_Log in - US Leadgen/input_btn btn-default' is clicked on

2018-03-30 10:14:24 - [MESSAGE][PASSED] - Object: 'Object Repository/Page_Log in - US Leadgen/input_btn btn-default' is clicked on

2018-03-30 10:14:24 - [TEST_STEP][PASSED] - delay: Delayed 2 second(s)

2018-03-30 10:14:26 - [MESSAGE][PASSED] - Delayed 2 second(s)

2018-03-30 10:14:26 - [TEST_STEP][PASSED] - mouseOver: Object: 'Object Repository/Page_Home Page - US Leadgen (1)/span_Account' is hovered

2018-03-30 10:14:26 - [MESSAGE][PASSED] - Object: 'Object Repository/Page_Home Page - US Leadgen (1)/span_Account' is hovered

2018-03-30 10:14:26 - [TEST_STEP][PASSED] - delay: Delayed 2 second(s)

2018-03-30 10:14:28 - [MESSAGE][PASSED] - Delayed 2 second(s)

2018-03-30 10:14:28 - [TEST_STEP][PASSED] - click: Object: 'Object Repository/Page_Home Page - US Leadgen (2)/span_Sign Out' is clicked on

2018-03-30 10:14:29 - [MESSAGE][PASSED] - Object: 'Object Repository/Page_Home Page - US Leadgen (2)/span_Sign Out' is clicked on

2018-03-30 10:14:29 - [TEST_STEP][PASSED] - delay: Delayed 2 second(s)

2018-03-30 10:14:31 - [MESSAGE][PASSED] - Delayed 2 second(s)

2018-03-30 10:14:31 - [TEST_STEP][PASSED] - mouseOver: Object: 'Object Repository/Page_Home Page - US Leadgen/a_Sign In' is hovered

2018-03-30 10:14:31 - [MESSAGE][PASSED] - Object: 'Object Repository/Page_Home Page - US Leadgen/a_Sign In' is hovered

2018-03-30 10:14:31 - [TEST_STEP][PASSED] - click: Object: 'Object Repository/Page_Home Page - US Leadgen/a_Sign In' is clicked on

2018-03-30 10:14:31 - [MESSAGE][PASSED] - Object: 'Object Repository/Page_Home Page - US Leadgen/a_Sign In' is clicked on

2018-03-30 10:14:31 - [TEST_STEP][PASSED] - delay: Delayed 2 second(s)

2018-03-30 10:14:33 - [MESSAGE][PASSED] - Delayed 2 second(s)

2018-03-30 10:14:33 - [TEST_STEP][PASSED] - setText: Text 'jwaryas@bluewatertech.com' is set on object 'Object Repository/Page_Log in - US Leadgen/input_Email'

2018-03-30 10:14:33 - [MESSAGE][PASSED] - Text 'jwaryas@bluewatertech.com' is set on object 'Object Repository/Page_Log in - US Leadgen/input_Email'

2018-03-30 10:14:33 - [TEST_STEP][PASSED] - setText: Text 'Droop420!' is set on object 'Object Repository/Page_Log in - US Leadgen/input_Password'

2018-03-30 10:14:33 - [MESSAGE][PASSED] - Text 'Droop420!' is set on object 'Object Repository/Page_Log in - US Leadgen/input_Password'

2018-03-30 10:14:33 - [TEST_STEP][PASSED] - delay: Delayed 2 second(s)

2018-03-30 10:14:35 - [MESSAGE][PASSED] - Delayed 2 second(s)

2018-03-30 10:14:35 - [TEST_STEP][PASSED] - click: Object: 'Object Repository/Page_Log in - US Leadgen/input_btn btn-default' is clicked on

2018-03-30 10:14:36 - [MESSAGE][PASSED] - Object: 'Object Repository/Page_Log in - US Leadgen/input_btn btn-default' is clicked on

2018-03-30 10:14:36 - [TEST_STEP][PASSED] - delay: Delayed 2 second(s)

2018-03-30 10:14:38 - [MESSAGE][PASSED] - Delayed 2 second(s)

2018-03-30 10:14:38 - [TEST_STEP][PASSED] - mouseOver: Object: 'Object Repository/Page_Home Page - US Leadgen (1)/span_Account' is hovered

2018-03-30 10:14:38 - [MESSAGE][PASSED] - Object: 'Object Repository/Page_Home Page - US Leadgen (1)/span_Account' is hovered

2018-03-30 10:14:38 - [TEST_STEP][PASSED] - delay: Delayed 2 second(s)

2018-03-30 10:14:40 - [MESSAGE][PASSED] - Delayed 2 second(s)

2018-03-30 10:14:40 - [TEST_STEP][PASSED] - click: Object: 'Object Repository/Page_Home Page - US Leadgen (2)/span_Sign Out' is clicked on

2018-03-30 10:14:41 - [MESSAGE][PASSED] - Object: 'Object Repository/Page_Home Page - US Leadgen (2)/span_Sign Out' is clicked on

2018-03-30 10:14:41 - [TEST_STEP][PASSED] - delay: Delayed 2 second(s)

2018-03-30 10:14:43 - [MESSAGE][PASSED] - Delayed 2 second(s)

2018-03-30 10:14:43 - [TEST_STEP][PASSED] - mouseOver: Object: 'Object Repository/Page_Home Page - US Leadgen/a_Sign In' is hovered

2018-03-30 10:14:43 - [MESSAGE][PASSED] - Object: 'Object Repository/Page_Home Page - US Leadgen/a_Sign In' is hovered

2018-03-30 10:14:43 - [TEST_STEP][PASSED] - click: Object: 'Object Repository/Page_Home Page - US Leadgen/a_Sign In' is clicked on

2018-03-30 10:14:43 - [MESSAGE][PASSED] - Object: 'Object Repository/Page_Home Page - US Leadgen/a_Sign In' is clicked on

2018-03-30 10:14:43 - [TEST_STEP][PASSED] - delay: Delayed 2 second(s)

2018-03-30 10:14:45 - [MESSAGE][PASSED] - Delayed 2 second(s)

2018-03-30 10:14:45 - [TEST_STEP][PASSED] - setText: Text 'jwaryas@bluewatertech.com' is set on object 'Object Repository/Page_Log in - US Leadgen/input_Email'

2018-03-30 10:14:45 - [MESSAGE][PASSED] - Text 'jwaryas@bluewatertech.com' is set on object 'Object Repository/Page_Log in - US Leadgen/input_Email'

2018-03-30 10:14:45 - [TEST_STEP][PASSED] - setText: Text 'Droop420!' is set on object 'Object Repository/Page_Log in - US Leadgen/input_Password'

2018-03-30 10:14:45 - [MESSAGE][PASSED] - Text 'Droop420!' is set on object 'Object Repository/Page_Log in - US Leadgen/input_Password'

2018-03-30 10:14:45 - [TEST_STEP][PASSED] - delay: Delayed 2 second(s)

2018-03-30 10:14:47 - [MESSAGE][PASSED] - Delayed 2 second(s)

2018-03-30 10:14:47 - [TEST_STEP][PASSED] - click: Object: 'Object Repository/Page_Log in - US Leadgen/input_btn btn-default' is clicked on

2018-03-30 10:14:48 - [MESSAGE][PASSED] - Object: 'Object Repository/Page_Log in - US Leadgen/input_btn btn-default' is clicked on

2018-03-30 10:14:48 - [TEST_STEP][PASSED] - delay: Delayed 2 second(s)

2018-03-30 10:14:50 - [MESSAGE][PASSED] - Delayed 2 second(s)

2018-03-30 10:14:50 - [TEST_STEP][PASSED] - mouseOver: Object: 'Object Repository/Page_Home Page - US Leadgen (1)/span_Account' is hovered

2018-03-30 10:14:50 - [MESSAGE][PASSED] - Object: 'Object Repository/Page_Home Page - US Leadgen (1)/span_Account' is hovered

2018-03-30 10:14:50 - [TEST_STEP][PASSED] - delay: Delayed 2 second(s)

2018-03-30 10:14:52 - [MESSAGE][PASSED] - Delayed 2 second(s)

2018-03-30 10:14:52 - [TEST_STEP][PASSED] - click: Object: 'Object Repository/Page_Home Page - US Leadgen (2)/span_Sign Out' is clicked on

2018-03-30 10:14:52 - [MESSAGE][PASSED] - Object: 'Object Repository/Page_Home Page - US Leadgen (2)/span_Sign Out' is clicked on

2018-03-30 10:14:52 - [TEST_STEP][PASSED] - delay: Delayed 2 second(s)

2018-03-30 10:14:54 - [MESSAGE][PASSED] - Delayed 2 second(s)

2018-03-30 10:14:54 - [TEST_STEP][PASSED] - mouseOver: Object: 'Object Repository/Page_Home Page - US Leadgen/a_Sign In' is hovered

2018-03-30 10:14:55 - [MESSAGE][PASSED] - Object: 'Object Repository/Page_Home Page - US Leadgen/a_Sign In' is hovered

2018-03-30 10:14:55 - [TEST_STEP][PASSED] - click: Object: 'Object Repository/Page_Home Page - US Leadgen/a_Sign In' is clicked on

2018-03-30 10:14:55 - [MESSAGE][PASSED] - Object: 'Object Repository/Page_Home Page - US Leadgen/a_Sign In' is clicked on

2018-03-30 10:14:55 - [TEST_STEP][PASSED] - delay: Delayed 2 second(s)

2018-03-30 10:14:57 - [MESSAGE][PASSED] - Delayed 2 second(s)

2018-03-30 10:14:57 - [TEST_STEP][PASSED] - setText: Text 'jwaryas@bluewatertech.com' is set on object 'Object Repository/Page_Log in - US Leadgen/input_Email'

2018-03-30 10:14:57 - [MESSAGE][PASSED] - Text 'jwaryas@bluewatertech.com' is set on object 'Object Repository/Page_Log in - US Leadgen/input_Email'

2018-03-30 10:14:57 - [TEST_STEP][PASSED] - setText: Text 'Droop420!' is set on object 'Object Repository/Page_Log in - US Leadgen/input_Password'

2018-03-30 10:14:57 - [MESSAGE][PASSED] - Text 'Droop420!' is set on object 'Object Repository/Page_Log in - US Leadgen/input_Password'

2018-03-30 10:14:57 - [TEST_STEP][PASSED] - delay: Delayed 2 second(s)

2018-03-30 10:14:59 - [MESSAGE][PASSED] - Delayed 2 second(s)

2018-03-30 10:14:59 - [TEST_STEP][PASSED] - click: Object: 'Object Repository/Page_Log in - US Leadgen/input_btn btn-default' is clicked on

2018-03-30 10:15:00 - [MESSAGE][PASSED] - Object: 'Object Repository/Page_Log in - US Leadgen/input_btn btn-default' is clicked on

2018-03-30 10:15:00 - [TEST_STEP][PASSED] - delay: Delayed 2 second(s)

2018-03-30 10:15:02 - [MESSAGE][PASSED] - Delayed 2 second(s)

2018-03-30 10:15:02 - [TEST_STEP][PASSED] - mouseOver: Object: 'Object Repository/Page_Home Page - US Leadgen (1)/span_Account' is hovered

2018-03-30 10:15:02 - [MESSAGE][PASSED] - Object: 'Object Repository/Page_Home Page - US Leadgen (1)/span_Account' is hovered

2018-03-30 10:15:02 - [TEST_STEP][PASSED] - delay: Delayed 2 second(s)

2018-03-30 10:15:04 - [MESSAGE][PASSED] - Delayed 2 second(s)

2018-03-30 10:15:04 - [TEST_STEP][PASSED] - click: Object: 'Object Repository/Page_Home Page - US Leadgen (2)/span_Sign Out' is clicked on

2018-03-30 10:15:04 - [MESSAGE][PASSED] - Object: 'Object Repository/Page_Home Page - US Leadgen (2)/span_Sign Out' is clicked on

2018-03-30 10:15:04 - [TEST_STEP][PASSED] - delay: Delayed 2 second(s)

2018-03-30 10:15:06 - [MESSAGE][PASSED] - Delayed 2 second(s)

2018-03-30 10:15:06 - [TEST_STEP][PASSED] - mouseOver: Object: 'Object Repository/Page_Home Page - US Leadgen/a_Sign In' is hovered

2018-03-30 10:15:07 - [MESSAGE][PASSED] - Object: 'Object Repository/Page_Home Page - US Leadgen/a_Sign In' is hovered

2018-03-30 10:15:07 - [TEST_STEP][PASSED] - click: Object: 'Object Repository/Page_Home Page - US Leadgen/a_Sign In' is clicked on

2018-03-30 10:15:07 - [MESSAGE][PASSED] - Object: 'Object Repository/Page_Home Page - US Leadgen/a_Sign In' is clicked on

2018-03-30 10:15:07 - [TEST_STEP][PASSED] - delay: Delayed 2 second(s)

2018-03-30 10:15:09 - [MESSAGE][PASSED] - Delayed 2 second(s)

2018-03-30 10:15:09 - [TEST_STEP][PASSED] - setText: Text 'jwaryas@bluewatertech.com' is set on object 'Object Repository/Page_Log in - US Leadgen/input_Email'

2018-03-30 10:15:09 - [MESSAGE][PASSED] - Text 'jwaryas@bluewatertech.com' is set on object 'Object Repository/Page_Log in - US Leadgen/input_Email'

2018-03-30 10:15:09 - [TEST_STEP][PASSED] - setText: Text 'Droop420!' is set on object 'Object Repository/Page_Log in - US Leadgen/input_Password'

2018-03-30 10:15:09 - [MESSAGE][PASSED] - Text 'Droop420!' is set on object 'Object Repository/Page_Log in - US Leadgen/input_Password'

2018-03-30 10:15:09 - [TEST_STEP][PASSED] - delay: Delayed 2 second(s)

2018-03-30 10:15:11 - [MESSAGE][PASSED] - Delayed 2 second(s)

2018-03-30 10:15:11 - [TEST_STEP][PASSED] - click: Object: 'Object Repository/Page_Log in - US Leadgen/input_btn btn-default' is clicked on

2018-03-30 10:15:12 - [MESSAGE][PASSED] - Object: 'Object Repository/Page_Log in - US Leadgen/input_btn btn-default' is clicked on

2018-03-30 10:15:12 - [TEST_STEP][PASSED] - delay: Delayed 2 second(s)

2018-03-30 10:15:14 - [MESSAGE][PASSED] - Delayed 2 second(s)

2018-03-30 10:15:14 - [TEST_STEP][PASSED] - mouseOver: Object: 'Object Repository/Page_Home Page - US Leadgen (1)/span_Account' is hovered

2018-03-30 10:15:14 - [MESSAGE][PASSED] - Object: 'Object Repository/Page_Home Page - US Leadgen (1)/span_Account' is hovered

2018-03-30 10:15:14 - [TEST_STEP][PASSED] - delay: Delayed 2 second(s)

2018-03-30 10:15:16 - [MESSAGE][PASSED] - Delayed 2 second(s)

2018-03-30 10:15:16 - [TEST_STEP][PASSED] - click: Object: 'Object Repository/Page_Home Page - US Leadgen (2)/span_Sign Out' is clicked on

2018-03-30 10:15:16 - [MESSAGE][PASSED] - Object: 'Object Repository/Page_Home Page - US Leadgen (2)/span_Sign Out' is clicked on

2018-03-30 10:15:16 - [TEST_STEP][PASSED] - delay: Delayed 2 second(s)

2018-03-30 10:15:18 - [MESSAGE][PASSED] - Delayed 2 second(s)

2018-03-30 10:15:18 - [TEST_STEP][PASSED] - mouseOver: Object: 'Object Repository/Page_Home Page - US Leadgen/a_Sign In' is hovered

2018-03-30 10:15:18 - [MESSAGE][PASSED] - Object: 'Object Repository/Page_Home Page - US Leadgen/a_Sign In' is hovered

2018-03-30 10:15:18 - [TEST_STEP][PASSED] - click: Object: 'Object Repository/Page_Home Page - US Leadgen/a_Sign In' is clicked on

2018-03-30 10:15:19 - [MESSAGE][PASSED] - Object: 'Object Repository/Page_Home Page - US Leadgen/a_Sign In' is clicked on

2018-03-30 10:15:19 - [TEST_STEP][PASSED] - delay: Delayed 2 second(s)

2018-03-30 10:15:21 - [MESSAGE][PASSED] - Delayed 2 second(s)

2018-03-30 10:15:21 - [TEST_STEP][PASSED] - setText: Text 'jwaryas@bluewatertech.com' is set on object 'Object Repository/Page_Log in - US Leadgen/input_Email'

2018-03-30 10:15:21 - [MESSAGE][PASSED] - Text 'jwaryas@bluewatertech.com' is set on object 'Object Repository/Page_Log in - US Leadgen/input_Email'

2018-03-30 10:15:21 - [TEST_STEP][PASSED] - setText: Text 'Droop420!' is set on object 'Object Repository/Page_Log in - US Leadgen/input_Password'

2018-03-30 10:15:21 - [MESSAGE][PASSED] - Text 'Droop420!' is set on object 'Object Repository/Page_Log in - US Leadgen/input_Password'

2018-03-30 10:15:21 - [TEST_STEP][PASSED] - delay: Delayed 2 second(s)

2018-03-30 10:15:23 - [MESSAGE][PASSED] - Delayed 2 second(s)

2018-03-30 10:15:23 - [TEST_STEP][PASSED] - click: Object: 'Object Repository/Page_Log in - US Leadgen/input_btn btn-default' is clicked on

2018-03-30 10:15:24 - [MESSAGE][PASSED] - Object: 'Object Repository/Page_Log in - US Leadgen/input_btn btn-default' is clicked on

2018-03-30 10:15:24 - [TEST_STEP][PASSED] - delay: Delayed 2 second(s)

2018-03-30 10:15:26 - [MESSAGE][PASSED] - Delayed 2 second(s)

2018-03-30 10:15:26 - [TEST_STEP][PASSED] - mouseOver: Object: 'Object Repository/Page_Home Page - US Leadgen (1)/span_Account' is hovered

2018-03-30 10:15:27 - [MESSAGE][PASSED] - Object: 'Object Repository/Page_Home Page - US Leadgen (1)/span_Account' is hovered

2018-03-30 10:15:27 - [TEST_STEP][PASSED] - delay: Delayed 2 second(s)

2018-03-30 10:15:29 - [MESSAGE][PASSED] - Delayed 2 second(s)

2018-03-30 10:15:29 - [TEST_STEP][PASSED] - click: Object: 'Object Repository/Page_Home Page - US Leadgen (2)/span_Sign Out' is clicked on

2018-03-30 10:15:29 - [MESSAGE][PASSED] - Object: 'Object Repository/Page_Home Page - US Leadgen (2)/span_Sign Out' is clicked on

2018-03-30 10:15:29 - [TEST_STEP][PASSED] - delay: Delayed 2 second(s)

2018-03-30 10:15:31 - [MESSAGE][PASSED] - Delayed 2 second(s)

2018-03-30 10:15:31 - [TEST_STEP][PASSED] - mouseOver: Object: 'Object Repository/Page_Home Page - US Leadgen/a_Sign In' is hovered

2018-03-30 10:15:31 - [MESSAGE][PASSED] - Object: 'Object Repository/Page_Home Page - US Leadgen/a_Sign In' is hovered

2018-03-30 10:15:31 - [TEST_STEP][PASSED] - click: Object: 'Object Repository/Page_Home Page - US Leadgen/a_Sign In' is clicked on

2018-03-30 10:15:32 - [MESSAGE][PASSED] - Object: 'Object Repository/Page_Home Page - US Leadgen/a_Sign In' is clicked on

2018-03-30 10:15:32 - [TEST_STEP][PASSED] - delay: Delayed 2 second(s)

2018-03-30 10:15:34 - [MESSAGE][PASSED] - Delayed 2 second(s)

2018-03-30 10:15:34 - [TEST_STEP][PASSED] - setText: Text 'jwaryas@bluewatertech.com' is set on object 'Object Repository/Page_Log in - US Leadgen/input_Email'

2018-03-30 10:15:34 - [MESSAGE][PASSED] - Text 'jwaryas@bluewatertech.com' is set on object 'Object Repository/Page_Log in - US Leadgen/input_Email'

2018-03-30 10:15:34 - [TEST_STEP][PASSED] - setText: Text 'Droop420!' is set on object 'Object Repository/Page_Log in - US Leadgen/input_Password'

2018-03-30 10:15:35 - [MESSAGE][PASSED] - Text 'Droop420!' is set on object 'Object Repository/Page_Log in - US Leadgen/input_Password'

2018-03-30 10:15:35 - [TEST_STEP][PASSED] - delay: Delayed 2 second(s)

2018-03-30 10:15:37 - [MESSAGE][PASSED] - Delayed 2 second(s)

2018-03-30 10:15:37 - [TEST_STEP][PASSED] - click: Object: 'Object Repository/Page_Log in - US Leadgen/input_btn btn-default' is clicked on

2018-03-30 10:15:37 - [MESSAGE][PASSED] - Object: 'Object Repository/Page_Log in - US Leadgen/input_btn btn-default' is clicked on

2018-03-30 10:15:37 - [TEST_STEP][PASSED] - delay: Delayed 2 second(s)

2018-03-30 10:15:39 - [MESSAGE][PASSED] - Delayed 2 second(s)

2018-03-30 10:15:39 - [TEST_STEP][PASSED] - mouseOver: Object: 'Object Repository/Page_Home Page - US Leadgen (1)/span_Account' is hovered

2018-03-30 10:15:41 - [MESSAGE][PASSED] - Object: 'Object Repository/Page_Home Page - US Leadgen (1)/span_Account' is hovered

2018-03-30 10:15:41 - [TEST_STEP][PASSED] - delay: Delayed 2 second(s)

2018-03-30 10:15:43 - [MESSAGE][PASSED] - Delayed 2 second(s)

2018-03-30 10:15:43 - [TEST_STEP][PASSED] - click: Object: 'Object Repository/Page_Home Page - US Leadgen (2)/span_Sign Out' is clicked on

2018-03-30 10:15:43 - [MESSAGE][PASSED] - Object: 'Object Repository/Page_Home Page - US Leadgen (2)/span_Sign Out' is clicked on

2018-03-30 10:15:43 - [TEST_STEP][PASSED] - delay: Delayed 2 second(s)

2018-03-30 10:15:45 - [MESSAGE][PASSED] - Delayed 2 second(s)

2018-03-30 10:15:45 - [TEST_STEP][PASSED] - mouseOver: Object: 'Object Repository/Page_Home Page - US Leadgen/a_Sign In' is hovered

2018-03-30 10:15:45 - [MESSAGE][PASSED] - Object: 'Object Repository/Page_Home Page - US Leadgen/a_Sign In' is hovered

2018-03-30 10:15:45 - [TEST_STEP][PASSED] - click: Object: 'Object Repository/Page_Home Page - US Leadgen/a_Sign In' is clicked on

2018-03-30 10:15:46 - [MESSAGE][PASSED] - Object: 'Object Repository/Page_Home Page - US Leadgen/a_Sign In' is clicked on

2018-03-30 10:15:46 - [TEST_STEP][PASSED] - delay: Delayed 2 second(s)

2018-03-30 10:15:48 - [MESSAGE][PASSED] - Delayed 2 second(s)

2018-03-30 10:15:48 - [TEST_STEP][PASSED] - setText: Text 'jwaryas@bluewatertech.com' is set on object 'Object Repository/Page_Log in - US Leadgen/input_Email'

2018-03-30 10:15:48 - [MESSAGE][PASSED] - Text 'jwaryas@bluewatertech.com' is set on object 'Object Repository/Page_Log in - US Leadgen/input_Email'

2018-03-30 10:15:48 - [TEST_STEP][PASSED] - setText: Text 'Droop420!' is set on object 'Object Repository/Page_Log in - US Leadgen/input_Password'

2018-03-30 10:15:48 - [MESSAGE][PASSED] - Text 'Droop420!' is set on object 'Object Repository/Page_Log in - US Leadgen/input_Password'

2018-03-30 10:15:48 - [TEST_STEP][PASSED] - delay: Delayed 2 second(s)

2018-03-30 10:15:50 - [MESSAGE][PASSED] - Delayed 2 second(s)

2018-03-30 10:15:50 - [TEST_STEP][PASSED] - click: Object: 'Object Repository/Page_Log in - US Leadgen/input_btn btn-default' is clicked on

2018-03-30 10:15:50 - [MESSAGE][PASSED] - Object: 'Object Repository/Page_Log in - US Leadgen/input_btn btn-default' is clicked on

2018-03-30 10:15:50 - [TEST_STEP][PASSED] - delay: Delayed 2 second(s)

2018-03-30 10:15:52 - [MESSAGE][PASSED] - Delayed 2 second(s)

2018-03-30 10:15:52 - [TEST_STEP][PASSED] - mouseOver: Object: 'Object Repository/Page_Home Page - US Leadgen (1)/span_Account' is hovered

2018-03-30 10:15:53 - [MESSAGE][PASSED] - Object: 'Object Repository/Page_Home Page - US Leadgen (1)/span_Account' is hovered

2018-03-30 10:15:53 - [TEST_STEP][PASSED] - delay: Delayed 2 second(s)

2018-03-30 10:15:55 - [MESSAGE][PASSED] - Delayed 2 second(s)

2018-03-30 10:15:55 - [TEST_STEP][PASSED] - click: Object: 'Object Repository/Page_Home Page - US Leadgen (2)/span_Sign Out' is clicked on

2018-03-30 10:15:56 - [MESSAGE][PASSED] - Object: 'Object Repository/Page_Home Page - US Leadgen (2)/span_Sign Out' is clicked on

2018-03-30 10:15:56 - [TEST_STEP][PASSED] - delay: Delayed 2 second(s)

2018-03-30 10:15:58 - [MESSAGE][PASSED] - Delayed 2 second(s)

2018-03-30 10:15:58 - [TEST_STEP][PASSED] - mouseOver: Object: 'Object Repository/Page_Home Page - US Leadgen/a_Sign In' is hovered

2018-03-30 10:15:58 - [MESSAGE][PASSED] - Object: 'Object Repository/Page_Home Page - US Leadgen/a_Sign In' is hovered

2018-03-30 10:15:58 - [TEST_STEP][PASSED] - click: Object: 'Object Repository/Page_Home Page - US Leadgen/a_Sign In' is clicked on

2018-03-30 10:15:58 - [MESSAGE][PASSED] - Object: 'Object Repository/Page_Home Page - US Leadgen/a_Sign In' is clicked on

2018-03-30 10:15:58 - [TEST_STEP][PASSED] - delay: Delayed 2 second(s)

2018-03-30 10:16:00 - [MESSAGE][PASSED] - Delayed 2 second(s)

2018-03-30 10:16:00 - [TEST_STEP][PASSED] - setText: Text 'jwaryas@bluewatertech.com' is set on object 'Object Repository/Page_Log in - US Leadgen/input_Email'

2018-03-30 10:16:00 - [MESSAGE][PASSED] - Text 'jwaryas@bluewatertech.com' is set on object 'Object Repository/Page_Log in - US Leadgen/input_Email'

2018-03-30 10:16:00 - [TEST_STEP][PASSED] - setText: Text 'Droop420!' is set on object 'Object Repository/Page_Log in - US Leadgen/input_Password'

2018-03-30 10:16:00 - [MESSAGE][PASSED] - Text 'Droop420!' is set on object 'Object Repository/Page_Log in - US Leadgen/input_Password'

2018-03-30 10:16:00 - [TEST_STEP][PASSED] - delay: Delayed 2 second(s)

2018-03-30 10:16:02 - [MESSAGE][PASSED] - Delayed 2 second(s)

2018-03-30 10:16:02 - [TEST_STEP][PASSED] - click: Object: 'Object Repository/Page_Log in - US Leadgen/input_btn btn-default' is clicked on

2018-03-30 10:16:04 - [MESSAGE][PASSED] - Object: 'Object Repository/Page_Log in - US Leadgen/input_btn btn-default' is clicked on

2018-03-30 10:16:04 - [TEST_STEP][PASSED] - delay: Delayed 2 second(s)

2018-03-30 10:16:06 - [MESSAGE][PASSED] - Delayed 2 second(s)

2018-03-30 10:16:06 - [TEST_STEP][PASSED] - mouseOver: Object: 'Object Repository/Page_Home Page - US Leadgen (1)/span_Account' is hovered

2018-03-30 10:16:06 - [MESSAGE][PASSED] - Object: 'Object Repository/Page_Home Page - US Leadgen (1)/span_Account' is hovered

2018-03-30 10:16:06 - [TEST_STEP][PASSED] - delay: Delayed 2 second(s)

2018-03-30 10:16:08 - [MESSAGE][PASSED] - Delayed 2 second(s)

2018-03-30 10:16:08 - [TEST_STEP][PASSED] - click: Object: 'Object Repository/Page_Home Page - US Leadgen (2)/span_Sign Out' is clicked on

2018-03-30 10:16:09 - [MESSAGE][PASSED] - Object: 'Object Repository/Page_Home Page - US Leadgen (2)/span_Sign Out' is clicked on

2018-03-30 10:16:09 - [TEST_STEP][PASSED] - delay: Delayed 2 second(s)

2018-03-30 10:16:11 - [MESSAGE][PASSED] - Delayed 2 second(s)

2018-03-30 10:16:11 - [TEST_STEP][PASSED] - mouseOver: Object: 'Object Repository/Page_Home Page - US Leadgen/a_Sign In' is hovered

2018-03-30 10:16:11 - [MESSAGE][PASSED] - Object: 'Object Repository/Page_Home Page - US Leadgen/a_Sign In' is hovered

2018-03-30 10:16:11 - [TEST_STEP][PASSED] - click: Object: 'Object Repository/Page_Home Page - US Leadgen/a_Sign In' is clicked on

2018-03-30 10:16:11 - [MESSAGE][PASSED] - Object: 'Object Repository/Page_Home Page - US Leadgen/a_Sign In' is clicked on

2018-03-30 10:16:11 - [TEST_STEP][PASSED] - delay: Delayed 2 second(s)

2018-03-30 10:16:13 - [MESSAGE][PASSED] - Delayed 2 second(s)

2018-03-30 10:16:13 - [TEST_STEP][PASSED] - setText: Text 'jwaryas@bluewatertech.com' is set on object 'Object Repository/Page_Log in - US Leadgen/input_Email'

2018-03-30 10:16:14 - [MESSAGE][PASSED] - Text 'jwaryas@bluewatertech.com' is set on object 'Object Repository/Page_Log in - US Leadgen/input_Email'

2018-03-30 10:16:14 - [TEST_STEP][PASSED] - setText: Text 'Droop420!' is set on object 'Object Repository/Page_Log in - US Leadgen/input_Password'

2018-03-30 10:16:14 - [MESSAGE][PASSED] - Text 'Droop420!' is set on object 'Object Repository/Page_Log in - US Leadgen/input_Password'

2018-03-30 10:16:14 - [TEST_STEP][PASSED] - delay: Delayed 2 second(s)

2018-03-30 10:16:16 - [MESSAGE][PASSED] - Delayed 2 second(s)

2018-03-30 10:16:16 - [TEST_STEP][PASSED] - click: Object: 'Object Repository/Page_Log in - US Leadgen/input_btn btn-default' is clicked on

2018-03-30 10:16:17 - [MESSAGE][PASSED] - Object: 'Object Repository/Page_Log in - US Leadgen/input_btn btn-default' is clicked on

2018-03-30 10:16:17 - [TEST_STEP][PASSED] - delay: Delayed 2 second(s)

2018-03-30 10:16:19 - [MESSAGE][PASSED] - Delayed 2 second(s)

2018-03-30 10:16:19 - [TEST_STEP][PASSED] - mouseOver: Object: 'Object Repository/Page_Home Page - US Leadgen (1)/span_Account' is hovered

2018-03-30 10:16:20 - [MESSAGE][PASSED] - Object: 'Object Repository/Page_Home Page - US Leadgen (1)/span_Account' is hovered

2018-03-30 10:16:20 - [TEST_STEP][PASSED] - delay: Delayed 2 second(s)

2018-03-30 10:16:22 - [MESSAGE][PASSED] - Delayed 2 second(s)

2018-03-30 10:16:22 - [TEST_STEP][PASSED] - click: Object: 'Object Repository/Page_Home Page - US Leadgen (2)/span_Sign Out' is clicked on

2018-03-30 10:16:23 - [MESSAGE][PASSED] - Object: 'Object Repository/Page_Home Page - US Leadgen (2)/span_Sign Out' is clicked on

2018-03-30 10:16:23 - [TEST_STEP][PASSED] - delay: Delayed 2 second(s)

2018-03-30 10:16:25 - [MESSAGE][PASSED] - Delayed 2 second(s)

2018-03-30 10:16:25 - [TEST_STEP][PASSED] - mouseOver: Object: 'Object Repository/Page_Home Page - US Leadgen/a_Sign In' is hovered

2018-03-30 10:16:25 - [MESSAGE][PASSED] - Object: 'Object Repository/Page_Home Page - US Leadgen/a_Sign In' is hovered

2018-03-30 10:16:25 - [TEST_STEP][PASSED] - click: Object: 'Object Repository/Page_Home Page - US Leadgen/a_Sign In' is clicked on

2018-03-30 10:16:26 - [MESSAGE][PASSED] - Object: 'Object Repository/Page_Home Page - US Leadgen/a_Sign In' is clicked on

2018-03-30 10:16:26 - [TEST_STEP][PASSED] - delay: Delayed 2 second(s)

2018-03-30 10:16:28 - [MESSAGE][PASSED] - Delayed 2 second(s)

2018-03-30 10:16:28 - [TEST_STEP][PASSED] - setText: Text 'jwaryas@bluewatertech.com' is set on object 'Object Repository/Page_Log in - US Leadgen/input_Email'

2018-03-30 10:16:28 - [MESSAGE][PASSED] - Text 'jwaryas@bluewatertech.com' is set on object 'Object Repository/Page_Log in - US Leadgen/input_Email'

2018-03-30 10:16:28 - [TEST_STEP][PASSED] - setText: Text 'Droop420!' is set on object 'Object Repository/Page_Log in - US Leadgen/input_Password'

2018-03-30 10:16:28 - [MESSAGE][PASSED] - Text 'Droop420!' is set on object 'Object Repository/Page_Log in - US Leadgen/input_Password'

2018-03-30 10:16:28 - [TEST_STEP][PASSED] - delay: Delayed 2 second(s)

2018-03-30 10:16:30 - [MESSAGE][PASSED] - Delayed 2 second(s)

2018-03-30 10:16:30 - [TEST_STEP][PASSED] - click: Object: 'Object Repository/Page_Log in - US Leadgen/input_btn btn-default' is clicked on

2018-03-30 10:16:30 - [MESSAGE][PASSED] - Object: 'Object Repository/Page_Log in - US Leadgen/input_btn btn-default' is clicked on

2018-03-30 10:16:30 - [TEST_STEP][PASSED] - delay: Delayed 2 second(s)

2018-03-30 10:16:32 - [MESSAGE][PASSED] - Delayed 2 second(s)

2018-03-30 10:16:32 - [TEST_STEP][PASSED] - mouseOver: Object: 'Object Repository/Page_Home Page - US Leadgen (1)/span_Account' is hovered

2018-03-30 10:16:33 - [MESSAGE][PASSED] - Object: 'Object Repository/Page_Home Page - US Leadgen (1)/span_Account' is hovered

2018-03-30 10:16:33 - [TEST_STEP][PASSED] - delay: Delayed 2 second(s)

2018-03-30 10:16:35 - [MESSAGE][PASSED] - Delayed 2 second(s)

2018-03-30 10:16:35 - [TEST_STEP][PASSED] - click: Object: 'Object Repository/Page_Home Page - US Leadgen (2)/span_Sign Out' is clicked on

2018-03-30 10:16:36 - [MESSAGE][PASSED] - Object: 'Object Repository/Page_Home Page - US Leadgen (2)/span_Sign Out' is clicked on

2018-03-30 10:16:36 - [TEST_STEP][PASSED] - delay: Delayed 2 second(s)

2018-03-30 10:16:38 - [MESSAGE][PASSED] - Delayed 2 second(s)

2018-03-30 10:16:38 - [TEST_STEP][PASSED] - mouseOver: Object: 'Object Repository/Page_Home Page - US Leadgen/a_Sign In' is hovered

2018-03-30 10:16:38 - [MESSAGE][PASSED] - Object: 'Object Repository/Page_Home Page - US Leadgen/a_Sign In' is hovered

2018-03-30 10:16:38 - [TEST_STEP][PASSED] - click: Object: 'Object Repository/Page_Home Page - US Leadgen/a_Sign In' is clicked on

2018-03-30 10:16:39 - [MESSAGE][PASSED] - Object: 'Object Repository/Page_Home Page - US Leadgen/a_Sign In' is clicked on

2018-03-30 10:16:39 - [TEST_STEP][PASSED] - delay: Delayed 2 second(s)

2018-03-30 10:16:41 - [MESSAGE][PASSED] - Delayed 2 second(s)

2018-03-30 10:16:41 - [TEST_STEP][PASSED] - setText: Text 'jwaryas@bluewatertech.com' is set on object 'Object Repository/Page_Log in - US Leadgen/input_Email'

2018-03-30 10:16:42 - [MESSAGE][PASSED] - Text 'jwaryas@bluewatertech.com' is set on object 'Object Repository/Page_Log in - US Leadgen/input_Email'

2018-03-30 10:16:42 - [TEST_STEP][PASSED] - setText: Text 'Droop420!' is set on object 'Object Repository/Page_Log in - US Leadgen/input_Password'

2018-03-30 10:16:42 - [MESSAGE][PASSED] - Text 'Droop420!' is set on object 'Object Repository/Page_Log in - US Leadgen/input_Password'

2018-03-30 10:16:42 - [TEST_STEP][PASSED] - delay: Delayed 2 second(s)

2018-03-30 10:16:44 - [MESSAGE][PASSED] - Delayed 2 second(s)

2018-03-30 10:16:44 - [TEST_STEP][PASSED] - click: Object: 'Object Repository/Page_Log in - US Leadgen/input_btn btn-default' is clicked on

2018-03-30 10:16:45 - [MESSAGE][PASSED] - Object: 'Object Repository/Page_Log in - US Leadgen/input_btn btn-default' is clicked on

2018-03-30 10:16:45 - [TEST_STEP][PASSED] - delay: Delayed 2 second(s)

2018-03-30 10:16:47 - [MESSAGE][PASSED] - Delayed 2 second(s)

2018-03-30 10:16:47 - [TEST_STEP][PASSED] - mouseOver: Object: 'Object Repository/Page_Home Page - US Leadgen (1)/span_Account' is hovered

2018-03-30 10:16:47 - [MESSAGE][PASSED] - Object: 'Object Repository/Page_Home Page - US Leadgen (1)/span_Account' is hovered

2018-03-30 10:16:47 - [TEST_STEP][PASSED] - delay: Delayed 2 second(s)

2018-03-30 10:16:49 - [MESSAGE][PASSED] - Delayed 2 second(s)

2018-03-30 10:16:49 - [TEST_STEP][PASSED] - click: Object: 'Object Repository/Page_Home Page - US Leadgen (2)/span_Sign Out' is clicked on

2018-03-30 10:16:50 - [MESSAGE][PASSED] - Object: 'Object Repository/Page_Home Page - US Leadgen (2)/span_Sign Out' is clicked on

2018-03-30 10:16:50 - [TEST_STEP][PASSED] - delay: Delayed 2 second(s)

2018-03-30 10:16:52 - [MESSAGE][PASSED] - Delayed 2 second(s)

2018-03-30 10:16:52 - [TEST_STEP][PASSED] - mouseOver: Object: 'Object Repository/Page_Home Page - US Leadgen/a_Sign In' is hovered

2018-03-30 10:16:52 - [MESSAGE][PASSED] - Object: 'Object Repository/Page_Home Page - US Leadgen/a_Sign In' is hovered

2018-03-30 10:16:52 - [TEST_STEP][PASSED] - click: Object: 'Object Repository/Page_Home Page - US Leadgen/a_Sign In' is clicked on

2018-03-30 10:16:52 - [MESSAGE][PASSED] - Object: 'Object Repository/Page_Home Page - US Leadgen/a_Sign In' is clicked on

2018-03-30 10:16:52 - [TEST_STEP][PASSED] - delay: Delayed 2 second(s)

2018-03-30 10:16:54 - [MESSAGE][PASSED] - Delayed 2 second(s)

2018-03-30 10:16:54 - [TEST_STEP][PASSED] - setText: Text 'jwaryas@bluewatertech.com' is set on object 'Object Repository/Page_Log in - US Leadgen/input_Email'

2018-03-30 10:16:54 - [MESSAGE][PASSED] - Text 'jwaryas@bluewatertech.com' is set on object 'Object Repository/Page_Log in - US Leadgen/input_Email'

2018-03-30 10:16:54 - [TEST_STEP][PASSED] - setText: Text 'Droop420!' is set on object 'Object Repository/Page_Log in - US Leadgen/input_Password'

2018-03-30 10:16:54 - [MESSAGE][PASSED] - Text 'Droop420!' is set on object 'Object Repository/Page_Log in - US Leadgen/input_Password'

2018-03-30 10:16:54 - [TEST_STEP][PASSED] - delay: Delayed 2 second(s)

2018-03-30 10:16:56 - [MESSAGE][PASSED] - Delayed 2 second(s)

2018-03-30 10:16:56 - [TEST_STEP][PASSED] - click: Object: 'Object Repository/Page_Log in - US Leadgen/input_btn btn-default' is clicked on

2018-03-30 10:16:57 - [MESSAGE][PASSED] - Object: 'Object Repository/Page_Log in - US Leadgen/input_btn btn-default' is clicked on

2018-03-30 10:16:57 - [TEST_STEP][PASSED] - delay: Delayed 2 second(s)

2018-03-30 10:16:59 - [MESSAGE][PASSED] - Delayed 2 second(s)

2018-03-30 10:16:59 - [TEST_STEP][PASSED] - mouseOver: Object: 'Object Repository/Page_Home Page - US Leadgen (1)/span_Account' is hovered

2018-03-30 10:16:59 - [MESSAGE][PASSED] - Object: 'Object Repository/Page_Home Page - US Leadgen (1)/span_Account' is hovered

2018-03-30 10:16:59 - [TEST_STEP][PASSED] - delay: Delayed 2 second(s)

2018-03-30 10:17:01 - [MESSAGE][PASSED] - Delayed 2 second(s)

2018-03-30 10:17:01 - [TEST_STEP][PASSED] - click: Object: 'Object Repository/Page_Home Page - US Leadgen (2)/span_Sign Out' is clicked on

2018-03-30 10:17:02 - [MESSAGE][PASSED] - Object: 'Object Repository/Page_Home Page - US Leadgen (2)/span_Sign Out' is clicked on

2018-03-30 10:17:02 - [TEST_STEP][PASSED] - delay: Delayed 2 second(s)

2018-03-30 10:17:04 - [MESSAGE][PASSED] - Delayed 2 second(s)

2018-03-30 10:17:04 - [TEST_STEP][PASSED] - mouseOver: Object: 'Object Repository/Page_Home Page - US Leadgen/a_Sign In' is hovered

2018-03-30 10:17:04 - [MESSAGE][PASSED] - Object: 'Object Repository/Page_Home Page - US Leadgen/a_Sign In' is hovered

2018-03-30 10:17:04 - [TEST_STEP][PASSED] - click: Object: 'Object Repository/Page_Home Page - US Leadgen/a_Sign In' is clicked on

2018-03-30 10:17:04 - [MESSAGE][PASSED] - Object: 'Object Repository/Page_Home Page - US Leadgen/a_Sign In' is clicked on

2018-03-30 10:17:04 - [TEST_STEP][PASSED] - delay: Delayed 2 second(s)

2018-03-30 10:17:06 - [MESSAGE][PASSED] - Delayed 2 second(s)

2018-03-30 10:17:06 - [TEST_STEP][PASSED] - setText: Text 'jwaryas@bluewatertech.com' is set on object 'Object Repository/Page_Log in - US Leadgen/input_Email'

2018-03-30 10:17:06 - [MESSAGE][PASSED] - Text 'jwaryas@bluewatertech.com' is set on object 'Object Repository/Page_Log in - US Leadgen/input_Email'

2018-03-30 10:17:06 - [TEST_STEP][PASSED] - setText: Text 'Droop420!' is set on object 'Object Repository/Page_Log in - US Leadgen/input_Password'

2018-03-30 10:17:06 - [MESSAGE][PASSED] - Text 'Droop420!' is set on object 'Object Repository/Page_Log in - US Leadgen/input_Password'

2018-03-30 10:17:06 - [TEST_STEP][PASSED] - delay: Delayed 2 second(s)

2018-03-30 10:17:08 - [MESSAGE][PASSED] - Delayed 2 second(s)

2018-03-30 10:17:08 - [TEST_STEP][PASSED] - click: Object: 'Object Repository/Page_Log in - US Leadgen/input_btn btn-default' is clicked on

2018-03-30 10:17:09 - [MESSAGE][PASSED] - Object: 'Object Repository/Page_Log in - US Leadgen/input_btn btn-default' is clicked on

2018-03-30 10:17:09 - [TEST_STEP][PASSED] - delay: Delayed 2 second(s)

2018-03-30 10:17:11 - [MESSAGE][PASSED] - Delayed 2 second(s)

2018-03-30 10:17:11 - [TEST_STEP][PASSED] - mouseOver: Object: 'Object Repository/Page_Home Page - US Leadgen (1)/span_Account' is hovered

2018-03-30 10:17:11 - [MESSAGE][PASSED] - Object: 'Object Repository/Page_Home Page - US Leadgen (1)/span_Account' is hovered

2018-03-30 10:17:11 - [TEST_STEP][PASSED] - delay: Delayed 2 second(s)

2018-03-30 10:17:13 - [MESSAGE][PASSED] - Delayed 2 second(s)

2018-03-30 10:17:13 - [TEST_STEP][PASSED] - click: Object: 'Object Repository/Page_Home Page - US Leadgen (2)/span_Sign Out' is clicked on

2018-03-30 10:17:14 - [MESSAGE][PASSED] - Object: 'Object Repository/Page_Home Page - US Leadgen (2)/span_Sign Out' is clicked on

2018-03-30 10:17:14 - [TEST_STEP][PASSED] - delay: Delayed 2 second(s)

2018-03-30 10:17:16 - [MESSAGE][PASSED] - Delayed 2 second(s)

2018-03-30 10:17:16 - [TEST_STEP][PASSED] - mouseOver: Object: 'Object Repository/Page_Home Page - US Leadgen/a_Sign In' is hovered

2018-03-30 10:17:16 - [MESSAGE][PASSED] - Object: 'Object Repository/Page_Home Page - US Leadgen/a_Sign In' is hovered

2018-03-30 10:17:16 - [TEST_STEP][PASSED] - click: Object: 'Object Repository/Page_Home Page - US Leadgen/a_Sign In' is clicked on

2018-03-30 10:17:16 - [MESSAGE][PASSED] - Object: 'Object Repository/Page_Home Page - US Leadgen/a_Sign In' is clicked on

2018-03-30 10:17:16 - [TEST_STEP][PASSED] - delay: Delayed 2 second(s)

2018-03-30 10:17:18 - [MESSAGE][PASSED] - Delayed 2 second(s)

2018-03-30 10:17:18 - [TEST_STEP][PASSED] - setText: Text 'jwaryas@bluewatertech.com' is set on object 'Object Repository/Page_Log in - US Leadgen/input_Email'

2018-03-30 10:17:18 - [MESSAGE][PASSED] - Text 'jwaryas@bluewatertech.com' is set on object 'Object Repository/Page_Log in - US Leadgen/input_Email'

2018-03-30 10:17:18 - [TEST_STEP][PASSED] - setText: Text 'Droop420!' is set on object 'Object Repository/Page_Log in - US Leadgen/input_Password'

2018-03-30 10:17:18 - [MESSAGE][PASSED] - Text 'Droop420!' is set on object 'Object Repository/Page_Log in - US Leadgen/input_Password'

2018-03-30 10:17:18 - [TEST_STEP][PASSED] - delay: Delayed 2 second(s)

2018-03-30 10:17:20 - [MESSAGE][PASSED] - Delayed 2 second(s)

2018-03-30 10:17:20 - [TEST_STEP][PASSED] - click: Object: 'Object Repository/Page_Log in - US Leadgen/input_btn btn-default' is clicked on

2018-03-30 10:17:21 - [MESSAGE][PASSED] - Object: 'Object Repository/Page_Log in - US Leadgen/input_btn btn-default' is clicked on

2018-03-30 10:17:21 - [TEST_STEP][PASSED] - delay: Delayed 2 second(s)

2018-03-30 10:17:23 - [MESSAGE][PASSED] - Delayed 2 second(s)

2018-03-30 10:17:23 - [TEST_STEP][PASSED] - mouseOver: Object: 'Object Repository/Page_Home Page - US Leadgen (1)/span_Account' is hovered

2018-03-30 10:17:23 - [MESSAGE][PASSED] - Object: 'Object Repository/Page_Home Page - US Leadgen (1)/span_Account' is hovered

2018-03-30 10:17:23 - [TEST_STEP][PASSED] - delay: Delayed 2 second(s)

2018-03-30 10:17:25 - [MESSAGE][PASSED] - Delayed 2 second(s)

2018-03-30 10:17:25 - [TEST_STEP][PASSED] - click: Object: 'Object Repository/Page_Home Page - US Leadgen (2)/span_Sign Out' is clicked on

2018-03-30 10:17:26 - [MESSAGE][PASSED] - Object: 'Object Repository/Page_Home Page - US Leadgen (2)/span_Sign Out' is clicked on

2018-03-30 10:17:26 - [TEST_STEP][PASSED] - closeBrowser: Browser is closed

2018-03-30 10:17:26 - [MESSAGE][PASSED] - Browser is closed]]></system-out>
         <system-err><![CDATA[]]></system-err>
      </testcase>
      <testcase name="Test Cases/Browser Start" classname="Test Cases/Browser Start" status="PASSED">
         <system-out><![CDATA[2018-03-30 10:17:26 - [TEST_CASE][PASSED] - Test Cases/Browser Start: Test Cases/Browser Start

2018-03-30 10:17:26 - [TEST_STEP][PASSED] - openBrowser: Browser is opened with url: ''

2018-03-30 10:17:30 - [MESSAGE][PASSED] - Browser is opened with url: ''

2018-03-30 10:17:30 - [TEST_STEP][PASSED] - maximizeWindow: Current window maximized

2018-03-30 10:17:30 - [MESSAGE][PASSED] - Current window maximized

2018-03-30 10:17:30 - [TEST_STEP][PASSED] - navigateToUrl: Navigate to 'https://us-dev.gmli2.bluewatertech.host' successfully

2018-03-30 10:17:31 - [MESSAGE][PASSED] - Navigate to 'https://us-dev.gmli2.bluewatertech.host' successfully

2018-03-30 10:17:31 - [TEST_STEP][PASSED] - delay: Delayed 5 second(s)

2018-03-30 10:17:36 - [MESSAGE][PASSED] - Delayed 5 second(s)

2018-03-30 10:17:36 - [TEST_STEP][PASSED] - comment: Use this test script to open and navigate to the website needed. This all can be edited for other websites too.]]></system-out>
         <system-err><![CDATA[]]></system-err>
      </testcase>
      <testcase name="Test Cases/Logging In" classname="Test Cases/Logging In" status="PASSED">
         <system-out><![CDATA[2018-03-30 10:17:36 - [TEST_CASE][PASSED] - Test Cases/Logging In: Test Cases/Logging In

2018-03-30 10:17:36 - [TEST_STEP][NOT_RUN] - openBrowser: NOT_RUN: openBrowser

2018-03-30 10:17:36 - [MESSAGE][NOT_RUN] - NOT_RUN: openBrowser

2018-03-30 10:17:36 - [TEST_STEP][NOT_RUN] - delay: NOT_RUN: delay

2018-03-30 10:17:36 - [MESSAGE][NOT_RUN] - NOT_RUN: delay

2018-03-30 10:17:36 - [TEST_STEP][NOT_RUN] - maximizeWindow: NOT_RUN: maximizeWindow

2018-03-30 10:17:36 - [MESSAGE][NOT_RUN] - NOT_RUN: maximizeWindow

2018-03-30 10:17:36 - [TEST_STEP][NOT_RUN] - navigateToUrl: NOT_RUN: navigateToUrl

2018-03-30 10:17:36 - [MESSAGE][NOT_RUN] - NOT_RUN: navigateToUrl

2018-03-30 10:17:36 - [TEST_STEP][PASSED] - comment: Diabled for a reason. If you want to just run this test case enable then disable once you are done.

2018-03-30 10:17:36 - [TEST_STEP][PASSED] - delay: Delayed 2 second(s)

2018-03-30 10:17:38 - [MESSAGE][PASSED] - Delayed 2 second(s)

2018-03-30 10:17:38 - [TEST_STEP][PASSED] - click: Object: 'Object Repository/Page_Home Page - US Leadgen/a_Sign In' is clicked on

2018-03-30 10:17:39 - [MESSAGE][PASSED] - Object: 'Object Repository/Page_Home Page - US Leadgen/a_Sign In' is clicked on

2018-03-30 10:17:39 - [TEST_STEP][PASSED] - comment: Once this is selected the user can sign in

2018-03-30 10:17:39 - [TEST_STEP][PASSED] - setText: Text 'jwaryas@bluewatertech.com' is set on object 'Object Repository/Page_Log in - US Leadgen/input_Email'

2018-03-30 10:17:39 - [MESSAGE][PASSED] - Text 'jwaryas@bluewatertech.com' is set on object 'Object Repository/Page_Log in - US Leadgen/input_Email'

2018-03-30 10:17:39 - [TEST_STEP][PASSED] - delay: Delayed 1 second(s)

2018-03-30 10:17:40 - [MESSAGE][PASSED] - Delayed 1 second(s)

2018-03-30 10:17:40 - [TEST_STEP][PASSED] - setText: Text 'Droop420!' is set on object 'Object Repository/Page_Log in - US Leadgen/input_Password'

2018-03-30 10:17:40 - [MESSAGE][PASSED] - Text 'Droop420!' is set on object 'Object Repository/Page_Log in - US Leadgen/input_Password'

2018-03-30 10:17:40 - [TEST_STEP][PASSED] - delay: Delayed 1 second(s)

2018-03-30 10:17:41 - [MESSAGE][PASSED] - Delayed 1 second(s)

2018-03-30 10:17:41 - [TEST_STEP][PASSED] - click: Object: 'Object Repository/Page_Log in - US Leadgen/input_btn btn-default' is clicked on

2018-03-30 10:17:42 - [MESSAGE][PASSED] - Object: 'Object Repository/Page_Log in - US Leadgen/input_btn btn-default' is clicked on]]></system-out>
         <system-err><![CDATA[]]></system-err>
      </testcase>
      <testcase name="Test Cases/Regression - Button Pushes" classname="Test Cases/Regression - Button Pushes" status="FAILED">
         <failure type="FAILED" message="Unable to click on object 'Object Repository/Page_- US Leadgen/a_VMM Updates' (Root cause: org.openqa.selenium.ElementNotInteractableException: 
Build info: version: '3.7.1', revision: '8a0099a', time: '2017-11-06T21:07:36.161Z'
System info: host: 'THEFRANKENSTINE', ip: '10.2.38.51', os.name: 'Windows 7', os.arch: 'amd64', os.version: '6.1', java.version: '1.8.0_102'
Driver info: com.kms.katalon.core.webui.driver.firefox.CGeckoDriver
Capabilities {acceptInsecureCerts: true, browserName: firefox, browserVersion: 57.0.4, javascriptEnabled: true, moz:accessibilityChecks: false, moz:headless: false, moz:processID: 7432, moz:profile: C:\Users\THE FRANKENSTINE\A..., moz:webdriverClick: false, pageLoadStrategy: normal, platform: XP, platformName: XP, platformVersion: 6.1, proxy: Proxy(system), rotatable: false, timeouts: {implicit: 0, pageLoad: 300000, script: 30000}}
Session ID: cef23e85-7d5f-492f-91a0-2f864c3e95a5)"/>
         <system-out><![CDATA[2018-03-30 10:17:42 - [TEST_CASE][FAILED] - Test Cases/Regression - Button Pushes: Test Cases/Regression - Button Pushes FAILED because (of) Unable to click on object 'Object Repository/Page_- US Leadgen/a_VMM Updates' (Root cause: org.openqa.selenium.ElementNotInteractableException: 
Build info: version: '3.7.1', revision: '8a0099a', time: '2017-11-06T21:07:36.161Z'
System info: host: 'THEFRANKENSTINE', ip: '10.2.38.51', os.name: 'Windows 7', os.arch: 'amd64', os.version: '6.1', java.version: '1.8.0_102'
Driver info: com.kms.katalon.core.webui.driver.firefox.CGeckoDriver
Capabilities {acceptInsecureCerts: true, browserName: firefox, browserVersion: 57.0.4, javascriptEnabled: true, moz:accessibilityChecks: false, moz:headless: false, moz:processID: 7432, moz:profile: C:\Users\THE FRANKENSTINE\A..., moz:webdriverClick: false, pageLoadStrategy: normal, platform: XP, platformName: XP, platformVersion: 6.1, proxy: Proxy(system), rotatable: false, timeouts: {implicit: 0, pageLoad: 300000, script: 30000}}
Session ID: cef23e85-7d5f-492f-91a0-2f864c3e95a5)

2018-03-30 10:17:42 - [TEST_STEP][NOT_RUN] - openBrowser: NOT_RUN: openBrowser

2018-03-30 10:17:42 - [MESSAGE][NOT_RUN] - NOT_RUN: openBrowser

2018-03-30 10:17:42 - [TEST_STEP][NOT_RUN] - navigateToUrl: NOT_RUN: navigateToUrl

2018-03-30 10:17:42 - [MESSAGE][NOT_RUN] - NOT_RUN: navigateToUrl

2018-03-30 10:17:42 - [TEST_STEP][NOT_RUN] - maximizeWindow: NOT_RUN: maximizeWindow

2018-03-30 10:17:42 - [MESSAGE][NOT_RUN] - NOT_RUN: maximizeWindow

2018-03-30 10:17:42 - [TEST_STEP][NOT_RUN] - delay: NOT_RUN: delay

2018-03-30 10:17:42 - [MESSAGE][NOT_RUN] - NOT_RUN: delay

2018-03-30 10:17:42 - [TEST_STEP][NOT_RUN] - callTestCase: NOT_RUN: callTestCase

2018-03-30 10:17:42 - [MESSAGE][NOT_RUN] - NOT_RUN: callTestCase

2018-03-30 10:17:42 - [TEST_STEP][PASSED] - comment: These are disabled for a reason. DO NOT ENABLE UNLESS YOU ARE TESTING THIS PART ONLY

2018-03-30 10:17:42 - [TEST_STEP][PASSED] - mouseOver: Object: 'Object Repository/Page_Home Page - US Leadgen (1)/span_Administration' is hovered

2018-03-30 10:17:42 - [MESSAGE][PASSED] - Object: 'Object Repository/Page_Home Page - US Leadgen (1)/span_Administration' is hovered

2018-03-30 10:17:42 - [TEST_STEP][PASSED] - comment: Mouse over is used to hover over "Administration"

2018-03-30 10:17:42 - [TEST_STEP][PASSED] - delay: Delayed 2 second(s)

2018-03-30 10:17:44 - [MESSAGE][PASSED] - Delayed 2 second(s)

2018-03-30 10:17:44 - [TEST_STEP][PASSED] - comment: Delay is used to let the web app load. 

2018-03-30 10:17:44 - [TEST_STEP][PASSED] - click: Object: 'Object Repository/Page_Home Page - US Leadgen (3)/a_Held Leads' is clicked on

2018-03-30 10:17:45 - [MESSAGE][PASSED] - Object: 'Object Repository/Page_Home Page - US Leadgen (3)/a_Held Leads' is clicked on

2018-03-30 10:17:45 - [TEST_STEP][PASSED] - delay: Delayed 1 second(s)

2018-03-30 10:17:47 - [MESSAGE][PASSED] - Delayed 1 second(s)

2018-03-30 10:17:47 - [TEST_STEP][PASSED] - click: Object: 'Object Repository/Page_- US Leadgen/a_Pending Groups' is clicked on

2018-03-30 10:17:47 - [MESSAGE][PASSED] - Object: 'Object Repository/Page_- US Leadgen/a_Pending Groups' is clicked on

2018-03-30 10:17:47 - [TEST_STEP][PASSED] - delay: Delayed 1 second(s)

2018-03-30 10:17:48 - [MESSAGE][PASSED] - Delayed 1 second(s)

2018-03-30 10:17:48 - [TEST_STEP][PASSED] - click: Object: 'Object Repository/Page_- US Leadgen/a_Overridden Leads Report' is clicked on

2018-03-30 10:17:48 - [MESSAGE][PASSED] - Object: 'Object Repository/Page_- US Leadgen/a_Overridden Leads Report' is clicked on

2018-03-30 10:17:48 - [TEST_STEP][PASSED] - delay: Delayed 1 second(s)

2018-03-30 10:17:49 - [MESSAGE][PASSED] - Delayed 1 second(s)

2018-03-30 10:17:49 - [TEST_STEP][PASSED] - click: Object: 'Object Repository/Page_- US Leadgen/a_Pending Groups' is clicked on

2018-03-30 10:17:49 - [MESSAGE][PASSED] - Object: 'Object Repository/Page_- US Leadgen/a_Pending Groups' is clicked on

2018-03-30 10:17:49 - [TEST_STEP][PASSED] - delay: Delayed 1 second(s)

2018-03-30 10:17:50 - [MESSAGE][PASSED] - Delayed 1 second(s)

2018-03-30 10:17:50 - [TEST_STEP][PASSED] - click: Object: 'Object Repository/Page_- US Leadgen/a_Incoming Held Leads' is clicked on

2018-03-30 10:17:50 - [MESSAGE][PASSED] - Object: 'Object Repository/Page_- US Leadgen/a_Incoming Held Leads' is clicked on

2018-03-30 10:17:50 - [TEST_STEP][PASSED] - delay: Delayed 2 second(s)

2018-03-30 10:17:52 - [MESSAGE][PASSED] - Delayed 2 second(s)

2018-03-30 10:17:52 - [TEST_STEP][PASSED] - mouseOver: Object: 'Object Repository/Page_Home Page - US Leadgen (1)/span_Administration' is hovered

2018-03-30 10:17:53 - [MESSAGE][PASSED] - Object: 'Object Repository/Page_Home Page - US Leadgen (1)/span_Administration' is hovered

2018-03-30 10:17:53 - [TEST_STEP][PASSED] - delay: Delayed 2 second(s)

2018-03-30 10:17:55 - [MESSAGE][PASSED] - Delayed 2 second(s)

2018-03-30 10:17:55 - [TEST_STEP][PASSED] - click: Object: 'Object Repository/Page_- US Leadgen/a_VMM Updates' is clicked on

2018-03-30 10:17:55 - [MESSAGE][PASSED] - Object: 'Object Repository/Page_- US Leadgen/a_VMM Updates' is clicked on

2018-03-30 10:17:55 - [TEST_STEP][PASSED] - delay: Delayed 1 second(s)

2018-03-30 10:17:56 - [MESSAGE][PASSED] - Delayed 1 second(s)

2018-03-30 10:17:56 - [TEST_STEP][PASSED] - mouseOver: Object: 'Object Repository/Page_Home Page - US Leadgen (1)/span_Administration' is hovered

2018-03-30 10:17:56 - [MESSAGE][PASSED] - Object: 'Object Repository/Page_Home Page - US Leadgen (1)/span_Administration' is hovered

2018-03-30 10:17:56 - [TEST_STEP][PASSED] - delay: Delayed 2 second(s)

2018-03-30 10:17:58 - [MESSAGE][PASSED] - Delayed 2 second(s)

2018-03-30 10:17:58 - [TEST_STEP][PASSED] - click: Object: 'Object Repository/Page_- US Leadgen/a_Dealerships' is clicked on

2018-03-30 10:17:59 - [MESSAGE][PASSED] - Object: 'Object Repository/Page_- US Leadgen/a_Dealerships' is clicked on

2018-03-30 10:17:59 - [TEST_STEP][PASSED] - delay: Delayed 1 second(s)

2018-03-30 10:18:00 - [MESSAGE][PASSED] - Delayed 1 second(s)

2018-03-30 10:18:00 - [TEST_STEP][PASSED] - mouseOver: Object: 'Object Repository/Page_Home Page - US Leadgen (1)/span_Administration' is hovered

2018-03-30 10:18:00 - [MESSAGE][PASSED] - Object: 'Object Repository/Page_Home Page - US Leadgen (1)/span_Administration' is hovered

2018-03-30 10:18:00 - [TEST_STEP][PASSED] - delay: Delayed 2 second(s)

2018-03-30 10:18:02 - [MESSAGE][PASSED] - Delayed 2 second(s)

2018-03-30 10:18:02 - [TEST_STEP][PASSED] - click: Object: 'Object Repository/Page_- US Leadgen/a_Zip Codes' is clicked on

2018-03-30 10:18:03 - [MESSAGE][PASSED] - Object: 'Object Repository/Page_- US Leadgen/a_Zip Codes' is clicked on

2018-03-30 10:18:03 - [TEST_STEP][PASSED] - delay: Delayed 1 second(s)

2018-03-30 10:18:04 - [MESSAGE][PASSED] - Delayed 1 second(s)

2018-03-30 10:18:04 - [TEST_STEP][PASSED] - mouseOver: Object: 'Object Repository/Page_Home Page - US Leadgen (1)/span_Administration' is hovered

2018-03-30 10:18:04 - [MESSAGE][PASSED] - Object: 'Object Repository/Page_Home Page - US Leadgen (1)/span_Administration' is hovered

2018-03-30 10:18:04 - [TEST_STEP][PASSED] - delay: Delayed 1 second(s)

2018-03-30 10:18:05 - [MESSAGE][PASSED] - Delayed 1 second(s)

2018-03-30 10:18:05 - [TEST_STEP][PASSED] - mouseOver: Object: 'Object Repository/Page_Home Page - US Leadgen (1)/span_System' is hovered

2018-03-30 10:18:05 - [MESSAGE][PASSED] - Object: 'Object Repository/Page_Home Page - US Leadgen (1)/span_System' is hovered

2018-03-30 10:18:05 - [TEST_STEP][PASSED] - delay: Delayed 1 second(s)

2018-03-30 10:18:06 - [MESSAGE][PASSED] - Delayed 1 second(s)

2018-03-30 10:18:06 - [TEST_STEP][PASSED] - click: Object: 'Object Repository/Page_- US Leadgen/a_Events' is clicked on

2018-03-30 10:18:06 - [MESSAGE][PASSED] - Object: 'Object Repository/Page_- US Leadgen/a_Events' is clicked on

2018-03-30 10:18:06 - [TEST_STEP][PASSED] - delay: Delayed 2 second(s)

2018-03-30 10:18:08 - [MESSAGE][PASSED] - Delayed 2 second(s)

2018-03-30 10:18:08 - [TEST_STEP][PASSED] - mouseOver: Object: 'Object Repository/Page_Home Page - US Leadgen (1)/span_Administration' is hovered

2018-03-30 10:18:09 - [MESSAGE][PASSED] - Object: 'Object Repository/Page_Home Page - US Leadgen (1)/span_Administration' is hovered

2018-03-30 10:18:09 - [TEST_STEP][PASSED] - delay: Delayed 1 second(s)

2018-03-30 10:18:10 - [MESSAGE][PASSED] - Delayed 1 second(s)

2018-03-30 10:18:10 - [TEST_STEP][PASSED] - mouseOver: Object: 'Object Repository/Page_Home Page - US Leadgen (1)/span_System' is hovered

2018-03-30 10:18:10 - [MESSAGE][PASSED] - Object: 'Object Repository/Page_Home Page - US Leadgen (1)/span_System' is hovered

2018-03-30 10:18:10 - [TEST_STEP][PASSED] - delay: Delayed 1 second(s)

2018-03-30 10:18:11 - [MESSAGE][PASSED] - Delayed 1 second(s)

2018-03-30 10:18:11 - [TEST_STEP][PASSED] - click: Object: 'Object Repository/Page_- US Leadgen/a_Source Codes' is clicked on

2018-03-30 10:18:11 - [MESSAGE][PASSED] - Object: 'Object Repository/Page_- US Leadgen/a_Source Codes' is clicked on

2018-03-30 10:18:11 - [TEST_STEP][PASSED] - delay: Delayed 2 second(s)

2018-03-30 10:18:13 - [MESSAGE][PASSED] - Delayed 2 second(s)

2018-03-30 10:18:13 - [TEST_STEP][PASSED] - mouseOver: Object: 'Object Repository/Page_Home Page - US Leadgen (1)/span_Administration' is hovered

2018-03-30 10:18:14 - [MESSAGE][PASSED] - Object: 'Object Repository/Page_Home Page - US Leadgen (1)/span_Administration' is hovered

2018-03-30 10:18:14 - [TEST_STEP][PASSED] - delay: Delayed 1 second(s)

2018-03-30 10:18:15 - [MESSAGE][PASSED] - Delayed 1 second(s)

2018-03-30 10:18:15 - [TEST_STEP][PASSED] - mouseOver: Object: 'Object Repository/Page_Home Page - US Leadgen (1)/span_System' is hovered

2018-03-30 10:18:15 - [MESSAGE][PASSED] - Object: 'Object Repository/Page_Home Page - US Leadgen (1)/span_System' is hovered

2018-03-30 10:18:15 - [TEST_STEP][PASSED] - delay: Delayed 1 second(s)

2018-03-30 10:18:16 - [MESSAGE][PASSED] - Delayed 1 second(s)

2018-03-30 10:18:16 - [TEST_STEP][PASSED] - click: Object: 'Object Repository/Page_- US Leadgen/a_System Settings' is clicked on

2018-03-30 10:18:16 - [MESSAGE][PASSED] - Object: 'Object Repository/Page_- US Leadgen/a_System Settings' is clicked on

2018-03-30 10:18:16 - [TEST_STEP][PASSED] - delay: Delayed 2 second(s)

2018-03-30 10:18:18 - [MESSAGE][PASSED] - Delayed 2 second(s)

2018-03-30 10:18:18 - [TEST_STEP][PASSED] - mouseOver: Object: 'Object Repository/Page_Home Page - US Leadgen (1)/span_Administration' is hovered

2018-03-30 10:18:18 - [MESSAGE][PASSED] - Object: 'Object Repository/Page_Home Page - US Leadgen (1)/span_Administration' is hovered

2018-03-30 10:18:18 - [TEST_STEP][PASSED] - delay: Delayed 1 second(s)

2018-03-30 10:18:19 - [MESSAGE][PASSED] - Delayed 1 second(s)

2018-03-30 10:18:19 - [TEST_STEP][PASSED] - mouseOver: Object: 'Object Repository/Page_Home Page - US Leadgen (1)/span_System' is hovered

2018-03-30 10:18:19 - [MESSAGE][PASSED] - Object: 'Object Repository/Page_Home Page - US Leadgen (1)/span_System' is hovered

2018-03-30 10:18:19 - [TEST_STEP][PASSED] - delay: Delayed 1 second(s)

2018-03-30 10:18:20 - [MESSAGE][PASSED] - Delayed 1 second(s)

2018-03-30 10:18:20 - [TEST_STEP][PASSED] - click: Object: 'Object Repository/Page_- US Leadgen/a_Plug In Management' is clicked on

2018-03-30 10:18:21 - [MESSAGE][PASSED] - Object: 'Object Repository/Page_- US Leadgen/a_Plug In Management' is clicked on

2018-03-30 10:18:21 - [TEST_STEP][PASSED] - delay: Delayed 2 second(s)

2018-03-30 10:18:23 - [MESSAGE][PASSED] - Delayed 2 second(s)

2018-03-30 10:18:23 - [TEST_STEP][PASSED] - mouseOver: Object: 'Object Repository/Page_Home Page - US Leadgen (1)/span_Administration' is hovered

2018-03-30 10:18:23 - [MESSAGE][PASSED] - Object: 'Object Repository/Page_Home Page - US Leadgen (1)/span_Administration' is hovered

2018-03-30 10:18:23 - [TEST_STEP][PASSED] - delay: Delayed 1 second(s)

2018-03-30 10:18:24 - [MESSAGE][PASSED] - Delayed 1 second(s)

2018-03-30 10:18:24 - [TEST_STEP][PASSED] - mouseOver: Object: 'Object Repository/Page_Home Page - US Leadgen (1)/span_System' is hovered

2018-03-30 10:18:24 - [MESSAGE][PASSED] - Object: 'Object Repository/Page_Home Page - US Leadgen (1)/span_System' is hovered

2018-03-30 10:18:24 - [TEST_STEP][PASSED] - delay: Delayed 1 second(s)

2018-03-30 10:18:25 - [MESSAGE][PASSED] - Delayed 1 second(s)

2018-03-30 10:18:25 - [TEST_STEP][PASSED] - click: Object: 'Object Repository/Page_- US Leadgen/a_Exporter Settings' is clicked on

2018-03-30 10:18:26 - [MESSAGE][PASSED] - Object: 'Object Repository/Page_- US Leadgen/a_Exporter Settings' is clicked on

2018-03-30 10:18:26 - [TEST_STEP][PASSED] - delay: Delayed 2 second(s)

2018-03-30 10:18:28 - [MESSAGE][PASSED] - Delayed 2 second(s)

2018-03-30 10:18:28 - [TEST_STEP][PASSED] - mouseOver: Object: 'Object Repository/Page_Home Page - US Leadgen (1)/span_Administration' is hovered

2018-03-30 10:18:28 - [MESSAGE][PASSED] - Object: 'Object Repository/Page_Home Page - US Leadgen (1)/span_Administration' is hovered

2018-03-30 10:18:28 - [TEST_STEP][PASSED] - delay: Delayed 1 second(s)

2018-03-30 10:18:29 - [MESSAGE][PASSED] - Delayed 1 second(s)

2018-03-30 10:18:29 - [TEST_STEP][PASSED] - mouseOver: Object: 'Object Repository/Page_Home Page - US Leadgen (1)/span_System' is hovered

2018-03-30 10:18:29 - [MESSAGE][PASSED] - Object: 'Object Repository/Page_Home Page - US Leadgen (1)/span_System' is hovered

2018-03-30 10:18:29 - [TEST_STEP][PASSED] - delay: Delayed 1 second(s)

2018-03-30 10:18:30 - [MESSAGE][PASSED] - Delayed 1 second(s)

2018-03-30 10:18:30 - [TEST_STEP][PASSED] - click: Object: 'Object Repository/Page_- US Leadgen/a_Provision Keys' is clicked on

2018-03-30 10:18:31 - [MESSAGE][PASSED] - Object: 'Object Repository/Page_- US Leadgen/a_Provision Keys' is clicked on

2018-03-30 10:18:31 - [TEST_STEP][PASSED] - delay: Delayed 2 second(s)

2018-03-30 10:18:33 - [MESSAGE][PASSED] - Delayed 2 second(s)

2018-03-30 10:18:33 - [TEST_STEP][PASSED] - mouseOver: Object: 'Object Repository/Page_Home Page - US Leadgen (1)/span_Administration' is hovered

2018-03-30 10:18:33 - [MESSAGE][PASSED] - Object: 'Object Repository/Page_Home Page - US Leadgen (1)/span_Administration' is hovered

2018-03-30 10:18:33 - [TEST_STEP][PASSED] - delay: Delayed 1 second(s)

2018-03-30 10:18:34 - [MESSAGE][PASSED] - Delayed 1 second(s)

2018-03-30 10:18:34 - [TEST_STEP][PASSED] - mouseOver: Object: 'Object Repository/Page_Home Page - US Leadgen (1)/span_System' is hovered

2018-03-30 10:18:34 - [MESSAGE][PASSED] - Object: 'Object Repository/Page_Home Page - US Leadgen (1)/span_System' is hovered

2018-03-30 10:18:34 - [TEST_STEP][PASSED] - delay: Delayed 1 second(s)

2018-03-30 10:18:35 - [MESSAGE][PASSED] - Delayed 1 second(s)

2018-03-30 10:18:35 - [TEST_STEP][PASSED] - click: Object: 'Object Repository/Page_- US Leadgen/a_The Purginator' is clicked on

2018-03-30 10:18:36 - [MESSAGE][PASSED] - Object: 'Object Repository/Page_- US Leadgen/a_The Purginator' is clicked on

2018-03-30 10:18:36 - [TEST_STEP][PASSED] - delay: Delayed 2 second(s)

2018-03-30 10:18:38 - [MESSAGE][PASSED] - Delayed 2 second(s)

2018-03-30 10:18:38 - [TEST_STEP][PASSED] - mouseOver: Object: 'Object Repository/Page_Home Page - US Leadgen (1)/span_Administration' is hovered

2018-03-30 10:18:38 - [MESSAGE][PASSED] - Object: 'Object Repository/Page_Home Page - US Leadgen (1)/span_Administration' is hovered

2018-03-30 10:18:38 - [TEST_STEP][PASSED] - delay: Delayed 1 second(s)

2018-03-30 10:18:39 - [MESSAGE][PASSED] - Delayed 1 second(s)

2018-03-30 10:18:39 - [TEST_STEP][PASSED] - mouseOver: Object: 'Object Repository/Page_Home Page - US Leadgen (1)/span_System' is hovered

2018-03-30 10:18:39 - [MESSAGE][PASSED] - Object: 'Object Repository/Page_Home Page - US Leadgen (1)/span_System' is hovered

2018-03-30 10:18:39 - [TEST_STEP][PASSED] - delay: Delayed 1 second(s)

2018-03-30 10:18:40 - [MESSAGE][PASSED] - Delayed 1 second(s)

2018-03-30 10:18:40 - [TEST_STEP][PASSED] - click: Object: 'Object Repository/Page_- US Leadgen/a_Purge History' is clicked on

2018-03-30 10:18:41 - [MESSAGE][PASSED] - Object: 'Object Repository/Page_- US Leadgen/a_Purge History' is clicked on

2018-03-30 10:18:41 - [TEST_STEP][PASSED] - delay: Delayed 2 second(s)

2018-03-30 10:18:43 - [MESSAGE][PASSED] - Delayed 2 second(s)

2018-03-30 10:18:43 - [TEST_STEP][PASSED] - click: Object: 'Object Repository/Page_- US Leadgen/a_Dashboard' is clicked on

2018-03-30 10:18:43 - [MESSAGE][PASSED] - Object: 'Object Repository/Page_- US Leadgen/a_Dashboard' is clicked on

2018-03-30 10:18:43 - [TEST_STEP][PASSED] - delay: Delayed 5 second(s)

2018-03-30 10:18:48 - [MESSAGE][PASSED] - Delayed 5 second(s)

2018-03-30 10:18:48 - [TEST_STEP][PASSED] - mouseOver: Object: 'Object Repository/Page_Home Page - US Leadgen (1)/span_Reporting' is hovered

2018-03-30 10:18:48 - [MESSAGE][PASSED] - Object: 'Object Repository/Page_Home Page - US Leadgen (1)/span_Reporting' is hovered

2018-03-30 10:18:48 - [TEST_STEP][PASSED] - delay: Delayed 1 second(s)

2018-03-30 10:18:49 - [MESSAGE][PASSED] - Delayed 1 second(s)

2018-03-30 10:18:49 - [TEST_STEP][PASSED] - click: Object: 'Object Repository/Page_Home Page - US Leadgen (3)/a_Daily Emails' is clicked on

2018-03-30 10:18:50 - [MESSAGE][PASSED] - Object: 'Object Repository/Page_Home Page - US Leadgen (3)/a_Daily Emails' is clicked on

2018-03-30 10:18:50 - [TEST_STEP][PASSED] - delay: Delayed 2 second(s)

2018-03-30 10:18:52 - [MESSAGE][PASSED] - Delayed 2 second(s)

2018-03-30 10:18:52 - [TEST_STEP][PASSED] - mouseOver: Object: 'Object Repository/Page_Home Page - US Leadgen (1)/span_Reporting' is hovered

2018-03-30 10:18:52 - [MESSAGE][PASSED] - Object: 'Object Repository/Page_Home Page - US Leadgen (1)/span_Reporting' is hovered

2018-03-30 10:18:52 - [TEST_STEP][PASSED] - delay: Delayed 1 second(s)

2018-03-30 10:18:53 - [MESSAGE][PASSED] - Delayed 1 second(s)

2018-03-30 10:18:53 - [TEST_STEP][PASSED] - click: Object: 'Object Repository/Page_- US Leadgen/a_EDC Lead Summary' is clicked on

2018-03-30 10:18:57 - [MESSAGE][PASSED] - Object: 'Object Repository/Page_- US Leadgen/a_EDC Lead Summary' is clicked on

2018-03-30 10:18:57 - [TEST_STEP][PASSED] - delay: Delayed 2 second(s)

2018-03-30 10:18:59 - [MESSAGE][PASSED] - Delayed 2 second(s)

2018-03-30 10:18:59 - [TEST_STEP][PASSED] - click: Object: 'Object Repository/Page_- US Leadgen/i_fa fa-angle-double-left' is clicked on

2018-03-30 10:18:59 - [MESSAGE][PASSED] - Object: 'Object Repository/Page_- US Leadgen/i_fa fa-angle-double-left' is clicked on

2018-03-30 10:18:59 - [TEST_STEP][PASSED] - delay: Delayed 2 second(s)

2018-03-30 10:19:01 - [MESSAGE][PASSED] - Delayed 2 second(s)

2018-03-30 10:19:01 - [TEST_STEP][PASSED] - click: Object: 'Object Repository/Page_- US Leadgen/i_fa fa-angle-double-left_1' is clicked on

2018-03-30 10:19:02 - [MESSAGE][PASSED] - Object: 'Object Repository/Page_- US Leadgen/i_fa fa-angle-double-left_1' is clicked on

2018-03-30 10:19:02 - [TEST_STEP][PASSED] - delay: Delayed 2 second(s)

2018-03-30 10:19:04 - [MESSAGE][PASSED] - Delayed 2 second(s)

2018-03-30 10:19:04 - [TEST_STEP][PASSED] - click: Object: 'Object Repository/Page_- US Leadgen/button_uix-control-right' is clicked on

2018-03-30 10:19:04 - [MESSAGE][PASSED] - Object: 'Object Repository/Page_- US Leadgen/button_uix-control-right' is clicked on

2018-03-30 10:19:04 - [TEST_STEP][PASSED] - delay: Delayed 2 second(s)

2018-03-30 10:19:06 - [MESSAGE][PASSED] - Delayed 2 second(s)

2018-03-30 10:19:06 - [TEST_STEP][PASSED] - click: Object: 'Object Repository/Page_- US Leadgen/em_Submit' is clicked on

2018-03-30 10:19:06 - [MESSAGE][PASSED] - Object: 'Object Repository/Page_- US Leadgen/em_Submit' is clicked on

2018-03-30 10:19:06 - [TEST_STEP][PASSED] - delay: Delayed 2 second(s)

2018-03-30 10:19:08 - [MESSAGE][PASSED] - Delayed 2 second(s)

2018-03-30 10:19:08 - [TEST_STEP][PASSED] - click: Object: 'Object Repository/Page_- US Leadgen/em_Back' is clicked on

2018-03-30 10:19:10 - [MESSAGE][PASSED] - Object: 'Object Repository/Page_- US Leadgen/em_Back' is clicked on

2018-03-30 10:19:10 - [TEST_STEP][PASSED] - delay: Delayed 2 second(s)

2018-03-30 10:19:12 - [MESSAGE][PASSED] - Delayed 2 second(s)

2018-03-30 10:19:12 - [TEST_STEP][PASSED] - mouseOver: Object: 'Object Repository/Page_Home Page - US Leadgen (1)/span_Reporting' is hovered

2018-03-30 10:19:12 - [MESSAGE][PASSED] - Object: 'Object Repository/Page_Home Page - US Leadgen (1)/span_Reporting' is hovered

2018-03-30 10:19:12 - [TEST_STEP][PASSED] - delay: Delayed 1 second(s)

2018-03-30 10:19:13 - [MESSAGE][PASSED] - Delayed 1 second(s)

2018-03-30 10:19:13 - [TEST_STEP][PASSED] - click: Object: 'Object Repository/Page_- US Leadgen/a_Transmitted Leads' is clicked on

2018-03-30 10:19:14 - [MESSAGE][PASSED] - Object: 'Object Repository/Page_- US Leadgen/a_Transmitted Leads' is clicked on

2018-03-30 10:19:14 - [TEST_STEP][PASSED] - delay: Delayed 2 second(s)

2018-03-30 10:19:16 - [MESSAGE][PASSED] - Delayed 2 second(s)

2018-03-30 10:19:16 - [TEST_STEP][PASSED] - click: Object: 'Object Repository/Page_- US Leadgen/i_fa fa-angle-double-left' is clicked on

2018-03-30 10:19:16 - [MESSAGE][PASSED] - Object: 'Object Repository/Page_- US Leadgen/i_fa fa-angle-double-left' is clicked on

2018-03-30 10:19:16 - [TEST_STEP][PASSED] - delay: Delayed 3 second(s)

2018-03-30 10:19:19 - [MESSAGE][PASSED] - Delayed 3 second(s)

2018-03-30 10:19:19 - [TEST_STEP][PASSED] - click: Object: 'Object Repository/Page_- US Leadgen/em_Submit' is clicked on

2018-03-30 10:19:20 - [MESSAGE][PASSED] - Object: 'Object Repository/Page_- US Leadgen/em_Submit' is clicked on

2018-03-30 10:19:20 - [TEST_STEP][PASSED] - delay: Delayed 5 second(s)

2018-03-30 10:19:25 - [MESSAGE][PASSED] - Delayed 5 second(s)

2018-03-30 10:19:25 - [TEST_STEP][PASSED] - click: Object: 'Object Repository/Page_- US Leadgen/em_Back_1' is clicked on

2018-03-30 10:19:26 - [MESSAGE][PASSED] - Object: 'Object Repository/Page_- US Leadgen/em_Back_1' is clicked on

2018-03-30 10:19:26 - [TEST_STEP][PASSED] - delay: Delayed 2 second(s)

2018-03-30 10:19:28 - [MESSAGE][PASSED] - Delayed 2 second(s)

2018-03-30 10:19:28 - [TEST_STEP][PASSED] - mouseOver: Object: 'Object Repository/Page_Home Page - US Leadgen (1)/span_Reporting' is hovered

2018-03-30 10:19:28 - [MESSAGE][PASSED] - Object: 'Object Repository/Page_Home Page - US Leadgen (1)/span_Reporting' is hovered

2018-03-30 10:19:28 - [TEST_STEP][PASSED] - delay: Delayed 1 second(s)

2018-03-30 10:19:29 - [MESSAGE][PASSED] - Delayed 1 second(s)

2018-03-30 10:19:29 - [TEST_STEP][PASSED] - click: Object: 'Object Repository/Page_- US Leadgen/a_Lead Details' is clicked on

2018-03-30 10:19:30 - [MESSAGE][PASSED] - Object: 'Object Repository/Page_- US Leadgen/a_Lead Details' is clicked on

2018-03-30 10:19:30 - [TEST_STEP][PASSED] - delay: Delayed 2 second(s)

2018-03-30 10:19:32 - [MESSAGE][PASSED] - Delayed 2 second(s)

2018-03-30 10:19:32 - [TEST_STEP][PASSED] - click: Object: 'Object Repository/Page_- US Leadgen/i_fa fa-angle-double-left' is clicked on

2018-03-30 10:19:33 - [MESSAGE][PASSED] - Object: 'Object Repository/Page_- US Leadgen/i_fa fa-angle-double-left' is clicked on

2018-03-30 10:19:33 - [TEST_STEP][PASSED] - delay: Delayed 2 second(s)

2018-03-30 10:19:35 - [MESSAGE][PASSED] - Delayed 2 second(s)

2018-03-30 10:19:35 - [TEST_STEP][PASSED] - click: Object: 'Object Repository/Page_- US Leadgen/em_Submit' is clicked on

2018-03-30 10:19:40 - [MESSAGE][PASSED] - Object: 'Object Repository/Page_- US Leadgen/em_Submit' is clicked on

2018-03-30 10:19:40 - [TEST_STEP][PASSED] - delay: Delayed 5 second(s)

2018-03-30 10:19:45 - [MESSAGE][PASSED] - Delayed 5 second(s)

2018-03-30 10:19:45 - [TEST_STEP][PASSED] - mouseOver: Object: 'Object Repository/Page_Home Page - US Leadgen (1)/span_Reporting' is hovered

2018-03-30 10:19:45 - [MESSAGE][PASSED] - Object: 'Object Repository/Page_Home Page - US Leadgen (1)/span_Reporting' is hovered

2018-03-30 10:19:45 - [TEST_STEP][PASSED] - delay: Delayed 1 second(s)

2018-03-30 10:19:46 - [MESSAGE][PASSED] - Delayed 1 second(s)

2018-03-30 10:19:46 - [TEST_STEP][PASSED] - click: Object: 'Object Repository/Page_- US Leadgen/a_Multi-Brand Details' is clicked on

2018-03-30 10:19:47 - [MESSAGE][PASSED] - Object: 'Object Repository/Page_- US Leadgen/a_Multi-Brand Details' is clicked on

2018-03-30 10:19:47 - [TEST_STEP][PASSED] - delay: Delayed 2 second(s)

2018-03-30 10:19:49 - [MESSAGE][PASSED] - Delayed 2 second(s)

2018-03-30 10:19:49 - [TEST_STEP][PASSED] - click: Object: 'Object Repository/Page_- US Leadgen/i_fa fa-angle-double-left' is clicked on

2018-03-30 10:19:49 - [MESSAGE][PASSED] - Object: 'Object Repository/Page_- US Leadgen/i_fa fa-angle-double-left' is clicked on

2018-03-30 10:19:49 - [TEST_STEP][PASSED] - delay: Delayed 3 second(s)

2018-03-30 10:19:52 - [MESSAGE][PASSED] - Delayed 3 second(s)

2018-03-30 10:19:52 - [TEST_STEP][PASSED] - click: Object: 'Object Repository/Page_- US Leadgen/em_Submit' is clicked on

2018-03-30 10:19:57 - [MESSAGE][PASSED] - Object: 'Object Repository/Page_- US Leadgen/em_Submit' is clicked on

2018-03-30 10:19:57 - [TEST_STEP][PASSED] - delay: Delayed 5 second(s)

2018-03-30 10:20:02 - [MESSAGE][PASSED] - Delayed 5 second(s)

2018-03-30 10:20:02 - [TEST_STEP][PASSED] - click: Object: 'Object Repository/Page_- US Leadgen/a_Dashboard' is clicked on

2018-03-30 10:20:03 - [MESSAGE][PASSED] - Object: 'Object Repository/Page_- US Leadgen/a_Dashboard' is clicked on

2018-03-30 10:20:03 - [TEST_STEP][PASSED] - delay: Delayed 2 second(s)

2018-03-30 10:20:05 - [MESSAGE][PASSED] - Delayed 2 second(s)

2018-03-30 10:20:05 - [TEST_STEP][PASSED] - mouseOver: Object: 'Object Repository/Page_Home Page - US Leadgen (1)/span_Administration' is hovered

2018-03-30 10:20:05 - [MESSAGE][PASSED] - Object: 'Object Repository/Page_Home Page - US Leadgen (1)/span_Administration' is hovered

2018-03-30 10:20:05 - [TEST_STEP][PASSED] - delay: Delayed 2 second(s)

2018-03-30 10:20:07 - [MESSAGE][PASSED] - Delayed 2 second(s)

2018-03-30 10:20:07 - [TEST_STEP][PASSED] - click: Object: 'Object Repository/Page_Home Page - US Leadgen (3)/a_Held Leads' is clicked on

2018-03-30 10:20:09 - [MESSAGE][PASSED] - Object: 'Object Repository/Page_Home Page - US Leadgen (3)/a_Held Leads' is clicked on

2018-03-30 10:20:09 - [TEST_STEP][PASSED] - delay: Delayed 1 second(s)

2018-03-30 10:20:10 - [MESSAGE][PASSED] - Delayed 1 second(s)

2018-03-30 10:20:10 - [TEST_STEP][PASSED] - click: Object: 'Object Repository/Page_- US Leadgen/a_Pending Groups' is clicked on

2018-03-30 10:20:10 - [MESSAGE][PASSED] - Object: 'Object Repository/Page_- US Leadgen/a_Pending Groups' is clicked on

2018-03-30 10:20:10 - [TEST_STEP][PASSED] - delay: Delayed 1 second(s)

2018-03-30 10:20:11 - [MESSAGE][PASSED] - Delayed 1 second(s)

2018-03-30 10:20:11 - [TEST_STEP][PASSED] - click: Object: 'Object Repository/Page_- US Leadgen/a_Overridden Leads Report' is clicked on

2018-03-30 10:20:11 - [MESSAGE][PASSED] - Object: 'Object Repository/Page_- US Leadgen/a_Overridden Leads Report' is clicked on

2018-03-30 10:20:11 - [TEST_STEP][PASSED] - delay: Delayed 1 second(s)

2018-03-30 10:20:12 - [MESSAGE][PASSED] - Delayed 1 second(s)

2018-03-30 10:20:12 - [TEST_STEP][PASSED] - click: Object: 'Object Repository/Page_- US Leadgen/a_Pending Groups' is clicked on

2018-03-30 10:20:13 - [MESSAGE][PASSED] - Object: 'Object Repository/Page_- US Leadgen/a_Pending Groups' is clicked on

2018-03-30 10:20:13 - [TEST_STEP][PASSED] - delay: Delayed 1 second(s)

2018-03-30 10:20:14 - [MESSAGE][PASSED] - Delayed 1 second(s)

2018-03-30 10:20:14 - [TEST_STEP][PASSED] - click: Object: 'Object Repository/Page_- US Leadgen/a_Incoming Held Leads' is clicked on

2018-03-30 10:20:14 - [MESSAGE][PASSED] - Object: 'Object Repository/Page_- US Leadgen/a_Incoming Held Leads' is clicked on

2018-03-30 10:20:14 - [TEST_STEP][PASSED] - delay: Delayed 2 second(s)

2018-03-30 10:20:16 - [MESSAGE][PASSED] - Delayed 2 second(s)

2018-03-30 10:20:16 - [TEST_STEP][PASSED] - mouseOver: Object: 'Object Repository/Page_Home Page - US Leadgen (1)/span_Administration' is hovered

2018-03-30 10:20:16 - [MESSAGE][PASSED] - Object: 'Object Repository/Page_Home Page - US Leadgen (1)/span_Administration' is hovered

2018-03-30 10:20:16 - [TEST_STEP][PASSED] - delay: Delayed 2 second(s)

2018-03-30 10:20:18 - [MESSAGE][PASSED] - Delayed 2 second(s)

2018-03-30 10:20:18 - [TEST_STEP][PASSED] - click: Object: 'Object Repository/Page_- US Leadgen/a_VMM Updates' is clicked on

2018-03-30 10:20:19 - [MESSAGE][PASSED] - Object: 'Object Repository/Page_- US Leadgen/a_VMM Updates' is clicked on

2018-03-30 10:20:19 - [TEST_STEP][PASSED] - delay: Delayed 1 second(s)

2018-03-30 10:20:20 - [MESSAGE][PASSED] - Delayed 1 second(s)

2018-03-30 10:20:20 - [TEST_STEP][PASSED] - mouseOver: Object: 'Object Repository/Page_Home Page - US Leadgen (1)/span_Administration' is hovered

2018-03-30 10:20:20 - [MESSAGE][PASSED] - Object: 'Object Repository/Page_Home Page - US Leadgen (1)/span_Administration' is hovered

2018-03-30 10:20:20 - [TEST_STEP][PASSED] - delay: Delayed 2 second(s)

2018-03-30 10:20:22 - [MESSAGE][PASSED] - Delayed 2 second(s)

2018-03-30 10:20:22 - [TEST_STEP][PASSED] - click: Object: 'Object Repository/Page_- US Leadgen/a_Dealerships' is clicked on

2018-03-30 10:20:22 - [MESSAGE][PASSED] - Object: 'Object Repository/Page_- US Leadgen/a_Dealerships' is clicked on

2018-03-30 10:20:22 - [TEST_STEP][PASSED] - delay: Delayed 1 second(s)

2018-03-30 10:20:23 - [MESSAGE][PASSED] - Delayed 1 second(s)

2018-03-30 10:20:23 - [TEST_STEP][PASSED] - mouseOver: Object: 'Object Repository/Page_Home Page - US Leadgen (1)/span_Administration' is hovered

2018-03-30 10:20:24 - [MESSAGE][PASSED] - Object: 'Object Repository/Page_Home Page - US Leadgen (1)/span_Administration' is hovered

2018-03-30 10:20:24 - [TEST_STEP][PASSED] - delay: Delayed 2 second(s)

2018-03-30 10:20:26 - [MESSAGE][PASSED] - Delayed 2 second(s)

2018-03-30 10:20:26 - [TEST_STEP][PASSED] - click: Object: 'Object Repository/Page_- US Leadgen/a_Zip Codes' is clicked on

2018-03-30 10:20:30 - [MESSAGE][PASSED] - Object: 'Object Repository/Page_- US Leadgen/a_Zip Codes' is clicked on

2018-03-30 10:20:30 - [TEST_STEP][PASSED] - delay: Delayed 1 second(s)

2018-03-30 10:20:31 - [MESSAGE][PASSED] - Delayed 1 second(s)

2018-03-30 10:20:31 - [TEST_STEP][PASSED] - mouseOver: Object: 'Object Repository/Page_Home Page - US Leadgen (1)/span_Administration' is hovered

2018-03-30 10:20:31 - [MESSAGE][PASSED] - Object: 'Object Repository/Page_Home Page - US Leadgen (1)/span_Administration' is hovered

2018-03-30 10:20:31 - [TEST_STEP][PASSED] - delay: Delayed 1 second(s)

2018-03-30 10:20:32 - [MESSAGE][PASSED] - Delayed 1 second(s)

2018-03-30 10:20:32 - [TEST_STEP][PASSED] - mouseOver: Object: 'Object Repository/Page_Home Page - US Leadgen (1)/span_System' is hovered

2018-03-30 10:20:32 - [MESSAGE][PASSED] - Object: 'Object Repository/Page_Home Page - US Leadgen (1)/span_System' is hovered

2018-03-30 10:20:32 - [TEST_STEP][PASSED] - delay: Delayed 1 second(s)

2018-03-30 10:20:33 - [MESSAGE][PASSED] - Delayed 1 second(s)

2018-03-30 10:20:33 - [TEST_STEP][PASSED] - click: Object: 'Object Repository/Page_- US Leadgen/a_Events' is clicked on

2018-03-30 10:20:36 - [MESSAGE][PASSED] - Object: 'Object Repository/Page_- US Leadgen/a_Events' is clicked on

2018-03-30 10:20:36 - [TEST_STEP][PASSED] - delay: Delayed 2 second(s)

2018-03-30 10:20:38 - [MESSAGE][PASSED] - Delayed 2 second(s)

2018-03-30 10:20:38 - [TEST_STEP][PASSED] - mouseOver: Object: 'Object Repository/Page_Home Page - US Leadgen (1)/span_Administration' is hovered

2018-03-30 10:20:38 - [MESSAGE][PASSED] - Object: 'Object Repository/Page_Home Page - US Leadgen (1)/span_Administration' is hovered

2018-03-30 10:20:38 - [TEST_STEP][PASSED] - delay: Delayed 1 second(s)

2018-03-30 10:20:39 - [MESSAGE][PASSED] - Delayed 1 second(s)

2018-03-30 10:20:39 - [TEST_STEP][PASSED] - mouseOver: Object: 'Object Repository/Page_Home Page - US Leadgen (1)/span_System' is hovered

2018-03-30 10:20:39 - [MESSAGE][PASSED] - Object: 'Object Repository/Page_Home Page - US Leadgen (1)/span_System' is hovered

2018-03-30 10:20:39 - [TEST_STEP][PASSED] - delay: Delayed 1 second(s)

2018-03-30 10:20:40 - [MESSAGE][PASSED] - Delayed 1 second(s)

2018-03-30 10:20:40 - [TEST_STEP][PASSED] - click: Object: 'Object Repository/Page_- US Leadgen/a_Source Codes' is clicked on

2018-03-30 10:20:42 - [MESSAGE][PASSED] - Object: 'Object Repository/Page_- US Leadgen/a_Source Codes' is clicked on

2018-03-30 10:20:42 - [TEST_STEP][PASSED] - delay: Delayed 2 second(s)

2018-03-30 10:20:44 - [MESSAGE][PASSED] - Delayed 2 second(s)

2018-03-30 10:20:44 - [TEST_STEP][PASSED] - mouseOver: Object: 'Object Repository/Page_Home Page - US Leadgen (1)/span_Administration' is hovered

2018-03-30 10:20:44 - [MESSAGE][PASSED] - Object: 'Object Repository/Page_Home Page - US Leadgen (1)/span_Administration' is hovered

2018-03-30 10:20:44 - [TEST_STEP][PASSED] - delay: Delayed 1 second(s)

2018-03-30 10:20:45 - [MESSAGE][PASSED] - Delayed 1 second(s)

2018-03-30 10:20:45 - [TEST_STEP][PASSED] - mouseOver: Object: 'Object Repository/Page_Home Page - US Leadgen (1)/span_System' is hovered

2018-03-30 10:20:45 - [MESSAGE][PASSED] - Object: 'Object Repository/Page_Home Page - US Leadgen (1)/span_System' is hovered

2018-03-30 10:20:45 - [TEST_STEP][PASSED] - delay: Delayed 1 second(s)

2018-03-30 10:20:46 - [MESSAGE][PASSED] - Delayed 1 second(s)

2018-03-30 10:20:46 - [TEST_STEP][PASSED] - click: Object: 'Object Repository/Page_- US Leadgen/a_System Settings' is clicked on

2018-03-30 10:20:48 - [MESSAGE][PASSED] - Object: 'Object Repository/Page_- US Leadgen/a_System Settings' is clicked on

2018-03-30 10:20:48 - [TEST_STEP][PASSED] - delay: Delayed 2 second(s)

2018-03-30 10:20:50 - [MESSAGE][PASSED] - Delayed 2 second(s)

2018-03-30 10:20:50 - [TEST_STEP][PASSED] - mouseOver: Object: 'Object Repository/Page_Home Page - US Leadgen (1)/span_Administration' is hovered

2018-03-30 10:20:50 - [MESSAGE][PASSED] - Object: 'Object Repository/Page_Home Page - US Leadgen (1)/span_Administration' is hovered

2018-03-30 10:20:50 - [TEST_STEP][PASSED] - delay: Delayed 1 second(s)

2018-03-30 10:20:51 - [MESSAGE][PASSED] - Delayed 1 second(s)

2018-03-30 10:20:51 - [TEST_STEP][PASSED] - mouseOver: Object: 'Object Repository/Page_Home Page - US Leadgen (1)/span_System' is hovered

2018-03-30 10:20:52 - [MESSAGE][PASSED] - Object: 'Object Repository/Page_Home Page - US Leadgen (1)/span_System' is hovered

2018-03-30 10:20:52 - [TEST_STEP][PASSED] - delay: Delayed 1 second(s)

2018-03-30 10:20:53 - [MESSAGE][PASSED] - Delayed 1 second(s)

2018-03-30 10:20:53 - [TEST_STEP][PASSED] - click: Object: 'Object Repository/Page_- US Leadgen/a_Plug In Management' is clicked on

2018-03-30 10:20:55 - [MESSAGE][PASSED] - Object: 'Object Repository/Page_- US Leadgen/a_Plug In Management' is clicked on

2018-03-30 10:20:55 - [TEST_STEP][PASSED] - delay: Delayed 2 second(s)

2018-03-30 10:20:57 - [MESSAGE][PASSED] - Delayed 2 second(s)

2018-03-30 10:20:57 - [TEST_STEP][PASSED] - mouseOver: Object: 'Object Repository/Page_Home Page - US Leadgen (1)/span_Administration' is hovered

2018-03-30 10:20:57 - [MESSAGE][PASSED] - Object: 'Object Repository/Page_Home Page - US Leadgen (1)/span_Administration' is hovered

2018-03-30 10:20:57 - [TEST_STEP][PASSED] - delay: Delayed 1 second(s)

2018-03-30 10:20:58 - [MESSAGE][PASSED] - Delayed 1 second(s)

2018-03-30 10:20:58 - [TEST_STEP][PASSED] - mouseOver: Object: 'Object Repository/Page_Home Page - US Leadgen (1)/span_System' is hovered

2018-03-30 10:20:59 - [MESSAGE][PASSED] - Object: 'Object Repository/Page_Home Page - US Leadgen (1)/span_System' is hovered

2018-03-30 10:20:59 - [TEST_STEP][PASSED] - delay: Delayed 1 second(s)

2018-03-30 10:21:00 - [MESSAGE][PASSED] - Delayed 1 second(s)

2018-03-30 10:21:00 - [TEST_STEP][PASSED] - click: Object: 'Object Repository/Page_- US Leadgen/a_Exporter Settings' is clicked on

2018-03-30 10:21:05 - [MESSAGE][PASSED] - Object: 'Object Repository/Page_- US Leadgen/a_Exporter Settings' is clicked on

2018-03-30 10:21:05 - [TEST_STEP][PASSED] - delay: Delayed 2 second(s)

2018-03-30 10:21:07 - [MESSAGE][PASSED] - Delayed 2 second(s)

2018-03-30 10:21:07 - [TEST_STEP][PASSED] - mouseOver: Object: 'Object Repository/Page_Home Page - US Leadgen (1)/span_Administration' is hovered

2018-03-30 10:21:07 - [MESSAGE][PASSED] - Object: 'Object Repository/Page_Home Page - US Leadgen (1)/span_Administration' is hovered

2018-03-30 10:21:07 - [TEST_STEP][PASSED] - delay: Delayed 1 second(s)

2018-03-30 10:21:08 - [MESSAGE][PASSED] - Delayed 1 second(s)

2018-03-30 10:21:08 - [TEST_STEP][PASSED] - mouseOver: Object: 'Object Repository/Page_Home Page - US Leadgen (1)/span_System' is hovered

2018-03-30 10:21:09 - [MESSAGE][PASSED] - Object: 'Object Repository/Page_Home Page - US Leadgen (1)/span_System' is hovered

2018-03-30 10:21:09 - [TEST_STEP][PASSED] - delay: Delayed 1 second(s)

2018-03-30 10:21:10 - [MESSAGE][PASSED] - Delayed 1 second(s)

2018-03-30 10:21:10 - [TEST_STEP][PASSED] - click: Object: 'Object Repository/Page_- US Leadgen/a_Provision Keys' is clicked on

2018-03-30 10:21:11 - [MESSAGE][PASSED] - Object: 'Object Repository/Page_- US Leadgen/a_Provision Keys' is clicked on

2018-03-30 10:21:11 - [TEST_STEP][PASSED] - delay: Delayed 2 second(s)

2018-03-30 10:21:13 - [MESSAGE][PASSED] - Delayed 2 second(s)

2018-03-30 10:21:13 - [TEST_STEP][PASSED] - mouseOver: Object: 'Object Repository/Page_Home Page - US Leadgen (1)/span_Administration' is hovered

2018-03-30 10:21:13 - [MESSAGE][PASSED] - Object: 'Object Repository/Page_Home Page - US Leadgen (1)/span_Administration' is hovered

2018-03-30 10:21:13 - [TEST_STEP][PASSED] - delay: Delayed 1 second(s)

2018-03-30 10:21:14 - [MESSAGE][PASSED] - Delayed 1 second(s)

2018-03-30 10:21:14 - [TEST_STEP][PASSED] - mouseOver: Object: 'Object Repository/Page_Home Page - US Leadgen (1)/span_System' is hovered

2018-03-30 10:21:14 - [MESSAGE][PASSED] - Object: 'Object Repository/Page_Home Page - US Leadgen (1)/span_System' is hovered

2018-03-30 10:21:14 - [TEST_STEP][PASSED] - delay: Delayed 1 second(s)

2018-03-30 10:21:15 - [MESSAGE][PASSED] - Delayed 1 second(s)

2018-03-30 10:21:15 - [TEST_STEP][PASSED] - click: Object: 'Object Repository/Page_- US Leadgen/a_The Purginator' is clicked on

2018-03-30 10:21:17 - [MESSAGE][PASSED] - Object: 'Object Repository/Page_- US Leadgen/a_The Purginator' is clicked on

2018-03-30 10:21:17 - [TEST_STEP][PASSED] - delay: Delayed 2 second(s)

2018-03-30 10:21:19 - [MESSAGE][PASSED] - Delayed 2 second(s)

2018-03-30 10:21:19 - [TEST_STEP][PASSED] - mouseOver: Object: 'Object Repository/Page_Home Page - US Leadgen (1)/span_Administration' is hovered

2018-03-30 10:21:19 - [MESSAGE][PASSED] - Object: 'Object Repository/Page_Home Page - US Leadgen (1)/span_Administration' is hovered

2018-03-30 10:21:19 - [TEST_STEP][PASSED] - delay: Delayed 1 second(s)

2018-03-30 10:21:20 - [MESSAGE][PASSED] - Delayed 1 second(s)

2018-03-30 10:21:20 - [TEST_STEP][PASSED] - mouseOver: Object: 'Object Repository/Page_Home Page - US Leadgen (1)/span_System' is hovered

2018-03-30 10:21:20 - [MESSAGE][PASSED] - Object: 'Object Repository/Page_Home Page - US Leadgen (1)/span_System' is hovered

2018-03-30 10:21:20 - [TEST_STEP][PASSED] - delay: Delayed 1 second(s)

2018-03-30 10:21:21 - [MESSAGE][PASSED] - Delayed 1 second(s)

2018-03-30 10:21:21 - [TEST_STEP][PASSED] - click: Object: 'Object Repository/Page_- US Leadgen/a_Purge History' is clicked on

2018-03-30 10:21:21 - [MESSAGE][PASSED] - Object: 'Object Repository/Page_- US Leadgen/a_Purge History' is clicked on

2018-03-30 10:21:21 - [TEST_STEP][PASSED] - delay: Delayed 2 second(s)

2018-03-30 10:21:23 - [MESSAGE][PASSED] - Delayed 2 second(s)

2018-03-30 10:21:23 - [TEST_STEP][PASSED] - click: Object: 'Object Repository/Page_- US Leadgen/a_Dashboard' is clicked on

2018-03-30 10:21:24 - [MESSAGE][PASSED] - Object: 'Object Repository/Page_- US Leadgen/a_Dashboard' is clicked on

2018-03-30 10:21:24 - [TEST_STEP][PASSED] - delay: Delayed 5 second(s)

2018-03-30 10:21:29 - [MESSAGE][PASSED] - Delayed 5 second(s)

2018-03-30 10:21:29 - [TEST_STEP][PASSED] - mouseOver: Object: 'Object Repository/Page_Home Page - US Leadgen (1)/span_Reporting' is hovered

2018-03-30 10:21:29 - [MESSAGE][PASSED] - Object: 'Object Repository/Page_Home Page - US Leadgen (1)/span_Reporting' is hovered

2018-03-30 10:21:29 - [TEST_STEP][PASSED] - delay: Delayed 1 second(s)

2018-03-30 10:21:30 - [MESSAGE][PASSED] - Delayed 1 second(s)

2018-03-30 10:21:30 - [TEST_STEP][PASSED] - click: Object: 'Object Repository/Page_Home Page - US Leadgen (3)/a_Daily Emails' is clicked on

2018-03-30 10:21:31 - [MESSAGE][PASSED] - Object: 'Object Repository/Page_Home Page - US Leadgen (3)/a_Daily Emails' is clicked on

2018-03-30 10:21:31 - [TEST_STEP][PASSED] - delay: Delayed 2 second(s)

2018-03-30 10:21:33 - [MESSAGE][PASSED] - Delayed 2 second(s)

2018-03-30 10:21:33 - [TEST_STEP][PASSED] - mouseOver: Object: 'Object Repository/Page_Home Page - US Leadgen (1)/span_Reporting' is hovered

2018-03-30 10:21:34 - [MESSAGE][PASSED] - Object: 'Object Repository/Page_Home Page - US Leadgen (1)/span_Reporting' is hovered

2018-03-30 10:21:34 - [TEST_STEP][PASSED] - delay: Delayed 1 second(s)

2018-03-30 10:21:35 - [MESSAGE][PASSED] - Delayed 1 second(s)

2018-03-30 10:21:35 - [TEST_STEP][PASSED] - click: Object: 'Object Repository/Page_- US Leadgen/a_EDC Lead Summary' is clicked on

2018-03-30 10:21:36 - [MESSAGE][PASSED] - Object: 'Object Repository/Page_- US Leadgen/a_EDC Lead Summary' is clicked on

2018-03-30 10:21:36 - [TEST_STEP][PASSED] - delay: Delayed 2 second(s)

2018-03-30 10:21:38 - [MESSAGE][PASSED] - Delayed 2 second(s)

2018-03-30 10:21:38 - [TEST_STEP][PASSED] - click: Object: 'Object Repository/Page_- US Leadgen/i_fa fa-angle-double-left' is clicked on

2018-03-30 10:21:38 - [MESSAGE][PASSED] - Object: 'Object Repository/Page_- US Leadgen/i_fa fa-angle-double-left' is clicked on

2018-03-30 10:21:38 - [TEST_STEP][PASSED] - delay: Delayed 2 second(s)

2018-03-30 10:21:40 - [MESSAGE][PASSED] - Delayed 2 second(s)

2018-03-30 10:21:40 - [TEST_STEP][PASSED] - click: Object: 'Object Repository/Page_- US Leadgen/i_fa fa-angle-double-left_1' is clicked on

2018-03-30 10:21:41 - [MESSAGE][PASSED] - Object: 'Object Repository/Page_- US Leadgen/i_fa fa-angle-double-left_1' is clicked on

2018-03-30 10:21:41 - [TEST_STEP][PASSED] - delay: Delayed 2 second(s)

2018-03-30 10:21:43 - [MESSAGE][PASSED] - Delayed 2 second(s)

2018-03-30 10:21:43 - [TEST_STEP][PASSED] - click: Object: 'Object Repository/Page_- US Leadgen/button_uix-control-right' is clicked on

2018-03-30 10:21:43 - [MESSAGE][PASSED] - Object: 'Object Repository/Page_- US Leadgen/button_uix-control-right' is clicked on

2018-03-30 10:21:43 - [TEST_STEP][PASSED] - delay: Delayed 2 second(s)

2018-03-30 10:21:45 - [MESSAGE][PASSED] - Delayed 2 second(s)

2018-03-30 10:21:45 - [TEST_STEP][PASSED] - click: Object: 'Object Repository/Page_- US Leadgen/em_Submit' is clicked on

2018-03-30 10:21:46 - [MESSAGE][PASSED] - Object: 'Object Repository/Page_- US Leadgen/em_Submit' is clicked on

2018-03-30 10:21:46 - [TEST_STEP][PASSED] - delay: Delayed 2 second(s)

2018-03-30 10:21:48 - [MESSAGE][PASSED] - Delayed 2 second(s)

2018-03-30 10:21:48 - [TEST_STEP][PASSED] - click: Object: 'Object Repository/Page_- US Leadgen/em_Back' is clicked on

2018-03-30 10:21:49 - [MESSAGE][PASSED] - Object: 'Object Repository/Page_- US Leadgen/em_Back' is clicked on

2018-03-30 10:21:49 - [TEST_STEP][PASSED] - delay: Delayed 2 second(s)

2018-03-30 10:21:51 - [MESSAGE][PASSED] - Delayed 2 second(s)

2018-03-30 10:21:51 - [TEST_STEP][PASSED] - mouseOver: Object: 'Object Repository/Page_Home Page - US Leadgen (1)/span_Reporting' is hovered

2018-03-30 10:21:52 - [MESSAGE][PASSED] - Object: 'Object Repository/Page_Home Page - US Leadgen (1)/span_Reporting' is hovered

2018-03-30 10:21:52 - [TEST_STEP][PASSED] - delay: Delayed 1 second(s)

2018-03-30 10:21:53 - [MESSAGE][PASSED] - Delayed 1 second(s)

2018-03-30 10:21:53 - [TEST_STEP][PASSED] - click: Object: 'Object Repository/Page_- US Leadgen/a_Transmitted Leads' is clicked on

2018-03-30 10:21:53 - [MESSAGE][PASSED] - Object: 'Object Repository/Page_- US Leadgen/a_Transmitted Leads' is clicked on

2018-03-30 10:21:53 - [TEST_STEP][PASSED] - delay: Delayed 2 second(s)

2018-03-30 10:21:55 - [MESSAGE][PASSED] - Delayed 2 second(s)

2018-03-30 10:21:55 - [TEST_STEP][PASSED] - click: Object: 'Object Repository/Page_- US Leadgen/i_fa fa-angle-double-left' is clicked on

2018-03-30 10:21:55 - [MESSAGE][PASSED] - Object: 'Object Repository/Page_- US Leadgen/i_fa fa-angle-double-left' is clicked on

2018-03-30 10:21:55 - [TEST_STEP][PASSED] - delay: Delayed 3 second(s)

2018-03-30 10:21:58 - [MESSAGE][PASSED] - Delayed 3 second(s)

2018-03-30 10:21:58 - [TEST_STEP][PASSED] - click: Object: 'Object Repository/Page_- US Leadgen/em_Submit' is clicked on

2018-03-30 10:21:59 - [MESSAGE][PASSED] - Object: 'Object Repository/Page_- US Leadgen/em_Submit' is clicked on

2018-03-30 10:21:59 - [TEST_STEP][PASSED] - delay: Delayed 5 second(s)

2018-03-30 10:22:04 - [MESSAGE][PASSED] - Delayed 5 second(s)

2018-03-30 10:22:04 - [TEST_STEP][PASSED] - click: Object: 'Object Repository/Page_- US Leadgen/em_Back_1' is clicked on

2018-03-30 10:22:05 - [MESSAGE][PASSED] - Object: 'Object Repository/Page_- US Leadgen/em_Back_1' is clicked on

2018-03-30 10:22:05 - [TEST_STEP][PASSED] - delay: Delayed 2 second(s)

2018-03-30 10:22:07 - [MESSAGE][PASSED] - Delayed 2 second(s)

2018-03-30 10:22:07 - [TEST_STEP][PASSED] - mouseOver: Object: 'Object Repository/Page_Home Page - US Leadgen (1)/span_Reporting' is hovered

2018-03-30 10:22:07 - [MESSAGE][PASSED] - Object: 'Object Repository/Page_Home Page - US Leadgen (1)/span_Reporting' is hovered

2018-03-30 10:22:07 - [TEST_STEP][PASSED] - delay: Delayed 1 second(s)

2018-03-30 10:22:08 - [MESSAGE][PASSED] - Delayed 1 second(s)

2018-03-30 10:22:08 - [TEST_STEP][PASSED] - click: Object: 'Object Repository/Page_- US Leadgen/a_Lead Details' is clicked on

2018-03-30 10:22:09 - [MESSAGE][PASSED] - Object: 'Object Repository/Page_- US Leadgen/a_Lead Details' is clicked on

2018-03-30 10:22:09 - [TEST_STEP][PASSED] - delay: Delayed 2 second(s)

2018-03-30 10:22:11 - [MESSAGE][PASSED] - Delayed 2 second(s)

2018-03-30 10:22:11 - [TEST_STEP][PASSED] - click: Object: 'Object Repository/Page_- US Leadgen/i_fa fa-angle-double-left' is clicked on

2018-03-30 10:22:11 - [MESSAGE][PASSED] - Object: 'Object Repository/Page_- US Leadgen/i_fa fa-angle-double-left' is clicked on

2018-03-30 10:22:11 - [TEST_STEP][PASSED] - delay: Delayed 2 second(s)

2018-03-30 10:22:13 - [MESSAGE][PASSED] - Delayed 2 second(s)

2018-03-30 10:22:13 - [TEST_STEP][PASSED] - click: Object: 'Object Repository/Page_- US Leadgen/em_Submit' is clicked on

2018-03-30 10:22:18 - [MESSAGE][PASSED] - Object: 'Object Repository/Page_- US Leadgen/em_Submit' is clicked on

2018-03-30 10:22:18 - [TEST_STEP][PASSED] - delay: Delayed 5 second(s)

2018-03-30 10:22:23 - [MESSAGE][PASSED] - Delayed 5 second(s)

2018-03-30 10:22:23 - [TEST_STEP][PASSED] - mouseOver: Object: 'Object Repository/Page_Home Page - US Leadgen (1)/span_Reporting' is hovered

2018-03-30 10:22:24 - [MESSAGE][PASSED] - Object: 'Object Repository/Page_Home Page - US Leadgen (1)/span_Reporting' is hovered

2018-03-30 10:22:24 - [TEST_STEP][PASSED] - delay: Delayed 1 second(s)

2018-03-30 10:22:25 - [MESSAGE][PASSED] - Delayed 1 second(s)

2018-03-30 10:22:25 - [TEST_STEP][PASSED] - click: Object: 'Object Repository/Page_- US Leadgen/a_Multi-Brand Details' is clicked on

2018-03-30 10:22:26 - [MESSAGE][PASSED] - Object: 'Object Repository/Page_- US Leadgen/a_Multi-Brand Details' is clicked on

2018-03-30 10:22:26 - [TEST_STEP][PASSED] - delay: Delayed 2 second(s)

2018-03-30 10:22:28 - [MESSAGE][PASSED] - Delayed 2 second(s)

2018-03-30 10:22:28 - [TEST_STEP][PASSED] - click: Object: 'Object Repository/Page_- US Leadgen/i_fa fa-angle-double-left' is clicked on

2018-03-30 10:22:28 - [MESSAGE][PASSED] - Object: 'Object Repository/Page_- US Leadgen/i_fa fa-angle-double-left' is clicked on

2018-03-30 10:22:28 - [TEST_STEP][PASSED] - delay: Delayed 3 second(s)

2018-03-30 10:22:31 - [MESSAGE][PASSED] - Delayed 3 second(s)

2018-03-30 10:22:31 - [TEST_STEP][PASSED] - click: Object: 'Object Repository/Page_- US Leadgen/em_Submit' is clicked on

2018-03-30 10:22:36 - [MESSAGE][PASSED] - Object: 'Object Repository/Page_- US Leadgen/em_Submit' is clicked on

2018-03-30 10:22:36 - [TEST_STEP][PASSED] - delay: Delayed 5 second(s)

2018-03-30 10:22:41 - [MESSAGE][PASSED] - Delayed 5 second(s)

2018-03-30 10:22:41 - [TEST_STEP][PASSED] - mouseOver: Object: 'Object Repository/Page_Home Page - US Leadgen (1)/span_Administration' is hovered

2018-03-30 10:22:41 - [MESSAGE][PASSED] - Object: 'Object Repository/Page_Home Page - US Leadgen (1)/span_Administration' is hovered

2018-03-30 10:22:41 - [TEST_STEP][PASSED] - delay: Delayed 2 second(s)

2018-03-30 10:22:43 - [MESSAGE][PASSED] - Delayed 2 second(s)

2018-03-30 10:22:43 - [TEST_STEP][PASSED] - click: Object: 'Object Repository/Page_Home Page - US Leadgen (3)/a_Held Leads' is clicked on

2018-03-30 10:22:45 - [MESSAGE][PASSED] - Object: 'Object Repository/Page_Home Page - US Leadgen (3)/a_Held Leads' is clicked on

2018-03-30 10:22:45 - [TEST_STEP][PASSED] - delay: Delayed 1 second(s)

2018-03-30 10:22:46 - [MESSAGE][PASSED] - Delayed 1 second(s)

2018-03-30 10:22:46 - [TEST_STEP][PASSED] - click: Object: 'Object Repository/Page_- US Leadgen/a_Pending Groups' is clicked on

2018-03-30 10:22:46 - [MESSAGE][PASSED] - Object: 'Object Repository/Page_- US Leadgen/a_Pending Groups' is clicked on

2018-03-30 10:22:46 - [TEST_STEP][PASSED] - delay: Delayed 1 second(s)

2018-03-30 10:22:47 - [MESSAGE][PASSED] - Delayed 1 second(s)

2018-03-30 10:22:47 - [TEST_STEP][PASSED] - click: Object: 'Object Repository/Page_- US Leadgen/a_Overridden Leads Report' is clicked on

2018-03-30 10:22:47 - [MESSAGE][PASSED] - Object: 'Object Repository/Page_- US Leadgen/a_Overridden Leads Report' is clicked on

2018-03-30 10:22:47 - [TEST_STEP][PASSED] - delay: Delayed 1 second(s)

2018-03-30 10:22:48 - [MESSAGE][PASSED] - Delayed 1 second(s)

2018-03-30 10:22:48 - [TEST_STEP][PASSED] - click: Object: 'Object Repository/Page_- US Leadgen/a_Pending Groups' is clicked on

2018-03-30 10:22:49 - [MESSAGE][PASSED] - Object: 'Object Repository/Page_- US Leadgen/a_Pending Groups' is clicked on

2018-03-30 10:22:49 - [TEST_STEP][PASSED] - delay: Delayed 1 second(s)

2018-03-30 10:22:50 - [MESSAGE][PASSED] - Delayed 1 second(s)

2018-03-30 10:22:50 - [TEST_STEP][PASSED] - click: Object: 'Object Repository/Page_- US Leadgen/a_Incoming Held Leads' is clicked on

2018-03-30 10:22:50 - [MESSAGE][PASSED] - Object: 'Object Repository/Page_- US Leadgen/a_Incoming Held Leads' is clicked on

2018-03-30 10:22:50 - [TEST_STEP][PASSED] - delay: Delayed 2 second(s)

2018-03-30 10:22:52 - [MESSAGE][PASSED] - Delayed 2 second(s)

2018-03-30 10:22:52 - [TEST_STEP][PASSED] - mouseOver: Object: 'Object Repository/Page_Home Page - US Leadgen (1)/span_Administration' is hovered

2018-03-30 10:22:52 - [MESSAGE][PASSED] - Object: 'Object Repository/Page_Home Page - US Leadgen (1)/span_Administration' is hovered

2018-03-30 10:22:52 - [TEST_STEP][PASSED] - delay: Delayed 2 second(s)

2018-03-30 10:22:54 - [MESSAGE][PASSED] - Delayed 2 second(s)

2018-03-30 10:22:54 - [TEST_STEP][PASSED] - click: Object: 'Object Repository/Page_- US Leadgen/a_VMM Updates' is clicked on

2018-03-30 10:22:54 - [MESSAGE][PASSED] - Object: 'Object Repository/Page_- US Leadgen/a_VMM Updates' is clicked on

2018-03-30 10:22:54 - [TEST_STEP][PASSED] - delay: Delayed 1 second(s)

2018-03-30 10:22:55 - [MESSAGE][PASSED] - Delayed 1 second(s)

2018-03-30 10:22:55 - [TEST_STEP][PASSED] - mouseOver: Object: 'Object Repository/Page_Home Page - US Leadgen (1)/span_Administration' is hovered

2018-03-30 10:22:56 - [MESSAGE][PASSED] - Object: 'Object Repository/Page_Home Page - US Leadgen (1)/span_Administration' is hovered

2018-03-30 10:22:56 - [TEST_STEP][PASSED] - delay: Delayed 2 second(s)

2018-03-30 10:22:58 - [MESSAGE][PASSED] - Delayed 2 second(s)

2018-03-30 10:22:58 - [TEST_STEP][PASSED] - click: Object: 'Object Repository/Page_- US Leadgen/a_Dealerships' is clicked on

2018-03-30 10:22:58 - [MESSAGE][PASSED] - Object: 'Object Repository/Page_- US Leadgen/a_Dealerships' is clicked on

2018-03-30 10:22:58 - [TEST_STEP][PASSED] - delay: Delayed 1 second(s)

2018-03-30 10:22:59 - [MESSAGE][PASSED] - Delayed 1 second(s)

2018-03-30 10:22:59 - [TEST_STEP][PASSED] - mouseOver: Object: 'Object Repository/Page_Home Page - US Leadgen (1)/span_Administration' is hovered

2018-03-30 10:22:59 - [MESSAGE][PASSED] - Object: 'Object Repository/Page_Home Page - US Leadgen (1)/span_Administration' is hovered

2018-03-30 10:22:59 - [TEST_STEP][PASSED] - delay: Delayed 2 second(s)

2018-03-30 10:23:01 - [MESSAGE][PASSED] - Delayed 2 second(s)

2018-03-30 10:23:01 - [TEST_STEP][PASSED] - click: Object: 'Object Repository/Page_- US Leadgen/a_Zip Codes' is clicked on

2018-03-30 10:23:02 - [MESSAGE][PASSED] - Object: 'Object Repository/Page_- US Leadgen/a_Zip Codes' is clicked on

2018-03-30 10:23:02 - [TEST_STEP][PASSED] - delay: Delayed 1 second(s)

2018-03-30 10:23:03 - [MESSAGE][PASSED] - Delayed 1 second(s)

2018-03-30 10:23:03 - [TEST_STEP][PASSED] - mouseOver: Object: 'Object Repository/Page_Home Page - US Leadgen (1)/span_Administration' is hovered

2018-03-30 10:23:03 - [MESSAGE][PASSED] - Object: 'Object Repository/Page_Home Page - US Leadgen (1)/span_Administration' is hovered

2018-03-30 10:23:03 - [TEST_STEP][PASSED] - delay: Delayed 1 second(s)

2018-03-30 10:23:04 - [MESSAGE][PASSED] - Delayed 1 second(s)

2018-03-30 10:23:04 - [TEST_STEP][PASSED] - mouseOver: Object: 'Object Repository/Page_Home Page - US Leadgen (1)/span_System' is hovered

2018-03-30 10:23:04 - [MESSAGE][PASSED] - Object: 'Object Repository/Page_Home Page - US Leadgen (1)/span_System' is hovered

2018-03-30 10:23:04 - [TEST_STEP][PASSED] - delay: Delayed 1 second(s)

2018-03-30 10:23:05 - [MESSAGE][PASSED] - Delayed 1 second(s)

2018-03-30 10:23:05 - [TEST_STEP][PASSED] - click: Object: 'Object Repository/Page_- US Leadgen/a_Events' is clicked on

2018-03-30 10:23:06 - [MESSAGE][PASSED] - Object: 'Object Repository/Page_- US Leadgen/a_Events' is clicked on

2018-03-30 10:23:06 - [TEST_STEP][PASSED] - delay: Delayed 2 second(s)

2018-03-30 10:23:08 - [MESSAGE][PASSED] - Delayed 2 second(s)

2018-03-30 10:23:08 - [TEST_STEP][PASSED] - mouseOver: Object: 'Object Repository/Page_Home Page - US Leadgen (1)/span_Administration' is hovered

2018-03-30 10:23:08 - [MESSAGE][PASSED] - Object: 'Object Repository/Page_Home Page - US Leadgen (1)/span_Administration' is hovered

2018-03-30 10:23:08 - [TEST_STEP][PASSED] - delay: Delayed 1 second(s)

2018-03-30 10:23:09 - [MESSAGE][PASSED] - Delayed 1 second(s)

2018-03-30 10:23:09 - [TEST_STEP][PASSED] - mouseOver: Object: 'Object Repository/Page_Home Page - US Leadgen (1)/span_System' is hovered

2018-03-30 10:23:09 - [MESSAGE][PASSED] - Object: 'Object Repository/Page_Home Page - US Leadgen (1)/span_System' is hovered

2018-03-30 10:23:09 - [TEST_STEP][PASSED] - delay: Delayed 1 second(s)

2018-03-30 10:23:10 - [MESSAGE][PASSED] - Delayed 1 second(s)

2018-03-30 10:23:10 - [TEST_STEP][PASSED] - click: Object: 'Object Repository/Page_- US Leadgen/a_Source Codes' is clicked on

2018-03-30 10:23:11 - [MESSAGE][PASSED] - Object: 'Object Repository/Page_- US Leadgen/a_Source Codes' is clicked on

2018-03-30 10:23:11 - [TEST_STEP][PASSED] - delay: Delayed 2 second(s)

2018-03-30 10:23:13 - [MESSAGE][PASSED] - Delayed 2 second(s)

2018-03-30 10:23:13 - [TEST_STEP][PASSED] - mouseOver: Object: 'Object Repository/Page_Home Page - US Leadgen (1)/span_Administration' is hovered

2018-03-30 10:23:13 - [MESSAGE][PASSED] - Object: 'Object Repository/Page_Home Page - US Leadgen (1)/span_Administration' is hovered

2018-03-30 10:23:13 - [TEST_STEP][PASSED] - delay: Delayed 1 second(s)

2018-03-30 10:23:14 - [MESSAGE][PASSED] - Delayed 1 second(s)

2018-03-30 10:23:14 - [TEST_STEP][PASSED] - mouseOver: Object: 'Object Repository/Page_Home Page - US Leadgen (1)/span_System' is hovered

2018-03-30 10:23:14 - [MESSAGE][PASSED] - Object: 'Object Repository/Page_Home Page - US Leadgen (1)/span_System' is hovered

2018-03-30 10:23:14 - [TEST_STEP][PASSED] - delay: Delayed 1 second(s)

2018-03-30 10:23:15 - [MESSAGE][PASSED] - Delayed 1 second(s)

2018-03-30 10:23:15 - [TEST_STEP][PASSED] - click: Object: 'Object Repository/Page_- US Leadgen/a_System Settings' is clicked on

2018-03-30 10:23:15 - [MESSAGE][PASSED] - Object: 'Object Repository/Page_- US Leadgen/a_System Settings' is clicked on

2018-03-30 10:23:15 - [TEST_STEP][PASSED] - delay: Delayed 2 second(s)

2018-03-30 10:23:17 - [MESSAGE][PASSED] - Delayed 2 second(s)

2018-03-30 10:23:17 - [TEST_STEP][PASSED] - mouseOver: Object: 'Object Repository/Page_Home Page - US Leadgen (1)/span_Administration' is hovered

2018-03-30 10:23:18 - [MESSAGE][PASSED] - Object: 'Object Repository/Page_Home Page - US Leadgen (1)/span_Administration' is hovered

2018-03-30 10:23:18 - [TEST_STEP][PASSED] - delay: Delayed 1 second(s)

2018-03-30 10:23:19 - [MESSAGE][PASSED] - Delayed 1 second(s)

2018-03-30 10:23:19 - [TEST_STEP][PASSED] - mouseOver: Object: 'Object Repository/Page_Home Page - US Leadgen (1)/span_System' is hovered

2018-03-30 10:23:19 - [MESSAGE][PASSED] - Object: 'Object Repository/Page_Home Page - US Leadgen (1)/span_System' is hovered

2018-03-30 10:23:19 - [TEST_STEP][PASSED] - delay: Delayed 1 second(s)

2018-03-30 10:23:20 - [MESSAGE][PASSED] - Delayed 1 second(s)

2018-03-30 10:23:20 - [TEST_STEP][PASSED] - click: Object: 'Object Repository/Page_- US Leadgen/a_Plug In Management' is clicked on

2018-03-30 10:23:20 - [MESSAGE][PASSED] - Object: 'Object Repository/Page_- US Leadgen/a_Plug In Management' is clicked on

2018-03-30 10:23:20 - [TEST_STEP][PASSED] - delay: Delayed 2 second(s)

2018-03-30 10:23:22 - [MESSAGE][PASSED] - Delayed 2 second(s)

2018-03-30 10:23:22 - [TEST_STEP][PASSED] - mouseOver: Object: 'Object Repository/Page_Home Page - US Leadgen (1)/span_Administration' is hovered

2018-03-30 10:23:22 - [MESSAGE][PASSED] - Object: 'Object Repository/Page_Home Page - US Leadgen (1)/span_Administration' is hovered

2018-03-30 10:23:22 - [TEST_STEP][PASSED] - delay: Delayed 1 second(s)

2018-03-30 10:23:23 - [MESSAGE][PASSED] - Delayed 1 second(s)

2018-03-30 10:23:23 - [TEST_STEP][PASSED] - mouseOver: Object: 'Object Repository/Page_Home Page - US Leadgen (1)/span_System' is hovered

2018-03-30 10:23:23 - [MESSAGE][PASSED] - Object: 'Object Repository/Page_Home Page - US Leadgen (1)/span_System' is hovered

2018-03-30 10:23:23 - [TEST_STEP][PASSED] - delay: Delayed 1 second(s)

2018-03-30 10:23:24 - [MESSAGE][PASSED] - Delayed 1 second(s)

2018-03-30 10:23:24 - [TEST_STEP][PASSED] - click: Object: 'Object Repository/Page_- US Leadgen/a_Exporter Settings' is clicked on

2018-03-30 10:23:25 - [MESSAGE][PASSED] - Object: 'Object Repository/Page_- US Leadgen/a_Exporter Settings' is clicked on

2018-03-30 10:23:25 - [TEST_STEP][PASSED] - delay: Delayed 2 second(s)

2018-03-30 10:23:27 - [MESSAGE][PASSED] - Delayed 2 second(s)

2018-03-30 10:23:27 - [TEST_STEP][PASSED] - mouseOver: Object: 'Object Repository/Page_Home Page - US Leadgen (1)/span_Administration' is hovered

2018-03-30 10:23:27 - [MESSAGE][PASSED] - Object: 'Object Repository/Page_Home Page - US Leadgen (1)/span_Administration' is hovered

2018-03-30 10:23:27 - [TEST_STEP][PASSED] - delay: Delayed 1 second(s)

2018-03-30 10:23:28 - [MESSAGE][PASSED] - Delayed 1 second(s)

2018-03-30 10:23:28 - [TEST_STEP][PASSED] - mouseOver: Object: 'Object Repository/Page_Home Page - US Leadgen (1)/span_System' is hovered

2018-03-30 10:23:28 - [MESSAGE][PASSED] - Object: 'Object Repository/Page_Home Page - US Leadgen (1)/span_System' is hovered

2018-03-30 10:23:28 - [TEST_STEP][PASSED] - delay: Delayed 1 second(s)

2018-03-30 10:23:29 - [MESSAGE][PASSED] - Delayed 1 second(s)

2018-03-30 10:23:29 - [TEST_STEP][PASSED] - click: Object: 'Object Repository/Page_- US Leadgen/a_Provision Keys' is clicked on

2018-03-30 10:23:30 - [MESSAGE][PASSED] - Object: 'Object Repository/Page_- US Leadgen/a_Provision Keys' is clicked on

2018-03-30 10:23:30 - [TEST_STEP][PASSED] - delay: Delayed 2 second(s)

2018-03-30 10:23:32 - [MESSAGE][PASSED] - Delayed 2 second(s)

2018-03-30 10:23:32 - [TEST_STEP][PASSED] - mouseOver: Object: 'Object Repository/Page_Home Page - US Leadgen (1)/span_Administration' is hovered

2018-03-30 10:23:32 - [MESSAGE][PASSED] - Object: 'Object Repository/Page_Home Page - US Leadgen (1)/span_Administration' is hovered

2018-03-30 10:23:32 - [TEST_STEP][PASSED] - delay: Delayed 1 second(s)

2018-03-30 10:23:33 - [MESSAGE][PASSED] - Delayed 1 second(s)

2018-03-30 10:23:33 - [TEST_STEP][PASSED] - mouseOver: Object: 'Object Repository/Page_Home Page - US Leadgen (1)/span_System' is hovered

2018-03-30 10:23:33 - [MESSAGE][PASSED] - Object: 'Object Repository/Page_Home Page - US Leadgen (1)/span_System' is hovered

2018-03-30 10:23:33 - [TEST_STEP][PASSED] - delay: Delayed 1 second(s)

2018-03-30 10:23:34 - [MESSAGE][PASSED] - Delayed 1 second(s)

2018-03-30 10:23:34 - [TEST_STEP][PASSED] - click: Object: 'Object Repository/Page_- US Leadgen/a_The Purginator' is clicked on

2018-03-30 10:23:35 - [MESSAGE][PASSED] - Object: 'Object Repository/Page_- US Leadgen/a_The Purginator' is clicked on

2018-03-30 10:23:35 - [TEST_STEP][PASSED] - delay: Delayed 2 second(s)

2018-03-30 10:23:37 - [MESSAGE][PASSED] - Delayed 2 second(s)

2018-03-30 10:23:37 - [TEST_STEP][PASSED] - mouseOver: Object: 'Object Repository/Page_Home Page - US Leadgen (1)/span_Administration' is hovered

2018-03-30 10:23:37 - [MESSAGE][PASSED] - Object: 'Object Repository/Page_Home Page - US Leadgen (1)/span_Administration' is hovered

2018-03-30 10:23:37 - [TEST_STEP][PASSED] - delay: Delayed 1 second(s)

2018-03-30 10:23:38 - [MESSAGE][PASSED] - Delayed 1 second(s)

2018-03-30 10:23:38 - [TEST_STEP][PASSED] - mouseOver: Object: 'Object Repository/Page_Home Page - US Leadgen (1)/span_System' is hovered

2018-03-30 10:23:38 - [MESSAGE][PASSED] - Object: 'Object Repository/Page_Home Page - US Leadgen (1)/span_System' is hovered

2018-03-30 10:23:38 - [TEST_STEP][PASSED] - delay: Delayed 1 second(s)

2018-03-30 10:23:39 - [MESSAGE][PASSED] - Delayed 1 second(s)

2018-03-30 10:23:39 - [TEST_STEP][PASSED] - click: Object: 'Object Repository/Page_- US Leadgen/a_Purge History' is clicked on

2018-03-30 10:23:40 - [MESSAGE][PASSED] - Object: 'Object Repository/Page_- US Leadgen/a_Purge History' is clicked on

2018-03-30 10:23:40 - [TEST_STEP][PASSED] - delay: Delayed 2 second(s)

2018-03-30 10:23:42 - [MESSAGE][PASSED] - Delayed 2 second(s)

2018-03-30 10:23:42 - [TEST_STEP][PASSED] - click: Object: 'Object Repository/Page_- US Leadgen/a_Dashboard' is clicked on

2018-03-30 10:23:42 - [MESSAGE][PASSED] - Object: 'Object Repository/Page_- US Leadgen/a_Dashboard' is clicked on

2018-03-30 10:23:42 - [TEST_STEP][PASSED] - delay: Delayed 5 second(s)

2018-03-30 10:23:47 - [MESSAGE][PASSED] - Delayed 5 second(s)

2018-03-30 10:23:47 - [TEST_STEP][PASSED] - mouseOver: Object: 'Object Repository/Page_Home Page - US Leadgen (1)/span_Reporting' is hovered

2018-03-30 10:23:47 - [MESSAGE][PASSED] - Object: 'Object Repository/Page_Home Page - US Leadgen (1)/span_Reporting' is hovered

2018-03-30 10:23:47 - [TEST_STEP][PASSED] - delay: Delayed 1 second(s)

2018-03-30 10:23:48 - [MESSAGE][PASSED] - Delayed 1 second(s)

2018-03-30 10:23:48 - [TEST_STEP][PASSED] - click: Object: 'Object Repository/Page_Home Page - US Leadgen (3)/a_Daily Emails' is clicked on

2018-03-30 10:23:49 - [MESSAGE][PASSED] - Object: 'Object Repository/Page_Home Page - US Leadgen (3)/a_Daily Emails' is clicked on

2018-03-30 10:23:49 - [TEST_STEP][PASSED] - delay: Delayed 2 second(s)

2018-03-30 10:23:51 - [MESSAGE][PASSED] - Delayed 2 second(s)

2018-03-30 10:23:51 - [TEST_STEP][PASSED] - mouseOver: Object: 'Object Repository/Page_Home Page - US Leadgen (1)/span_Reporting' is hovered

2018-03-30 10:23:51 - [MESSAGE][PASSED] - Object: 'Object Repository/Page_Home Page - US Leadgen (1)/span_Reporting' is hovered

2018-03-30 10:23:51 - [TEST_STEP][PASSED] - delay: Delayed 1 second(s)

2018-03-30 10:23:52 - [MESSAGE][PASSED] - Delayed 1 second(s)

2018-03-30 10:23:52 - [TEST_STEP][PASSED] - click: Object: 'Object Repository/Page_- US Leadgen/a_EDC Lead Summary' is clicked on

2018-03-30 10:23:53 - [MESSAGE][PASSED] - Object: 'Object Repository/Page_- US Leadgen/a_EDC Lead Summary' is clicked on

2018-03-30 10:23:53 - [TEST_STEP][PASSED] - delay: Delayed 2 second(s)

2018-03-30 10:23:55 - [MESSAGE][PASSED] - Delayed 2 second(s)

2018-03-30 10:23:55 - [TEST_STEP][PASSED] - click: Object: 'Object Repository/Page_- US Leadgen/i_fa fa-angle-double-left' is clicked on

2018-03-30 10:23:56 - [MESSAGE][PASSED] - Object: 'Object Repository/Page_- US Leadgen/i_fa fa-angle-double-left' is clicked on

2018-03-30 10:23:56 - [TEST_STEP][PASSED] - delay: Delayed 2 second(s)

2018-03-30 10:23:58 - [MESSAGE][PASSED] - Delayed 2 second(s)

2018-03-30 10:23:58 - [TEST_STEP][PASSED] - click: Object: 'Object Repository/Page_- US Leadgen/i_fa fa-angle-double-left_1' is clicked on

2018-03-30 10:23:58 - [MESSAGE][PASSED] - Object: 'Object Repository/Page_- US Leadgen/i_fa fa-angle-double-left_1' is clicked on

2018-03-30 10:23:58 - [TEST_STEP][PASSED] - delay: Delayed 2 second(s)

2018-03-30 10:24:00 - [MESSAGE][PASSED] - Delayed 2 second(s)

2018-03-30 10:24:00 - [TEST_STEP][PASSED] - click: Object: 'Object Repository/Page_- US Leadgen/button_uix-control-right' is clicked on

2018-03-30 10:24:00 - [MESSAGE][PASSED] - Object: 'Object Repository/Page_- US Leadgen/button_uix-control-right' is clicked on

2018-03-30 10:24:00 - [TEST_STEP][PASSED] - delay: Delayed 2 second(s)

2018-03-30 10:24:02 - [MESSAGE][PASSED] - Delayed 2 second(s)

2018-03-30 10:24:02 - [TEST_STEP][PASSED] - click: Object: 'Object Repository/Page_- US Leadgen/em_Submit' is clicked on

2018-03-30 10:24:03 - [MESSAGE][PASSED] - Object: 'Object Repository/Page_- US Leadgen/em_Submit' is clicked on

2018-03-30 10:24:03 - [TEST_STEP][PASSED] - delay: Delayed 2 second(s)

2018-03-30 10:24:05 - [MESSAGE][PASSED] - Delayed 2 second(s)

2018-03-30 10:24:05 - [TEST_STEP][PASSED] - click: Object: 'Object Repository/Page_- US Leadgen/em_Back' is clicked on

2018-03-30 10:24:06 - [MESSAGE][PASSED] - Object: 'Object Repository/Page_- US Leadgen/em_Back' is clicked on

2018-03-30 10:24:06 - [TEST_STEP][PASSED] - delay: Delayed 2 second(s)

2018-03-30 10:24:08 - [MESSAGE][PASSED] - Delayed 2 second(s)

2018-03-30 10:24:08 - [TEST_STEP][PASSED] - mouseOver: Object: 'Object Repository/Page_Home Page - US Leadgen (1)/span_Reporting' is hovered

2018-03-30 10:24:08 - [MESSAGE][PASSED] - Object: 'Object Repository/Page_Home Page - US Leadgen (1)/span_Reporting' is hovered

2018-03-30 10:24:08 - [TEST_STEP][PASSED] - delay: Delayed 1 second(s)

2018-03-30 10:24:09 - [MESSAGE][PASSED] - Delayed 1 second(s)

2018-03-30 10:24:09 - [TEST_STEP][PASSED] - click: Object: 'Object Repository/Page_- US Leadgen/a_Transmitted Leads' is clicked on

2018-03-30 10:24:10 - [MESSAGE][PASSED] - Object: 'Object Repository/Page_- US Leadgen/a_Transmitted Leads' is clicked on

2018-03-30 10:24:10 - [TEST_STEP][PASSED] - delay: Delayed 2 second(s)

2018-03-30 10:24:12 - [MESSAGE][PASSED] - Delayed 2 second(s)

2018-03-30 10:24:12 - [TEST_STEP][PASSED] - click: Object: 'Object Repository/Page_- US Leadgen/i_fa fa-angle-double-left' is clicked on

2018-03-30 10:24:12 - [MESSAGE][PASSED] - Object: 'Object Repository/Page_- US Leadgen/i_fa fa-angle-double-left' is clicked on

2018-03-30 10:24:12 - [TEST_STEP][PASSED] - delay: Delayed 3 second(s)

2018-03-30 10:24:15 - [MESSAGE][PASSED] - Delayed 3 second(s)

2018-03-30 10:24:15 - [TEST_STEP][PASSED] - click: Object: 'Object Repository/Page_- US Leadgen/em_Submit' is clicked on

2018-03-30 10:24:16 - [MESSAGE][PASSED] - Object: 'Object Repository/Page_- US Leadgen/em_Submit' is clicked on

2018-03-30 10:24:16 - [TEST_STEP][PASSED] - delay: Delayed 5 second(s)

2018-03-30 10:24:21 - [MESSAGE][PASSED] - Delayed 5 second(s)

2018-03-30 10:24:21 - [TEST_STEP][PASSED] - click: Object: 'Object Repository/Page_- US Leadgen/em_Back_1' is clicked on

2018-03-30 10:24:22 - [MESSAGE][PASSED] - Object: 'Object Repository/Page_- US Leadgen/em_Back_1' is clicked on

2018-03-30 10:24:22 - [TEST_STEP][PASSED] - delay: Delayed 2 second(s)

2018-03-30 10:24:24 - [MESSAGE][PASSED] - Delayed 2 second(s)

2018-03-30 10:24:24 - [TEST_STEP][PASSED] - mouseOver: Object: 'Object Repository/Page_Home Page - US Leadgen (1)/span_Reporting' is hovered

2018-03-30 10:24:24 - [MESSAGE][PASSED] - Object: 'Object Repository/Page_Home Page - US Leadgen (1)/span_Reporting' is hovered

2018-03-30 10:24:24 - [TEST_STEP][PASSED] - delay: Delayed 1 second(s)

2018-03-30 10:24:25 - [MESSAGE][PASSED] - Delayed 1 second(s)

2018-03-30 10:24:25 - [TEST_STEP][PASSED] - click: Object: 'Object Repository/Page_- US Leadgen/a_Lead Details' is clicked on

2018-03-30 10:24:26 - [MESSAGE][PASSED] - Object: 'Object Repository/Page_- US Leadgen/a_Lead Details' is clicked on

2018-03-30 10:24:26 - [TEST_STEP][PASSED] - delay: Delayed 2 second(s)

2018-03-30 10:24:28 - [MESSAGE][PASSED] - Delayed 2 second(s)

2018-03-30 10:24:28 - [TEST_STEP][PASSED] - click: Object: 'Object Repository/Page_- US Leadgen/i_fa fa-angle-double-left' is clicked on

2018-03-30 10:24:28 - [MESSAGE][PASSED] - Object: 'Object Repository/Page_- US Leadgen/i_fa fa-angle-double-left' is clicked on

2018-03-30 10:24:28 - [TEST_STEP][PASSED] - delay: Delayed 2 second(s)

2018-03-30 10:24:30 - [MESSAGE][PASSED] - Delayed 2 second(s)

2018-03-30 10:24:30 - [TEST_STEP][PASSED] - click: Object: 'Object Repository/Page_- US Leadgen/em_Submit' is clicked on

2018-03-30 10:24:35 - [MESSAGE][PASSED] - Object: 'Object Repository/Page_- US Leadgen/em_Submit' is clicked on

2018-03-30 10:24:35 - [TEST_STEP][PASSED] - delay: Delayed 5 second(s)

2018-03-30 10:24:40 - [MESSAGE][PASSED] - Delayed 5 second(s)

2018-03-30 10:24:40 - [TEST_STEP][PASSED] - mouseOver: Object: 'Object Repository/Page_Home Page - US Leadgen (1)/span_Reporting' is hovered

2018-03-30 10:24:41 - [MESSAGE][PASSED] - Object: 'Object Repository/Page_Home Page - US Leadgen (1)/span_Reporting' is hovered

2018-03-30 10:24:41 - [TEST_STEP][PASSED] - delay: Delayed 1 second(s)

2018-03-30 10:24:42 - [MESSAGE][PASSED] - Delayed 1 second(s)

2018-03-30 10:24:42 - [TEST_STEP][PASSED] - click: Object: 'Object Repository/Page_- US Leadgen/a_Multi-Brand Details' is clicked on

2018-03-30 10:24:42 - [MESSAGE][PASSED] - Object: 'Object Repository/Page_- US Leadgen/a_Multi-Brand Details' is clicked on

2018-03-30 10:24:42 - [TEST_STEP][PASSED] - delay: Delayed 2 second(s)

2018-03-30 10:24:44 - [MESSAGE][PASSED] - Delayed 2 second(s)

2018-03-30 10:24:44 - [TEST_STEP][PASSED] - click: Object: 'Object Repository/Page_- US Leadgen/i_fa fa-angle-double-left' is clicked on

2018-03-30 10:24:45 - [MESSAGE][PASSED] - Object: 'Object Repository/Page_- US Leadgen/i_fa fa-angle-double-left' is clicked on

2018-03-30 10:24:45 - [TEST_STEP][PASSED] - delay: Delayed 3 second(s)

2018-03-30 10:24:48 - [MESSAGE][PASSED] - Delayed 3 second(s)

2018-03-30 10:24:48 - [TEST_STEP][PASSED] - click: Object: 'Object Repository/Page_- US Leadgen/em_Submit' is clicked on

2018-03-30 10:24:53 - [MESSAGE][PASSED] - Object: 'Object Repository/Page_- US Leadgen/em_Submit' is clicked on

2018-03-30 10:24:53 - [TEST_STEP][PASSED] - delay: Delayed 5 second(s)

2018-03-30 10:24:58 - [MESSAGE][PASSED] - Delayed 5 second(s)

2018-03-30 10:24:58 - [TEST_STEP][PASSED] - mouseOver: Object: 'Object Repository/Page_Home Page - US Leadgen (1)/span_Administration' is hovered

2018-03-30 10:24:58 - [MESSAGE][PASSED] - Object: 'Object Repository/Page_Home Page - US Leadgen (1)/span_Administration' is hovered

2018-03-30 10:24:58 - [TEST_STEP][PASSED] - delay: Delayed 2 second(s)

2018-03-30 10:25:00 - [MESSAGE][PASSED] - Delayed 2 second(s)

2018-03-30 10:25:00 - [TEST_STEP][PASSED] - click: Object: 'Object Repository/Page_Home Page - US Leadgen (3)/a_Held Leads' is clicked on

2018-03-30 10:25:01 - [MESSAGE][PASSED] - Object: 'Object Repository/Page_Home Page - US Leadgen (3)/a_Held Leads' is clicked on

2018-03-30 10:25:01 - [TEST_STEP][PASSED] - delay: Delayed 1 second(s)

2018-03-30 10:25:02 - [MESSAGE][PASSED] - Delayed 1 second(s)

2018-03-30 10:25:02 - [TEST_STEP][PASSED] - click: Object: 'Object Repository/Page_- US Leadgen/a_Pending Groups' is clicked on

2018-03-30 10:25:02 - [MESSAGE][PASSED] - Object: 'Object Repository/Page_- US Leadgen/a_Pending Groups' is clicked on

2018-03-30 10:25:02 - [TEST_STEP][PASSED] - delay: Delayed 1 second(s)

2018-03-30 10:25:03 - [MESSAGE][PASSED] - Delayed 1 second(s)

2018-03-30 10:25:03 - [TEST_STEP][PASSED] - click: Object: 'Object Repository/Page_- US Leadgen/a_Overridden Leads Report' is clicked on

2018-03-30 10:25:04 - [MESSAGE][PASSED] - Object: 'Object Repository/Page_- US Leadgen/a_Overridden Leads Report' is clicked on

2018-03-30 10:25:04 - [TEST_STEP][PASSED] - delay: Delayed 1 second(s)

2018-03-30 10:25:05 - [MESSAGE][PASSED] - Delayed 1 second(s)

2018-03-30 10:25:05 - [TEST_STEP][PASSED] - click: Object: 'Object Repository/Page_- US Leadgen/a_Pending Groups' is clicked on

2018-03-30 10:25:05 - [MESSAGE][PASSED] - Object: 'Object Repository/Page_- US Leadgen/a_Pending Groups' is clicked on

2018-03-30 10:25:05 - [TEST_STEP][PASSED] - delay: Delayed 1 second(s)

2018-03-30 10:25:06 - [MESSAGE][PASSED] - Delayed 1 second(s)

2018-03-30 10:25:06 - [TEST_STEP][PASSED] - click: Object: 'Object Repository/Page_- US Leadgen/a_Incoming Held Leads' is clicked on

2018-03-30 10:25:06 - [MESSAGE][PASSED] - Object: 'Object Repository/Page_- US Leadgen/a_Incoming Held Leads' is clicked on

2018-03-30 10:25:06 - [TEST_STEP][PASSED] - delay: Delayed 2 second(s)

2018-03-30 10:25:08 - [MESSAGE][PASSED] - Delayed 2 second(s)

2018-03-30 10:25:08 - [TEST_STEP][PASSED] - mouseOver: Object: 'Object Repository/Page_Home Page - US Leadgen (1)/span_Administration' is hovered

2018-03-30 10:25:08 - [MESSAGE][PASSED] - Object: 'Object Repository/Page_Home Page - US Leadgen (1)/span_Administration' is hovered

2018-03-30 10:25:08 - [TEST_STEP][PASSED] - delay: Delayed 2 second(s)

2018-03-30 10:25:10 - [MESSAGE][PASSED] - Delayed 2 second(s)

2018-03-30 10:25:10 - [TEST_STEP][FAILED] - click: Unable to click on object 'Object Repository/Page_- US Leadgen/a_VMM Updates' (Root cause: org.openqa.selenium.ElementNotInteractableException: 
Build info: version: '3.7.1', revision: '8a0099a', time: '2017-11-06T21:07:36.161Z'
System info: host: 'THEFRANKENSTINE', ip: '10.2.38.51', os.name: 'Windows 7', os.arch: 'amd64', os.version: '6.1', java.version: '1.8.0_102'
Driver info: com.kms.katalon.core.webui.driver.firefox.CGeckoDriver
Capabilities {acceptInsecureCerts: true, browserName: firefox, browserVersion: 57.0.4, javascriptEnabled: true, moz:accessibilityChecks: false, moz:headless: false, moz:processID: 7432, moz:profile: C:\Users\THE FRANKENSTINE\A..., moz:webdriverClick: false, pageLoadStrategy: normal, platform: XP, platformName: XP, platformVersion: 6.1, proxy: Proxy(system), rotatable: false, timeouts: {implicit: 0, pageLoad: 300000, script: 30000}}
Session ID: cef23e85-7d5f-492f-91a0-2f864c3e95a5)

2018-03-30 10:25:11 - [MESSAGE][FAILED] - Unable to click on object 'Object Repository/Page_- US Leadgen/a_VMM Updates' (Root cause: org.openqa.selenium.ElementNotInteractableException: 
Build info: version: '3.7.1', revision: '8a0099a', time: '2017-11-06T21:07:36.161Z'
System info: host: 'THEFRANKENSTINE', ip: '10.2.38.51', os.name: 'Windows 7', os.arch: 'amd64', os.version: '6.1', java.version: '1.8.0_102'
Driver info: com.kms.katalon.core.webui.driver.firefox.CGeckoDriver
Capabilities {acceptInsecureCerts: true, browserName: firefox, browserVersion: 57.0.4, javascriptEnabled: true, moz:accessibilityChecks: false, moz:headless: false, moz:processID: 7432, moz:profile: C:\Users\THE FRANKENSTINE\A..., moz:webdriverClick: false, pageLoadStrategy: normal, platform: XP, platformName: XP, platformVersion: 6.1, proxy: Proxy(system), rotatable: false, timeouts: {implicit: 0, pageLoad: 300000, script: 30000}}
Session ID: cef23e85-7d5f-492f-91a0-2f864c3e95a5)
[[ATTACHMENT|C:\\Users\\THE FRANKENSTINE\\Katalon Studio\\GM-US_Lead_Gen_Reporting_Tool\\Reports\\GM - Regression Suite for Reporting Tool\\20180330_101037\\1522419910805.png]]]]></system-out>
         <system-err><![CDATA[2018-03-30 10:17:42 - [TEST_CASE][FAILED] - Test Cases/Regression - Button Pushes: Test Cases/Regression - Button Pushes FAILED because (of) Unable to click on object 'Object Repository/Page_- US Leadgen/a_VMM Updates' (Root cause: org.openqa.selenium.ElementNotInteractableException: 
Build info: version: '3.7.1', revision: '8a0099a', time: '2017-11-06T21:07:36.161Z'
System info: host: 'THEFRANKENSTINE', ip: '10.2.38.51', os.name: 'Windows 7', os.arch: 'amd64', os.version: '6.1', java.version: '1.8.0_102'
Driver info: com.kms.katalon.core.webui.driver.firefox.CGeckoDriver
Capabilities {acceptInsecureCerts: true, browserName: firefox, browserVersion: 57.0.4, javascriptEnabled: true, moz:accessibilityChecks: false, moz:headless: false, moz:processID: 7432, moz:profile: C:\Users\THE FRANKENSTINE\A..., moz:webdriverClick: false, pageLoadStrategy: normal, platform: XP, platformName: XP, platformVersion: 6.1, proxy: Proxy(system), rotatable: false, timeouts: {implicit: 0, pageLoad: 300000, script: 30000}}
Session ID: cef23e85-7d5f-492f-91a0-2f864c3e95a5)]]></system-err>
      </testcase>
      <testcase name="Test Cases/Logging Out" classname="Test Cases/Logging Out" status="PASSED">
         <system-out><![CDATA[2018-03-30 10:25:11 - [TEST_CASE][PASSED] - Test Cases/Logging Out: Test Cases/Logging Out

2018-03-30 10:25:11 - [TEST_STEP][NOT_RUN] - openBrowser: NOT_RUN: openBrowser

2018-03-30 10:25:11 - [MESSAGE][NOT_RUN] - NOT_RUN: openBrowser

2018-03-30 10:25:11 - [TEST_STEP][NOT_RUN] - navigateToUrl: NOT_RUN: navigateToUrl

2018-03-30 10:25:11 - [MESSAGE][NOT_RUN] - NOT_RUN: navigateToUrl

2018-03-30 10:25:11 - [TEST_STEP][NOT_RUN] - maximizeWindow: NOT_RUN: maximizeWindow

2018-03-30 10:25:11 - [MESSAGE][NOT_RUN] - NOT_RUN: maximizeWindow

2018-03-30 10:25:11 - [TEST_STEP][NOT_RUN] - callTestCase: NOT_RUN: callTestCase

2018-03-30 10:25:11 - [MESSAGE][NOT_RUN] - NOT_RUN: callTestCase

2018-03-30 10:25:11 - [TEST_STEP][PASSED] - comment: Disabled for reasons. DO NOT ENABLE UNLESS I TELL YOU!

2018-03-30 10:25:11 - [TEST_STEP][PASSED] - mouseOver: Object: 'Object Repository/Page_Home Page - US Leadgen (1)/span_Account' is hovered

2018-03-30 10:25:11 - [MESSAGE][PASSED] - Object: 'Object Repository/Page_Home Page - US Leadgen (1)/span_Account' is hovered

2018-03-30 10:25:11 - [TEST_STEP][PASSED] - delay: Delayed 1 second(s)

2018-03-30 10:25:12 - [MESSAGE][PASSED] - Delayed 1 second(s)

2018-03-30 10:25:12 - [TEST_STEP][PASSED] - click: Object: 'Object Repository/Page_Home Page - US Leadgen (2)/span_Sign Out' is clicked on

2018-03-30 10:25:12 - [MESSAGE][PASSED] - Object: 'Object Repository/Page_Home Page - US Leadgen (2)/span_Sign Out' is clicked on]]></system-out>
         <system-err><![CDATA[]]></system-err>
      </testcase>
      <system-out><![CDATA[2018-03-30 10:10:38 - [TEST_SUITE][FAILED] - GM - Regression Suite for Reporting Tool: Test Cases/Regression - Button Pushes FAILED because (of) Unable to click on object 'Object Repository/Page_- US Leadgen/a_VMM Updates' (Root cause: org.openqa.selenium.ElementNotInteractableException: 
Build info: version: '3.7.1', revision: '8a0099a', time: '2017-11-06T21:07:36.161Z'
System info: host: 'THEFRANKENSTINE', ip: '10.2.38.51', os.name: 'Windows 7', os.arch: 'amd64', os.version: '6.1', java.version: '1.8.0_102'
Driver info: com.kms.katalon.core.webui.driver.firefox.CGeckoDriver
Capabilities {acceptInsecureCerts: true, browserName: firefox, browserVersion: 57.0.4, javascriptEnabled: true, moz:accessibilityChecks: false, moz:headless: false, moz:processID: 7432, moz:profile: C:\Users\THE FRANKENSTINE\A..., moz:webdriverClick: false, pageLoadStrategy: normal, platform: XP, platformName: XP, platformVersion: 6.1, proxy: Proxy(system), rotatable: false, timeouts: {implicit: 0, pageLoad: 300000, script: 30000}}
Session ID: cef23e85-7d5f-492f-91a0-2f864c3e95a5)]]></system-out>
      <system-err><![CDATA[2018-03-30 10:10:38 - [TEST_SUITE][FAILED] - GM - Regression Suite for Reporting Tool: Test Cases/Regression - Button Pushes FAILED because (of) Unable to click on object 'Object Repository/Page_- US Leadgen/a_VMM Updates' (Root cause: org.openqa.selenium.ElementNotInteractableException: 
Build info: version: '3.7.1', revision: '8a0099a', time: '2017-11-06T21:07:36.161Z'
System info: host: 'THEFRANKENSTINE', ip: '10.2.38.51', os.name: 'Windows 7', os.arch: 'amd64', os.version: '6.1', java.version: '1.8.0_102'
Driver info: com.kms.katalon.core.webui.driver.firefox.CGeckoDriver
Capabilities {acceptInsecureCerts: true, browserName: firefox, browserVersion: 57.0.4, javascriptEnabled: true, moz:accessibilityChecks: false, moz:headless: false, moz:processID: 7432, moz:profile: C:\Users\THE FRANKENSTINE\A..., moz:webdriverClick: false, pageLoadStrategy: normal, platform: XP, platformName: XP, platformVersion: 6.1, proxy: Proxy(system), rotatable: false, timeouts: {implicit: 0, pageLoad: 300000, script: 30000}}
Session ID: cef23e85-7d5f-492f-91a0-2f864c3e95a5)]]></system-err>
   </testsuite>
</testsuites>
