<?xml version="1.0" encoding="UTF-8"?>
<testsuites name="GM- Reporting tool suite" time="779" tests="4" failures="0" errors="0">
   <testsuite name="GM- Reporting tool suite" tests="4" failures="0" errors="0" time="779" timestamp="2018-05-03 13:27:42" hostname="Not OSX - 10.2.38.24" id="Test Suites/GM- Reporting tool suite">
      <properties>
         <property name="deviceName" value=""/>
         <property name="devicePlatform" value=""/>
         <property name="logFolder" value="D:\\Projects\\Katalon Studio\\GM-US_Lead_Gen_Reporting_Tool\\Reports\\GM- Reporting tool suite\\20180503_132741"/>
         <property name="logFiles" value="D:\\Projects\\Katalon Studio\\GM-US_Lead_Gen_Reporting_Tool\\Reports\\GM- Reporting tool suite\\20180503_132741\\execution0.log"/>
         <property name="attachments" value=""/>
         <property name="hostName" value="Not OSX - 10.2.38.24"/>
         <property name="os" value="Windows 7 64bit"/>
         <property name="katalonVersion" value="5.4.1.1"/>
         <property name="browser" value="Chrome 66.0.3359.139"/>
         <property name="hostAddress" value="10.2.38.24"/>
         <property name="sessionId" value="b700629d627404f7c8e2aa1ab9481ee4"/>
         <property name="seleniumVersion" value="3.7.1"/>
         <property name="proxyInformation" value="ProxyInformation{proxyOption=NO_PROXY, proxyServerType=HTTP, password=, proxyServerAddress=, proxyServerPort=0}"/>
         <property name="platform" value="Windows 7"/>
      </properties>
      <testcase name="Test Cases/Browser Start" classname="Test Cases/Browser Start" status="PASSED">
         <system-out><![CDATA[2018-05-03 13:27:42 - [TEST_CASE][PASSED] - Test Cases/Browser Start: Test Cases/Browser Start

2018-05-03 13:27:43 - [TEST_STEP][PASSED] - openBrowser: Browser is opened with url: ''

2018-05-03 13:27:49 - [MESSAGE][PASSED] - Browser is opened with url: ''

2018-05-03 13:27:49 - [TEST_STEP][PASSED] - maximizeWindow: Current window maximized

2018-05-03 13:27:53 - [MESSAGE][PASSED] - Current window maximized

2018-05-03 13:27:53 - [TEST_STEP][PASSED] - navigateToUrl: Navigate to 'https://us-dev.gmli2.bluewatertech.host' successfully

2018-05-03 13:29:17 - [MESSAGE][PASSED] - Navigate to 'https://us-dev.gmli2.bluewatertech.host' successfully

2018-05-03 13:29:17 - [TEST_STEP][PASSED] - delay: Delayed 5 second(s)

2018-05-03 13:29:22 - [MESSAGE][PASSED] - Delayed 5 second(s)

2018-05-03 13:29:22 - [TEST_STEP][PASSED] - comment: Use this test script to open and navigate to the website needed. This all can be edited for other websites too.]]></system-out>
         <system-err><![CDATA[]]></system-err>
      </testcase>
      <testcase name="Test Cases/Logging In" classname="Test Cases/Logging In" status="PASSED">
         <system-out><![CDATA[2018-05-03 13:29:22 - [TEST_CASE][PASSED] - Test Cases/Logging In: Test Cases/Logging In

2018-05-03 13:29:22 - [TEST_STEP][NOT_RUN] - openBrowser: NOT_RUN: openBrowser

2018-05-03 13:29:22 - [MESSAGE][NOT_RUN] - NOT_RUN: openBrowser

2018-05-03 13:29:22 - [TEST_STEP][NOT_RUN] - delay: NOT_RUN: delay

2018-05-03 13:29:22 - [MESSAGE][NOT_RUN] - NOT_RUN: delay

2018-05-03 13:29:22 - [TEST_STEP][NOT_RUN] - maximizeWindow: NOT_RUN: maximizeWindow

2018-05-03 13:29:22 - [MESSAGE][NOT_RUN] - NOT_RUN: maximizeWindow

2018-05-03 13:29:22 - [TEST_STEP][NOT_RUN] - navigateToUrl: NOT_RUN: navigateToUrl

2018-05-03 13:29:22 - [MESSAGE][NOT_RUN] - NOT_RUN: navigateToUrl

2018-05-03 13:29:22 - [TEST_STEP][PASSED] - comment: Diabled for a reason. If you want to just run this test case enable then disable once you are done.

2018-05-03 13:29:22 - [TEST_STEP][PASSED] - delay: Delayed 2 second(s)

2018-05-03 13:29:24 - [MESSAGE][PASSED] - Delayed 2 second(s)

2018-05-03 13:29:24 - [TEST_STEP][PASSED] - click: Object: 'Object Repository/Page_Home Page - US Leadgen/a_Sign In' is clicked on

2018-05-03 13:29:33 - [MESSAGE][PASSED] - Object: 'Object Repository/Page_Home Page - US Leadgen/a_Sign In' is clicked on

2018-05-03 13:29:33 - [TEST_STEP][PASSED] - comment: Once this is selected the user can sign in

2018-05-03 13:29:33 - [TEST_STEP][PASSED] - setText: Text 'jwaryas@bluewatertech.com' is set on object 'Object Repository/Page_Log in - US Leadgen/input_Email'

2018-05-03 13:29:41 - [MESSAGE][PASSED] - Text 'jwaryas@bluewatertech.com' is set on object 'Object Repository/Page_Log in - US Leadgen/input_Email'

2018-05-03 13:29:41 - [TEST_STEP][PASSED] - delay: Delayed 1 second(s)

2018-05-03 13:29:42 - [MESSAGE][PASSED] - Delayed 1 second(s)

2018-05-03 13:29:42 - [TEST_STEP][PASSED] - setText: Text 'Droop420!' is set on object 'Object Repository/Page_Log in - US Leadgen/input_Password'

2018-05-03 13:29:51 - [MESSAGE][PASSED] - Text 'Droop420!' is set on object 'Object Repository/Page_Log in - US Leadgen/input_Password'

2018-05-03 13:29:51 - [TEST_STEP][PASSED] - delay: Delayed 1 second(s)

2018-05-03 13:29:52 - [MESSAGE][PASSED] - Delayed 1 second(s)

2018-05-03 13:29:52 - [TEST_STEP][PASSED] - click: Object: 'Object Repository/Page_Log in - US Leadgen/input_btn btn-default' is clicked on

2018-05-03 13:30:01 - [MESSAGE][PASSED] - Object: 'Object Repository/Page_Log in - US Leadgen/input_btn btn-default' is clicked on]]></system-out>
         <system-err><![CDATA[]]></system-err>
      </testcase>
      <testcase name="Test Cases/Button Pushes" classname="Test Cases/Button Pushes" status="PASSED">
         <system-out><![CDATA[2018-05-03 13:30:01 - [TEST_CASE][PASSED] - Test Cases/Button Pushes: Test Cases/Button Pushes

2018-05-03 13:30:01 - [TEST_STEP][NOT_RUN] - openBrowser: NOT_RUN: openBrowser

2018-05-03 13:30:01 - [MESSAGE][NOT_RUN] - NOT_RUN: openBrowser

2018-05-03 13:30:01 - [TEST_STEP][NOT_RUN] - navigateToUrl: NOT_RUN: navigateToUrl

2018-05-03 13:30:01 - [MESSAGE][NOT_RUN] - NOT_RUN: navigateToUrl

2018-05-03 13:30:01 - [TEST_STEP][NOT_RUN] - maximizeWindow: NOT_RUN: maximizeWindow

2018-05-03 13:30:01 - [MESSAGE][NOT_RUN] - NOT_RUN: maximizeWindow

2018-05-03 13:30:01 - [TEST_STEP][NOT_RUN] - callTestCase: NOT_RUN: callTestCase

2018-05-03 13:30:01 - [MESSAGE][NOT_RUN] - NOT_RUN: callTestCase

2018-05-03 13:30:01 - [TEST_STEP][PASSED] - comment: These are disabled for a reason. DO NOT ENABLE UNLESS YOU ARE TESTING THIS PART ONLY

2018-05-03 13:30:01 - [TEST_STEP][PASSED] - mouseOver: Object: 'Object Repository/Page_Home Page - US Leadgen (1)/span_Administration' is hovered

2018-05-03 13:30:13 - [MESSAGE][PASSED] - Object: 'Object Repository/Page_Home Page - US Leadgen (1)/span_Administration' is hovered

2018-05-03 13:30:13 - [TEST_STEP][PASSED] - comment: Mouse over is used to hover over "Administration"

2018-05-03 13:30:13 - [TEST_STEP][PASSED] - click: Object: 'Object Repository/Page_Home Page - US Leadgen (3)/a_Held Leads' is clicked on

2018-05-03 13:30:24 - [MESSAGE][PASSED] - Object: 'Object Repository/Page_Home Page - US Leadgen (3)/a_Held Leads' is clicked on

2018-05-03 13:30:24 - [TEST_STEP][PASSED] - click: Object: 'Object Repository/Page_- US Leadgen/a_Pending Groups' is clicked on

2018-05-03 13:30:33 - [MESSAGE][PASSED] - Object: 'Object Repository/Page_- US Leadgen/a_Pending Groups' is clicked on

2018-05-03 13:30:33 - [TEST_STEP][PASSED] - click: Object: 'Object Repository/Page_- US Leadgen/a_Overridden Leads Report' is clicked on

2018-05-03 13:30:42 - [MESSAGE][PASSED] - Object: 'Object Repository/Page_- US Leadgen/a_Overridden Leads Report' is clicked on

2018-05-03 13:30:42 - [TEST_STEP][PASSED] - click: Object: 'Object Repository/Page_- US Leadgen/a_Pending Groups' is clicked on

2018-05-03 13:30:51 - [MESSAGE][PASSED] - Object: 'Object Repository/Page_- US Leadgen/a_Pending Groups' is clicked on

2018-05-03 13:30:51 - [TEST_STEP][PASSED] - click: Object: 'Object Repository/Page_- US Leadgen/a_Incoming Held Leads' is clicked on

2018-05-03 13:31:00 - [MESSAGE][PASSED] - Object: 'Object Repository/Page_- US Leadgen/a_Incoming Held Leads' is clicked on

2018-05-03 13:31:00 - [TEST_STEP][PASSED] - mouseOver: Object: 'Object Repository/Page_Home Page - US Leadgen (1)/span_Administration' is hovered

2018-05-03 13:31:11 - [MESSAGE][PASSED] - Object: 'Object Repository/Page_Home Page - US Leadgen (1)/span_Administration' is hovered

2018-05-03 13:31:11 - [TEST_STEP][PASSED] - click: Object: 'Object Repository/Page_- US Leadgen/a_VMM Updates' is clicked on

2018-05-03 13:31:21 - [MESSAGE][PASSED] - Object: 'Object Repository/Page_- US Leadgen/a_VMM Updates' is clicked on

2018-05-03 13:31:21 - [TEST_STEP][PASSED] - mouseOver: Object: 'Object Repository/Page_Home Page - US Leadgen (1)/span_Administration' is hovered

2018-05-03 13:31:32 - [MESSAGE][PASSED] - Object: 'Object Repository/Page_Home Page - US Leadgen (1)/span_Administration' is hovered

2018-05-03 13:31:32 - [TEST_STEP][PASSED] - click: Object: 'Object Repository/Page_- US Leadgen/a_Dealerships' is clicked on

2018-05-03 13:31:41 - [MESSAGE][PASSED] - Object: 'Object Repository/Page_- US Leadgen/a_Dealerships' is clicked on

2018-05-03 13:31:41 - [TEST_STEP][PASSED] - mouseOver: Object: 'Object Repository/Page_Home Page - US Leadgen (1)/span_Administration' is hovered

2018-05-03 13:31:52 - [MESSAGE][PASSED] - Object: 'Object Repository/Page_Home Page - US Leadgen (1)/span_Administration' is hovered

2018-05-03 13:31:52 - [TEST_STEP][PASSED] - click: Object: 'Object Repository/Page_- US Leadgen/a_Zip Codes' is clicked on

2018-05-03 13:32:02 - [MESSAGE][PASSED] - Object: 'Object Repository/Page_- US Leadgen/a_Zip Codes' is clicked on

2018-05-03 13:32:02 - [TEST_STEP][PASSED] - mouseOver: Object: 'Object Repository/Page_Home Page - US Leadgen (1)/span_Administration' is hovered

2018-05-03 13:32:13 - [MESSAGE][PASSED] - Object: 'Object Repository/Page_Home Page - US Leadgen (1)/span_Administration' is hovered

2018-05-03 13:32:13 - [TEST_STEP][PASSED] - mouseOver: Object: 'Object Repository/Page_Home Page - US Leadgen (1)/span_System' is hovered

2018-05-03 13:32:24 - [MESSAGE][PASSED] - Object: 'Object Repository/Page_Home Page - US Leadgen (1)/span_System' is hovered

2018-05-03 13:32:24 - [TEST_STEP][PASSED] - click: Object: 'Object Repository/Page_- US Leadgen/a_Events' is clicked on

2018-05-03 13:32:34 - [MESSAGE][PASSED] - Object: 'Object Repository/Page_- US Leadgen/a_Events' is clicked on

2018-05-03 13:32:34 - [TEST_STEP][PASSED] - mouseOver: Object: 'Object Repository/Page_Home Page - US Leadgen (1)/span_Administration' is hovered

2018-05-03 13:32:45 - [MESSAGE][PASSED] - Object: 'Object Repository/Page_Home Page - US Leadgen (1)/span_Administration' is hovered

2018-05-03 13:32:45 - [TEST_STEP][PASSED] - mouseOver: Object: 'Object Repository/Page_Home Page - US Leadgen (1)/span_System' is hovered

2018-05-03 13:32:56 - [MESSAGE][PASSED] - Object: 'Object Repository/Page_Home Page - US Leadgen (1)/span_System' is hovered

2018-05-03 13:32:56 - [TEST_STEP][PASSED] - click: Object: 'Object Repository/Page_- US Leadgen/a_Source Codes' is clicked on

2018-05-03 13:33:06 - [MESSAGE][PASSED] - Object: 'Object Repository/Page_- US Leadgen/a_Source Codes' is clicked on

2018-05-03 13:33:06 - [TEST_STEP][PASSED] - mouseOver: Object: 'Object Repository/Page_Home Page - US Leadgen (1)/span_Administration' is hovered

2018-05-03 13:33:17 - [MESSAGE][PASSED] - Object: 'Object Repository/Page_Home Page - US Leadgen (1)/span_Administration' is hovered

2018-05-03 13:33:17 - [TEST_STEP][PASSED] - mouseOver: Object: 'Object Repository/Page_Home Page - US Leadgen (1)/span_System' is hovered

2018-05-03 13:33:28 - [MESSAGE][PASSED] - Object: 'Object Repository/Page_Home Page - US Leadgen (1)/span_System' is hovered

2018-05-03 13:33:28 - [TEST_STEP][PASSED] - click: Object: 'Object Repository/Page_- US Leadgen/a_System Settings' is clicked on

2018-05-03 13:33:38 - [MESSAGE][PASSED] - Object: 'Object Repository/Page_- US Leadgen/a_System Settings' is clicked on

2018-05-03 13:33:38 - [TEST_STEP][PASSED] - mouseOver: Object: 'Object Repository/Page_Home Page - US Leadgen (1)/span_Administration' is hovered

2018-05-03 13:33:49 - [MESSAGE][PASSED] - Object: 'Object Repository/Page_Home Page - US Leadgen (1)/span_Administration' is hovered

2018-05-03 13:33:49 - [TEST_STEP][PASSED] - mouseOver: Object: 'Object Repository/Page_Home Page - US Leadgen (1)/span_System' is hovered

2018-05-03 13:34:00 - [MESSAGE][PASSED] - Object: 'Object Repository/Page_Home Page - US Leadgen (1)/span_System' is hovered

2018-05-03 13:34:00 - [TEST_STEP][PASSED] - click: Object: 'Object Repository/Page_- US Leadgen/a_Plug In Management' is clicked on

2018-05-03 13:34:09 - [MESSAGE][PASSED] - Object: 'Object Repository/Page_- US Leadgen/a_Plug In Management' is clicked on

2018-05-03 13:34:09 - [TEST_STEP][PASSED] - mouseOver: Object: 'Object Repository/Page_Home Page - US Leadgen (1)/span_Administration' is hovered

2018-05-03 13:34:21 - [MESSAGE][PASSED] - Object: 'Object Repository/Page_Home Page - US Leadgen (1)/span_Administration' is hovered

2018-05-03 13:34:21 - [TEST_STEP][PASSED] - mouseOver: Object: 'Object Repository/Page_Home Page - US Leadgen (1)/span_System' is hovered

2018-05-03 13:34:32 - [MESSAGE][PASSED] - Object: 'Object Repository/Page_Home Page - US Leadgen (1)/span_System' is hovered

2018-05-03 13:34:32 - [TEST_STEP][PASSED] - click: Object: 'Object Repository/Page_- US Leadgen/a_Exporter Settings' is clicked on

2018-05-03 13:34:41 - [MESSAGE][PASSED] - Object: 'Object Repository/Page_- US Leadgen/a_Exporter Settings' is clicked on

2018-05-03 13:34:41 - [TEST_STEP][PASSED] - mouseOver: Object: 'Object Repository/Page_Home Page - US Leadgen (1)/span_Administration' is hovered

2018-05-03 13:34:52 - [MESSAGE][PASSED] - Object: 'Object Repository/Page_Home Page - US Leadgen (1)/span_Administration' is hovered

2018-05-03 13:34:52 - [TEST_STEP][PASSED] - mouseOver: Object: 'Object Repository/Page_Home Page - US Leadgen (1)/span_System' is hovered

2018-05-03 13:35:03 - [MESSAGE][PASSED] - Object: 'Object Repository/Page_Home Page - US Leadgen (1)/span_System' is hovered

2018-05-03 13:35:03 - [TEST_STEP][PASSED] - click: Object: 'Object Repository/Page_- US Leadgen/a_Provision Keys' is clicked on

2018-05-03 13:35:13 - [MESSAGE][PASSED] - Object: 'Object Repository/Page_- US Leadgen/a_Provision Keys' is clicked on

2018-05-03 13:35:13 - [TEST_STEP][PASSED] - mouseOver: Object: 'Object Repository/Page_Home Page - US Leadgen (1)/span_Administration' is hovered

2018-05-03 13:35:24 - [MESSAGE][PASSED] - Object: 'Object Repository/Page_Home Page - US Leadgen (1)/span_Administration' is hovered

2018-05-03 13:35:24 - [TEST_STEP][PASSED] - mouseOver: Object: 'Object Repository/Page_Home Page - US Leadgen (1)/span_System' is hovered

2018-05-03 13:35:35 - [MESSAGE][PASSED] - Object: 'Object Repository/Page_Home Page - US Leadgen (1)/span_System' is hovered

2018-05-03 13:35:35 - [TEST_STEP][PASSED] - click: Object: 'Object Repository/Page_- US Leadgen/a_The Purginator' is clicked on

2018-05-03 13:35:45 - [MESSAGE][PASSED] - Object: 'Object Repository/Page_- US Leadgen/a_The Purginator' is clicked on

2018-05-03 13:35:45 - [TEST_STEP][PASSED] - mouseOver: Object: 'Object Repository/Page_Home Page - US Leadgen (1)/span_Administration' is hovered

2018-05-03 13:35:56 - [MESSAGE][PASSED] - Object: 'Object Repository/Page_Home Page - US Leadgen (1)/span_Administration' is hovered

2018-05-03 13:35:56 - [TEST_STEP][PASSED] - mouseOver: Object: 'Object Repository/Page_Home Page - US Leadgen (1)/span_System' is hovered

2018-05-03 13:36:07 - [MESSAGE][PASSED] - Object: 'Object Repository/Page_Home Page - US Leadgen (1)/span_System' is hovered

2018-05-03 13:36:07 - [TEST_STEP][PASSED] - click: Object: 'Object Repository/Page_- US Leadgen/a_Purge History' is clicked on

2018-05-03 13:36:17 - [MESSAGE][PASSED] - Object: 'Object Repository/Page_- US Leadgen/a_Purge History' is clicked on

2018-05-03 13:36:17 - [TEST_STEP][PASSED] - click: Object: 'Object Repository/Page_- US Leadgen/a_Dashboard' is clicked on

2018-05-03 13:36:26 - [MESSAGE][PASSED] - Object: 'Object Repository/Page_- US Leadgen/a_Dashboard' is clicked on

2018-05-03 13:36:26 - [TEST_STEP][PASSED] - mouseOver: Object: 'Object Repository/Page_Home Page - US Leadgen (1)/span_Reporting' is hovered

2018-05-03 13:36:38 - [MESSAGE][PASSED] - Object: 'Object Repository/Page_Home Page - US Leadgen (1)/span_Reporting' is hovered

2018-05-03 13:36:38 - [TEST_STEP][PASSED] - click: Object: 'Object Repository/Page_Home Page - US Leadgen (3)/a_Daily Emails' is clicked on

2018-05-03 13:36:48 - [MESSAGE][PASSED] - Object: 'Object Repository/Page_Home Page - US Leadgen (3)/a_Daily Emails' is clicked on

2018-05-03 13:36:48 - [TEST_STEP][PASSED] - mouseOver: Object: 'Object Repository/Page_Home Page - US Leadgen (1)/span_Reporting' is hovered

2018-05-03 13:36:59 - [MESSAGE][PASSED] - Object: 'Object Repository/Page_Home Page - US Leadgen (1)/span_Reporting' is hovered

2018-05-03 13:36:59 - [TEST_STEP][PASSED] - click: Object: 'Object Repository/Page_- US Leadgen/a_EDC Lead Summary' is clicked on

2018-05-03 13:37:10 - [MESSAGE][PASSED] - Object: 'Object Repository/Page_- US Leadgen/a_EDC Lead Summary' is clicked on

2018-05-03 13:37:10 - [TEST_STEP][PASSED] - click: Object: 'Object Repository/Page_- US Leadgen/i_fa fa-angle-double-left' is clicked on

2018-05-03 13:37:19 - [MESSAGE][PASSED] - Object: 'Object Repository/Page_- US Leadgen/i_fa fa-angle-double-left' is clicked on

2018-05-03 13:37:19 - [TEST_STEP][PASSED] - click: Object: 'Object Repository/Page_- US Leadgen/i_fa fa-angle-double-left_1' is clicked on

2018-05-03 13:37:28 - [MESSAGE][PASSED] - Object: 'Object Repository/Page_- US Leadgen/i_fa fa-angle-double-left_1' is clicked on

2018-05-03 13:37:28 - [TEST_STEP][PASSED] - click: Object: 'Object Repository/Page_- US Leadgen/button_uix-control-right' is clicked on

2018-05-03 13:37:37 - [MESSAGE][PASSED] - Object: 'Object Repository/Page_- US Leadgen/button_uix-control-right' is clicked on

2018-05-03 13:37:37 - [TEST_STEP][PASSED] - click: Object: 'Object Repository/Page_- US Leadgen/em_Submit' is clicked on

2018-05-03 13:37:47 - [MESSAGE][PASSED] - Object: 'Object Repository/Page_- US Leadgen/em_Submit' is clicked on

2018-05-03 13:37:47 - [TEST_STEP][PASSED] - click: Object: 'Object Repository/Page_- US Leadgen/em_Back' is clicked on

2018-05-03 13:37:57 - [MESSAGE][PASSED] - Object: 'Object Repository/Page_- US Leadgen/em_Back' is clicked on

2018-05-03 13:37:57 - [TEST_STEP][PASSED] - mouseOver: Object: 'Object Repository/Page_Home Page - US Leadgen (1)/span_Reporting' is hovered

2018-05-03 13:38:08 - [MESSAGE][PASSED] - Object: 'Object Repository/Page_Home Page - US Leadgen (1)/span_Reporting' is hovered

2018-05-03 13:38:08 - [TEST_STEP][PASSED] - click: Object: 'Object Repository/Page_- US Leadgen/a_Transmitted Leads' is clicked on

2018-05-03 13:38:18 - [MESSAGE][PASSED] - Object: 'Object Repository/Page_- US Leadgen/a_Transmitted Leads' is clicked on

2018-05-03 13:38:18 - [TEST_STEP][PASSED] - click: Object: 'Object Repository/Page_- US Leadgen/i_fa fa-angle-double-left' is clicked on

2018-05-03 13:38:27 - [MESSAGE][PASSED] - Object: 'Object Repository/Page_- US Leadgen/i_fa fa-angle-double-left' is clicked on

2018-05-03 13:38:27 - [TEST_STEP][PASSED] - click: Object: 'Object Repository/Page_- US Leadgen/em_Submit' is clicked on

2018-05-03 13:38:39 - [MESSAGE][PASSED] - Object: 'Object Repository/Page_- US Leadgen/em_Submit' is clicked on

2018-05-03 13:38:39 - [TEST_STEP][PASSED] - click: Object: 'Object Repository/Page_- US Leadgen/em_Back_1' is clicked on

2018-05-03 13:38:49 - [MESSAGE][PASSED] - Object: 'Object Repository/Page_- US Leadgen/em_Back_1' is clicked on

2018-05-03 13:38:49 - [TEST_STEP][PASSED] - mouseOver: Object: 'Object Repository/Page_Home Page - US Leadgen (1)/span_Reporting' is hovered

2018-05-03 13:39:00 - [MESSAGE][PASSED] - Object: 'Object Repository/Page_Home Page - US Leadgen (1)/span_Reporting' is hovered

2018-05-03 13:39:00 - [TEST_STEP][PASSED] - click: Object: 'Object Repository/Page_- US Leadgen/a_Lead Details' is clicked on

2018-05-03 13:39:10 - [MESSAGE][PASSED] - Object: 'Object Repository/Page_- US Leadgen/a_Lead Details' is clicked on

2018-05-03 13:39:10 - [TEST_STEP][PASSED] - click: Object: 'Object Repository/Page_- US Leadgen/i_fa fa-angle-double-left' is clicked on

2018-05-03 13:39:19 - [MESSAGE][PASSED] - Object: 'Object Repository/Page_- US Leadgen/i_fa fa-angle-double-left' is clicked on

2018-05-03 13:39:19 - [TEST_STEP][PASSED] - click: Object: 'Object Repository/Page_- US Leadgen/em_Submit' is clicked on

2018-05-03 13:39:28 - [MESSAGE][PASSED] - Object: 'Object Repository/Page_- US Leadgen/em_Submit' is clicked on

2018-05-03 13:39:28 - [TEST_STEP][PASSED] - mouseOver: Object: 'Object Repository/Page_Home Page - US Leadgen (1)/span_Reporting' is hovered

2018-05-03 13:39:39 - [MESSAGE][PASSED] - Object: 'Object Repository/Page_Home Page - US Leadgen (1)/span_Reporting' is hovered

2018-05-03 13:39:39 - [TEST_STEP][PASSED] - click: Object: 'Object Repository/Page_- US Leadgen/a_Multi-Brand Details' is clicked on

2018-05-03 13:39:49 - [MESSAGE][PASSED] - Object: 'Object Repository/Page_- US Leadgen/a_Multi-Brand Details' is clicked on

2018-05-03 13:39:49 - [TEST_STEP][PASSED] - click: Object: 'Object Repository/Page_- US Leadgen/i_fa fa-angle-double-left' is clicked on

2018-05-03 13:39:58 - [MESSAGE][PASSED] - Object: 'Object Repository/Page_- US Leadgen/i_fa fa-angle-double-left' is clicked on

2018-05-03 13:39:58 - [TEST_STEP][PASSED] - click: Object: 'Object Repository/Page_- US Leadgen/em_Submit' is clicked on

2018-05-03 13:40:08 - [MESSAGE][PASSED] - Object: 'Object Repository/Page_- US Leadgen/em_Submit' is clicked on

2018-05-03 13:40:08 - [TEST_STEP][PASSED] - click: Object: 'Object Repository/Page_- US Leadgen/a_Dashboard' is clicked on

2018-05-03 13:40:17 - [MESSAGE][PASSED] - Object: 'Object Repository/Page_- US Leadgen/a_Dashboard' is clicked on]]></system-out>
         <system-err><![CDATA[]]></system-err>
      </testcase>
      <testcase name="Test Cases/Logging Out" classname="Test Cases/Logging Out" status="PASSED">
         <system-out><![CDATA[2018-05-03 13:40:17 - [TEST_CASE][PASSED] - Test Cases/Logging Out: Test Cases/Logging Out

2018-05-03 13:40:17 - [TEST_STEP][NOT_RUN] - openBrowser: NOT_RUN: openBrowser

2018-05-03 13:40:17 - [MESSAGE][NOT_RUN] - NOT_RUN: openBrowser

2018-05-03 13:40:17 - [TEST_STEP][NOT_RUN] - navigateToUrl: NOT_RUN: navigateToUrl

2018-05-03 13:40:17 - [MESSAGE][NOT_RUN] - NOT_RUN: navigateToUrl

2018-05-03 13:40:17 - [TEST_STEP][NOT_RUN] - maximizeWindow: NOT_RUN: maximizeWindow

2018-05-03 13:40:17 - [MESSAGE][NOT_RUN] - NOT_RUN: maximizeWindow

2018-05-03 13:40:17 - [TEST_STEP][NOT_RUN] - callTestCase: NOT_RUN: callTestCase

2018-05-03 13:40:17 - [MESSAGE][NOT_RUN] - NOT_RUN: callTestCase

2018-05-03 13:40:17 - [TEST_STEP][PASSED] - comment: Disabled for reasons. DO NOT ENABLE UNLESS I TELL YOU!

2018-05-03 13:40:17 - [TEST_STEP][PASSED] - mouseOver: Object: 'Object Repository/Page_Home Page - US Leadgen (1)/span_Account' is hovered

2018-05-03 13:40:29 - [MESSAGE][PASSED] - Object: 'Object Repository/Page_Home Page - US Leadgen (1)/span_Account' is hovered

2018-05-03 13:40:29 - [TEST_STEP][PASSED] - delay: Delayed 1 second(s)

2018-05-03 13:40:30 - [MESSAGE][PASSED] - Delayed 1 second(s)

2018-05-03 13:40:30 - [TEST_STEP][PASSED] - click: Object: 'Object Repository/Page_Home Page - US Leadgen (2)/span_Sign Out' is clicked on

2018-05-03 13:40:39 - [MESSAGE][PASSED] - Object: 'Object Repository/Page_Home Page - US Leadgen (2)/span_Sign Out' is clicked on]]></system-out>
         <system-err><![CDATA[]]></system-err>
      </testcase>
      <system-out><![CDATA[2018-05-03 13:27:42 - [TEST_SUITE][PASSED] - GM- Reporting tool suite: Test Cases/Logging Out]]></system-out>
      <system-err><![CDATA[]]></system-err>
   </testsuite>
</testsuites>
