<?xml version="1.0" encoding="UTF-8"?>
<testsuites name="GM- Reporting tool suite" time="236" tests="5" failures="0" errors="0">
   <testsuite name="GM- Reporting tool suite" tests="5" failures="0" errors="0" time="236" timestamp="2018-03-29 15:16:49" hostname="THE FRANKENSTINE - 10.2.38.51" id="Test Suites/GM- Reporting tool suite">
      <properties>
         <property name="deviceName" value=""/>
         <property name="devicePlatform" value=""/>
         <property name="logFolder" value="C:\\Users\\THE FRANKENSTINE\\Katalon Studio\\GM-US_Lead_Gen_Reporting_Tool\\Reports\\GM- Reporting tool suite\\20180329_151648"/>
         <property name="logFiles" value="C:\\Users\\THE FRANKENSTINE\\Katalon Studio\\GM-US_Lead_Gen_Reporting_Tool\\Reports\\GM- Reporting tool suite\\20180329_151648\\execution0.log"/>
         <property name="attachments" value=""/>
         <property name="hostName" value="THE FRANKENSTINE - 10.2.38.51"/>
         <property name="os" value="Windows 7 64bit"/>
         <property name="katalonVersion" value="5.3.1.1"/>
         <property name="browser" value="Chrome 65.0.3325.181"/>
         <property name="hostAddress" value="10.2.38.51"/>
         <property name="sessionId" value="cc9c8be548a354aa6fcac81d3d77818e"/>
         <property name="seleniumVersion" value="3.7.1"/>
         <property name="proxyInformation" value="ProxyInformation{proxyOption=USE_SYSTEM, proxyServerType=HTTP, password=, proxyServerAddress=, proxyServerPort=0}"/>
         <property name="platform" value="Windows 7"/>
      </properties>
      <testcase name="Test Cases/Browser Start" classname="Test Cases/Browser Start" status="PASSED">
         <system-out><![CDATA[2018-03-29 15:16:49 - [TEST_CASE][PASSED] - Test Cases/Browser Start: Test Cases/Browser Start

2018-03-29 15:16:49 - [TEST_STEP][PASSED] - openBrowser: Browser is opened with url: ''

2018-03-29 15:16:57 - [MESSAGE][PASSED] - Browser is opened with url: ''

2018-03-29 15:16:57 - [TEST_STEP][PASSED] - maximizeWindow: Current window maximized

2018-03-29 15:16:58 - [MESSAGE][PASSED] - Current window maximized

2018-03-29 15:16:58 - [TEST_STEP][PASSED] - navigateToUrl: Navigate to 'https://us-dev.gmli2.bluewatertech.host' successfully

2018-03-29 15:16:59 - [MESSAGE][PASSED] - Navigate to 'https://us-dev.gmli2.bluewatertech.host' successfully

2018-03-29 15:16:59 - [TEST_STEP][PASSED] - delay: Delayed 5 second(s)

2018-03-29 15:17:04 - [MESSAGE][PASSED] - Delayed 5 second(s)

2018-03-29 15:17:04 - [TEST_STEP][PASSED] - comment: Use this test script to open and navigate to the website needed. This all can be edited for other websites too.]]></system-out>
         <system-err><![CDATA[]]></system-err>
      </testcase>
      <testcase name="Test Cases/Logging In" classname="Test Cases/Logging In" status="PASSED">
         <system-out><![CDATA[2018-03-29 15:17:04 - [TEST_CASE][PASSED] - Test Cases/Logging In: Test Cases/Logging In

2018-03-29 15:17:04 - [TEST_STEP][NOT_RUN] - openBrowser: NOT_RUN: openBrowser

2018-03-29 15:17:04 - [MESSAGE][NOT_RUN] - NOT_RUN: openBrowser

2018-03-29 15:17:04 - [TEST_STEP][NOT_RUN] - delay: NOT_RUN: delay

2018-03-29 15:17:04 - [MESSAGE][NOT_RUN] - NOT_RUN: delay

2018-03-29 15:17:04 - [TEST_STEP][NOT_RUN] - maximizeWindow: NOT_RUN: maximizeWindow

2018-03-29 15:17:04 - [MESSAGE][NOT_RUN] - NOT_RUN: maximizeWindow

2018-03-29 15:17:04 - [TEST_STEP][NOT_RUN] - navigateToUrl: NOT_RUN: navigateToUrl

2018-03-29 15:17:04 - [MESSAGE][NOT_RUN] - NOT_RUN: navigateToUrl

2018-03-29 15:17:04 - [TEST_STEP][PASSED] - comment: Diabled for a reason. If you want to just run this test case enable then disable once you are done.

2018-03-29 15:17:04 - [TEST_STEP][PASSED] - delay: Delayed 2 second(s)

2018-03-29 15:17:06 - [MESSAGE][PASSED] - Delayed 2 second(s)

2018-03-29 15:17:06 - [TEST_STEP][PASSED] - click: Object: 'Object Repository/Page_Home Page - US Leadgen/a_Sign In' is clicked on

2018-03-29 15:17:07 - [MESSAGE][PASSED] - Object: 'Object Repository/Page_Home Page - US Leadgen/a_Sign In' is clicked on

2018-03-29 15:17:07 - [TEST_STEP][PASSED] - comment: Once this is selected the user can sign in

2018-03-29 15:17:07 - [TEST_STEP][PASSED] - setText: Text 'jwaryas@bluewatertech.com' is set on object 'Object Repository/Page_Log in - US Leadgen/input_Email'

2018-03-29 15:17:07 - [MESSAGE][PASSED] - Text 'jwaryas@bluewatertech.com' is set on object 'Object Repository/Page_Log in - US Leadgen/input_Email'

2018-03-29 15:17:07 - [TEST_STEP][PASSED] - delay: Delayed 1 second(s)

2018-03-29 15:17:08 - [MESSAGE][PASSED] - Delayed 1 second(s)

2018-03-29 15:17:08 - [TEST_STEP][PASSED] - setText: Text 'Droop420!' is set on object 'Object Repository/Page_Log in - US Leadgen/input_Password'

2018-03-29 15:17:08 - [MESSAGE][PASSED] - Text 'Droop420!' is set on object 'Object Repository/Page_Log in - US Leadgen/input_Password'

2018-03-29 15:17:08 - [TEST_STEP][PASSED] - delay: Delayed 1 second(s)

2018-03-29 15:17:09 - [MESSAGE][PASSED] - Delayed 1 second(s)

2018-03-29 15:17:09 - [TEST_STEP][PASSED] - click: Object: 'Object Repository/Page_Log in - US Leadgen/input_btn btn-default' is clicked on

2018-03-29 15:17:09 - [MESSAGE][PASSED] - Object: 'Object Repository/Page_Log in - US Leadgen/input_btn btn-default' is clicked on]]></system-out>
         <system-err><![CDATA[]]></system-err>
      </testcase>
      <testcase name="Test Cases/Push all the buttons" classname="Test Cases/Push all the buttons" status="PASSED">
         <system-out><![CDATA[2018-03-29 15:17:09 - [TEST_CASE][PASSED] - Test Cases/Push all the buttons: Test Cases/Push all the buttons

2018-03-29 15:17:10 - [TEST_STEP][NOT_RUN] - openBrowser: NOT_RUN: openBrowser

2018-03-29 15:17:10 - [MESSAGE][NOT_RUN] - NOT_RUN: openBrowser

2018-03-29 15:17:10 - [TEST_STEP][NOT_RUN] - navigateToUrl: NOT_RUN: navigateToUrl

2018-03-29 15:17:10 - [MESSAGE][NOT_RUN] - NOT_RUN: navigateToUrl

2018-03-29 15:17:10 - [TEST_STEP][NOT_RUN] - maximizeWindow: NOT_RUN: maximizeWindow

2018-03-29 15:17:10 - [MESSAGE][NOT_RUN] - NOT_RUN: maximizeWindow

2018-03-29 15:17:10 - [TEST_STEP][NOT_RUN] - delay: NOT_RUN: delay

2018-03-29 15:17:10 - [MESSAGE][NOT_RUN] - NOT_RUN: delay

2018-03-29 15:17:10 - [TEST_STEP][NOT_RUN] - callTestCase: NOT_RUN: callTestCase

2018-03-29 15:17:10 - [MESSAGE][NOT_RUN] - NOT_RUN: callTestCase

2018-03-29 15:17:10 - [TEST_STEP][PASSED] - comment: These are disabled for a reason. DO NOT ENABLE UNLESS YOU ARE TESTING THIS PART ONLY

2018-03-29 15:17:10 - [TEST_STEP][PASSED] - mouseOver: Object: 'Object Repository/Page_Home Page - US Leadgen (1)/span_Administration' is hovered

2018-03-29 15:17:10 - [MESSAGE][PASSED] - Object: 'Object Repository/Page_Home Page - US Leadgen (1)/span_Administration' is hovered

2018-03-29 15:17:10 - [TEST_STEP][PASSED] - comment: Mouse over is used to hover over "Administration"

2018-03-29 15:17:10 - [TEST_STEP][PASSED] - delay: Delayed 2 second(s)

2018-03-29 15:17:12 - [MESSAGE][PASSED] - Delayed 2 second(s)

2018-03-29 15:17:12 - [TEST_STEP][PASSED] - comment: Delay is used to let the web app load. 

2018-03-29 15:17:12 - [TEST_STEP][PASSED] - click: Object: 'Object Repository/Page_Home Page - US Leadgen (3)/a_Held Leads' is clicked on

2018-03-29 15:17:13 - [MESSAGE][PASSED] - Object: 'Object Repository/Page_Home Page - US Leadgen (3)/a_Held Leads' is clicked on

2018-03-29 15:17:13 - [TEST_STEP][PASSED] - delay: Delayed 1 second(s)

2018-03-29 15:17:14 - [MESSAGE][PASSED] - Delayed 1 second(s)

2018-03-29 15:17:14 - [TEST_STEP][PASSED] - click: Object: 'Object Repository/Page_- US Leadgen/a_Pending Groups' is clicked on

2018-03-29 15:17:14 - [MESSAGE][PASSED] - Object: 'Object Repository/Page_- US Leadgen/a_Pending Groups' is clicked on

2018-03-29 15:17:14 - [TEST_STEP][PASSED] - delay: Delayed 1 second(s)

2018-03-29 15:17:15 - [MESSAGE][PASSED] - Delayed 1 second(s)

2018-03-29 15:17:15 - [TEST_STEP][PASSED] - click: Object: 'Object Repository/Page_- US Leadgen/a_Overridden Leads Report' is clicked on

2018-03-29 15:17:15 - [MESSAGE][PASSED] - Object: 'Object Repository/Page_- US Leadgen/a_Overridden Leads Report' is clicked on

2018-03-29 15:17:15 - [TEST_STEP][PASSED] - delay: Delayed 1 second(s)

2018-03-29 15:17:16 - [MESSAGE][PASSED] - Delayed 1 second(s)

2018-03-29 15:17:16 - [TEST_STEP][PASSED] - click: Object: 'Object Repository/Page_- US Leadgen/a_Pending Groups' is clicked on

2018-03-29 15:17:17 - [MESSAGE][PASSED] - Object: 'Object Repository/Page_- US Leadgen/a_Pending Groups' is clicked on

2018-03-29 15:17:17 - [TEST_STEP][PASSED] - delay: Delayed 1 second(s)

2018-03-29 15:17:18 - [MESSAGE][PASSED] - Delayed 1 second(s)

2018-03-29 15:17:18 - [TEST_STEP][PASSED] - click: Object: 'Object Repository/Page_- US Leadgen/a_Incoming Held Leads' is clicked on

2018-03-29 15:17:18 - [MESSAGE][PASSED] - Object: 'Object Repository/Page_- US Leadgen/a_Incoming Held Leads' is clicked on

2018-03-29 15:17:18 - [TEST_STEP][PASSED] - delay: Delayed 2 second(s)

2018-03-29 15:17:20 - [MESSAGE][PASSED] - Delayed 2 second(s)

2018-03-29 15:17:20 - [TEST_STEP][PASSED] - mouseOver: Object: 'Object Repository/Page_Home Page - US Leadgen (1)/span_Administration' is hovered

2018-03-29 15:17:20 - [MESSAGE][PASSED] - Object: 'Object Repository/Page_Home Page - US Leadgen (1)/span_Administration' is hovered

2018-03-29 15:17:20 - [TEST_STEP][PASSED] - delay: Delayed 2 second(s)

2018-03-29 15:17:22 - [MESSAGE][PASSED] - Delayed 2 second(s)

2018-03-29 15:17:22 - [TEST_STEP][PASSED] - click: Object: 'Object Repository/Page_- US Leadgen/a_VMM Updates' is clicked on

2018-03-29 15:17:22 - [MESSAGE][PASSED] - Object: 'Object Repository/Page_- US Leadgen/a_VMM Updates' is clicked on

2018-03-29 15:17:22 - [TEST_STEP][PASSED] - delay: Delayed 1 second(s)

2018-03-29 15:17:23 - [MESSAGE][PASSED] - Delayed 1 second(s)

2018-03-29 15:17:23 - [TEST_STEP][PASSED] - mouseOver: Object: 'Object Repository/Page_Home Page - US Leadgen (1)/span_Administration' is hovered

2018-03-29 15:17:23 - [MESSAGE][PASSED] - Object: 'Object Repository/Page_Home Page - US Leadgen (1)/span_Administration' is hovered

2018-03-29 15:17:23 - [TEST_STEP][PASSED] - delay: Delayed 2 second(s)

2018-03-29 15:17:25 - [MESSAGE][PASSED] - Delayed 2 second(s)

2018-03-29 15:17:25 - [TEST_STEP][PASSED] - click: Object: 'Object Repository/Page_- US Leadgen/a_Dealerships' is clicked on

2018-03-29 15:17:25 - [MESSAGE][PASSED] - Object: 'Object Repository/Page_- US Leadgen/a_Dealerships' is clicked on

2018-03-29 15:17:25 - [TEST_STEP][PASSED] - delay: Delayed 1 second(s)

2018-03-29 15:17:26 - [MESSAGE][PASSED] - Delayed 1 second(s)

2018-03-29 15:17:26 - [TEST_STEP][PASSED] - mouseOver: Object: 'Object Repository/Page_Home Page - US Leadgen (1)/span_Administration' is hovered

2018-03-29 15:17:26 - [MESSAGE][PASSED] - Object: 'Object Repository/Page_Home Page - US Leadgen (1)/span_Administration' is hovered

2018-03-29 15:17:26 - [TEST_STEP][PASSED] - delay: Delayed 2 second(s)

2018-03-29 15:17:28 - [MESSAGE][PASSED] - Delayed 2 second(s)

2018-03-29 15:17:28 - [TEST_STEP][PASSED] - click: Object: 'Object Repository/Page_- US Leadgen/a_Zip Codes' is clicked on

2018-03-29 15:17:29 - [MESSAGE][PASSED] - Object: 'Object Repository/Page_- US Leadgen/a_Zip Codes' is clicked on

2018-03-29 15:17:29 - [TEST_STEP][PASSED] - delay: Delayed 1 second(s)

2018-03-29 15:17:30 - [MESSAGE][PASSED] - Delayed 1 second(s)

2018-03-29 15:17:30 - [TEST_STEP][PASSED] - mouseOver: Object: 'Object Repository/Page_Home Page - US Leadgen (1)/span_Administration' is hovered

2018-03-29 15:17:30 - [MESSAGE][PASSED] - Object: 'Object Repository/Page_Home Page - US Leadgen (1)/span_Administration' is hovered

2018-03-29 15:17:30 - [TEST_STEP][PASSED] - delay: Delayed 1 second(s)

2018-03-29 15:17:31 - [MESSAGE][PASSED] - Delayed 1 second(s)

2018-03-29 15:17:31 - [TEST_STEP][PASSED] - mouseOver: Object: 'Object Repository/Page_Home Page - US Leadgen (1)/span_System' is hovered

2018-03-29 15:17:31 - [MESSAGE][PASSED] - Object: 'Object Repository/Page_Home Page - US Leadgen (1)/span_System' is hovered

2018-03-29 15:17:31 - [TEST_STEP][PASSED] - delay: Delayed 1 second(s)

2018-03-29 15:17:32 - [MESSAGE][PASSED] - Delayed 1 second(s)

2018-03-29 15:17:32 - [TEST_STEP][PASSED] - click: Object: 'Object Repository/Page_- US Leadgen/a_Events' is clicked on

2018-03-29 15:17:32 - [MESSAGE][PASSED] - Object: 'Object Repository/Page_- US Leadgen/a_Events' is clicked on

2018-03-29 15:17:32 - [TEST_STEP][PASSED] - delay: Delayed 2 second(s)

2018-03-29 15:17:34 - [MESSAGE][PASSED] - Delayed 2 second(s)

2018-03-29 15:17:34 - [TEST_STEP][PASSED] - mouseOver: Object: 'Object Repository/Page_Home Page - US Leadgen (1)/span_Administration' is hovered

2018-03-29 15:17:34 - [MESSAGE][PASSED] - Object: 'Object Repository/Page_Home Page - US Leadgen (1)/span_Administration' is hovered

2018-03-29 15:17:34 - [TEST_STEP][PASSED] - delay: Delayed 1 second(s)

2018-03-29 15:17:35 - [MESSAGE][PASSED] - Delayed 1 second(s)

2018-03-29 15:17:35 - [TEST_STEP][PASSED] - mouseOver: Object: 'Object Repository/Page_Home Page - US Leadgen (1)/span_System' is hovered

2018-03-29 15:17:35 - [MESSAGE][PASSED] - Object: 'Object Repository/Page_Home Page - US Leadgen (1)/span_System' is hovered

2018-03-29 15:17:35 - [TEST_STEP][PASSED] - delay: Delayed 1 second(s)

2018-03-29 15:17:36 - [MESSAGE][PASSED] - Delayed 1 second(s)

2018-03-29 15:17:36 - [TEST_STEP][PASSED] - click: Object: 'Object Repository/Page_- US Leadgen/a_Source Codes' is clicked on

2018-03-29 15:17:37 - [MESSAGE][PASSED] - Object: 'Object Repository/Page_- US Leadgen/a_Source Codes' is clicked on

2018-03-29 15:17:37 - [TEST_STEP][PASSED] - delay: Delayed 2 second(s)

2018-03-29 15:17:39 - [MESSAGE][PASSED] - Delayed 2 second(s)

2018-03-29 15:17:39 - [TEST_STEP][PASSED] - mouseOver: Object: 'Object Repository/Page_Home Page - US Leadgen (1)/span_Administration' is hovered

2018-03-29 15:17:39 - [MESSAGE][PASSED] - Object: 'Object Repository/Page_Home Page - US Leadgen (1)/span_Administration' is hovered

2018-03-29 15:17:39 - [TEST_STEP][PASSED] - delay: Delayed 1 second(s)

2018-03-29 15:17:40 - [MESSAGE][PASSED] - Delayed 1 second(s)

2018-03-29 15:17:40 - [TEST_STEP][PASSED] - mouseOver: Object: 'Object Repository/Page_Home Page - US Leadgen (1)/span_System' is hovered

2018-03-29 15:17:40 - [MESSAGE][PASSED] - Object: 'Object Repository/Page_Home Page - US Leadgen (1)/span_System' is hovered

2018-03-29 15:17:40 - [TEST_STEP][PASSED] - delay: Delayed 1 second(s)

2018-03-29 15:17:41 - [MESSAGE][PASSED] - Delayed 1 second(s)

2018-03-29 15:17:41 - [TEST_STEP][PASSED] - click: Object: 'Object Repository/Page_- US Leadgen/a_System Settings' is clicked on

2018-03-29 15:17:41 - [MESSAGE][PASSED] - Object: 'Object Repository/Page_- US Leadgen/a_System Settings' is clicked on

2018-03-29 15:17:41 - [TEST_STEP][PASSED] - delay: Delayed 2 second(s)

2018-03-29 15:17:43 - [MESSAGE][PASSED] - Delayed 2 second(s)

2018-03-29 15:17:43 - [TEST_STEP][PASSED] - mouseOver: Object: 'Object Repository/Page_Home Page - US Leadgen (1)/span_Administration' is hovered

2018-03-29 15:17:43 - [MESSAGE][PASSED] - Object: 'Object Repository/Page_Home Page - US Leadgen (1)/span_Administration' is hovered

2018-03-29 15:17:43 - [TEST_STEP][PASSED] - delay: Delayed 1 second(s)

2018-03-29 15:17:44 - [MESSAGE][PASSED] - Delayed 1 second(s)

2018-03-29 15:17:44 - [TEST_STEP][PASSED] - mouseOver: Object: 'Object Repository/Page_Home Page - US Leadgen (1)/span_System' is hovered

2018-03-29 15:17:44 - [MESSAGE][PASSED] - Object: 'Object Repository/Page_Home Page - US Leadgen (1)/span_System' is hovered

2018-03-29 15:17:44 - [TEST_STEP][PASSED] - delay: Delayed 1 second(s)

2018-03-29 15:17:45 - [MESSAGE][PASSED] - Delayed 1 second(s)

2018-03-29 15:17:45 - [TEST_STEP][PASSED] - click: Object: 'Object Repository/Page_- US Leadgen/a_Plug In Management' is clicked on

2018-03-29 15:17:45 - [MESSAGE][PASSED] - Object: 'Object Repository/Page_- US Leadgen/a_Plug In Management' is clicked on

2018-03-29 15:17:45 - [TEST_STEP][PASSED] - delay: Delayed 2 second(s)

2018-03-29 15:17:47 - [MESSAGE][PASSED] - Delayed 2 second(s)

2018-03-29 15:17:47 - [TEST_STEP][PASSED] - mouseOver: Object: 'Object Repository/Page_Home Page - US Leadgen (1)/span_Administration' is hovered

2018-03-29 15:17:48 - [MESSAGE][PASSED] - Object: 'Object Repository/Page_Home Page - US Leadgen (1)/span_Administration' is hovered

2018-03-29 15:17:48 - [TEST_STEP][PASSED] - delay: Delayed 1 second(s)

2018-03-29 15:17:49 - [MESSAGE][PASSED] - Delayed 1 second(s)

2018-03-29 15:17:49 - [TEST_STEP][PASSED] - mouseOver: Object: 'Object Repository/Page_Home Page - US Leadgen (1)/span_System' is hovered

2018-03-29 15:17:49 - [MESSAGE][PASSED] - Object: 'Object Repository/Page_Home Page - US Leadgen (1)/span_System' is hovered

2018-03-29 15:17:49 - [TEST_STEP][PASSED] - delay: Delayed 1 second(s)

2018-03-29 15:17:50 - [MESSAGE][PASSED] - Delayed 1 second(s)

2018-03-29 15:17:50 - [TEST_STEP][PASSED] - click: Object: 'Object Repository/Page_- US Leadgen/a_Exporter Settings' is clicked on

2018-03-29 15:17:50 - [MESSAGE][PASSED] - Object: 'Object Repository/Page_- US Leadgen/a_Exporter Settings' is clicked on

2018-03-29 15:17:50 - [TEST_STEP][PASSED] - delay: Delayed 2 second(s)

2018-03-29 15:17:52 - [MESSAGE][PASSED] - Delayed 2 second(s)

2018-03-29 15:17:52 - [TEST_STEP][PASSED] - mouseOver: Object: 'Object Repository/Page_Home Page - US Leadgen (1)/span_Administration' is hovered

2018-03-29 15:17:52 - [MESSAGE][PASSED] - Object: 'Object Repository/Page_Home Page - US Leadgen (1)/span_Administration' is hovered

2018-03-29 15:17:52 - [TEST_STEP][PASSED] - delay: Delayed 1 second(s)

2018-03-29 15:17:53 - [MESSAGE][PASSED] - Delayed 1 second(s)

2018-03-29 15:17:53 - [TEST_STEP][PASSED] - mouseOver: Object: 'Object Repository/Page_Home Page - US Leadgen (1)/span_System' is hovered

2018-03-29 15:17:53 - [MESSAGE][PASSED] - Object: 'Object Repository/Page_Home Page - US Leadgen (1)/span_System' is hovered

2018-03-29 15:17:53 - [TEST_STEP][PASSED] - delay: Delayed 1 second(s)

2018-03-29 15:17:54 - [MESSAGE][PASSED] - Delayed 1 second(s)

2018-03-29 15:17:54 - [TEST_STEP][PASSED] - click: Object: 'Object Repository/Page_- US Leadgen/a_Provision Keys' is clicked on

2018-03-29 15:17:54 - [MESSAGE][PASSED] - Object: 'Object Repository/Page_- US Leadgen/a_Provision Keys' is clicked on

2018-03-29 15:17:54 - [TEST_STEP][PASSED] - delay: Delayed 2 second(s)

2018-03-29 15:17:56 - [MESSAGE][PASSED] - Delayed 2 second(s)

2018-03-29 15:17:56 - [TEST_STEP][PASSED] - mouseOver: Object: 'Object Repository/Page_Home Page - US Leadgen (1)/span_Administration' is hovered

2018-03-29 15:17:56 - [MESSAGE][PASSED] - Object: 'Object Repository/Page_Home Page - US Leadgen (1)/span_Administration' is hovered

2018-03-29 15:17:56 - [TEST_STEP][PASSED] - delay: Delayed 1 second(s)

2018-03-29 15:17:57 - [MESSAGE][PASSED] - Delayed 1 second(s)

2018-03-29 15:17:57 - [TEST_STEP][PASSED] - mouseOver: Object: 'Object Repository/Page_Home Page - US Leadgen (1)/span_System' is hovered

2018-03-29 15:17:57 - [MESSAGE][PASSED] - Object: 'Object Repository/Page_Home Page - US Leadgen (1)/span_System' is hovered

2018-03-29 15:17:57 - [TEST_STEP][PASSED] - delay: Delayed 1 second(s)

2018-03-29 15:17:58 - [MESSAGE][PASSED] - Delayed 1 second(s)

2018-03-29 15:17:58 - [TEST_STEP][PASSED] - click: Object: 'Object Repository/Page_- US Leadgen/a_The Purginator' is clicked on

2018-03-29 15:17:59 - [MESSAGE][PASSED] - Object: 'Object Repository/Page_- US Leadgen/a_The Purginator' is clicked on

2018-03-29 15:17:59 - [TEST_STEP][PASSED] - delay: Delayed 2 second(s)

2018-03-29 15:18:01 - [MESSAGE][PASSED] - Delayed 2 second(s)

2018-03-29 15:18:01 - [TEST_STEP][PASSED] - mouseOver: Object: 'Object Repository/Page_Home Page - US Leadgen (1)/span_Administration' is hovered

2018-03-29 15:18:01 - [MESSAGE][PASSED] - Object: 'Object Repository/Page_Home Page - US Leadgen (1)/span_Administration' is hovered

2018-03-29 15:18:01 - [TEST_STEP][PASSED] - delay: Delayed 1 second(s)

2018-03-29 15:18:02 - [MESSAGE][PASSED] - Delayed 1 second(s)

2018-03-29 15:18:02 - [TEST_STEP][PASSED] - mouseOver: Object: 'Object Repository/Page_Home Page - US Leadgen (1)/span_System' is hovered

2018-03-29 15:18:02 - [MESSAGE][PASSED] - Object: 'Object Repository/Page_Home Page - US Leadgen (1)/span_System' is hovered

2018-03-29 15:18:02 - [TEST_STEP][PASSED] - delay: Delayed 1 second(s)

2018-03-29 15:18:03 - [MESSAGE][PASSED] - Delayed 1 second(s)

2018-03-29 15:18:03 - [TEST_STEP][PASSED] - click: Object: 'Object Repository/Page_- US Leadgen/a_Purge History' is clicked on

2018-03-29 15:18:03 - [MESSAGE][PASSED] - Object: 'Object Repository/Page_- US Leadgen/a_Purge History' is clicked on

2018-03-29 15:18:03 - [TEST_STEP][PASSED] - delay: Delayed 2 second(s)

2018-03-29 15:18:05 - [MESSAGE][PASSED] - Delayed 2 second(s)

2018-03-29 15:18:05 - [TEST_STEP][PASSED] - click: Object: 'Object Repository/Page_- US Leadgen/a_Dashboard' is clicked on

2018-03-29 15:18:06 - [MESSAGE][PASSED] - Object: 'Object Repository/Page_- US Leadgen/a_Dashboard' is clicked on

2018-03-29 15:18:06 - [TEST_STEP][PASSED] - delay: Delayed 5 second(s)

2018-03-29 15:18:11 - [MESSAGE][PASSED] - Delayed 5 second(s)

2018-03-29 15:18:11 - [TEST_STEP][PASSED] - mouseOver: Object: 'Object Repository/Page_Home Page - US Leadgen (1)/span_Reporting' is hovered

2018-03-29 15:18:11 - [MESSAGE][PASSED] - Object: 'Object Repository/Page_Home Page - US Leadgen (1)/span_Reporting' is hovered

2018-03-29 15:18:11 - [TEST_STEP][PASSED] - delay: Delayed 1 second(s)

2018-03-29 15:18:12 - [MESSAGE][PASSED] - Delayed 1 second(s)

2018-03-29 15:18:12 - [TEST_STEP][PASSED] - click: Object: 'Object Repository/Page_Home Page - US Leadgen (3)/a_Daily Emails' is clicked on

2018-03-29 15:18:12 - [MESSAGE][PASSED] - Object: 'Object Repository/Page_Home Page - US Leadgen (3)/a_Daily Emails' is clicked on

2018-03-29 15:18:12 - [TEST_STEP][PASSED] - delay: Delayed 2 second(s)

2018-03-29 15:18:14 - [MESSAGE][PASSED] - Delayed 2 second(s)

2018-03-29 15:18:14 - [TEST_STEP][PASSED] - mouseOver: Object: 'Object Repository/Page_Home Page - US Leadgen (1)/span_Reporting' is hovered

2018-03-29 15:18:14 - [MESSAGE][PASSED] - Object: 'Object Repository/Page_Home Page - US Leadgen (1)/span_Reporting' is hovered

2018-03-29 15:18:14 - [TEST_STEP][PASSED] - delay: Delayed 1 second(s)

2018-03-29 15:18:15 - [MESSAGE][PASSED] - Delayed 1 second(s)

2018-03-29 15:18:15 - [TEST_STEP][PASSED] - click: Object: 'Object Repository/Page_- US Leadgen/a_EDC Lead Summary' is clicked on

2018-03-29 15:18:16 - [MESSAGE][PASSED] - Object: 'Object Repository/Page_- US Leadgen/a_EDC Lead Summary' is clicked on

2018-03-29 15:18:16 - [TEST_STEP][PASSED] - delay: Delayed 2 second(s)

2018-03-29 15:18:18 - [MESSAGE][PASSED] - Delayed 2 second(s)

2018-03-29 15:18:18 - [TEST_STEP][PASSED] - click: Object: 'Object Repository/Page_- US Leadgen/i_fa fa-angle-double-left' is clicked on

2018-03-29 15:18:18 - [MESSAGE][PASSED] - Object: 'Object Repository/Page_- US Leadgen/i_fa fa-angle-double-left' is clicked on

2018-03-29 15:18:18 - [TEST_STEP][PASSED] - delay: Delayed 2 second(s)

2018-03-29 15:18:20 - [MESSAGE][PASSED] - Delayed 2 second(s)

2018-03-29 15:18:20 - [TEST_STEP][PASSED] - click: Object: 'Object Repository/Page_- US Leadgen/i_fa fa-angle-double-left_1' is clicked on

2018-03-29 15:18:20 - [MESSAGE][PASSED] - Object: 'Object Repository/Page_- US Leadgen/i_fa fa-angle-double-left_1' is clicked on

2018-03-29 15:18:20 - [TEST_STEP][PASSED] - delay: Delayed 2 second(s)

2018-03-29 15:18:22 - [MESSAGE][PASSED] - Delayed 2 second(s)

2018-03-29 15:18:22 - [TEST_STEP][PASSED] - click: Object: 'Object Repository/Page_- US Leadgen/button_uix-control-right' is clicked on

2018-03-29 15:18:22 - [MESSAGE][PASSED] - Object: 'Object Repository/Page_- US Leadgen/button_uix-control-right' is clicked on

2018-03-29 15:18:22 - [TEST_STEP][PASSED] - delay: Delayed 2 second(s)

2018-03-29 15:18:24 - [MESSAGE][PASSED] - Delayed 2 second(s)

2018-03-29 15:18:24 - [TEST_STEP][PASSED] - click: Object: 'Object Repository/Page_- US Leadgen/em_Submit' is clicked on

2018-03-29 15:18:25 - [MESSAGE][PASSED] - Object: 'Object Repository/Page_- US Leadgen/em_Submit' is clicked on

2018-03-29 15:18:25 - [TEST_STEP][PASSED] - delay: Delayed 2 second(s)

2018-03-29 15:18:27 - [MESSAGE][PASSED] - Delayed 2 second(s)

2018-03-29 15:18:27 - [TEST_STEP][PASSED] - click: Object: 'Object Repository/Page_- US Leadgen/em_Back' is clicked on

2018-03-29 15:18:28 - [MESSAGE][PASSED] - Object: 'Object Repository/Page_- US Leadgen/em_Back' is clicked on

2018-03-29 15:18:28 - [TEST_STEP][PASSED] - delay: Delayed 2 second(s)

2018-03-29 15:18:30 - [MESSAGE][PASSED] - Delayed 2 second(s)

2018-03-29 15:18:30 - [TEST_STEP][PASSED] - mouseOver: Object: 'Object Repository/Page_Home Page - US Leadgen (1)/span_Reporting' is hovered

2018-03-29 15:18:30 - [MESSAGE][PASSED] - Object: 'Object Repository/Page_Home Page - US Leadgen (1)/span_Reporting' is hovered

2018-03-29 15:18:30 - [TEST_STEP][PASSED] - delay: Delayed 1 second(s)

2018-03-29 15:18:31 - [MESSAGE][PASSED] - Delayed 1 second(s)

2018-03-29 15:18:31 - [TEST_STEP][PASSED] - click: Object: 'Object Repository/Page_- US Leadgen/a_Transmitted Leads' is clicked on

2018-03-29 15:18:32 - [MESSAGE][PASSED] - Object: 'Object Repository/Page_- US Leadgen/a_Transmitted Leads' is clicked on

2018-03-29 15:18:32 - [TEST_STEP][PASSED] - delay: Delayed 2 second(s)

2018-03-29 15:18:34 - [MESSAGE][PASSED] - Delayed 2 second(s)

2018-03-29 15:18:34 - [TEST_STEP][PASSED] - click: Object: 'Object Repository/Page_- US Leadgen/i_fa fa-angle-double-left' is clicked on

2018-03-29 15:18:34 - [MESSAGE][PASSED] - Object: 'Object Repository/Page_- US Leadgen/i_fa fa-angle-double-left' is clicked on

2018-03-29 15:18:34 - [TEST_STEP][PASSED] - delay: Delayed 3 second(s)

2018-03-29 15:18:37 - [MESSAGE][PASSED] - Delayed 3 second(s)

2018-03-29 15:18:37 - [TEST_STEP][PASSED] - click: Object: 'Object Repository/Page_- US Leadgen/em_Submit' is clicked on

2018-03-29 15:18:38 - [MESSAGE][PASSED] - Object: 'Object Repository/Page_- US Leadgen/em_Submit' is clicked on

2018-03-29 15:18:38 - [TEST_STEP][PASSED] - delay: Delayed 5 second(s)

2018-03-29 15:18:43 - [MESSAGE][PASSED] - Delayed 5 second(s)

2018-03-29 15:18:43 - [TEST_STEP][PASSED] - click: Object: 'Object Repository/Page_- US Leadgen/em_Back_1' is clicked on

2018-03-29 15:18:43 - [MESSAGE][PASSED] - Object: 'Object Repository/Page_- US Leadgen/em_Back_1' is clicked on

2018-03-29 15:18:43 - [TEST_STEP][PASSED] - delay: Delayed 2 second(s)

2018-03-29 15:18:45 - [MESSAGE][PASSED] - Delayed 2 second(s)

2018-03-29 15:18:45 - [TEST_STEP][PASSED] - mouseOver: Object: 'Object Repository/Page_Home Page - US Leadgen (1)/span_Reporting' is hovered

2018-03-29 15:18:45 - [MESSAGE][PASSED] - Object: 'Object Repository/Page_Home Page - US Leadgen (1)/span_Reporting' is hovered

2018-03-29 15:18:45 - [TEST_STEP][PASSED] - delay: Delayed 1 second(s)

2018-03-29 15:18:46 - [MESSAGE][PASSED] - Delayed 1 second(s)

2018-03-29 15:18:46 - [TEST_STEP][PASSED] - click: Object: 'Object Repository/Page_- US Leadgen/a_Lead Details' is clicked on

2018-03-29 15:18:46 - [MESSAGE][PASSED] - Object: 'Object Repository/Page_- US Leadgen/a_Lead Details' is clicked on

2018-03-29 15:18:46 - [TEST_STEP][PASSED] - delay: Delayed 2 second(s)

2018-03-29 15:18:48 - [MESSAGE][PASSED] - Delayed 2 second(s)

2018-03-29 15:18:48 - [TEST_STEP][PASSED] - click: Object: 'Object Repository/Page_- US Leadgen/i_fa fa-angle-double-left' is clicked on

2018-03-29 15:18:48 - [MESSAGE][PASSED] - Object: 'Object Repository/Page_- US Leadgen/i_fa fa-angle-double-left' is clicked on

2018-03-29 15:18:48 - [TEST_STEP][PASSED] - delay: Delayed 2 second(s)

2018-03-29 15:18:50 - [MESSAGE][PASSED] - Delayed 2 second(s)

2018-03-29 15:18:50 - [TEST_STEP][PASSED] - click: Object: 'Object Repository/Page_- US Leadgen/em_Submit' is clicked on

2018-03-29 15:18:51 - [MESSAGE][PASSED] - Object: 'Object Repository/Page_- US Leadgen/em_Submit' is clicked on

2018-03-29 15:18:51 - [TEST_STEP][PASSED] - delay: Delayed 5 second(s)

2018-03-29 15:18:56 - [MESSAGE][PASSED] - Delayed 5 second(s)

2018-03-29 15:18:56 - [TEST_STEP][PASSED] - mouseOver: Object: 'Object Repository/Page_Home Page - US Leadgen (1)/span_Reporting' is hovered

2018-03-29 15:18:56 - [MESSAGE][PASSED] - Object: 'Object Repository/Page_Home Page - US Leadgen (1)/span_Reporting' is hovered

2018-03-29 15:18:56 - [TEST_STEP][PASSED] - delay: Delayed 1 second(s)

2018-03-29 15:18:57 - [MESSAGE][PASSED] - Delayed 1 second(s)

2018-03-29 15:18:57 - [TEST_STEP][PASSED] - click: Object: 'Object Repository/Page_- US Leadgen/a_Multi-Brand Details' is clicked on

2018-03-29 15:18:57 - [MESSAGE][PASSED] - Object: 'Object Repository/Page_- US Leadgen/a_Multi-Brand Details' is clicked on

2018-03-29 15:18:57 - [TEST_STEP][PASSED] - delay: Delayed 2 second(s)

2018-03-29 15:18:59 - [MESSAGE][PASSED] - Delayed 2 second(s)

2018-03-29 15:18:59 - [TEST_STEP][PASSED] - click: Object: 'Object Repository/Page_- US Leadgen/i_fa fa-angle-double-left' is clicked on

2018-03-29 15:18:59 - [MESSAGE][PASSED] - Object: 'Object Repository/Page_- US Leadgen/i_fa fa-angle-double-left' is clicked on

2018-03-29 15:18:59 - [TEST_STEP][PASSED] - delay: Delayed 3 second(s)

2018-03-29 15:19:02 - [MESSAGE][PASSED] - Delayed 3 second(s)

2018-03-29 15:19:02 - [TEST_STEP][PASSED] - click: Object: 'Object Repository/Page_- US Leadgen/em_Submit' is clicked on

2018-03-29 15:19:03 - [MESSAGE][PASSED] - Object: 'Object Repository/Page_- US Leadgen/em_Submit' is clicked on

2018-03-29 15:19:03 - [TEST_STEP][PASSED] - delay: Delayed 5 second(s)

2018-03-29 15:19:08 - [MESSAGE][PASSED] - Delayed 5 second(s)

2018-03-29 15:19:08 - [TEST_STEP][PASSED] - click: Object: 'Object Repository/Page_- US Leadgen/a_Dashboard' is clicked on

2018-03-29 15:19:08 - [MESSAGE][PASSED] - Object: 'Object Repository/Page_- US Leadgen/a_Dashboard' is clicked on]]></system-out>
         <system-err><![CDATA[]]></system-err>
      </testcase>
      <testcase name="Test Cases/Logging Out" classname="Test Cases/Logging Out" status="PASSED">
         <system-out><![CDATA[2018-03-29 15:19:08 - [TEST_CASE][PASSED] - Test Cases/Logging Out: Test Cases/Logging Out

2018-03-29 15:19:08 - [TEST_STEP][NOT_RUN] - openBrowser: NOT_RUN: openBrowser

2018-03-29 15:19:08 - [MESSAGE][NOT_RUN] - NOT_RUN: openBrowser

2018-03-29 15:19:08 - [TEST_STEP][NOT_RUN] - navigateToUrl: NOT_RUN: navigateToUrl

2018-03-29 15:19:08 - [MESSAGE][NOT_RUN] - NOT_RUN: navigateToUrl

2018-03-29 15:19:08 - [TEST_STEP][NOT_RUN] - maximizeWindow: NOT_RUN: maximizeWindow

2018-03-29 15:19:08 - [MESSAGE][NOT_RUN] - NOT_RUN: maximizeWindow

2018-03-29 15:19:08 - [TEST_STEP][NOT_RUN] - callTestCase: NOT_RUN: callTestCase

2018-03-29 15:19:08 - [MESSAGE][NOT_RUN] - NOT_RUN: callTestCase

2018-03-29 15:19:08 - [TEST_STEP][PASSED] - comment: Disabled for reasons. DO NOT ENABLE UNLESS I TELL YOU!

2018-03-29 15:19:08 - [TEST_STEP][PASSED] - mouseOver: Object: 'Object Repository/Page_Home Page - US Leadgen (1)/span_Account' is hovered

2018-03-29 15:19:08 - [MESSAGE][PASSED] - Object: 'Object Repository/Page_Home Page - US Leadgen (1)/span_Account' is hovered

2018-03-29 15:19:08 - [TEST_STEP][PASSED] - delay: Delayed 1 second(s)

2018-03-29 15:19:09 - [MESSAGE][PASSED] - Delayed 1 second(s)

2018-03-29 15:19:09 - [TEST_STEP][PASSED] - click: Object: 'Object Repository/Page_Home Page - US Leadgen (2)/span_Sign Out' is clicked on

2018-03-29 15:19:10 - [MESSAGE][PASSED] - Object: 'Object Repository/Page_Home Page - US Leadgen (2)/span_Sign Out' is clicked on]]></system-out>
         <system-err><![CDATA[]]></system-err>
      </testcase>
      <testcase name="Test Cases/Regression - Logging in and Logging out" classname="Test Cases/Regression - Logging in and Logging out" status="PASSED">
         <system-out><![CDATA[2018-03-29 15:19:10 - [TEST_CASE][PASSED] - Test Cases/Regression - Logging in and Logging out: Test Cases/Regression - Logging in and Logging out

2018-03-29 15:19:10 - [TEST_STEP][PASSED] - openBrowser: Browser is opened with url: ''

2018-03-29 15:19:10 - [MESSAGE][WARNING] - A browser is already opened. Closing browser and opening a new one

2018-03-29 15:19:12 - [MESSAGE][PASSED] - Browser is opened with url: ''

2018-03-29 15:19:12 - [TEST_STEP][PASSED] - navigateToUrl: Navigate to 'https://us-dev.gmli2.bluewatertech.host' successfully

2018-03-29 15:19:13 - [MESSAGE][PASSED] - Navigate to 'https://us-dev.gmli2.bluewatertech.host' successfully

2018-03-29 15:19:13 - [TEST_STEP][PASSED] - maximizeWindow: Current window maximized

2018-03-29 15:19:15 - [MESSAGE][PASSED] - Current window maximized

2018-03-29 15:19:15 - [TEST_STEP][PASSED] - delay: Delayed 2 second(s)

2018-03-29 15:19:17 - [MESSAGE][PASSED] - Delayed 2 second(s)

2018-03-29 15:19:17 - [TEST_STEP][PASSED] - mouseOver: Object: 'Object Repository/Page_Home Page - US Leadgen/a_Sign In' is hovered

2018-03-29 15:19:17 - [MESSAGE][PASSED] - Object: 'Object Repository/Page_Home Page - US Leadgen/a_Sign In' is hovered

2018-03-29 15:19:17 - [TEST_STEP][PASSED] - click: Object: 'Object Repository/Page_Home Page - US Leadgen/a_Sign In' is clicked on

2018-03-29 15:19:17 - [MESSAGE][PASSED] - Object: 'Object Repository/Page_Home Page - US Leadgen/a_Sign In' is clicked on

2018-03-29 15:19:17 - [TEST_STEP][PASSED] - delay: Delayed 2 second(s)

2018-03-29 15:19:19 - [MESSAGE][PASSED] - Delayed 2 second(s)

2018-03-29 15:19:19 - [TEST_STEP][PASSED] - setText: Text 'jwaryas@bluewatertech.com' is set on object 'Object Repository/Page_Log in - US Leadgen/input_Email'

2018-03-29 15:19:19 - [MESSAGE][PASSED] - Text 'jwaryas@bluewatertech.com' is set on object 'Object Repository/Page_Log in - US Leadgen/input_Email'

2018-03-29 15:19:19 - [TEST_STEP][PASSED] - setText: Text 'Droop420!' is set on object 'Object Repository/Page_Log in - US Leadgen/input_Password'

2018-03-29 15:19:19 - [MESSAGE][PASSED] - Text 'Droop420!' is set on object 'Object Repository/Page_Log in - US Leadgen/input_Password'

2018-03-29 15:19:19 - [TEST_STEP][PASSED] - delay: Delayed 2 second(s)

2018-03-29 15:19:21 - [MESSAGE][PASSED] - Delayed 2 second(s)

2018-03-29 15:19:21 - [TEST_STEP][PASSED] - click: Object: 'Object Repository/Page_Log in - US Leadgen/input_btn btn-default' is clicked on

2018-03-29 15:19:22 - [MESSAGE][PASSED] - Object: 'Object Repository/Page_Log in - US Leadgen/input_btn btn-default' is clicked on

2018-03-29 15:19:22 - [TEST_STEP][PASSED] - delay: Delayed 2 second(s)

2018-03-29 15:19:24 - [MESSAGE][PASSED] - Delayed 2 second(s)

2018-03-29 15:19:24 - [TEST_STEP][PASSED] - mouseOver: Object: 'Object Repository/Page_Home Page - US Leadgen (1)/span_Account' is hovered

2018-03-29 15:19:24 - [MESSAGE][PASSED] - Object: 'Object Repository/Page_Home Page - US Leadgen (1)/span_Account' is hovered

2018-03-29 15:19:24 - [TEST_STEP][PASSED] - delay: Delayed 2 second(s)

2018-03-29 15:19:26 - [MESSAGE][PASSED] - Delayed 2 second(s)

2018-03-29 15:19:26 - [TEST_STEP][PASSED] - click: Object: 'Object Repository/Page_Home Page - US Leadgen (2)/span_Sign Out' is clicked on

2018-03-29 15:19:26 - [MESSAGE][PASSED] - Object: 'Object Repository/Page_Home Page - US Leadgen (2)/span_Sign Out' is clicked on

2018-03-29 15:19:26 - [TEST_STEP][PASSED] - delay: Delayed 2 second(s)

2018-03-29 15:19:28 - [MESSAGE][PASSED] - Delayed 2 second(s)

2018-03-29 15:19:28 - [TEST_STEP][PASSED] - mouseOver: Object: 'Object Repository/Page_Home Page - US Leadgen/a_Sign In' is hovered

2018-03-29 15:19:28 - [MESSAGE][PASSED] - Object: 'Object Repository/Page_Home Page - US Leadgen/a_Sign In' is hovered

2018-03-29 15:19:28 - [TEST_STEP][PASSED] - click: Object: 'Object Repository/Page_Home Page - US Leadgen/a_Sign In' is clicked on

2018-03-29 15:19:29 - [MESSAGE][PASSED] - Object: 'Object Repository/Page_Home Page - US Leadgen/a_Sign In' is clicked on

2018-03-29 15:19:29 - [TEST_STEP][PASSED] - delay: Delayed 2 second(s)

2018-03-29 15:19:31 - [MESSAGE][PASSED] - Delayed 2 second(s)

2018-03-29 15:19:31 - [TEST_STEP][PASSED] - setText: Text 'jwaryas@bluewatertech.com' is set on object 'Object Repository/Page_Log in - US Leadgen/input_Email'

2018-03-29 15:19:31 - [MESSAGE][PASSED] - Text 'jwaryas@bluewatertech.com' is set on object 'Object Repository/Page_Log in - US Leadgen/input_Email'

2018-03-29 15:19:31 - [TEST_STEP][PASSED] - setText: Text 'Droop420!' is set on object 'Object Repository/Page_Log in - US Leadgen/input_Password'

2018-03-29 15:19:31 - [MESSAGE][PASSED] - Text 'Droop420!' is set on object 'Object Repository/Page_Log in - US Leadgen/input_Password'

2018-03-29 15:19:31 - [TEST_STEP][PASSED] - delay: Delayed 2 second(s)

2018-03-29 15:19:33 - [MESSAGE][PASSED] - Delayed 2 second(s)

2018-03-29 15:19:33 - [TEST_STEP][PASSED] - click: Object: 'Object Repository/Page_Log in - US Leadgen/input_btn btn-default' is clicked on

2018-03-29 15:19:33 - [MESSAGE][PASSED] - Object: 'Object Repository/Page_Log in - US Leadgen/input_btn btn-default' is clicked on

2018-03-29 15:19:33 - [TEST_STEP][PASSED] - delay: Delayed 2 second(s)

2018-03-29 15:19:35 - [MESSAGE][PASSED] - Delayed 2 second(s)

2018-03-29 15:19:35 - [TEST_STEP][PASSED] - mouseOver: Object: 'Object Repository/Page_Home Page - US Leadgen (1)/span_Account' is hovered

2018-03-29 15:19:35 - [MESSAGE][PASSED] - Object: 'Object Repository/Page_Home Page - US Leadgen (1)/span_Account' is hovered

2018-03-29 15:19:35 - [TEST_STEP][PASSED] - delay: Delayed 2 second(s)

2018-03-29 15:19:37 - [MESSAGE][PASSED] - Delayed 2 second(s)

2018-03-29 15:19:37 - [TEST_STEP][PASSED] - click: Object: 'Object Repository/Page_Home Page - US Leadgen (2)/span_Sign Out' is clicked on

2018-03-29 15:19:38 - [MESSAGE][PASSED] - Object: 'Object Repository/Page_Home Page - US Leadgen (2)/span_Sign Out' is clicked on

2018-03-29 15:19:38 - [TEST_STEP][PASSED] - delay: Delayed 2 second(s)

2018-03-29 15:19:40 - [MESSAGE][PASSED] - Delayed 2 second(s)

2018-03-29 15:19:40 - [TEST_STEP][PASSED] - mouseOver: Object: 'Object Repository/Page_Home Page - US Leadgen/a_Sign In' is hovered

2018-03-29 15:19:40 - [MESSAGE][PASSED] - Object: 'Object Repository/Page_Home Page - US Leadgen/a_Sign In' is hovered

2018-03-29 15:19:40 - [TEST_STEP][PASSED] - click: Object: 'Object Repository/Page_Home Page - US Leadgen/a_Sign In' is clicked on

2018-03-29 15:19:40 - [MESSAGE][PASSED] - Object: 'Object Repository/Page_Home Page - US Leadgen/a_Sign In' is clicked on

2018-03-29 15:19:40 - [TEST_STEP][PASSED] - delay: Delayed 2 second(s)

2018-03-29 15:19:42 - [MESSAGE][PASSED] - Delayed 2 second(s)

2018-03-29 15:19:42 - [TEST_STEP][PASSED] - setText: Text 'jwaryas@bluewatertech.com' is set on object 'Object Repository/Page_Log in - US Leadgen/input_Email'

2018-03-29 15:19:42 - [MESSAGE][PASSED] - Text 'jwaryas@bluewatertech.com' is set on object 'Object Repository/Page_Log in - US Leadgen/input_Email'

2018-03-29 15:19:42 - [TEST_STEP][PASSED] - setText: Text 'Droop420!' is set on object 'Object Repository/Page_Log in - US Leadgen/input_Password'

2018-03-29 15:19:42 - [MESSAGE][PASSED] - Text 'Droop420!' is set on object 'Object Repository/Page_Log in - US Leadgen/input_Password'

2018-03-29 15:19:42 - [TEST_STEP][PASSED] - delay: Delayed 2 second(s)

2018-03-29 15:19:44 - [MESSAGE][PASSED] - Delayed 2 second(s)

2018-03-29 15:19:44 - [TEST_STEP][PASSED] - click: Object: 'Object Repository/Page_Log in - US Leadgen/input_btn btn-default' is clicked on

2018-03-29 15:19:44 - [MESSAGE][PASSED] - Object: 'Object Repository/Page_Log in - US Leadgen/input_btn btn-default' is clicked on

2018-03-29 15:19:44 - [TEST_STEP][PASSED] - delay: Delayed 2 second(s)

2018-03-29 15:19:46 - [MESSAGE][PASSED] - Delayed 2 second(s)

2018-03-29 15:19:46 - [TEST_STEP][PASSED] - mouseOver: Object: 'Object Repository/Page_Home Page - US Leadgen (1)/span_Account' is hovered

2018-03-29 15:19:46 - [MESSAGE][PASSED] - Object: 'Object Repository/Page_Home Page - US Leadgen (1)/span_Account' is hovered

2018-03-29 15:19:46 - [TEST_STEP][PASSED] - delay: Delayed 2 second(s)

2018-03-29 15:19:48 - [MESSAGE][PASSED] - Delayed 2 second(s)

2018-03-29 15:19:48 - [TEST_STEP][PASSED] - click: Object: 'Object Repository/Page_Home Page - US Leadgen (2)/span_Sign Out' is clicked on

2018-03-29 15:19:49 - [MESSAGE][PASSED] - Object: 'Object Repository/Page_Home Page - US Leadgen (2)/span_Sign Out' is clicked on

2018-03-29 15:19:49 - [TEST_STEP][PASSED] - delay: Delayed 2 second(s)

2018-03-29 15:19:51 - [MESSAGE][PASSED] - Delayed 2 second(s)

2018-03-29 15:19:51 - [TEST_STEP][PASSED] - mouseOver: Object: 'Object Repository/Page_Home Page - US Leadgen/a_Sign In' is hovered

2018-03-29 15:19:51 - [MESSAGE][PASSED] - Object: 'Object Repository/Page_Home Page - US Leadgen/a_Sign In' is hovered

2018-03-29 15:19:51 - [TEST_STEP][PASSED] - click: Object: 'Object Repository/Page_Home Page - US Leadgen/a_Sign In' is clicked on

2018-03-29 15:19:51 - [MESSAGE][PASSED] - Object: 'Object Repository/Page_Home Page - US Leadgen/a_Sign In' is clicked on

2018-03-29 15:19:51 - [TEST_STEP][PASSED] - delay: Delayed 2 second(s)

2018-03-29 15:19:53 - [MESSAGE][PASSED] - Delayed 2 second(s)

2018-03-29 15:19:53 - [TEST_STEP][PASSED] - setText: Text 'jwaryas@bluewatertech.com' is set on object 'Object Repository/Page_Log in - US Leadgen/input_Email'

2018-03-29 15:19:53 - [MESSAGE][PASSED] - Text 'jwaryas@bluewatertech.com' is set on object 'Object Repository/Page_Log in - US Leadgen/input_Email'

2018-03-29 15:19:53 - [TEST_STEP][PASSED] - setText: Text 'Droop420!' is set on object 'Object Repository/Page_Log in - US Leadgen/input_Password'

2018-03-29 15:19:53 - [MESSAGE][PASSED] - Text 'Droop420!' is set on object 'Object Repository/Page_Log in - US Leadgen/input_Password'

2018-03-29 15:19:53 - [TEST_STEP][PASSED] - delay: Delayed 2 second(s)

2018-03-29 15:19:55 - [MESSAGE][PASSED] - Delayed 2 second(s)

2018-03-29 15:19:55 - [TEST_STEP][PASSED] - click: Object: 'Object Repository/Page_Log in - US Leadgen/input_btn btn-default' is clicked on

2018-03-29 15:19:56 - [MESSAGE][PASSED] - Object: 'Object Repository/Page_Log in - US Leadgen/input_btn btn-default' is clicked on

2018-03-29 15:19:56 - [TEST_STEP][PASSED] - delay: Delayed 2 second(s)

2018-03-29 15:19:58 - [MESSAGE][PASSED] - Delayed 2 second(s)

2018-03-29 15:19:58 - [TEST_STEP][PASSED] - mouseOver: Object: 'Object Repository/Page_Home Page - US Leadgen (1)/span_Account' is hovered

2018-03-29 15:19:58 - [MESSAGE][PASSED] - Object: 'Object Repository/Page_Home Page - US Leadgen (1)/span_Account' is hovered

2018-03-29 15:19:58 - [TEST_STEP][PASSED] - delay: Delayed 2 second(s)

2018-03-29 15:20:00 - [MESSAGE][PASSED] - Delayed 2 second(s)

2018-03-29 15:20:00 - [TEST_STEP][PASSED] - click: Object: 'Object Repository/Page_Home Page - US Leadgen (2)/span_Sign Out' is clicked on

2018-03-29 15:20:00 - [MESSAGE][PASSED] - Object: 'Object Repository/Page_Home Page - US Leadgen (2)/span_Sign Out' is clicked on

2018-03-29 15:20:00 - [TEST_STEP][PASSED] - delay: Delayed 2 second(s)

2018-03-29 15:20:02 - [MESSAGE][PASSED] - Delayed 2 second(s)

2018-03-29 15:20:02 - [TEST_STEP][PASSED] - mouseOver: Object: 'Object Repository/Page_Home Page - US Leadgen/a_Sign In' is hovered

2018-03-29 15:20:02 - [MESSAGE][PASSED] - Object: 'Object Repository/Page_Home Page - US Leadgen/a_Sign In' is hovered

2018-03-29 15:20:02 - [TEST_STEP][PASSED] - click: Object: 'Object Repository/Page_Home Page - US Leadgen/a_Sign In' is clicked on

2018-03-29 15:20:02 - [MESSAGE][PASSED] - Object: 'Object Repository/Page_Home Page - US Leadgen/a_Sign In' is clicked on

2018-03-29 15:20:02 - [TEST_STEP][PASSED] - delay: Delayed 2 second(s)

2018-03-29 15:20:04 - [MESSAGE][PASSED] - Delayed 2 second(s)

2018-03-29 15:20:04 - [TEST_STEP][PASSED] - setText: Text 'jwaryas@bluewatertech.com' is set on object 'Object Repository/Page_Log in - US Leadgen/input_Email'

2018-03-29 15:20:04 - [MESSAGE][PASSED] - Text 'jwaryas@bluewatertech.com' is set on object 'Object Repository/Page_Log in - US Leadgen/input_Email'

2018-03-29 15:20:04 - [TEST_STEP][PASSED] - setText: Text 'Droop420!' is set on object 'Object Repository/Page_Log in - US Leadgen/input_Password'

2018-03-29 15:20:05 - [MESSAGE][PASSED] - Text 'Droop420!' is set on object 'Object Repository/Page_Log in - US Leadgen/input_Password'

2018-03-29 15:20:05 - [TEST_STEP][PASSED] - delay: Delayed 2 second(s)

2018-03-29 15:20:07 - [MESSAGE][PASSED] - Delayed 2 second(s)

2018-03-29 15:20:07 - [TEST_STEP][PASSED] - click: Object: 'Object Repository/Page_Log in - US Leadgen/input_btn btn-default' is clicked on

2018-03-29 15:20:07 - [MESSAGE][PASSED] - Object: 'Object Repository/Page_Log in - US Leadgen/input_btn btn-default' is clicked on

2018-03-29 15:20:07 - [TEST_STEP][PASSED] - delay: Delayed 2 second(s)

2018-03-29 15:20:09 - [MESSAGE][PASSED] - Delayed 2 second(s)

2018-03-29 15:20:09 - [TEST_STEP][PASSED] - mouseOver: Object: 'Object Repository/Page_Home Page - US Leadgen (1)/span_Account' is hovered

2018-03-29 15:20:09 - [MESSAGE][PASSED] - Object: 'Object Repository/Page_Home Page - US Leadgen (1)/span_Account' is hovered

2018-03-29 15:20:09 - [TEST_STEP][PASSED] - delay: Delayed 2 second(s)

2018-03-29 15:20:11 - [MESSAGE][PASSED] - Delayed 2 second(s)

2018-03-29 15:20:11 - [TEST_STEP][PASSED] - click: Object: 'Object Repository/Page_Home Page - US Leadgen (2)/span_Sign Out' is clicked on

2018-03-29 15:20:11 - [MESSAGE][PASSED] - Object: 'Object Repository/Page_Home Page - US Leadgen (2)/span_Sign Out' is clicked on

2018-03-29 15:20:11 - [TEST_STEP][PASSED] - delay: Delayed 2 second(s)

2018-03-29 15:20:13 - [MESSAGE][PASSED] - Delayed 2 second(s)

2018-03-29 15:20:13 - [TEST_STEP][PASSED] - mouseOver: Object: 'Object Repository/Page_Home Page - US Leadgen/a_Sign In' is hovered

2018-03-29 15:20:13 - [MESSAGE][PASSED] - Object: 'Object Repository/Page_Home Page - US Leadgen/a_Sign In' is hovered

2018-03-29 15:20:13 - [TEST_STEP][PASSED] - click: Object: 'Object Repository/Page_Home Page - US Leadgen/a_Sign In' is clicked on

2018-03-29 15:20:14 - [MESSAGE][PASSED] - Object: 'Object Repository/Page_Home Page - US Leadgen/a_Sign In' is clicked on

2018-03-29 15:20:14 - [TEST_STEP][PASSED] - delay: Delayed 2 second(s)

2018-03-29 15:20:16 - [MESSAGE][PASSED] - Delayed 2 second(s)

2018-03-29 15:20:16 - [TEST_STEP][PASSED] - setText: Text 'jwaryas@bluewatertech.com' is set on object 'Object Repository/Page_Log in - US Leadgen/input_Email'

2018-03-29 15:20:16 - [MESSAGE][PASSED] - Text 'jwaryas@bluewatertech.com' is set on object 'Object Repository/Page_Log in - US Leadgen/input_Email'

2018-03-29 15:20:16 - [TEST_STEP][PASSED] - setText: Text 'Droop420!' is set on object 'Object Repository/Page_Log in - US Leadgen/input_Password'

2018-03-29 15:20:16 - [MESSAGE][PASSED] - Text 'Droop420!' is set on object 'Object Repository/Page_Log in - US Leadgen/input_Password'

2018-03-29 15:20:16 - [TEST_STEP][PASSED] - delay: Delayed 2 second(s)

2018-03-29 15:20:18 - [MESSAGE][PASSED] - Delayed 2 second(s)

2018-03-29 15:20:18 - [TEST_STEP][PASSED] - click: Object: 'Object Repository/Page_Log in - US Leadgen/input_btn btn-default' is clicked on

2018-03-29 15:20:18 - [MESSAGE][PASSED] - Object: 'Object Repository/Page_Log in - US Leadgen/input_btn btn-default' is clicked on

2018-03-29 15:20:18 - [TEST_STEP][PASSED] - delay: Delayed 2 second(s)

2018-03-29 15:20:20 - [MESSAGE][PASSED] - Delayed 2 second(s)

2018-03-29 15:20:20 - [TEST_STEP][PASSED] - mouseOver: Object: 'Object Repository/Page_Home Page - US Leadgen (1)/span_Account' is hovered

2018-03-29 15:20:20 - [MESSAGE][PASSED] - Object: 'Object Repository/Page_Home Page - US Leadgen (1)/span_Account' is hovered

2018-03-29 15:20:20 - [TEST_STEP][PASSED] - delay: Delayed 2 second(s)

2018-03-29 15:20:22 - [MESSAGE][PASSED] - Delayed 2 second(s)

2018-03-29 15:20:22 - [TEST_STEP][PASSED] - click: Object: 'Object Repository/Page_Home Page - US Leadgen (2)/span_Sign Out' is clicked on

2018-03-29 15:20:23 - [MESSAGE][PASSED] - Object: 'Object Repository/Page_Home Page - US Leadgen (2)/span_Sign Out' is clicked on

2018-03-29 15:20:23 - [TEST_STEP][PASSED] - delay: Delayed 2 second(s)

2018-03-29 15:20:25 - [MESSAGE][PASSED] - Delayed 2 second(s)

2018-03-29 15:20:25 - [TEST_STEP][PASSED] - mouseOver: Object: 'Object Repository/Page_Home Page - US Leadgen/a_Sign In' is hovered

2018-03-29 15:20:25 - [MESSAGE][PASSED] - Object: 'Object Repository/Page_Home Page - US Leadgen/a_Sign In' is hovered

2018-03-29 15:20:25 - [TEST_STEP][PASSED] - click: Object: 'Object Repository/Page_Home Page - US Leadgen/a_Sign In' is clicked on

2018-03-29 15:20:25 - [MESSAGE][PASSED] - Object: 'Object Repository/Page_Home Page - US Leadgen/a_Sign In' is clicked on

2018-03-29 15:20:25 - [TEST_STEP][PASSED] - delay: Delayed 2 second(s)

2018-03-29 15:20:27 - [MESSAGE][PASSED] - Delayed 2 second(s)

2018-03-29 15:20:27 - [TEST_STEP][PASSED] - setText: Text 'jwaryas@bluewatertech.com' is set on object 'Object Repository/Page_Log in - US Leadgen/input_Email'

2018-03-29 15:20:27 - [MESSAGE][PASSED] - Text 'jwaryas@bluewatertech.com' is set on object 'Object Repository/Page_Log in - US Leadgen/input_Email'

2018-03-29 15:20:27 - [TEST_STEP][PASSED] - setText: Text 'Droop420!' is set on object 'Object Repository/Page_Log in - US Leadgen/input_Password'

2018-03-29 15:20:27 - [MESSAGE][PASSED] - Text 'Droop420!' is set on object 'Object Repository/Page_Log in - US Leadgen/input_Password'

2018-03-29 15:20:27 - [TEST_STEP][PASSED] - delay: Delayed 2 second(s)

2018-03-29 15:20:29 - [MESSAGE][PASSED] - Delayed 2 second(s)

2018-03-29 15:20:29 - [TEST_STEP][PASSED] - click: Object: 'Object Repository/Page_Log in - US Leadgen/input_btn btn-default' is clicked on

2018-03-29 15:20:30 - [MESSAGE][PASSED] - Object: 'Object Repository/Page_Log in - US Leadgen/input_btn btn-default' is clicked on

2018-03-29 15:20:30 - [TEST_STEP][PASSED] - delay: Delayed 2 second(s)

2018-03-29 15:20:32 - [MESSAGE][PASSED] - Delayed 2 second(s)

2018-03-29 15:20:32 - [TEST_STEP][PASSED] - mouseOver: Object: 'Object Repository/Page_Home Page - US Leadgen (1)/span_Account' is hovered

2018-03-29 15:20:32 - [MESSAGE][PASSED] - Object: 'Object Repository/Page_Home Page - US Leadgen (1)/span_Account' is hovered

2018-03-29 15:20:32 - [TEST_STEP][PASSED] - delay: Delayed 2 second(s)

2018-03-29 15:20:34 - [MESSAGE][PASSED] - Delayed 2 second(s)

2018-03-29 15:20:34 - [TEST_STEP][PASSED] - click: Object: 'Object Repository/Page_Home Page - US Leadgen (2)/span_Sign Out' is clicked on

2018-03-29 15:20:34 - [MESSAGE][PASSED] - Object: 'Object Repository/Page_Home Page - US Leadgen (2)/span_Sign Out' is clicked on

2018-03-29 15:20:34 - [TEST_STEP][PASSED] - delay: Delayed 2 second(s)

2018-03-29 15:20:36 - [MESSAGE][PASSED] - Delayed 2 second(s)

2018-03-29 15:20:36 - [TEST_STEP][PASSED] - mouseOver: Object: 'Object Repository/Page_Home Page - US Leadgen/a_Sign In' is hovered

2018-03-29 15:20:36 - [MESSAGE][PASSED] - Object: 'Object Repository/Page_Home Page - US Leadgen/a_Sign In' is hovered

2018-03-29 15:20:36 - [TEST_STEP][PASSED] - click: Object: 'Object Repository/Page_Home Page - US Leadgen/a_Sign In' is clicked on

2018-03-29 15:20:36 - [MESSAGE][PASSED] - Object: 'Object Repository/Page_Home Page - US Leadgen/a_Sign In' is clicked on

2018-03-29 15:20:36 - [TEST_STEP][PASSED] - delay: Delayed 2 second(s)

2018-03-29 15:20:38 - [MESSAGE][PASSED] - Delayed 2 second(s)

2018-03-29 15:20:38 - [TEST_STEP][PASSED] - setText: Text 'jwaryas@bluewatertech.com' is set on object 'Object Repository/Page_Log in - US Leadgen/input_Email'

2018-03-29 15:20:38 - [MESSAGE][PASSED] - Text 'jwaryas@bluewatertech.com' is set on object 'Object Repository/Page_Log in - US Leadgen/input_Email'

2018-03-29 15:20:38 - [TEST_STEP][PASSED] - setText: Text 'Droop420!' is set on object 'Object Repository/Page_Log in - US Leadgen/input_Password'

2018-03-29 15:20:39 - [MESSAGE][PASSED] - Text 'Droop420!' is set on object 'Object Repository/Page_Log in - US Leadgen/input_Password'

2018-03-29 15:20:39 - [TEST_STEP][PASSED] - delay: Delayed 2 second(s)

2018-03-29 15:20:41 - [MESSAGE][PASSED] - Delayed 2 second(s)

2018-03-29 15:20:41 - [TEST_STEP][PASSED] - click: Object: 'Object Repository/Page_Log in - US Leadgen/input_btn btn-default' is clicked on

2018-03-29 15:20:41 - [MESSAGE][PASSED] - Object: 'Object Repository/Page_Log in - US Leadgen/input_btn btn-default' is clicked on

2018-03-29 15:20:41 - [TEST_STEP][PASSED] - delay: Delayed 2 second(s)

2018-03-29 15:20:43 - [MESSAGE][PASSED] - Delayed 2 second(s)

2018-03-29 15:20:43 - [TEST_STEP][PASSED] - mouseOver: Object: 'Object Repository/Page_Home Page - US Leadgen (1)/span_Account' is hovered

2018-03-29 15:20:43 - [MESSAGE][PASSED] - Object: 'Object Repository/Page_Home Page - US Leadgen (1)/span_Account' is hovered

2018-03-29 15:20:43 - [TEST_STEP][PASSED] - delay: Delayed 2 second(s)

2018-03-29 15:20:45 - [MESSAGE][PASSED] - Delayed 2 second(s)

2018-03-29 15:20:45 - [TEST_STEP][PASSED] - click: Object: 'Object Repository/Page_Home Page - US Leadgen (2)/span_Sign Out' is clicked on

2018-03-29 15:20:45 - [MESSAGE][PASSED] - Object: 'Object Repository/Page_Home Page - US Leadgen (2)/span_Sign Out' is clicked on

2018-03-29 15:20:45 - [TEST_STEP][PASSED] - closeBrowser: Browser is closed

2018-03-29 15:20:46 - [MESSAGE][PASSED] - Browser is closed]]></system-out>
         <system-err><![CDATA[]]></system-err>
      </testcase>
      <system-out><![CDATA[2018-03-29 15:16:49 - [TEST_SUITE][PASSED] - GM- Reporting tool suite: Test Cases/Regression - Logging in and Logging out]]></system-out>
      <system-err><![CDATA[]]></system-err>
   </testsuite>
</testsuites>
