<?xml version="1.0" encoding="UTF-8"?>
<testsuites name="GM-Staging Reporting Tool Suite" time="422" tests="3" failures="1" errors="0">
   <testsuite name="GM-Staging Reporting Tool Suite" tests="3" failures="1" errors="0" time="422" timestamp="2018-05-03 15:39:35" hostname="Not OSX - 10.2.38.24" id="Test Suites/GM-Staging Reporting Tool Suite">
      <properties>
         <property name="deviceName" value=""/>
         <property name="devicePlatform" value=""/>
         <property name="logFolder" value="D:\\Projects\\Katalon Studio\\GM-US_Lead_Gen_Reporting_Tool\\Reports\\GM-Staging Reporting Tool Suite\\20180503_153934"/>
         <property name="logFiles" value="D:\\Projects\\Katalon Studio\\GM-US_Lead_Gen_Reporting_Tool\\Reports\\GM-Staging Reporting Tool Suite\\20180503_153934\\execution0.log"/>
         <property name="attachments" value=""/>
         <property name="hostName" value="Not OSX - 10.2.38.24"/>
         <property name="os" value="Windows 7 64bit"/>
         <property name="katalonVersion" value="5.4.1.1"/>
         <property name="browser" value="Chrome 66.0.3359.139"/>
         <property name="hostAddress" value="10.2.38.24"/>
         <property name="sessionId" value="488e0d74e3201718c97108213d4cce63"/>
         <property name="seleniumVersion" value="3.7.1"/>
         <property name="proxyInformation" value="ProxyInformation{proxyOption=NO_PROXY, proxyServerType=HTTP, password=, proxyServerAddress=, proxyServerPort=0}"/>
         <property name="platform" value="Windows 7"/>
      </properties>
      <testcase name="Test Cases/Staging Server-Browser Start" classname="Test Cases/Staging Server-Browser Start" status="PASSED">
         <system-out><![CDATA[2018-05-03 15:39:36 - [TEST_CASE][PASSED] - Test Cases/Staging Server-Browser Start: Test Cases/Staging Server-Browser Start

2018-05-03 15:39:36 - [TEST_STEP][PASSED] - openBrowser: Browser is opened with url: ''

2018-05-03 15:39:42 - [MESSAGE][PASSED] - Browser is opened with url: ''

2018-05-03 15:39:42 - [TEST_STEP][PASSED] - maximizeWindow: Current window maximized

2018-05-03 15:39:46 - [MESSAGE][PASSED] - Current window maximized

2018-05-03 15:39:46 - [TEST_STEP][PASSED] - navigateToUrl: Navigate to 'https://us-stage.gmli2.bluewatertech.host' successfully

2018-05-03 15:39:52 - [MESSAGE][PASSED] - Navigate to 'https://us-stage.gmli2.bluewatertech.host' successfully

2018-05-03 15:39:52 - [TEST_STEP][PASSED] - delay: Delayed 5 second(s)

2018-05-03 15:39:57 - [MESSAGE][PASSED] - Delayed 5 second(s)

2018-05-03 15:39:57 - [TEST_STEP][PASSED] - comment: Use this test script to open and navigate to the website needed. This all can be edited for other websites too.]]></system-out>
         <system-err><![CDATA[]]></system-err>
      </testcase>
      <testcase name="Test Cases/Logging In" classname="Test Cases/Logging In" status="PASSED">
         <system-out><![CDATA[2018-05-03 15:39:57 - [TEST_CASE][PASSED] - Test Cases/Logging In: Test Cases/Logging In

2018-05-03 15:39:57 - [TEST_STEP][NOT_RUN] - openBrowser: NOT_RUN: openBrowser

2018-05-03 15:39:58 - [MESSAGE][NOT_RUN] - NOT_RUN: openBrowser

2018-05-03 15:39:58 - [TEST_STEP][NOT_RUN] - delay: NOT_RUN: delay

2018-05-03 15:39:58 - [MESSAGE][NOT_RUN] - NOT_RUN: delay

2018-05-03 15:39:58 - [TEST_STEP][NOT_RUN] - maximizeWindow: NOT_RUN: maximizeWindow

2018-05-03 15:39:58 - [MESSAGE][NOT_RUN] - NOT_RUN: maximizeWindow

2018-05-03 15:39:58 - [TEST_STEP][NOT_RUN] - navigateToUrl: NOT_RUN: navigateToUrl

2018-05-03 15:39:58 - [MESSAGE][NOT_RUN] - NOT_RUN: navigateToUrl

2018-05-03 15:39:58 - [TEST_STEP][PASSED] - comment: Diabled for a reason. If you want to just run this test case enable then disable once you are done.

2018-05-03 15:39:58 - [TEST_STEP][PASSED] - delay: Delayed 2 second(s)

2018-05-03 15:40:00 - [MESSAGE][PASSED] - Delayed 2 second(s)

2018-05-03 15:40:00 - [TEST_STEP][PASSED] - click: Object: 'Object Repository/Page_Home Page - US Leadgen/a_Sign In' is clicked on

2018-05-03 15:40:04 - [MESSAGE][PASSED] - Object: 'Object Repository/Page_Home Page - US Leadgen/a_Sign In' is clicked on

2018-05-03 15:40:04 - [TEST_STEP][PASSED] - comment: Once this is selected the user can sign in

2018-05-03 15:40:04 - [TEST_STEP][PASSED] - setText: Text 'jwaryas@bluewatertech.com' is set on object 'Object Repository/Page_Log in - US Leadgen/input_Email'

2018-05-03 15:40:12 - [MESSAGE][PASSED] - Text 'jwaryas@bluewatertech.com' is set on object 'Object Repository/Page_Log in - US Leadgen/input_Email'

2018-05-03 15:40:12 - [TEST_STEP][PASSED] - delay: Delayed 1 second(s)

2018-05-03 15:40:13 - [MESSAGE][PASSED] - Delayed 1 second(s)

2018-05-03 15:40:13 - [TEST_STEP][PASSED] - setText: Text 'Droop420!' is set on object 'Object Repository/Page_Log in - US Leadgen/input_Password'

2018-05-03 15:40:21 - [MESSAGE][PASSED] - Text 'Droop420!' is set on object 'Object Repository/Page_Log in - US Leadgen/input_Password'

2018-05-03 15:40:21 - [TEST_STEP][PASSED] - delay: Delayed 1 second(s)

2018-05-03 15:40:22 - [MESSAGE][PASSED] - Delayed 1 second(s)

2018-05-03 15:40:22 - [TEST_STEP][PASSED] - click: Object: 'Object Repository/Page_Log in - US Leadgen/input_btn btn-default' is clicked on

2018-05-03 15:40:27 - [MESSAGE][PASSED] - Object: 'Object Repository/Page_Log in - US Leadgen/input_btn btn-default' is clicked on]]></system-out>
         <system-err><![CDATA[]]></system-err>
      </testcase>
      <testcase name="Test Cases/Button Pushes" classname="Test Cases/Button Pushes" status="FAILED">
         <failure type="FAILED" message="Unable to click on object 'Object Repository/Page_- US Leadgen/a_The Purginator' (Root cause: com.kms.katalon.core.webui.exception.WebElementNotFoundException: Web element with id: 'Object Repository/Page_- US Leadgen/a_The Purginator' located by 'By.xpath: //a[@href = '/PurgeData' and (text() = 'The Purginator' or . = 'The Purginator')]' not found)"/>
         <system-out><![CDATA[2018-05-03 15:40:27 - [TEST_CASE][FAILED] - Test Cases/Button Pushes: Test Cases/Button Pushes FAILED because (of) Unable to click on object 'Object Repository/Page_- US Leadgen/a_The Purginator' (Root cause: com.kms.katalon.core.webui.exception.WebElementNotFoundException: Web element with id: 'Object Repository/Page_- US Leadgen/a_The Purginator' located by 'By.xpath: //a[@href = '/PurgeData' and (text() = 'The Purginator' or . = 'The Purginator')]' not found)

2018-05-03 15:40:27 - [TEST_STEP][NOT_RUN] - openBrowser: NOT_RUN: openBrowser

2018-05-03 15:40:27 - [MESSAGE][NOT_RUN] - NOT_RUN: openBrowser

2018-05-03 15:40:27 - [TEST_STEP][NOT_RUN] - navigateToUrl: NOT_RUN: navigateToUrl

2018-05-03 15:40:27 - [MESSAGE][NOT_RUN] - NOT_RUN: navigateToUrl

2018-05-03 15:40:27 - [TEST_STEP][NOT_RUN] - maximizeWindow: NOT_RUN: maximizeWindow

2018-05-03 15:40:27 - [MESSAGE][NOT_RUN] - NOT_RUN: maximizeWindow

2018-05-03 15:40:27 - [TEST_STEP][NOT_RUN] - callTestCase: NOT_RUN: callTestCase

2018-05-03 15:40:27 - [MESSAGE][NOT_RUN] - NOT_RUN: callTestCase

2018-05-03 15:40:27 - [TEST_STEP][PASSED] - comment: These are disabled for a reason. DO NOT ENABLE UNLESS YOU ARE TESTING THIS PART ONLY

2018-05-03 15:40:27 - [TEST_STEP][PASSED] - mouseOver: Object: 'Object Repository/Page_Home Page - US Leadgen (1)/span_Administration' is hovered

2018-05-03 15:40:33 - [MESSAGE][PASSED] - Object: 'Object Repository/Page_Home Page - US Leadgen (1)/span_Administration' is hovered

2018-05-03 15:40:33 - [TEST_STEP][PASSED] - comment: Mouse over is used to hover over "Administration"

2018-05-03 15:40:33 - [TEST_STEP][PASSED] - click: Object: 'Object Repository/Page_Home Page - US Leadgen (3)/a_Held Leads' is clicked on

2018-05-03 15:40:38 - [MESSAGE][PASSED] - Object: 'Object Repository/Page_Home Page - US Leadgen (3)/a_Held Leads' is clicked on

2018-05-03 15:40:38 - [TEST_STEP][PASSED] - click: Object: 'Object Repository/Page_- US Leadgen/a_Pending Groups' is clicked on

2018-05-03 15:40:42 - [MESSAGE][PASSED] - Object: 'Object Repository/Page_- US Leadgen/a_Pending Groups' is clicked on

2018-05-03 15:40:42 - [TEST_STEP][PASSED] - click: Object: 'Object Repository/Page_- US Leadgen/a_Overridden Leads Report' is clicked on

2018-05-03 15:40:46 - [MESSAGE][PASSED] - Object: 'Object Repository/Page_- US Leadgen/a_Overridden Leads Report' is clicked on

2018-05-03 15:40:46 - [TEST_STEP][PASSED] - click: Object: 'Object Repository/Page_- US Leadgen/a_Pending Groups' is clicked on

2018-05-03 15:40:50 - [MESSAGE][PASSED] - Object: 'Object Repository/Page_- US Leadgen/a_Pending Groups' is clicked on

2018-05-03 15:40:50 - [TEST_STEP][PASSED] - click: Object: 'Object Repository/Page_- US Leadgen/a_Incoming Held Leads' is clicked on

2018-05-03 15:40:54 - [MESSAGE][PASSED] - Object: 'Object Repository/Page_- US Leadgen/a_Incoming Held Leads' is clicked on

2018-05-03 15:40:54 - [TEST_STEP][PASSED] - mouseOver: Object: 'Object Repository/Page_Home Page - US Leadgen (1)/span_Administration' is hovered

2018-05-03 15:41:00 - [MESSAGE][PASSED] - Object: 'Object Repository/Page_Home Page - US Leadgen (1)/span_Administration' is hovered

2018-05-03 15:41:00 - [TEST_STEP][PASSED] - click: Object: 'Object Repository/Page_- US Leadgen/a_VMM Updates' is clicked on

2018-05-03 15:41:04 - [MESSAGE][PASSED] - Object: 'Object Repository/Page_- US Leadgen/a_VMM Updates' is clicked on

2018-05-03 15:41:04 - [TEST_STEP][PASSED] - mouseOver: Object: 'Object Repository/Page_Home Page - US Leadgen (1)/span_Administration' is hovered

2018-05-03 15:41:10 - [MESSAGE][PASSED] - Object: 'Object Repository/Page_Home Page - US Leadgen (1)/span_Administration' is hovered

2018-05-03 15:41:10 - [TEST_STEP][PASSED] - click: Object: 'Object Repository/Page_- US Leadgen/a_Dealerships' is clicked on

2018-05-03 15:41:15 - [MESSAGE][PASSED] - Object: 'Object Repository/Page_- US Leadgen/a_Dealerships' is clicked on

2018-05-03 15:41:15 - [TEST_STEP][PASSED] - mouseOver: Object: 'Object Repository/Page_Home Page - US Leadgen (1)/span_Administration' is hovered

2018-05-03 15:41:21 - [MESSAGE][PASSED] - Object: 'Object Repository/Page_Home Page - US Leadgen (1)/span_Administration' is hovered

2018-05-03 15:41:21 - [TEST_STEP][PASSED] - click: Object: 'Object Repository/Page_- US Leadgen/a_Zip Codes' is clicked on

2018-05-03 15:41:25 - [MESSAGE][PASSED] - Object: 'Object Repository/Page_- US Leadgen/a_Zip Codes' is clicked on

2018-05-03 15:41:25 - [TEST_STEP][PASSED] - mouseOver: Object: 'Object Repository/Page_Home Page - US Leadgen (1)/span_Administration' is hovered

2018-05-03 15:41:31 - [MESSAGE][PASSED] - Object: 'Object Repository/Page_Home Page - US Leadgen (1)/span_Administration' is hovered

2018-05-03 15:41:31 - [TEST_STEP][PASSED] - mouseOver: Object: 'Object Repository/Page_Home Page - US Leadgen (1)/span_System' is hovered

2018-05-03 15:41:37 - [MESSAGE][PASSED] - Object: 'Object Repository/Page_Home Page - US Leadgen (1)/span_System' is hovered

2018-05-03 15:41:37 - [TEST_STEP][PASSED] - click: Object: 'Object Repository/Page_- US Leadgen/a_Events' is clicked on

2018-05-03 15:41:42 - [MESSAGE][PASSED] - Object: 'Object Repository/Page_- US Leadgen/a_Events' is clicked on

2018-05-03 15:41:42 - [TEST_STEP][PASSED] - mouseOver: Object: 'Object Repository/Page_Home Page - US Leadgen (1)/span_Administration' is hovered

2018-05-03 15:41:48 - [MESSAGE][PASSED] - Object: 'Object Repository/Page_Home Page - US Leadgen (1)/span_Administration' is hovered

2018-05-03 15:41:48 - [TEST_STEP][PASSED] - mouseOver: Object: 'Object Repository/Page_Home Page - US Leadgen (1)/span_System' is hovered

2018-05-03 15:41:54 - [MESSAGE][PASSED] - Object: 'Object Repository/Page_Home Page - US Leadgen (1)/span_System' is hovered

2018-05-03 15:41:54 - [TEST_STEP][PASSED] - click: Object: 'Object Repository/Page_- US Leadgen/a_Source Codes' is clicked on

2018-05-03 15:41:58 - [MESSAGE][PASSED] - Object: 'Object Repository/Page_- US Leadgen/a_Source Codes' is clicked on

2018-05-03 15:41:58 - [TEST_STEP][PASSED] - mouseOver: Object: 'Object Repository/Page_Home Page - US Leadgen (1)/span_Administration' is hovered

2018-05-03 15:42:04 - [MESSAGE][PASSED] - Object: 'Object Repository/Page_Home Page - US Leadgen (1)/span_Administration' is hovered

2018-05-03 15:42:04 - [TEST_STEP][PASSED] - mouseOver: Object: 'Object Repository/Page_Home Page - US Leadgen (1)/span_System' is hovered

2018-05-03 15:42:10 - [MESSAGE][PASSED] - Object: 'Object Repository/Page_Home Page - US Leadgen (1)/span_System' is hovered

2018-05-03 15:42:10 - [TEST_STEP][PASSED] - click: Object: 'Object Repository/Page_- US Leadgen/a_System Settings' is clicked on

2018-05-03 15:42:15 - [MESSAGE][PASSED] - Object: 'Object Repository/Page_- US Leadgen/a_System Settings' is clicked on

2018-05-03 15:42:15 - [TEST_STEP][PASSED] - mouseOver: Object: 'Object Repository/Page_Home Page - US Leadgen (1)/span_Administration' is hovered

2018-05-03 15:42:21 - [MESSAGE][PASSED] - Object: 'Object Repository/Page_Home Page - US Leadgen (1)/span_Administration' is hovered

2018-05-03 15:42:21 - [TEST_STEP][PASSED] - mouseOver: Object: 'Object Repository/Page_Home Page - US Leadgen (1)/span_System' is hovered

2018-05-03 15:42:27 - [MESSAGE][PASSED] - Object: 'Object Repository/Page_Home Page - US Leadgen (1)/span_System' is hovered

2018-05-03 15:42:27 - [TEST_STEP][PASSED] - click: Object: 'Object Repository/Page_- US Leadgen/a_Plug In Management' is clicked on

2018-05-03 15:42:31 - [MESSAGE][PASSED] - Object: 'Object Repository/Page_- US Leadgen/a_Plug In Management' is clicked on

2018-05-03 15:42:31 - [TEST_STEP][PASSED] - mouseOver: Object: 'Object Repository/Page_Home Page - US Leadgen (1)/span_Administration' is hovered

2018-05-03 15:42:37 - [MESSAGE][PASSED] - Object: 'Object Repository/Page_Home Page - US Leadgen (1)/span_Administration' is hovered

2018-05-03 15:42:37 - [TEST_STEP][PASSED] - mouseOver: Object: 'Object Repository/Page_Home Page - US Leadgen (1)/span_System' is hovered

2018-05-03 15:42:43 - [MESSAGE][PASSED] - Object: 'Object Repository/Page_Home Page - US Leadgen (1)/span_System' is hovered

2018-05-03 15:42:43 - [TEST_STEP][PASSED] - click: Object: 'Object Repository/Page_- US Leadgen/a_Exporter Settings' is clicked on

2018-05-03 15:42:48 - [MESSAGE][PASSED] - Object: 'Object Repository/Page_- US Leadgen/a_Exporter Settings' is clicked on

2018-05-03 15:42:48 - [TEST_STEP][PASSED] - mouseOver: Object: 'Object Repository/Page_Home Page - US Leadgen (1)/span_Administration' is hovered

2018-05-03 15:42:54 - [MESSAGE][PASSED] - Object: 'Object Repository/Page_Home Page - US Leadgen (1)/span_Administration' is hovered

2018-05-03 15:42:54 - [TEST_STEP][PASSED] - mouseOver: Object: 'Object Repository/Page_Home Page - US Leadgen (1)/span_System' is hovered

2018-05-03 15:43:00 - [MESSAGE][PASSED] - Object: 'Object Repository/Page_Home Page - US Leadgen (1)/span_System' is hovered

2018-05-03 15:43:00 - [TEST_STEP][PASSED] - click: Object: 'Object Repository/Page_- US Leadgen/a_Provision Keys' is clicked on

2018-05-03 15:43:04 - [MESSAGE][PASSED] - Object: 'Object Repository/Page_- US Leadgen/a_Provision Keys' is clicked on

2018-05-03 15:43:04 - [TEST_STEP][PASSED] - mouseOver: Object: 'Object Repository/Page_Home Page - US Leadgen (1)/span_Administration' is hovered

2018-05-03 15:43:10 - [MESSAGE][PASSED] - Object: 'Object Repository/Page_Home Page - US Leadgen (1)/span_Administration' is hovered

2018-05-03 15:43:10 - [TEST_STEP][PASSED] - mouseOver: Object: 'Object Repository/Page_Home Page - US Leadgen (1)/span_System' is hovered

2018-05-03 15:43:16 - [MESSAGE][PASSED] - Object: 'Object Repository/Page_Home Page - US Leadgen (1)/span_System' is hovered

2018-05-03 15:43:16 - [TEST_STEP][FAILED] - click: Unable to click on object 'Object Repository/Page_- US Leadgen/a_The Purginator' (Root cause: com.kms.katalon.core.webui.exception.WebElementNotFoundException: Web element with id: 'Object Repository/Page_- US Leadgen/a_The Purginator' located by 'By.xpath: //a[@href = '/PurgeData' and (text() = 'The Purginator' or . = 'The Purginator')]' not found)

2018-05-03 15:43:47 - [MESSAGE][FAILED] - Unable to click on object 'Object Repository/Page_- US Leadgen/a_The Purginator' (Root cause: com.kms.katalon.core.webui.exception.WebElementNotFoundException: Web element with id: 'Object Repository/Page_- US Leadgen/a_The Purginator' located by 'By.xpath: //a[@href = '/PurgeData' and (text() = 'The Purginator' or . = 'The Purginator')]' not found)

2018-05-03 15:43:47 - [TEST_STEP][PASSED] - mouseOver: Object: 'Object Repository/Page_Home Page - US Leadgen (1)/span_Administration' is hovered

2018-05-03 15:43:53 - [MESSAGE][PASSED] - Object: 'Object Repository/Page_Home Page - US Leadgen (1)/span_Administration' is hovered

2018-05-03 15:43:53 - [TEST_STEP][PASSED] - mouseOver: Object: 'Object Repository/Page_Home Page - US Leadgen (1)/span_System' is hovered

2018-05-03 15:43:59 - [MESSAGE][PASSED] - Object: 'Object Repository/Page_Home Page - US Leadgen (1)/span_System' is hovered

2018-05-03 15:43:59 - [TEST_STEP][FAILED] - click: Unable to click on object 'Object Repository/Page_- US Leadgen/a_Purge History' (Root cause: com.kms.katalon.core.webui.exception.WebElementNotFoundException: Web element with id: 'Object Repository/Page_- US Leadgen/a_Purge History' located by 'By.xpath: //a[@href = '/PurgeHistory' and (text() = 'Purge History' or . = 'Purge History')]' not found)

2018-05-03 15:44:29 - [MESSAGE][FAILED] - Unable to click on object 'Object Repository/Page_- US Leadgen/a_Purge History' (Root cause: com.kms.katalon.core.webui.exception.WebElementNotFoundException: Web element with id: 'Object Repository/Page_- US Leadgen/a_Purge History' located by 'By.xpath: //a[@href = '/PurgeHistory' and (text() = 'Purge History' or . = 'Purge History')]' not found)

2018-05-03 15:44:29 - [TEST_STEP][PASSED] - click: Object: 'Object Repository/Page_- US Leadgen/a_Dashboard' is clicked on

2018-05-03 15:44:33 - [MESSAGE][PASSED] - Object: 'Object Repository/Page_- US Leadgen/a_Dashboard' is clicked on

2018-05-03 15:44:33 - [TEST_STEP][PASSED] - mouseOver: Object: 'Object Repository/Page_Home Page - US Leadgen (1)/span_Reporting' is hovered

2018-05-03 15:44:39 - [MESSAGE][PASSED] - Object: 'Object Repository/Page_Home Page - US Leadgen (1)/span_Reporting' is hovered

2018-05-03 15:44:39 - [TEST_STEP][PASSED] - click: Object: 'Object Repository/Page_Home Page - US Leadgen (3)/a_Daily Emails' is clicked on

2018-05-03 15:44:44 - [MESSAGE][PASSED] - Object: 'Object Repository/Page_Home Page - US Leadgen (3)/a_Daily Emails' is clicked on

2018-05-03 15:44:44 - [TEST_STEP][PASSED] - mouseOver: Object: 'Object Repository/Page_Home Page - US Leadgen (1)/span_Reporting' is hovered

2018-05-03 15:44:50 - [MESSAGE][PASSED] - Object: 'Object Repository/Page_Home Page - US Leadgen (1)/span_Reporting' is hovered

2018-05-03 15:44:50 - [TEST_STEP][PASSED] - click: Object: 'Object Repository/Page_- US Leadgen/a_EDC Lead Summary' is clicked on

2018-05-03 15:44:55 - [MESSAGE][PASSED] - Object: 'Object Repository/Page_- US Leadgen/a_EDC Lead Summary' is clicked on

2018-05-03 15:44:55 - [TEST_STEP][PASSED] - click: Object: 'Object Repository/Page_- US Leadgen/i_fa fa-angle-double-left' is clicked on

2018-05-03 15:44:59 - [MESSAGE][PASSED] - Object: 'Object Repository/Page_- US Leadgen/i_fa fa-angle-double-left' is clicked on

2018-05-03 15:44:59 - [TEST_STEP][PASSED] - click: Object: 'Object Repository/Page_- US Leadgen/i_fa fa-angle-double-left_1' is clicked on

2018-05-03 15:45:03 - [MESSAGE][PASSED] - Object: 'Object Repository/Page_- US Leadgen/i_fa fa-angle-double-left_1' is clicked on

2018-05-03 15:45:03 - [TEST_STEP][PASSED] - click: Object: 'Object Repository/Page_- US Leadgen/button_uix-control-right' is clicked on

2018-05-03 15:45:08 - [MESSAGE][PASSED] - Object: 'Object Repository/Page_- US Leadgen/button_uix-control-right' is clicked on

2018-05-03 15:45:08 - [TEST_STEP][PASSED] - click: Object: 'Object Repository/Page_- US Leadgen/em_Submit' is clicked on

2018-05-03 15:45:12 - [MESSAGE][PASSED] - Object: 'Object Repository/Page_- US Leadgen/em_Submit' is clicked on

2018-05-03 15:45:12 - [TEST_STEP][PASSED] - click: Object: 'Object Repository/Page_- US Leadgen/em_Back' is clicked on

2018-05-03 15:45:17 - [MESSAGE][PASSED] - Object: 'Object Repository/Page_- US Leadgen/em_Back' is clicked on

2018-05-03 15:45:17 - [TEST_STEP][PASSED] - mouseOver: Object: 'Object Repository/Page_Home Page - US Leadgen (1)/span_Reporting' is hovered

2018-05-03 15:45:23 - [MESSAGE][PASSED] - Object: 'Object Repository/Page_Home Page - US Leadgen (1)/span_Reporting' is hovered

2018-05-03 15:45:23 - [TEST_STEP][PASSED] - click: Object: 'Object Repository/Page_- US Leadgen/a_Transmitted Leads' is clicked on

2018-05-03 15:45:27 - [MESSAGE][PASSED] - Object: 'Object Repository/Page_- US Leadgen/a_Transmitted Leads' is clicked on

2018-05-03 15:45:27 - [TEST_STEP][PASSED] - click: Object: 'Object Repository/Page_- US Leadgen/i_fa fa-angle-double-left' is clicked on

2018-05-03 15:45:31 - [MESSAGE][PASSED] - Object: 'Object Repository/Page_- US Leadgen/i_fa fa-angle-double-left' is clicked on

2018-05-03 15:45:31 - [TEST_STEP][PASSED] - click: Object: 'Object Repository/Page_- US Leadgen/em_Submit' is clicked on

2018-05-03 15:45:36 - [MESSAGE][PASSED] - Object: 'Object Repository/Page_- US Leadgen/em_Submit' is clicked on

2018-05-03 15:45:36 - [TEST_STEP][PASSED] - click: Object: 'Object Repository/Page_- US Leadgen/em_Back_1' is clicked on

2018-05-03 15:45:41 - [MESSAGE][PASSED] - Object: 'Object Repository/Page_- US Leadgen/em_Back_1' is clicked on

2018-05-03 15:45:41 - [TEST_STEP][PASSED] - mouseOver: Object: 'Object Repository/Page_Home Page - US Leadgen (1)/span_Reporting' is hovered

2018-05-03 15:45:47 - [MESSAGE][PASSED] - Object: 'Object Repository/Page_Home Page - US Leadgen (1)/span_Reporting' is hovered

2018-05-03 15:45:47 - [TEST_STEP][PASSED] - click: Object: 'Object Repository/Page_- US Leadgen/a_Lead Details' is clicked on

2018-05-03 15:45:51 - [MESSAGE][PASSED] - Object: 'Object Repository/Page_- US Leadgen/a_Lead Details' is clicked on

2018-05-03 15:45:51 - [TEST_STEP][PASSED] - click: Object: 'Object Repository/Page_- US Leadgen/i_fa fa-angle-double-left' is clicked on

2018-05-03 15:45:55 - [MESSAGE][PASSED] - Object: 'Object Repository/Page_- US Leadgen/i_fa fa-angle-double-left' is clicked on

2018-05-03 15:45:55 - [TEST_STEP][PASSED] - click: Object: 'Object Repository/Page_- US Leadgen/em_Submit' is clicked on

2018-05-03 15:46:00 - [MESSAGE][PASSED] - Object: 'Object Repository/Page_- US Leadgen/em_Submit' is clicked on

2018-05-03 15:46:00 - [TEST_STEP][PASSED] - mouseOver: Object: 'Object Repository/Page_Home Page - US Leadgen (1)/span_Reporting' is hovered

2018-05-03 15:46:06 - [MESSAGE][PASSED] - Object: 'Object Repository/Page_Home Page - US Leadgen (1)/span_Reporting' is hovered

2018-05-03 15:46:06 - [TEST_STEP][PASSED] - click: Object: 'Object Repository/Page_- US Leadgen/a_Multi-Brand Details' is clicked on

2018-05-03 15:46:10 - [MESSAGE][PASSED] - Object: 'Object Repository/Page_- US Leadgen/a_Multi-Brand Details' is clicked on

2018-05-03 15:46:10 - [TEST_STEP][PASSED] - click: Object: 'Object Repository/Page_- US Leadgen/i_fa fa-angle-double-left' is clicked on

2018-05-03 15:46:14 - [MESSAGE][PASSED] - Object: 'Object Repository/Page_- US Leadgen/i_fa fa-angle-double-left' is clicked on

2018-05-03 15:46:14 - [TEST_STEP][PASSED] - click: Object: 'Object Repository/Page_- US Leadgen/em_Submit' is clicked on

2018-05-03 15:46:19 - [MESSAGE][PASSED] - Object: 'Object Repository/Page_- US Leadgen/em_Submit' is clicked on

2018-05-03 15:46:19 - [TEST_STEP][PASSED] - click: Object: 'Object Repository/Page_- US Leadgen/a_Dashboard' is clicked on

2018-05-03 15:46:23 - [MESSAGE][PASSED] - Object: 'Object Repository/Page_- US Leadgen/a_Dashboard' is clicked on]]></system-out>
         <system-err><![CDATA[2018-05-03 15:40:27 - [TEST_CASE][FAILED] - Test Cases/Button Pushes: Test Cases/Button Pushes FAILED because (of) Unable to click on object 'Object Repository/Page_- US Leadgen/a_The Purginator' (Root cause: com.kms.katalon.core.webui.exception.WebElementNotFoundException: Web element with id: 'Object Repository/Page_- US Leadgen/a_The Purginator' located by 'By.xpath: //a[@href = '/PurgeData' and (text() = 'The Purginator' or . = 'The Purginator')]' not found)]]></system-err>
      </testcase>
      <testcase name="Test Cases/Logging Out" classname="Test Cases/Logging Out" status="PASSED">
         <system-out><![CDATA[2018-05-03 15:46:23 - [TEST_CASE][PASSED] - Test Cases/Logging Out: Test Cases/Logging Out

2018-05-03 15:46:23 - [TEST_STEP][NOT_RUN] - openBrowser: NOT_RUN: openBrowser

2018-05-03 15:46:23 - [MESSAGE][NOT_RUN] - NOT_RUN: openBrowser

2018-05-03 15:46:23 - [TEST_STEP][NOT_RUN] - navigateToUrl: NOT_RUN: navigateToUrl

2018-05-03 15:46:23 - [MESSAGE][NOT_RUN] - NOT_RUN: navigateToUrl

2018-05-03 15:46:23 - [TEST_STEP][NOT_RUN] - maximizeWindow: NOT_RUN: maximizeWindow

2018-05-03 15:46:23 - [MESSAGE][NOT_RUN] - NOT_RUN: maximizeWindow

2018-05-03 15:46:23 - [TEST_STEP][NOT_RUN] - callTestCase: NOT_RUN: callTestCase

2018-05-03 15:46:23 - [MESSAGE][NOT_RUN] - NOT_RUN: callTestCase

2018-05-03 15:46:23 - [TEST_STEP][PASSED] - comment: Disabled for reasons. DO NOT ENABLE UNLESS I TELL YOU!

2018-05-03 15:46:23 - [TEST_STEP][PASSED] - mouseOver: Object: 'Object Repository/Page_Home Page - US Leadgen (1)/span_Account' is hovered

2018-05-03 15:46:29 - [MESSAGE][PASSED] - Object: 'Object Repository/Page_Home Page - US Leadgen (1)/span_Account' is hovered

2018-05-03 15:46:29 - [TEST_STEP][PASSED] - delay: Delayed 1 second(s)

2018-05-03 15:46:30 - [MESSAGE][PASSED] - Delayed 1 second(s)

2018-05-03 15:46:30 - [TEST_STEP][PASSED] - click: Object: 'Object Repository/Page_Home Page - US Leadgen (2)/span_Sign Out' is clicked on

2018-05-03 15:46:35 - [MESSAGE][PASSED] - Object: 'Object Repository/Page_Home Page - US Leadgen (2)/span_Sign Out' is clicked on]]></system-out>
         <system-err><![CDATA[]]></system-err>
      </testcase>
      <system-out><![CDATA[2018-05-03 15:39:35 - [TEST_SUITE][FAILED] - GM-Staging Reporting Tool Suite: Test Cases/Button Pushes FAILED because (of) Unable to click on object 'Object Repository/Page_- US Leadgen/a_The Purginator' (Root cause: com.kms.katalon.core.webui.exception.WebElementNotFoundException: Web element with id: 'Object Repository/Page_- US Leadgen/a_The Purginator' located by 'By.xpath: //a[@href = '/PurgeData' and (text() = 'The Purginator' or . = 'The Purginator')]' not found)]]></system-out>
      <system-err><![CDATA[2018-05-03 15:39:35 - [TEST_SUITE][FAILED] - GM-Staging Reporting Tool Suite: Test Cases/Button Pushes FAILED because (of) Unable to click on object 'Object Repository/Page_- US Leadgen/a_The Purginator' (Root cause: com.kms.katalon.core.webui.exception.WebElementNotFoundException: Web element with id: 'Object Repository/Page_- US Leadgen/a_The Purginator' located by 'By.xpath: //a[@href = '/PurgeData' and (text() = 'The Purginator' or . = 'The Purginator')]' not found)]]></system-err>
   </testsuite>
</testsuites>
