<?xml version="1.0" encoding="UTF-8"?>
<testsuites name="GM - Regression Suite for Reporting Tool" time="161" tests="5" failures="0" errors="0">
   <testsuite name="GM - Regression Suite for Reporting Tool" tests="5" failures="0" errors="0" time="161" timestamp="2018-04-16 16:06:30" hostname="Not OSX - NotOSX-PC.local.tld" id="Test Suites/GM - Regression Suite for Reporting Tool">
      <properties>
         <property name="deviceName" value=""/>
         <property name="devicePlatform" value=""/>
         <property name="logFolder" value="D:\\Projects\\GitHub\\Viruses\\GM-US_Lead_Gen_Reporting_Tool\\Reports\\GM - Regression Suite for Reporting Tool\\20180416_160628"/>
         <property name="logFiles" value="D:\\Projects\\GitHub\\Viruses\\GM-US_Lead_Gen_Reporting_Tool\\Reports\\GM - Regression Suite for Reporting Tool\\20180416_160628\\execution0.log"/>
         <property name="attachments" value=""/>
         <property name="hostName" value="Not OSX - NotOSX-PC.local.tld"/>
         <property name="os" value="Windows 7 64bit"/>
         <property name="katalonVersion" value="5.4.0.1"/>
         <property name="browser" value="Chrome 65.0.3325.181"/>
         <property name="hostAddress" value="192.168.0.150"/>
         <property name="sessionId" value="31ae6793e4e1e45587416b4fa210eaa5"/>
         <property name="seleniumVersion" value="3.7.1"/>
         <property name="proxyInformation" value="ProxyInformation{proxyOption=NO_PROXY, proxyServerType=HTTP, password=, proxyServerAddress=, proxyServerPort=0}"/>
         <property name="platform" value="Windows 7"/>
      </properties>
      <testcase name="Test Cases/Regression - Logging in and Logging out" classname="Test Cases/Regression - Logging in and Logging out" status="PASSED">
         <system-out><![CDATA[2018-04-16 16:06:30 - [TEST_CASE][PASSED] - Test Cases/Regression - Logging in and Logging out: Test Cases/Regression - Logging in and Logging out

2018-04-16 16:06:30 - [TEST_STEP][PASSED] - openBrowser: Browser is opened with url: ''

2018-04-16 16:06:33 - [MESSAGE][PASSED] - Browser is opened with url: ''

2018-04-16 16:06:33 - [TEST_STEP][PASSED] - navigateToUrl: Navigate to 'https://us-dev.gmli2.bluewatertech.host' successfully

2018-04-16 16:06:36 - [MESSAGE][PASSED] - Navigate to 'https://us-dev.gmli2.bluewatertech.host' successfully

2018-04-16 16:06:36 - [TEST_STEP][PASSED] - maximizeWindow: Current window maximized

2018-04-16 16:06:37 - [MESSAGE][PASSED] - Current window maximized

2018-04-16 16:06:37 - [TEST_STEP][PASSED] - delay: Delayed 2 second(s)

2018-04-16 16:06:39 - [MESSAGE][PASSED] - Delayed 2 second(s)

2018-04-16 16:06:39 - [TEST_STEP][PASSED] - mouseOver: Object: 'Object Repository/Page_Home Page - US Leadgen/a_Sign In' is hovered

2018-04-16 16:06:39 - [MESSAGE][PASSED] - Object: 'Object Repository/Page_Home Page - US Leadgen/a_Sign In' is hovered

2018-04-16 16:06:39 - [TEST_STEP][PASSED] - click: Object: 'Object Repository/Page_Home Page - US Leadgen/a_Sign In' is clicked on

2018-04-16 16:06:39 - [MESSAGE][PASSED] - Object: 'Object Repository/Page_Home Page - US Leadgen/a_Sign In' is clicked on

2018-04-16 16:06:39 - [TEST_STEP][PASSED] - delay: Delayed 2 second(s)

2018-04-16 16:06:41 - [MESSAGE][PASSED] - Delayed 2 second(s)

2018-04-16 16:06:41 - [TEST_STEP][PASSED] - setText: Text 'jwaryas@bluewatertech.com' is set on object 'Object Repository/Page_Log in - US Leadgen/input_Email'

2018-04-16 16:06:42 - [MESSAGE][PASSED] - Text 'jwaryas@bluewatertech.com' is set on object 'Object Repository/Page_Log in - US Leadgen/input_Email'

2018-04-16 16:06:42 - [TEST_STEP][PASSED] - setText: Text 'Droop420!' is set on object 'Object Repository/Page_Log in - US Leadgen/input_Password'

2018-04-16 16:06:42 - [MESSAGE][PASSED] - Text 'Droop420!' is set on object 'Object Repository/Page_Log in - US Leadgen/input_Password'

2018-04-16 16:06:42 - [TEST_STEP][PASSED] - delay: Delayed 2 second(s)

2018-04-16 16:06:44 - [MESSAGE][PASSED] - Delayed 2 second(s)

2018-04-16 16:06:44 - [TEST_STEP][PASSED] - click: Object: 'Object Repository/Page_Log in - US Leadgen/input_btn btn-default' is clicked on

2018-04-16 16:06:44 - [MESSAGE][PASSED] - Object: 'Object Repository/Page_Log in - US Leadgen/input_btn btn-default' is clicked on

2018-04-16 16:06:44 - [TEST_STEP][PASSED] - delay: Delayed 2 second(s)

2018-04-16 16:06:46 - [MESSAGE][PASSED] - Delayed 2 second(s)

2018-04-16 16:06:46 - [TEST_STEP][PASSED] - mouseOver: Object: 'Object Repository/Page_Home Page - US Leadgen (1)/span_Account' is hovered

2018-04-16 16:06:46 - [MESSAGE][PASSED] - Object: 'Object Repository/Page_Home Page - US Leadgen (1)/span_Account' is hovered

2018-04-16 16:06:46 - [TEST_STEP][PASSED] - delay: Delayed 2 second(s)

2018-04-16 16:06:48 - [MESSAGE][PASSED] - Delayed 2 second(s)

2018-04-16 16:06:48 - [TEST_STEP][PASSED] - click: Object: 'Object Repository/Page_Home Page - US Leadgen (2)/span_Sign Out' is clicked on

2018-04-16 16:06:49 - [MESSAGE][PASSED] - Object: 'Object Repository/Page_Home Page - US Leadgen (2)/span_Sign Out' is clicked on

2018-04-16 16:06:49 - [TEST_STEP][PASSED] - delay: Delayed 2 second(s)

2018-04-16 16:06:51 - [MESSAGE][PASSED] - Delayed 2 second(s)

2018-04-16 16:06:51 - [TEST_STEP][PASSED] - closeBrowser: Browser is closed

2018-04-16 16:06:51 - [MESSAGE][PASSED] - Browser is closed]]></system-out>
         <system-err><![CDATA[]]></system-err>
      </testcase>
      <testcase name="Test Cases/Browser Start" classname="Test Cases/Browser Start" status="PASSED">
         <system-out><![CDATA[2018-04-16 16:06:51 - [TEST_CASE][PASSED] - Test Cases/Browser Start: Test Cases/Browser Start

2018-04-16 16:06:51 - [TEST_STEP][PASSED] - openBrowser: Browser is opened with url: ''

2018-04-16 16:06:53 - [MESSAGE][PASSED] - Browser is opened with url: ''

2018-04-16 16:06:53 - [TEST_STEP][PASSED] - maximizeWindow: Current window maximized

2018-04-16 16:06:54 - [MESSAGE][PASSED] - Current window maximized

2018-04-16 16:06:54 - [TEST_STEP][PASSED] - navigateToUrl: Navigate to 'https://us-dev.gmli2.bluewatertech.host' successfully

2018-04-16 16:06:56 - [MESSAGE][PASSED] - Navigate to 'https://us-dev.gmli2.bluewatertech.host' successfully

2018-04-16 16:06:56 - [TEST_STEP][PASSED] - delay: Delayed 5 second(s)

2018-04-16 16:07:01 - [MESSAGE][PASSED] - Delayed 5 second(s)

2018-04-16 16:07:01 - [TEST_STEP][PASSED] - comment: Use this test script to open and navigate to the website needed. This all can be edited for other websites too.]]></system-out>
         <system-err><![CDATA[]]></system-err>
      </testcase>
      <testcase name="Test Cases/Logging In" classname="Test Cases/Logging In" status="PASSED">
         <system-out><![CDATA[2018-04-16 16:07:01 - [TEST_CASE][PASSED] - Test Cases/Logging In: Test Cases/Logging In

2018-04-16 16:07:01 - [TEST_STEP][NOT_RUN] - openBrowser: NOT_RUN: openBrowser

2018-04-16 16:07:01 - [MESSAGE][NOT_RUN] - NOT_RUN: openBrowser

2018-04-16 16:07:01 - [TEST_STEP][NOT_RUN] - delay: NOT_RUN: delay

2018-04-16 16:07:01 - [MESSAGE][NOT_RUN] - NOT_RUN: delay

2018-04-16 16:07:01 - [TEST_STEP][NOT_RUN] - maximizeWindow: NOT_RUN: maximizeWindow

2018-04-16 16:07:01 - [MESSAGE][NOT_RUN] - NOT_RUN: maximizeWindow

2018-04-16 16:07:01 - [TEST_STEP][NOT_RUN] - navigateToUrl: NOT_RUN: navigateToUrl

2018-04-16 16:07:01 - [MESSAGE][NOT_RUN] - NOT_RUN: navigateToUrl

2018-04-16 16:07:01 - [TEST_STEP][PASSED] - comment: Diabled for a reason. If you want to just run this test case enable then disable once you are done.

2018-04-16 16:07:01 - [TEST_STEP][PASSED] - delay: Delayed 2 second(s)

2018-04-16 16:07:03 - [MESSAGE][PASSED] - Delayed 2 second(s)

2018-04-16 16:07:03 - [TEST_STEP][PASSED] - click: Object: 'Object Repository/Page_Home Page - US Leadgen/a_Sign In' is clicked on

2018-04-16 16:07:04 - [MESSAGE][PASSED] - Object: 'Object Repository/Page_Home Page - US Leadgen/a_Sign In' is clicked on

2018-04-16 16:07:04 - [TEST_STEP][PASSED] - comment: Once this is selected the user can sign in

2018-04-16 16:07:04 - [TEST_STEP][PASSED] - setText: Text 'jwaryas@bluewatertech.com' is set on object 'Object Repository/Page_Log in - US Leadgen/input_Email'

2018-04-16 16:07:04 - [MESSAGE][PASSED] - Text 'jwaryas@bluewatertech.com' is set on object 'Object Repository/Page_Log in - US Leadgen/input_Email'

2018-04-16 16:07:04 - [TEST_STEP][PASSED] - delay: Delayed 1 second(s)

2018-04-16 16:07:05 - [MESSAGE][PASSED] - Delayed 1 second(s)

2018-04-16 16:07:05 - [TEST_STEP][PASSED] - setText: Text 'Droop420!' is set on object 'Object Repository/Page_Log in - US Leadgen/input_Password'

2018-04-16 16:07:05 - [MESSAGE][PASSED] - Text 'Droop420!' is set on object 'Object Repository/Page_Log in - US Leadgen/input_Password'

2018-04-16 16:07:05 - [TEST_STEP][PASSED] - delay: Delayed 1 second(s)

2018-04-16 16:07:06 - [MESSAGE][PASSED] - Delayed 1 second(s)

2018-04-16 16:07:06 - [TEST_STEP][PASSED] - click: Object: 'Object Repository/Page_Log in - US Leadgen/input_btn btn-default' is clicked on

2018-04-16 16:07:06 - [MESSAGE][PASSED] - Object: 'Object Repository/Page_Log in - US Leadgen/input_btn btn-default' is clicked on]]></system-out>
         <system-err><![CDATA[]]></system-err>
      </testcase>
      <testcase name="Test Cases/Regression - Button Pushes" classname="Test Cases/Regression - Button Pushes" status="PASSED">
         <system-out><![CDATA[2018-04-16 16:07:06 - [TEST_CASE][PASSED] - Test Cases/Regression - Button Pushes: Test Cases/Regression - Button Pushes

2018-04-16 16:07:06 - [TEST_STEP][NOT_RUN] - openBrowser: NOT_RUN: openBrowser

2018-04-16 16:07:06 - [MESSAGE][NOT_RUN] - NOT_RUN: openBrowser

2018-04-16 16:07:06 - [TEST_STEP][NOT_RUN] - navigateToUrl: NOT_RUN: navigateToUrl

2018-04-16 16:07:06 - [MESSAGE][NOT_RUN] - NOT_RUN: navigateToUrl

2018-04-16 16:07:06 - [TEST_STEP][NOT_RUN] - maximizeWindow: NOT_RUN: maximizeWindow

2018-04-16 16:07:06 - [MESSAGE][NOT_RUN] - NOT_RUN: maximizeWindow

2018-04-16 16:07:06 - [TEST_STEP][NOT_RUN] - delay: NOT_RUN: delay

2018-04-16 16:07:06 - [MESSAGE][NOT_RUN] - NOT_RUN: delay

2018-04-16 16:07:06 - [TEST_STEP][NOT_RUN] - callTestCase: NOT_RUN: callTestCase

2018-04-16 16:07:06 - [MESSAGE][NOT_RUN] - NOT_RUN: callTestCase

2018-04-16 16:07:06 - [TEST_STEP][PASSED] - comment: These are disabled for a reason. DO NOT ENABLE UNLESS YOU ARE TESTING THIS PART ONLY

2018-04-16 16:07:06 - [TEST_STEP][PASSED] - mouseOver: Object: 'Object Repository/Page_Home Page - US Leadgen (1)/span_Administration' is hovered

2018-04-16 16:07:06 - [MESSAGE][PASSED] - Object: 'Object Repository/Page_Home Page - US Leadgen (1)/span_Administration' is hovered

2018-04-16 16:07:06 - [TEST_STEP][PASSED] - comment: Mouse over is used to hover over "Administration"

2018-04-16 16:07:06 - [TEST_STEP][PASSED] - delay: Delayed 2 second(s)

2018-04-16 16:07:08 - [MESSAGE][PASSED] - Delayed 2 second(s)

2018-04-16 16:07:08 - [TEST_STEP][PASSED] - comment: Delay is used to let the web app load. 

2018-04-16 16:07:08 - [TEST_STEP][PASSED] - click: Object: 'Object Repository/Page_Home Page - US Leadgen (3)/a_Held Leads' is clicked on

2018-04-16 16:07:10 - [MESSAGE][PASSED] - Object: 'Object Repository/Page_Home Page - US Leadgen (3)/a_Held Leads' is clicked on

2018-04-16 16:07:10 - [TEST_STEP][PASSED] - delay: Delayed 1 second(s)

2018-04-16 16:07:11 - [MESSAGE][PASSED] - Delayed 1 second(s)

2018-04-16 16:07:11 - [TEST_STEP][PASSED] - click: Object: 'Object Repository/Page_- US Leadgen/a_Pending Groups' is clicked on

2018-04-16 16:07:11 - [MESSAGE][PASSED] - Object: 'Object Repository/Page_- US Leadgen/a_Pending Groups' is clicked on

2018-04-16 16:07:11 - [TEST_STEP][PASSED] - delay: Delayed 1 second(s)

2018-04-16 16:07:12 - [MESSAGE][PASSED] - Delayed 1 second(s)

2018-04-16 16:07:12 - [TEST_STEP][PASSED] - click: Object: 'Object Repository/Page_- US Leadgen/a_Overridden Leads Report' is clicked on

2018-04-16 16:07:12 - [MESSAGE][PASSED] - Object: 'Object Repository/Page_- US Leadgen/a_Overridden Leads Report' is clicked on

2018-04-16 16:07:12 - [TEST_STEP][PASSED] - delay: Delayed 1 second(s)

2018-04-16 16:07:13 - [MESSAGE][PASSED] - Delayed 1 second(s)

2018-04-16 16:07:13 - [TEST_STEP][PASSED] - click: Object: 'Object Repository/Page_- US Leadgen/a_Pending Groups' is clicked on

2018-04-16 16:07:13 - [MESSAGE][PASSED] - Object: 'Object Repository/Page_- US Leadgen/a_Pending Groups' is clicked on

2018-04-16 16:07:13 - [TEST_STEP][PASSED] - delay: Delayed 1 second(s)

2018-04-16 16:07:14 - [MESSAGE][PASSED] - Delayed 1 second(s)

2018-04-16 16:07:14 - [TEST_STEP][PASSED] - click: Object: 'Object Repository/Page_- US Leadgen/a_Incoming Held Leads' is clicked on

2018-04-16 16:07:15 - [MESSAGE][PASSED] - Object: 'Object Repository/Page_- US Leadgen/a_Incoming Held Leads' is clicked on

2018-04-16 16:07:15 - [TEST_STEP][PASSED] - delay: Delayed 2 second(s)

2018-04-16 16:07:17 - [MESSAGE][PASSED] - Delayed 2 second(s)

2018-04-16 16:07:17 - [TEST_STEP][PASSED] - mouseOver: Object: 'Object Repository/Page_Home Page - US Leadgen (1)/span_Administration' is hovered

2018-04-16 16:07:17 - [MESSAGE][PASSED] - Object: 'Object Repository/Page_Home Page - US Leadgen (1)/span_Administration' is hovered

2018-04-16 16:07:17 - [TEST_STEP][PASSED] - delay: Delayed 2 second(s)

2018-04-16 16:07:19 - [MESSAGE][PASSED] - Delayed 2 second(s)

2018-04-16 16:07:19 - [TEST_STEP][PASSED] - click: Object: 'Object Repository/Page_- US Leadgen/a_VMM Updates' is clicked on

2018-04-16 16:07:19 - [MESSAGE][PASSED] - Object: 'Object Repository/Page_- US Leadgen/a_VMM Updates' is clicked on

2018-04-16 16:07:19 - [TEST_STEP][PASSED] - delay: Delayed 1 second(s)

2018-04-16 16:07:20 - [MESSAGE][PASSED] - Delayed 1 second(s)

2018-04-16 16:07:20 - [TEST_STEP][PASSED] - mouseOver: Object: 'Object Repository/Page_Home Page - US Leadgen (1)/span_Administration' is hovered

2018-04-16 16:07:20 - [MESSAGE][PASSED] - Object: 'Object Repository/Page_Home Page - US Leadgen (1)/span_Administration' is hovered

2018-04-16 16:07:20 - [TEST_STEP][PASSED] - delay: Delayed 2 second(s)

2018-04-16 16:07:22 - [MESSAGE][PASSED] - Delayed 2 second(s)

2018-04-16 16:07:22 - [TEST_STEP][PASSED] - click: Object: 'Object Repository/Page_- US Leadgen/a_Dealerships' is clicked on

2018-04-16 16:07:22 - [MESSAGE][PASSED] - Object: 'Object Repository/Page_- US Leadgen/a_Dealerships' is clicked on

2018-04-16 16:07:22 - [TEST_STEP][PASSED] - delay: Delayed 1 second(s)

2018-04-16 16:07:23 - [MESSAGE][PASSED] - Delayed 1 second(s)

2018-04-16 16:07:23 - [TEST_STEP][PASSED] - mouseOver: Object: 'Object Repository/Page_Home Page - US Leadgen (1)/span_Administration' is hovered

2018-04-16 16:07:23 - [MESSAGE][PASSED] - Object: 'Object Repository/Page_Home Page - US Leadgen (1)/span_Administration' is hovered

2018-04-16 16:07:23 - [TEST_STEP][PASSED] - delay: Delayed 2 second(s)

2018-04-16 16:07:25 - [MESSAGE][PASSED] - Delayed 2 second(s)

2018-04-16 16:07:25 - [TEST_STEP][PASSED] - click: Object: 'Object Repository/Page_- US Leadgen/a_Zip Codes' is clicked on

2018-04-16 16:07:26 - [MESSAGE][PASSED] - Object: 'Object Repository/Page_- US Leadgen/a_Zip Codes' is clicked on

2018-04-16 16:07:26 - [TEST_STEP][PASSED] - delay: Delayed 1 second(s)

2018-04-16 16:07:27 - [MESSAGE][PASSED] - Delayed 1 second(s)

2018-04-16 16:07:27 - [TEST_STEP][PASSED] - mouseOver: Object: 'Object Repository/Page_Home Page - US Leadgen (1)/span_Administration' is hovered

2018-04-16 16:07:27 - [MESSAGE][PASSED] - Object: 'Object Repository/Page_Home Page - US Leadgen (1)/span_Administration' is hovered

2018-04-16 16:07:27 - [TEST_STEP][PASSED] - delay: Delayed 1 second(s)

2018-04-16 16:07:28 - [MESSAGE][PASSED] - Delayed 1 second(s)

2018-04-16 16:07:28 - [TEST_STEP][PASSED] - mouseOver: Object: 'Object Repository/Page_Home Page - US Leadgen (1)/span_System' is hovered

2018-04-16 16:07:28 - [MESSAGE][PASSED] - Object: 'Object Repository/Page_Home Page - US Leadgen (1)/span_System' is hovered

2018-04-16 16:07:28 - [TEST_STEP][PASSED] - delay: Delayed 1 second(s)

2018-04-16 16:07:29 - [MESSAGE][PASSED] - Delayed 1 second(s)

2018-04-16 16:07:29 - [TEST_STEP][PASSED] - click: Object: 'Object Repository/Page_- US Leadgen/a_Events' is clicked on

2018-04-16 16:07:30 - [MESSAGE][PASSED] - Object: 'Object Repository/Page_- US Leadgen/a_Events' is clicked on

2018-04-16 16:07:30 - [TEST_STEP][PASSED] - delay: Delayed 2 second(s)

2018-04-16 16:07:32 - [MESSAGE][PASSED] - Delayed 2 second(s)

2018-04-16 16:07:32 - [TEST_STEP][PASSED] - mouseOver: Object: 'Object Repository/Page_Home Page - US Leadgen (1)/span_Administration' is hovered

2018-04-16 16:07:32 - [MESSAGE][PASSED] - Object: 'Object Repository/Page_Home Page - US Leadgen (1)/span_Administration' is hovered

2018-04-16 16:07:32 - [TEST_STEP][PASSED] - delay: Delayed 1 second(s)

2018-04-16 16:07:33 - [MESSAGE][PASSED] - Delayed 1 second(s)

2018-04-16 16:07:33 - [TEST_STEP][PASSED] - mouseOver: Object: 'Object Repository/Page_Home Page - US Leadgen (1)/span_System' is hovered

2018-04-16 16:07:33 - [MESSAGE][PASSED] - Object: 'Object Repository/Page_Home Page - US Leadgen (1)/span_System' is hovered

2018-04-16 16:07:33 - [TEST_STEP][PASSED] - delay: Delayed 1 second(s)

2018-04-16 16:07:34 - [MESSAGE][PASSED] - Delayed 1 second(s)

2018-04-16 16:07:34 - [TEST_STEP][PASSED] - click: Object: 'Object Repository/Page_- US Leadgen/a_Source Codes' is clicked on

2018-04-16 16:07:34 - [MESSAGE][PASSED] - Object: 'Object Repository/Page_- US Leadgen/a_Source Codes' is clicked on

2018-04-16 16:07:34 - [TEST_STEP][PASSED] - delay: Delayed 2 second(s)

2018-04-16 16:07:36 - [MESSAGE][PASSED] - Delayed 2 second(s)

2018-04-16 16:07:36 - [TEST_STEP][PASSED] - mouseOver: Object: 'Object Repository/Page_Home Page - US Leadgen (1)/span_Administration' is hovered

2018-04-16 16:07:36 - [MESSAGE][PASSED] - Object: 'Object Repository/Page_Home Page - US Leadgen (1)/span_Administration' is hovered

2018-04-16 16:07:36 - [TEST_STEP][PASSED] - delay: Delayed 1 second(s)

2018-04-16 16:07:37 - [MESSAGE][PASSED] - Delayed 1 second(s)

2018-04-16 16:07:37 - [TEST_STEP][PASSED] - mouseOver: Object: 'Object Repository/Page_Home Page - US Leadgen (1)/span_System' is hovered

2018-04-16 16:07:37 - [MESSAGE][PASSED] - Object: 'Object Repository/Page_Home Page - US Leadgen (1)/span_System' is hovered

2018-04-16 16:07:37 - [TEST_STEP][PASSED] - delay: Delayed 1 second(s)

2018-04-16 16:07:38 - [MESSAGE][PASSED] - Delayed 1 second(s)

2018-04-16 16:07:38 - [TEST_STEP][PASSED] - click: Object: 'Object Repository/Page_- US Leadgen/a_System Settings' is clicked on

2018-04-16 16:07:39 - [MESSAGE][PASSED] - Object: 'Object Repository/Page_- US Leadgen/a_System Settings' is clicked on

2018-04-16 16:07:39 - [TEST_STEP][PASSED] - delay: Delayed 2 second(s)

2018-04-16 16:07:41 - [MESSAGE][PASSED] - Delayed 2 second(s)

2018-04-16 16:07:41 - [TEST_STEP][PASSED] - mouseOver: Object: 'Object Repository/Page_Home Page - US Leadgen (1)/span_Administration' is hovered

2018-04-16 16:07:41 - [MESSAGE][PASSED] - Object: 'Object Repository/Page_Home Page - US Leadgen (1)/span_Administration' is hovered

2018-04-16 16:07:41 - [TEST_STEP][PASSED] - delay: Delayed 1 second(s)

2018-04-16 16:07:42 - [MESSAGE][PASSED] - Delayed 1 second(s)

2018-04-16 16:07:42 - [TEST_STEP][PASSED] - mouseOver: Object: 'Object Repository/Page_Home Page - US Leadgen (1)/span_System' is hovered

2018-04-16 16:07:42 - [MESSAGE][PASSED] - Object: 'Object Repository/Page_Home Page - US Leadgen (1)/span_System' is hovered

2018-04-16 16:07:42 - [TEST_STEP][PASSED] - delay: Delayed 1 second(s)

2018-04-16 16:07:43 - [MESSAGE][PASSED] - Delayed 1 second(s)

2018-04-16 16:07:43 - [TEST_STEP][PASSED] - click: Object: 'Object Repository/Page_- US Leadgen/a_Plug In Management' is clicked on

2018-04-16 16:07:43 - [MESSAGE][PASSED] - Object: 'Object Repository/Page_- US Leadgen/a_Plug In Management' is clicked on

2018-04-16 16:07:43 - [TEST_STEP][PASSED] - delay: Delayed 2 second(s)

2018-04-16 16:07:45 - [MESSAGE][PASSED] - Delayed 2 second(s)

2018-04-16 16:07:45 - [TEST_STEP][PASSED] - mouseOver: Object: 'Object Repository/Page_Home Page - US Leadgen (1)/span_Administration' is hovered

2018-04-16 16:07:45 - [MESSAGE][PASSED] - Object: 'Object Repository/Page_Home Page - US Leadgen (1)/span_Administration' is hovered

2018-04-16 16:07:45 - [TEST_STEP][PASSED] - delay: Delayed 1 second(s)

2018-04-16 16:07:46 - [MESSAGE][PASSED] - Delayed 1 second(s)

2018-04-16 16:07:46 - [TEST_STEP][PASSED] - mouseOver: Object: 'Object Repository/Page_Home Page - US Leadgen (1)/span_System' is hovered

2018-04-16 16:07:46 - [MESSAGE][PASSED] - Object: 'Object Repository/Page_Home Page - US Leadgen (1)/span_System' is hovered

2018-04-16 16:07:46 - [TEST_STEP][PASSED] - delay: Delayed 1 second(s)

2018-04-16 16:07:47 - [MESSAGE][PASSED] - Delayed 1 second(s)

2018-04-16 16:07:47 - [TEST_STEP][PASSED] - click: Object: 'Object Repository/Page_- US Leadgen/a_Exporter Settings' is clicked on

2018-04-16 16:07:48 - [MESSAGE][PASSED] - Object: 'Object Repository/Page_- US Leadgen/a_Exporter Settings' is clicked on

2018-04-16 16:07:48 - [TEST_STEP][PASSED] - delay: Delayed 2 second(s)

2018-04-16 16:07:50 - [MESSAGE][PASSED] - Delayed 2 second(s)

2018-04-16 16:07:50 - [TEST_STEP][PASSED] - mouseOver: Object: 'Object Repository/Page_Home Page - US Leadgen (1)/span_Administration' is hovered

2018-04-16 16:07:50 - [MESSAGE][PASSED] - Object: 'Object Repository/Page_Home Page - US Leadgen (1)/span_Administration' is hovered

2018-04-16 16:07:50 - [TEST_STEP][PASSED] - delay: Delayed 1 second(s)

2018-04-16 16:07:51 - [MESSAGE][PASSED] - Delayed 1 second(s)

2018-04-16 16:07:51 - [TEST_STEP][PASSED] - mouseOver: Object: 'Object Repository/Page_Home Page - US Leadgen (1)/span_System' is hovered

2018-04-16 16:07:51 - [MESSAGE][PASSED] - Object: 'Object Repository/Page_Home Page - US Leadgen (1)/span_System' is hovered

2018-04-16 16:07:51 - [TEST_STEP][PASSED] - delay: Delayed 1 second(s)

2018-04-16 16:07:52 - [MESSAGE][PASSED] - Delayed 1 second(s)

2018-04-16 16:07:52 - [TEST_STEP][PASSED] - click: Object: 'Object Repository/Page_- US Leadgen/a_Provision Keys' is clicked on

2018-04-16 16:07:52 - [MESSAGE][PASSED] - Object: 'Object Repository/Page_- US Leadgen/a_Provision Keys' is clicked on

2018-04-16 16:07:52 - [TEST_STEP][PASSED] - delay: Delayed 2 second(s)

2018-04-16 16:07:54 - [MESSAGE][PASSED] - Delayed 2 second(s)

2018-04-16 16:07:54 - [TEST_STEP][PASSED] - mouseOver: Object: 'Object Repository/Page_Home Page - US Leadgen (1)/span_Administration' is hovered

2018-04-16 16:07:54 - [MESSAGE][PASSED] - Object: 'Object Repository/Page_Home Page - US Leadgen (1)/span_Administration' is hovered

2018-04-16 16:07:54 - [TEST_STEP][PASSED] - delay: Delayed 1 second(s)

2018-04-16 16:07:55 - [MESSAGE][PASSED] - Delayed 1 second(s)

2018-04-16 16:07:55 - [TEST_STEP][PASSED] - mouseOver: Object: 'Object Repository/Page_Home Page - US Leadgen (1)/span_System' is hovered

2018-04-16 16:07:55 - [MESSAGE][PASSED] - Object: 'Object Repository/Page_Home Page - US Leadgen (1)/span_System' is hovered

2018-04-16 16:07:55 - [TEST_STEP][PASSED] - delay: Delayed 1 second(s)

2018-04-16 16:07:56 - [MESSAGE][PASSED] - Delayed 1 second(s)

2018-04-16 16:07:56 - [TEST_STEP][PASSED] - click: Object: 'Object Repository/Page_- US Leadgen/a_The Purginator' is clicked on

2018-04-16 16:07:57 - [MESSAGE][PASSED] - Object: 'Object Repository/Page_- US Leadgen/a_The Purginator' is clicked on

2018-04-16 16:07:57 - [TEST_STEP][PASSED] - delay: Delayed 2 second(s)

2018-04-16 16:07:59 - [MESSAGE][PASSED] - Delayed 2 second(s)

2018-04-16 16:07:59 - [TEST_STEP][PASSED] - mouseOver: Object: 'Object Repository/Page_Home Page - US Leadgen (1)/span_Administration' is hovered

2018-04-16 16:07:59 - [MESSAGE][PASSED] - Object: 'Object Repository/Page_Home Page - US Leadgen (1)/span_Administration' is hovered

2018-04-16 16:07:59 - [TEST_STEP][PASSED] - delay: Delayed 1 second(s)

2018-04-16 16:08:00 - [MESSAGE][PASSED] - Delayed 1 second(s)

2018-04-16 16:08:00 - [TEST_STEP][PASSED] - mouseOver: Object: 'Object Repository/Page_Home Page - US Leadgen (1)/span_System' is hovered

2018-04-16 16:08:00 - [MESSAGE][PASSED] - Object: 'Object Repository/Page_Home Page - US Leadgen (1)/span_System' is hovered

2018-04-16 16:08:00 - [TEST_STEP][PASSED] - delay: Delayed 1 second(s)

2018-04-16 16:08:01 - [MESSAGE][PASSED] - Delayed 1 second(s)

2018-04-16 16:08:01 - [TEST_STEP][PASSED] - click: Object: 'Object Repository/Page_- US Leadgen/a_Purge History' is clicked on

2018-04-16 16:08:01 - [MESSAGE][PASSED] - Object: 'Object Repository/Page_- US Leadgen/a_Purge History' is clicked on

2018-04-16 16:08:01 - [TEST_STEP][PASSED] - delay: Delayed 2 second(s)

2018-04-16 16:08:03 - [MESSAGE][PASSED] - Delayed 2 second(s)

2018-04-16 16:08:03 - [TEST_STEP][PASSED] - click: Object: 'Object Repository/Page_- US Leadgen/a_Dashboard' is clicked on

2018-04-16 16:08:04 - [MESSAGE][PASSED] - Object: 'Object Repository/Page_- US Leadgen/a_Dashboard' is clicked on

2018-04-16 16:08:04 - [TEST_STEP][PASSED] - delay: Delayed 5 second(s)

2018-04-16 16:08:09 - [MESSAGE][PASSED] - Delayed 5 second(s)

2018-04-16 16:08:09 - [TEST_STEP][PASSED] - mouseOver: Object: 'Object Repository/Page_Home Page - US Leadgen (1)/span_Reporting' is hovered

2018-04-16 16:08:09 - [MESSAGE][PASSED] - Object: 'Object Repository/Page_Home Page - US Leadgen (1)/span_Reporting' is hovered

2018-04-16 16:08:09 - [TEST_STEP][PASSED] - delay: Delayed 1 second(s)

2018-04-16 16:08:10 - [MESSAGE][PASSED] - Delayed 1 second(s)

2018-04-16 16:08:10 - [TEST_STEP][PASSED] - click: Object: 'Object Repository/Page_Home Page - US Leadgen (3)/a_Daily Emails' is clicked on

2018-04-16 16:08:10 - [MESSAGE][PASSED] - Object: 'Object Repository/Page_Home Page - US Leadgen (3)/a_Daily Emails' is clicked on

2018-04-16 16:08:10 - [TEST_STEP][PASSED] - delay: Delayed 2 second(s)

2018-04-16 16:08:12 - [MESSAGE][PASSED] - Delayed 2 second(s)

2018-04-16 16:08:12 - [TEST_STEP][PASSED] - mouseOver: Object: 'Object Repository/Page_Home Page - US Leadgen (1)/span_Reporting' is hovered

2018-04-16 16:08:12 - [MESSAGE][PASSED] - Object: 'Object Repository/Page_Home Page - US Leadgen (1)/span_Reporting' is hovered

2018-04-16 16:08:12 - [TEST_STEP][PASSED] - delay: Delayed 1 second(s)

2018-04-16 16:08:13 - [MESSAGE][PASSED] - Delayed 1 second(s)

2018-04-16 16:08:13 - [TEST_STEP][PASSED] - click: Object: 'Object Repository/Page_- US Leadgen/a_EDC Lead Summary' is clicked on

2018-04-16 16:08:15 - [MESSAGE][PASSED] - Object: 'Object Repository/Page_- US Leadgen/a_EDC Lead Summary' is clicked on

2018-04-16 16:08:15 - [TEST_STEP][PASSED] - delay: Delayed 2 second(s)

2018-04-16 16:08:17 - [MESSAGE][PASSED] - Delayed 2 second(s)

2018-04-16 16:08:17 - [TEST_STEP][PASSED] - click: Object: 'Object Repository/Page_- US Leadgen/i_fa fa-angle-double-left' is clicked on

2018-04-16 16:08:17 - [MESSAGE][PASSED] - Object: 'Object Repository/Page_- US Leadgen/i_fa fa-angle-double-left' is clicked on

2018-04-16 16:08:17 - [TEST_STEP][PASSED] - delay: Delayed 2 second(s)

2018-04-16 16:08:19 - [MESSAGE][PASSED] - Delayed 2 second(s)

2018-04-16 16:08:19 - [TEST_STEP][PASSED] - click: Object: 'Object Repository/Page_- US Leadgen/i_fa fa-angle-double-left_1' is clicked on

2018-04-16 16:08:19 - [MESSAGE][PASSED] - Object: 'Object Repository/Page_- US Leadgen/i_fa fa-angle-double-left_1' is clicked on

2018-04-16 16:08:19 - [TEST_STEP][PASSED] - delay: Delayed 2 second(s)

2018-04-16 16:08:21 - [MESSAGE][PASSED] - Delayed 2 second(s)

2018-04-16 16:08:21 - [TEST_STEP][PASSED] - click: Object: 'Object Repository/Page_- US Leadgen/button_uix-control-right' is clicked on

2018-04-16 16:08:21 - [MESSAGE][PASSED] - Object: 'Object Repository/Page_- US Leadgen/button_uix-control-right' is clicked on

2018-04-16 16:08:21 - [TEST_STEP][PASSED] - delay: Delayed 2 second(s)

2018-04-16 16:08:23 - [MESSAGE][PASSED] - Delayed 2 second(s)

2018-04-16 16:08:23 - [TEST_STEP][PASSED] - click: Object: 'Object Repository/Page_- US Leadgen/em_Submit' is clicked on

2018-04-16 16:08:23 - [MESSAGE][PASSED] - Object: 'Object Repository/Page_- US Leadgen/em_Submit' is clicked on

2018-04-16 16:08:23 - [TEST_STEP][PASSED] - delay: Delayed 2 second(s)

2018-04-16 16:08:25 - [MESSAGE][PASSED] - Delayed 2 second(s)

2018-04-16 16:08:25 - [TEST_STEP][PASSED] - click: Object: 'Object Repository/Page_- US Leadgen/em_Back' is clicked on

2018-04-16 16:08:27 - [MESSAGE][PASSED] - Object: 'Object Repository/Page_- US Leadgen/em_Back' is clicked on

2018-04-16 16:08:27 - [TEST_STEP][PASSED] - delay: Delayed 2 second(s)

2018-04-16 16:08:29 - [MESSAGE][PASSED] - Delayed 2 second(s)

2018-04-16 16:08:29 - [TEST_STEP][PASSED] - mouseOver: Object: 'Object Repository/Page_Home Page - US Leadgen (1)/span_Reporting' is hovered

2018-04-16 16:08:29 - [MESSAGE][PASSED] - Object: 'Object Repository/Page_Home Page - US Leadgen (1)/span_Reporting' is hovered

2018-04-16 16:08:29 - [TEST_STEP][PASSED] - delay: Delayed 1 second(s)

2018-04-16 16:08:30 - [MESSAGE][PASSED] - Delayed 1 second(s)

2018-04-16 16:08:30 - [TEST_STEP][PASSED] - click: Object: 'Object Repository/Page_- US Leadgen/a_Transmitted Leads' is clicked on

2018-04-16 16:08:30 - [MESSAGE][PASSED] - Object: 'Object Repository/Page_- US Leadgen/a_Transmitted Leads' is clicked on

2018-04-16 16:08:30 - [TEST_STEP][PASSED] - delay: Delayed 2 second(s)

2018-04-16 16:08:32 - [MESSAGE][PASSED] - Delayed 2 second(s)

2018-04-16 16:08:32 - [TEST_STEP][PASSED] - click: Object: 'Object Repository/Page_- US Leadgen/i_fa fa-angle-double-left' is clicked on

2018-04-16 16:08:32 - [MESSAGE][PASSED] - Object: 'Object Repository/Page_- US Leadgen/i_fa fa-angle-double-left' is clicked on

2018-04-16 16:08:32 - [TEST_STEP][PASSED] - delay: Delayed 3 second(s)

2018-04-16 16:08:35 - [MESSAGE][PASSED] - Delayed 3 second(s)

2018-04-16 16:08:35 - [TEST_STEP][PASSED] - click: Object: 'Object Repository/Page_- US Leadgen/em_Submit' is clicked on

2018-04-16 16:08:36 - [MESSAGE][PASSED] - Object: 'Object Repository/Page_- US Leadgen/em_Submit' is clicked on

2018-04-16 16:08:36 - [TEST_STEP][PASSED] - delay: Delayed 5 second(s)

2018-04-16 16:08:41 - [MESSAGE][PASSED] - Delayed 5 second(s)

2018-04-16 16:08:41 - [TEST_STEP][PASSED] - click: Object: 'Object Repository/Page_- US Leadgen/em_Back_1' is clicked on

2018-04-16 16:08:41 - [MESSAGE][PASSED] - Object: 'Object Repository/Page_- US Leadgen/em_Back_1' is clicked on

2018-04-16 16:08:41 - [TEST_STEP][PASSED] - delay: Delayed 2 second(s)

2018-04-16 16:08:43 - [MESSAGE][PASSED] - Delayed 2 second(s)

2018-04-16 16:08:43 - [TEST_STEP][PASSED] - mouseOver: Object: 'Object Repository/Page_Home Page - US Leadgen (1)/span_Reporting' is hovered

2018-04-16 16:08:43 - [MESSAGE][PASSED] - Object: 'Object Repository/Page_Home Page - US Leadgen (1)/span_Reporting' is hovered

2018-04-16 16:08:43 - [TEST_STEP][PASSED] - delay: Delayed 1 second(s)

2018-04-16 16:08:44 - [MESSAGE][PASSED] - Delayed 1 second(s)

2018-04-16 16:08:44 - [TEST_STEP][PASSED] - click: Object: 'Object Repository/Page_- US Leadgen/a_Lead Details' is clicked on

2018-04-16 16:08:45 - [MESSAGE][PASSED] - Object: 'Object Repository/Page_- US Leadgen/a_Lead Details' is clicked on

2018-04-16 16:08:45 - [TEST_STEP][PASSED] - delay: Delayed 2 second(s)

2018-04-16 16:08:47 - [MESSAGE][PASSED] - Delayed 2 second(s)

2018-04-16 16:08:47 - [TEST_STEP][PASSED] - click: Object: 'Object Repository/Page_- US Leadgen/i_fa fa-angle-double-left' is clicked on

2018-04-16 16:08:47 - [MESSAGE][PASSED] - Object: 'Object Repository/Page_- US Leadgen/i_fa fa-angle-double-left' is clicked on

2018-04-16 16:08:47 - [TEST_STEP][PASSED] - delay: Delayed 2 second(s)

2018-04-16 16:08:49 - [MESSAGE][PASSED] - Delayed 2 second(s)

2018-04-16 16:08:49 - [TEST_STEP][PASSED] - click: Object: 'Object Repository/Page_- US Leadgen/em_Submit' is clicked on

2018-04-16 16:08:49 - [MESSAGE][PASSED] - Object: 'Object Repository/Page_- US Leadgen/em_Submit' is clicked on

2018-04-16 16:08:49 - [TEST_STEP][PASSED] - delay: Delayed 5 second(s)

2018-04-16 16:08:54 - [MESSAGE][PASSED] - Delayed 5 second(s)

2018-04-16 16:08:54 - [TEST_STEP][PASSED] - mouseOver: Object: 'Object Repository/Page_Home Page - US Leadgen (1)/span_Reporting' is hovered

2018-04-16 16:08:54 - [MESSAGE][PASSED] - Object: 'Object Repository/Page_Home Page - US Leadgen (1)/span_Reporting' is hovered

2018-04-16 16:08:54 - [TEST_STEP][PASSED] - delay: Delayed 1 second(s)

2018-04-16 16:08:55 - [MESSAGE][PASSED] - Delayed 1 second(s)

2018-04-16 16:08:55 - [TEST_STEP][PASSED] - click: Object: 'Object Repository/Page_- US Leadgen/a_Multi-Brand Details' is clicked on

2018-04-16 16:08:56 - [MESSAGE][PASSED] - Object: 'Object Repository/Page_- US Leadgen/a_Multi-Brand Details' is clicked on

2018-04-16 16:08:56 - [TEST_STEP][PASSED] - delay: Delayed 2 second(s)

2018-04-16 16:08:58 - [MESSAGE][PASSED] - Delayed 2 second(s)

2018-04-16 16:08:58 - [TEST_STEP][PASSED] - click: Object: 'Object Repository/Page_- US Leadgen/i_fa fa-angle-double-left' is clicked on

2018-04-16 16:08:58 - [MESSAGE][PASSED] - Object: 'Object Repository/Page_- US Leadgen/i_fa fa-angle-double-left' is clicked on

2018-04-16 16:08:58 - [TEST_STEP][PASSED] - delay: Delayed 3 second(s)

2018-04-16 16:09:01 - [MESSAGE][PASSED] - Delayed 3 second(s)

2018-04-16 16:09:01 - [TEST_STEP][PASSED] - click: Object: 'Object Repository/Page_- US Leadgen/em_Submit' is clicked on

2018-04-16 16:09:01 - [MESSAGE][PASSED] - Object: 'Object Repository/Page_- US Leadgen/em_Submit' is clicked on

2018-04-16 16:09:01 - [TEST_STEP][PASSED] - delay: Delayed 5 second(s)

2018-04-16 16:09:06 - [MESSAGE][PASSED] - Delayed 5 second(s)

2018-04-16 16:09:06 - [TEST_STEP][PASSED] - click: Object: 'Object Repository/Page_- US Leadgen/a_Dashboard' is clicked on

2018-04-16 16:09:07 - [MESSAGE][PASSED] - Object: 'Object Repository/Page_- US Leadgen/a_Dashboard' is clicked on

2018-04-16 16:09:07 - [TEST_STEP][PASSED] - delay: Delayed 2 second(s)

2018-04-16 16:09:09 - [MESSAGE][PASSED] - Delayed 2 second(s)]]></system-out>
         <system-err><![CDATA[]]></system-err>
      </testcase>
      <testcase name="Test Cases/Logging Out" classname="Test Cases/Logging Out" status="PASSED">
         <system-out><![CDATA[2018-04-16 16:09:09 - [TEST_CASE][PASSED] - Test Cases/Logging Out: Test Cases/Logging Out

2018-04-16 16:09:09 - [TEST_STEP][NOT_RUN] - openBrowser: NOT_RUN: openBrowser

2018-04-16 16:09:09 - [MESSAGE][NOT_RUN] - NOT_RUN: openBrowser

2018-04-16 16:09:09 - [TEST_STEP][NOT_RUN] - navigateToUrl: NOT_RUN: navigateToUrl

2018-04-16 16:09:09 - [MESSAGE][NOT_RUN] - NOT_RUN: navigateToUrl

2018-04-16 16:09:09 - [TEST_STEP][NOT_RUN] - maximizeWindow: NOT_RUN: maximizeWindow

2018-04-16 16:09:09 - [MESSAGE][NOT_RUN] - NOT_RUN: maximizeWindow

2018-04-16 16:09:09 - [TEST_STEP][NOT_RUN] - callTestCase: NOT_RUN: callTestCase

2018-04-16 16:09:09 - [MESSAGE][NOT_RUN] - NOT_RUN: callTestCase

2018-04-16 16:09:09 - [TEST_STEP][PASSED] - comment: Disabled for reasons. DO NOT ENABLE UNLESS I TELL YOU!

2018-04-16 16:09:09 - [TEST_STEP][PASSED] - mouseOver: Object: 'Object Repository/Page_Home Page - US Leadgen (1)/span_Account' is hovered

2018-04-16 16:09:09 - [MESSAGE][PASSED] - Object: 'Object Repository/Page_Home Page - US Leadgen (1)/span_Account' is hovered

2018-04-16 16:09:09 - [TEST_STEP][PASSED] - delay: Delayed 1 second(s)

2018-04-16 16:09:10 - [MESSAGE][PASSED] - Delayed 1 second(s)

2018-04-16 16:09:10 - [TEST_STEP][PASSED] - click: Object: 'Object Repository/Page_Home Page - US Leadgen (2)/span_Sign Out' is clicked on

2018-04-16 16:09:10 - [MESSAGE][PASSED] - Object: 'Object Repository/Page_Home Page - US Leadgen (2)/span_Sign Out' is clicked on]]></system-out>
         <system-err><![CDATA[]]></system-err>
      </testcase>
      <system-out><![CDATA[2018-04-16 16:06:30 - [TEST_SUITE][PASSED] - GM - Regression Suite for Reporting Tool: Test Cases/Logging Out]]></system-out>
      <system-err><![CDATA[]]></system-err>
   </testsuite>
</testsuites>
