<?xml version="1.0" encoding="UTF-8"?>
<testsuites name="GM - Regression Suite for Reporting Tool" time="875" tests="3" failures="2" errors="0">
   <testsuite name="GM - Regression Suite for Reporting Tool" tests="3" failures="2" errors="0" time="875" timestamp="2018-05-03 13:05:03" hostname="Not OSX - 10.2.38.24" id="Test Suites/GM - Regression Suite for Reporting Tool">
      <properties>
         <property name="deviceName" value=""/>
         <property name="devicePlatform" value=""/>
         <property name="logFolder" value="D:\\Projects\\Katalon Studio\\GM-US_Lead_Gen_Reporting_Tool\\Reports\\GM - Regression Suite for Reporting Tool\\20180503_130502"/>
         <property name="logFiles" value="D:\\Projects\\Katalon Studio\\GM-US_Lead_Gen_Reporting_Tool\\Reports\\GM - Regression Suite for Reporting Tool\\20180503_130502\\execution0.log"/>
         <property name="attachments" value=""/>
         <property name="hostName" value="Not OSX - 10.2.38.24"/>
         <property name="os" value="Windows 7 64bit"/>
         <property name="katalonVersion" value="5.4.1.1"/>
         <property name="browser" value="Chrome 66.0.3359.139"/>
         <property name="hostAddress" value="10.2.38.24"/>
         <property name="sessionId" value="eb68a812e00dfab24abe6ecec8d09d38"/>
         <property name="seleniumVersion" value="3.7.1"/>
         <property name="proxyInformation" value="ProxyInformation{proxyOption=NO_PROXY, proxyServerType=HTTP, password=, proxyServerAddress=, proxyServerPort=0}"/>
         <property name="platform" value="Windows 7"/>
      </properties>
      <testcase name="Test Cases/Regression - Logging in and Logging out" classname="Test Cases/Regression - Logging in and Logging out" status="PASSED">
         <system-out><![CDATA[2018-05-03 13:05:03 - [TEST_CASE][PASSED] - Test Cases/Regression - Logging in and Logging out: Test Cases/Regression - Logging in and Logging out

2018-05-03 13:05:03 - [TEST_STEP][PASSED] - openBrowser: Browser is opened with url: ''

2018-05-03 13:05:10 - [MESSAGE][PASSED] - Browser is opened with url: ''

2018-05-03 13:05:10 - [TEST_STEP][PASSED] - navigateToUrl: Navigate to 'https://us-dev.gmli2.bluewatertech.host' successfully

2018-05-03 13:05:13 - [MESSAGE][PASSED] - Navigate to 'https://us-dev.gmli2.bluewatertech.host' successfully

2018-05-03 13:05:13 - [TEST_STEP][PASSED] - maximizeWindow: Current window maximized

2018-05-03 13:05:17 - [MESSAGE][PASSED] - Current window maximized

2018-05-03 13:05:17 - [TEST_STEP][PASSED] - mouseOver: Object: 'Object Repository/Page_Home Page - US Leadgen/a_Sign In' is hovered

2018-05-03 13:05:28 - [MESSAGE][PASSED] - Object: 'Object Repository/Page_Home Page - US Leadgen/a_Sign In' is hovered

2018-05-03 13:05:28 - [TEST_STEP][PASSED] - click: Object: 'Object Repository/Page_Home Page - US Leadgen/a_Sign In' is clicked on

2018-05-03 13:05:37 - [MESSAGE][PASSED] - Object: 'Object Repository/Page_Home Page - US Leadgen/a_Sign In' is clicked on

2018-05-03 13:05:37 - [TEST_STEP][PASSED] - setText: Text 'jwaryas@bluewatertech.com' is set on object 'Object Repository/Page_Log in - US Leadgen/input_Email'

2018-05-03 13:05:46 - [MESSAGE][PASSED] - Text 'jwaryas@bluewatertech.com' is set on object 'Object Repository/Page_Log in - US Leadgen/input_Email'

2018-05-03 13:05:46 - [TEST_STEP][PASSED] - setText: Text 'Droop420!' is set on object 'Object Repository/Page_Log in - US Leadgen/input_Password'

2018-05-03 13:05:54 - [MESSAGE][PASSED] - Text 'Droop420!' is set on object 'Object Repository/Page_Log in - US Leadgen/input_Password'

2018-05-03 13:05:54 - [TEST_STEP][PASSED] - click: Object: 'Object Repository/Page_Log in - US Leadgen/input_btn btn-default' is clicked on

2018-05-03 13:06:04 - [MESSAGE][PASSED] - Object: 'Object Repository/Page_Log in - US Leadgen/input_btn btn-default' is clicked on

2018-05-03 13:06:04 - [TEST_STEP][PASSED] - mouseOver: Object: 'Object Repository/Page_Home Page - US Leadgen (1)/span_Account' is hovered

2018-05-03 13:06:15 - [MESSAGE][PASSED] - Object: 'Object Repository/Page_Home Page - US Leadgen (1)/span_Account' is hovered

2018-05-03 13:06:15 - [TEST_STEP][PASSED] - click: Object: 'Object Repository/Page_Home Page - US Leadgen (2)/span_Sign Out' is clicked on

2018-05-03 13:06:25 - [MESSAGE][PASSED] - Object: 'Object Repository/Page_Home Page - US Leadgen (2)/span_Sign Out' is clicked on

2018-05-03 13:06:25 - [TEST_STEP][PASSED] - mouseOver: Object: 'Object Repository/Page_Home Page - US Leadgen/a_Sign In' is hovered

2018-05-03 13:06:36 - [MESSAGE][PASSED] - Object: 'Object Repository/Page_Home Page - US Leadgen/a_Sign In' is hovered

2018-05-03 13:06:36 - [TEST_STEP][PASSED] - click: Object: 'Object Repository/Page_Home Page - US Leadgen/a_Sign In' is clicked on

2018-05-03 13:06:45 - [MESSAGE][PASSED] - Object: 'Object Repository/Page_Home Page - US Leadgen/a_Sign In' is clicked on

2018-05-03 13:06:45 - [TEST_STEP][PASSED] - setText: Text 'jwaryas@bluewatertech.com' is set on object 'Object Repository/Page_Log in - US Leadgen/input_Email'

2018-05-03 13:06:53 - [MESSAGE][PASSED] - Text 'jwaryas@bluewatertech.com' is set on object 'Object Repository/Page_Log in - US Leadgen/input_Email'

2018-05-03 13:06:53 - [TEST_STEP][PASSED] - setText: Text 'Droop420!' is set on object 'Object Repository/Page_Log in - US Leadgen/input_Password'

2018-05-03 13:07:01 - [MESSAGE][PASSED] - Text 'Droop420!' is set on object 'Object Repository/Page_Log in - US Leadgen/input_Password'

2018-05-03 13:07:01 - [TEST_STEP][PASSED] - click: Object: 'Object Repository/Page_Log in - US Leadgen/input_btn btn-default' is clicked on

2018-05-03 13:07:11 - [MESSAGE][PASSED] - Object: 'Object Repository/Page_Log in - US Leadgen/input_btn btn-default' is clicked on

2018-05-03 13:07:11 - [TEST_STEP][PASSED] - mouseOver: Object: 'Object Repository/Page_Home Page - US Leadgen (1)/span_Account' is hovered

2018-05-03 13:07:22 - [MESSAGE][PASSED] - Object: 'Object Repository/Page_Home Page - US Leadgen (1)/span_Account' is hovered

2018-05-03 13:07:22 - [TEST_STEP][PASSED] - click: Object: 'Object Repository/Page_Home Page - US Leadgen (2)/span_Sign Out' is clicked on

2018-05-03 13:07:32 - [MESSAGE][PASSED] - Object: 'Object Repository/Page_Home Page - US Leadgen (2)/span_Sign Out' is clicked on

2018-05-03 13:07:32 - [TEST_STEP][PASSED] - mouseOver: Object: 'Object Repository/Page_Home Page - US Leadgen/a_Sign In' is hovered

2018-05-03 13:07:43 - [MESSAGE][PASSED] - Object: 'Object Repository/Page_Home Page - US Leadgen/a_Sign In' is hovered

2018-05-03 13:07:43 - [TEST_STEP][PASSED] - click: Object: 'Object Repository/Page_Home Page - US Leadgen/a_Sign In' is clicked on

2018-05-03 13:07:53 - [MESSAGE][PASSED] - Object: 'Object Repository/Page_Home Page - US Leadgen/a_Sign In' is clicked on

2018-05-03 13:07:53 - [TEST_STEP][PASSED] - setText: Text 'jwaryas@bluewatertech.com' is set on object 'Object Repository/Page_Log in - US Leadgen/input_Email'

2018-05-03 13:08:01 - [MESSAGE][PASSED] - Text 'jwaryas@bluewatertech.com' is set on object 'Object Repository/Page_Log in - US Leadgen/input_Email'

2018-05-03 13:08:01 - [TEST_STEP][PASSED] - setText: Text 'Droop420!' is set on object 'Object Repository/Page_Log in - US Leadgen/input_Password'

2018-05-03 13:08:09 - [MESSAGE][PASSED] - Text 'Droop420!' is set on object 'Object Repository/Page_Log in - US Leadgen/input_Password'

2018-05-03 13:08:09 - [TEST_STEP][PASSED] - click: Object: 'Object Repository/Page_Log in - US Leadgen/input_btn btn-default' is clicked on

2018-05-03 13:08:18 - [MESSAGE][PASSED] - Object: 'Object Repository/Page_Log in - US Leadgen/input_btn btn-default' is clicked on

2018-05-03 13:08:18 - [TEST_STEP][PASSED] - mouseOver: Object: 'Object Repository/Page_Home Page - US Leadgen (1)/span_Account' is hovered

2018-05-03 13:08:29 - [MESSAGE][PASSED] - Object: 'Object Repository/Page_Home Page - US Leadgen (1)/span_Account' is hovered

2018-05-03 13:08:29 - [TEST_STEP][PASSED] - click: Object: 'Object Repository/Page_Home Page - US Leadgen (2)/span_Sign Out' is clicked on

2018-05-03 13:08:39 - [MESSAGE][PASSED] - Object: 'Object Repository/Page_Home Page - US Leadgen (2)/span_Sign Out' is clicked on

2018-05-03 13:08:39 - [TEST_STEP][PASSED] - mouseOver: Object: 'Object Repository/Page_Home Page - US Leadgen/a_Sign In' is hovered

2018-05-03 13:08:50 - [MESSAGE][PASSED] - Object: 'Object Repository/Page_Home Page - US Leadgen/a_Sign In' is hovered

2018-05-03 13:08:50 - [TEST_STEP][PASSED] - click: Object: 'Object Repository/Page_Home Page - US Leadgen/a_Sign In' is clicked on

2018-05-03 13:09:00 - [MESSAGE][PASSED] - Object: 'Object Repository/Page_Home Page - US Leadgen/a_Sign In' is clicked on

2018-05-03 13:09:00 - [TEST_STEP][PASSED] - setText: Text 'jwaryas@bluewatertech.com' is set on object 'Object Repository/Page_Log in - US Leadgen/input_Email'

2018-05-03 13:09:08 - [MESSAGE][PASSED] - Text 'jwaryas@bluewatertech.com' is set on object 'Object Repository/Page_Log in - US Leadgen/input_Email'

2018-05-03 13:09:08 - [TEST_STEP][PASSED] - setText: Text 'Droop420!' is set on object 'Object Repository/Page_Log in - US Leadgen/input_Password'

2018-05-03 13:09:16 - [MESSAGE][PASSED] - Text 'Droop420!' is set on object 'Object Repository/Page_Log in - US Leadgen/input_Password'

2018-05-03 13:09:16 - [TEST_STEP][PASSED] - click: Object: 'Object Repository/Page_Log in - US Leadgen/input_btn btn-default' is clicked on

2018-05-03 13:09:26 - [MESSAGE][PASSED] - Object: 'Object Repository/Page_Log in - US Leadgen/input_btn btn-default' is clicked on

2018-05-03 13:09:26 - [TEST_STEP][PASSED] - mouseOver: Object: 'Object Repository/Page_Home Page - US Leadgen (1)/span_Account' is hovered

2018-05-03 13:09:37 - [MESSAGE][PASSED] - Object: 'Object Repository/Page_Home Page - US Leadgen (1)/span_Account' is hovered

2018-05-03 13:09:37 - [TEST_STEP][PASSED] - click: Object: 'Object Repository/Page_Home Page - US Leadgen (2)/span_Sign Out' is clicked on

2018-05-03 13:09:46 - [MESSAGE][PASSED] - Object: 'Object Repository/Page_Home Page - US Leadgen (2)/span_Sign Out' is clicked on

2018-05-03 13:09:46 - [TEST_STEP][PASSED] - mouseOver: Object: 'Object Repository/Page_Home Page - US Leadgen/a_Sign In' is hovered

2018-05-03 13:09:57 - [MESSAGE][PASSED] - Object: 'Object Repository/Page_Home Page - US Leadgen/a_Sign In' is hovered

2018-05-03 13:09:57 - [TEST_STEP][PASSED] - click: Object: 'Object Repository/Page_Home Page - US Leadgen/a_Sign In' is clicked on

2018-05-03 13:10:07 - [MESSAGE][PASSED] - Object: 'Object Repository/Page_Home Page - US Leadgen/a_Sign In' is clicked on

2018-05-03 13:10:07 - [TEST_STEP][PASSED] - setText: Text 'jwaryas@bluewatertech.com' is set on object 'Object Repository/Page_Log in - US Leadgen/input_Email'

2018-05-03 13:10:15 - [MESSAGE][PASSED] - Text 'jwaryas@bluewatertech.com' is set on object 'Object Repository/Page_Log in - US Leadgen/input_Email'

2018-05-03 13:10:15 - [TEST_STEP][PASSED] - setText: Text 'Droop420!' is set on object 'Object Repository/Page_Log in - US Leadgen/input_Password'

2018-05-03 13:10:23 - [MESSAGE][PASSED] - Text 'Droop420!' is set on object 'Object Repository/Page_Log in - US Leadgen/input_Password'

2018-05-03 13:10:23 - [TEST_STEP][PASSED] - click: Object: 'Object Repository/Page_Log in - US Leadgen/input_btn btn-default' is clicked on

2018-05-03 13:10:33 - [MESSAGE][PASSED] - Object: 'Object Repository/Page_Log in - US Leadgen/input_btn btn-default' is clicked on

2018-05-03 13:10:33 - [TEST_STEP][PASSED] - mouseOver: Object: 'Object Repository/Page_Home Page - US Leadgen (1)/span_Account' is hovered

2018-05-03 13:10:44 - [MESSAGE][PASSED] - Object: 'Object Repository/Page_Home Page - US Leadgen (1)/span_Account' is hovered

2018-05-03 13:10:44 - [TEST_STEP][PASSED] - click: Object: 'Object Repository/Page_Home Page - US Leadgen (2)/span_Sign Out' is clicked on

2018-05-03 13:10:54 - [MESSAGE][PASSED] - Object: 'Object Repository/Page_Home Page - US Leadgen (2)/span_Sign Out' is clicked on

2018-05-03 13:10:54 - [TEST_STEP][PASSED] - mouseOver: Object: 'Object Repository/Page_Home Page - US Leadgen/a_Sign In' is hovered

2018-05-03 13:11:05 - [MESSAGE][PASSED] - Object: 'Object Repository/Page_Home Page - US Leadgen/a_Sign In' is hovered

2018-05-03 13:11:05 - [TEST_STEP][PASSED] - click: Object: 'Object Repository/Page_Home Page - US Leadgen/a_Sign In' is clicked on

2018-05-03 13:11:15 - [MESSAGE][PASSED] - Object: 'Object Repository/Page_Home Page - US Leadgen/a_Sign In' is clicked on

2018-05-03 13:11:15 - [TEST_STEP][PASSED] - setText: Text 'jwaryas@bluewatertech.com' is set on object 'Object Repository/Page_Log in - US Leadgen/input_Email'

2018-05-03 13:11:23 - [MESSAGE][PASSED] - Text 'jwaryas@bluewatertech.com' is set on object 'Object Repository/Page_Log in - US Leadgen/input_Email'

2018-05-03 13:11:23 - [TEST_STEP][PASSED] - setText: Text 'Droop420!' is set on object 'Object Repository/Page_Log in - US Leadgen/input_Password'

2018-05-03 13:11:31 - [MESSAGE][PASSED] - Text 'Droop420!' is set on object 'Object Repository/Page_Log in - US Leadgen/input_Password'

2018-05-03 13:11:31 - [TEST_STEP][PASSED] - click: Object: 'Object Repository/Page_Log in - US Leadgen/input_btn btn-default' is clicked on

2018-05-03 13:11:41 - [MESSAGE][PASSED] - Object: 'Object Repository/Page_Log in - US Leadgen/input_btn btn-default' is clicked on

2018-05-03 13:11:41 - [TEST_STEP][PASSED] - mouseOver: Object: 'Object Repository/Page_Home Page - US Leadgen (1)/span_Account' is hovered

2018-05-03 13:11:52 - [MESSAGE][PASSED] - Object: 'Object Repository/Page_Home Page - US Leadgen (1)/span_Account' is hovered

2018-05-03 13:11:52 - [TEST_STEP][PASSED] - click: Object: 'Object Repository/Page_Home Page - US Leadgen (2)/span_Sign Out' is clicked on

2018-05-03 13:12:02 - [MESSAGE][PASSED] - Object: 'Object Repository/Page_Home Page - US Leadgen (2)/span_Sign Out' is clicked on

2018-05-03 13:12:02 - [TEST_STEP][PASSED] - mouseOver: Object: 'Object Repository/Page_Home Page - US Leadgen/a_Sign In' is hovered

2018-05-03 13:12:13 - [MESSAGE][PASSED] - Object: 'Object Repository/Page_Home Page - US Leadgen/a_Sign In' is hovered

2018-05-03 13:12:13 - [TEST_STEP][PASSED] - click: Object: 'Object Repository/Page_Home Page - US Leadgen/a_Sign In' is clicked on

2018-05-03 13:12:23 - [MESSAGE][PASSED] - Object: 'Object Repository/Page_Home Page - US Leadgen/a_Sign In' is clicked on

2018-05-03 13:12:23 - [TEST_STEP][PASSED] - setText: Text 'jwaryas@bluewatertech.com' is set on object 'Object Repository/Page_Log in - US Leadgen/input_Email'

2018-05-03 13:12:31 - [MESSAGE][PASSED] - Text 'jwaryas@bluewatertech.com' is set on object 'Object Repository/Page_Log in - US Leadgen/input_Email'

2018-05-03 13:12:31 - [TEST_STEP][PASSED] - setText: Text 'Droop420!' is set on object 'Object Repository/Page_Log in - US Leadgen/input_Password'

2018-05-03 13:12:39 - [MESSAGE][PASSED] - Text 'Droop420!' is set on object 'Object Repository/Page_Log in - US Leadgen/input_Password'

2018-05-03 13:12:39 - [TEST_STEP][PASSED] - click: Object: 'Object Repository/Page_Log in - US Leadgen/input_btn btn-default' is clicked on

2018-05-03 13:12:48 - [MESSAGE][PASSED] - Object: 'Object Repository/Page_Log in - US Leadgen/input_btn btn-default' is clicked on

2018-05-03 13:12:48 - [TEST_STEP][PASSED] - mouseOver: Object: 'Object Repository/Page_Home Page - US Leadgen (1)/span_Account' is hovered

2018-05-03 13:12:59 - [MESSAGE][PASSED] - Object: 'Object Repository/Page_Home Page - US Leadgen (1)/span_Account' is hovered

2018-05-03 13:12:59 - [TEST_STEP][PASSED] - click: Object: 'Object Repository/Page_Home Page - US Leadgen (2)/span_Sign Out' is clicked on

2018-05-03 13:13:09 - [MESSAGE][PASSED] - Object: 'Object Repository/Page_Home Page - US Leadgen (2)/span_Sign Out' is clicked on]]></system-out>
         <system-err><![CDATA[]]></system-err>
      </testcase>
      <testcase name="Test Cases/Browser Start" classname="Test Cases/Browser Start" status="PASSED">
         <system-out><![CDATA[2018-05-03 13:13:09 - [TEST_CASE][PASSED] - Test Cases/Browser Start: Test Cases/Browser Start

2018-05-03 13:13:09 - [TEST_STEP][PASSED] - openBrowser: Browser is opened with url: ''

2018-05-03 13:13:09 - [MESSAGE][WARNING] - A browser is already opened. Closing browser and opening a new one

2018-05-03 13:13:18 - [MESSAGE][PASSED] - Browser is opened with url: ''

2018-05-03 13:13:18 - [TEST_STEP][PASSED] - maximizeWindow: Current window maximized

2018-05-03 13:13:21 - [MESSAGE][PASSED] - Current window maximized

2018-05-03 13:13:21 - [TEST_STEP][PASSED] - navigateToUrl: Navigate to 'https://us-dev.gmli2.bluewatertech.host' successfully

2018-05-03 13:13:24 - [MESSAGE][PASSED] - Navigate to 'https://us-dev.gmli2.bluewatertech.host' successfully

2018-05-03 13:13:24 - [TEST_STEP][PASSED] - delay: Delayed 5 second(s)

2018-05-03 13:13:29 - [MESSAGE][PASSED] - Delayed 5 second(s)

2018-05-03 13:13:29 - [TEST_STEP][PASSED] - comment: Use this test script to open and navigate to the website needed. This all can be edited for other websites too.]]></system-out>
         <system-err><![CDATA[]]></system-err>
      </testcase>
      <testcase name="Test Cases/Logging In" classname="Test Cases/Logging In" status="PASSED">
         <system-out><![CDATA[2018-05-03 13:13:29 - [TEST_CASE][PASSED] - Test Cases/Logging In: Test Cases/Logging In

2018-05-03 13:13:29 - [TEST_STEP][NOT_RUN] - openBrowser: NOT_RUN: openBrowser

2018-05-03 13:13:29 - [MESSAGE][NOT_RUN] - NOT_RUN: openBrowser

2018-05-03 13:13:29 - [TEST_STEP][NOT_RUN] - delay: NOT_RUN: delay

2018-05-03 13:13:29 - [MESSAGE][NOT_RUN] - NOT_RUN: delay

2018-05-03 13:13:29 - [TEST_STEP][NOT_RUN] - maximizeWindow: NOT_RUN: maximizeWindow

2018-05-03 13:13:29 - [MESSAGE][NOT_RUN] - NOT_RUN: maximizeWindow

2018-05-03 13:13:29 - [TEST_STEP][NOT_RUN] - navigateToUrl: NOT_RUN: navigateToUrl

2018-05-03 13:13:29 - [MESSAGE][NOT_RUN] - NOT_RUN: navigateToUrl

2018-05-03 13:13:29 - [TEST_STEP][PASSED] - comment: Diabled for a reason. If you want to just run this test case enable then disable once you are done.

2018-05-03 13:13:29 - [TEST_STEP][PASSED] - delay: Delayed 2 second(s)

2018-05-03 13:13:31 - [MESSAGE][PASSED] - Delayed 2 second(s)

2018-05-03 13:13:31 - [TEST_STEP][PASSED] - click: Object: 'Object Repository/Page_Home Page - US Leadgen/a_Sign In' is clicked on

2018-05-03 13:13:35 - [MESSAGE][PASSED] - Object: 'Object Repository/Page_Home Page - US Leadgen/a_Sign In' is clicked on

2018-05-03 13:13:35 - [TEST_STEP][PASSED] - comment: Once this is selected the user can sign in

2018-05-03 13:13:35 - [TEST_STEP][PASSED] - setText: Text 'jwaryas@bluewatertech.com' is set on object 'Object Repository/Page_Log in - US Leadgen/input_Email'

2018-05-03 13:13:43 - [MESSAGE][PASSED] - Text 'jwaryas@bluewatertech.com' is set on object 'Object Repository/Page_Log in - US Leadgen/input_Email'

2018-05-03 13:13:43 - [TEST_STEP][PASSED] - delay: Delayed 1 second(s)

2018-05-03 13:13:44 - [MESSAGE][PASSED] - Delayed 1 second(s)

2018-05-03 13:13:44 - [TEST_STEP][PASSED] - setText: Text 'Droop420!' is set on object 'Object Repository/Page_Log in - US Leadgen/input_Password'

2018-05-03 13:13:53 - [MESSAGE][PASSED] - Text 'Droop420!' is set on object 'Object Repository/Page_Log in - US Leadgen/input_Password'

2018-05-03 13:13:53 - [TEST_STEP][PASSED] - delay: Delayed 1 second(s)

2018-05-03 13:13:54 - [MESSAGE][PASSED] - Delayed 1 second(s)

2018-05-03 13:13:54 - [TEST_STEP][PASSED] - click: Object: 'Object Repository/Page_Log in - US Leadgen/input_btn btn-default' is clicked on

2018-05-03 13:13:58 - [MESSAGE][PASSED] - Object: 'Object Repository/Page_Log in - US Leadgen/input_btn btn-default' is clicked on]]></system-out>
         <system-err><![CDATA[]]></system-err>
      </testcase>
      <testcase name="Test Cases/Regression-Button Pushes" classname="Test Cases/Regression-Button Pushes" status="FAILED">
         <failure type="FAILED" message="Unable to move mouse over object 'Object Repository/Page_Home Page - US Leadgen (1)/span_Administration' (Root cause: com.kms.katalon.core.webui.exception.WebElementNotFoundException: Web element with id: 'Object Repository/Page_Home Page - US Leadgen (1)/span_Administration' located by 'By.xpath: //span[(text() = 'Administration' or . = 'Administration')]' not found)"/>
         <system-out><![CDATA[2018-05-03 13:13:58 - [TEST_CASE][FAILED] - Test Cases/Regression-Button Pushes: Test Cases/Regression-Button Pushes FAILED because (of) Unable to move mouse over object 'Object Repository/Page_Home Page - US Leadgen (1)/span_Administration' (Root cause: com.kms.katalon.core.webui.exception.WebElementNotFoundException: Web element with id: 'Object Repository/Page_Home Page - US Leadgen (1)/span_Administration' located by 'By.xpath: //span[(text() = 'Administration' or . = 'Administration')]' not found)

2018-05-03 13:13:58 - [TEST_STEP][FAILED] - callTestCase: Unable to call Test Case with id 'Test Cases/Button Pushes' (Root cause: Call Test Case 'Test Cases/Button Pushes' failed)

2018-05-03 13:13:58 - [TEST_CASE][FAILED] - Test Cases/Button Pushes: Test Cases/Button Pushes FAILED because (of) Unable to move mouse over object 'Object Repository/Page_Home Page - US Leadgen (1)/span_Administration' (Root cause: com.kms.katalon.core.webui.exception.WebElementNotFoundException: Web element with id: 'Object Repository/Page_Home Page - US Leadgen (1)/span_Administration' located by 'By.xpath: //span[(text() = 'Administration' or . = 'Administration')]' not found)

2018-05-03 13:13:58 - [TEST_STEP][NOT_RUN] - openBrowser: NOT_RUN: openBrowser

2018-05-03 13:13:58 - [MESSAGE][NOT_RUN] - NOT_RUN: openBrowser

2018-05-03 13:13:58 - [TEST_STEP][NOT_RUN] - navigateToUrl: NOT_RUN: navigateToUrl

2018-05-03 13:13:58 - [MESSAGE][NOT_RUN] - NOT_RUN: navigateToUrl

2018-05-03 13:13:58 - [TEST_STEP][NOT_RUN] - maximizeWindow: NOT_RUN: maximizeWindow

2018-05-03 13:13:58 - [MESSAGE][NOT_RUN] - NOT_RUN: maximizeWindow

2018-05-03 13:13:58 - [TEST_STEP][NOT_RUN] - callTestCase: NOT_RUN: callTestCase

2018-05-03 13:13:58 - [MESSAGE][NOT_RUN] - NOT_RUN: callTestCase

2018-05-03 13:13:58 - [TEST_STEP][PASSED] - comment: These are disabled for a reason. DO NOT ENABLE UNLESS YOU ARE TESTING THIS PART ONLY

2018-05-03 13:13:58 - [TEST_STEP][PASSED] - mouseOver: Object: 'Object Repository/Page_Home Page - US Leadgen (1)/span_Administration' is hovered

2018-05-03 13:14:04 - [MESSAGE][PASSED] - Object: 'Object Repository/Page_Home Page - US Leadgen (1)/span_Administration' is hovered

2018-05-03 13:14:04 - [TEST_STEP][PASSED] - comment: Mouse over is used to hover over "Administration"

2018-05-03 13:14:04 - [TEST_STEP][PASSED] - click: Object: 'Object Repository/Page_Home Page - US Leadgen (3)/a_Held Leads' is clicked on

2018-05-03 13:14:11 - [MESSAGE][PASSED] - Object: 'Object Repository/Page_Home Page - US Leadgen (3)/a_Held Leads' is clicked on

2018-05-03 13:14:11 - [TEST_STEP][PASSED] - click: Object: 'Object Repository/Page_- US Leadgen/a_Pending Groups' is clicked on

2018-05-03 13:14:15 - [MESSAGE][PASSED] - Object: 'Object Repository/Page_- US Leadgen/a_Pending Groups' is clicked on

2018-05-03 13:14:15 - [TEST_STEP][PASSED] - click: Object: 'Object Repository/Page_- US Leadgen/a_Overridden Leads Report' is clicked on

2018-05-03 13:14:19 - [MESSAGE][PASSED] - Object: 'Object Repository/Page_- US Leadgen/a_Overridden Leads Report' is clicked on

2018-05-03 13:14:19 - [TEST_STEP][PASSED] - click: Object: 'Object Repository/Page_- US Leadgen/a_Pending Groups' is clicked on

2018-05-03 13:14:23 - [MESSAGE][PASSED] - Object: 'Object Repository/Page_- US Leadgen/a_Pending Groups' is clicked on

2018-05-03 13:14:23 - [TEST_STEP][PASSED] - click: Object: 'Object Repository/Page_- US Leadgen/a_Incoming Held Leads' is clicked on

2018-05-03 13:14:27 - [MESSAGE][PASSED] - Object: 'Object Repository/Page_- US Leadgen/a_Incoming Held Leads' is clicked on

2018-05-03 13:14:27 - [TEST_STEP][PASSED] - mouseOver: Object: 'Object Repository/Page_Home Page - US Leadgen (1)/span_Administration' is hovered

2018-05-03 13:14:33 - [MESSAGE][PASSED] - Object: 'Object Repository/Page_Home Page - US Leadgen (1)/span_Administration' is hovered

2018-05-03 13:14:33 - [TEST_STEP][PASSED] - click: Object: 'Object Repository/Page_- US Leadgen/a_VMM Updates' is clicked on

2018-05-03 13:14:43 - [MESSAGE][PASSED] - Object: 'Object Repository/Page_- US Leadgen/a_VMM Updates' is clicked on

2018-05-03 13:14:43 - [TEST_STEP][PASSED] - mouseOver: Object: 'Object Repository/Page_Home Page - US Leadgen (1)/span_Administration' is hovered

2018-05-03 13:14:54 - [MESSAGE][PASSED] - Object: 'Object Repository/Page_Home Page - US Leadgen (1)/span_Administration' is hovered

2018-05-03 13:14:54 - [TEST_STEP][PASSED] - click: Object: 'Object Repository/Page_- US Leadgen/a_Dealerships' is clicked on

2018-05-03 13:15:04 - [MESSAGE][PASSED] - Object: 'Object Repository/Page_- US Leadgen/a_Dealerships' is clicked on

2018-05-03 13:15:04 - [TEST_STEP][PASSED] - mouseOver: Object: 'Object Repository/Page_Home Page - US Leadgen (1)/span_Administration' is hovered

2018-05-03 13:15:15 - [MESSAGE][PASSED] - Object: 'Object Repository/Page_Home Page - US Leadgen (1)/span_Administration' is hovered

2018-05-03 13:15:15 - [TEST_STEP][PASSED] - click: Object: 'Object Repository/Page_- US Leadgen/a_Zip Codes' is clicked on

2018-05-03 13:15:24 - [MESSAGE][PASSED] - Object: 'Object Repository/Page_- US Leadgen/a_Zip Codes' is clicked on

2018-05-03 13:15:24 - [TEST_STEP][PASSED] - mouseOver: Object: 'Object Repository/Page_Home Page - US Leadgen (1)/span_Administration' is hovered

2018-05-03 13:15:35 - [MESSAGE][PASSED] - Object: 'Object Repository/Page_Home Page - US Leadgen (1)/span_Administration' is hovered

2018-05-03 13:15:35 - [TEST_STEP][PASSED] - mouseOver: Object: 'Object Repository/Page_Home Page - US Leadgen (1)/span_System' is hovered

2018-05-03 13:15:46 - [MESSAGE][PASSED] - Object: 'Object Repository/Page_Home Page - US Leadgen (1)/span_System' is hovered

2018-05-03 13:15:46 - [TEST_STEP][PASSED] - click: Object: 'Object Repository/Page_- US Leadgen/a_Events' is clicked on

2018-05-03 13:15:56 - [MESSAGE][PASSED] - Object: 'Object Repository/Page_- US Leadgen/a_Events' is clicked on

2018-05-03 13:15:56 - [TEST_STEP][PASSED] - mouseOver: Object: 'Object Repository/Page_Home Page - US Leadgen (1)/span_Administration' is hovered

2018-05-03 13:16:07 - [MESSAGE][PASSED] - Object: 'Object Repository/Page_Home Page - US Leadgen (1)/span_Administration' is hovered

2018-05-03 13:16:07 - [TEST_STEP][PASSED] - mouseOver: Object: 'Object Repository/Page_Home Page - US Leadgen (1)/span_System' is hovered

2018-05-03 13:16:18 - [MESSAGE][PASSED] - Object: 'Object Repository/Page_Home Page - US Leadgen (1)/span_System' is hovered

2018-05-03 13:16:18 - [TEST_STEP][PASSED] - click: Object: 'Object Repository/Page_- US Leadgen/a_Source Codes' is clicked on

2018-05-03 13:16:28 - [MESSAGE][PASSED] - Object: 'Object Repository/Page_- US Leadgen/a_Source Codes' is clicked on

2018-05-03 13:16:28 - [TEST_STEP][PASSED] - mouseOver: Object: 'Object Repository/Page_Home Page - US Leadgen (1)/span_Administration' is hovered

2018-05-03 13:16:39 - [MESSAGE][PASSED] - Object: 'Object Repository/Page_Home Page - US Leadgen (1)/span_Administration' is hovered

2018-05-03 13:16:39 - [TEST_STEP][PASSED] - mouseOver: Object: 'Object Repository/Page_Home Page - US Leadgen (1)/span_System' is hovered

2018-05-03 13:16:50 - [MESSAGE][PASSED] - Object: 'Object Repository/Page_Home Page - US Leadgen (1)/span_System' is hovered

2018-05-03 13:16:50 - [TEST_STEP][PASSED] - click: Object: 'Object Repository/Page_- US Leadgen/a_System Settings' is clicked on

2018-05-03 13:17:00 - [MESSAGE][PASSED] - Object: 'Object Repository/Page_- US Leadgen/a_System Settings' is clicked on

2018-05-03 13:17:00 - [TEST_STEP][PASSED] - mouseOver: Object: 'Object Repository/Page_Home Page - US Leadgen (1)/span_Administration' is hovered

2018-05-03 13:17:11 - [MESSAGE][PASSED] - Object: 'Object Repository/Page_Home Page - US Leadgen (1)/span_Administration' is hovered

2018-05-03 13:17:11 - [TEST_STEP][PASSED] - mouseOver: Object: 'Object Repository/Page_Home Page - US Leadgen (1)/span_System' is hovered

2018-05-03 13:17:22 - [MESSAGE][PASSED] - Object: 'Object Repository/Page_Home Page - US Leadgen (1)/span_System' is hovered

2018-05-03 13:17:22 - [TEST_STEP][PASSED] - click: Object: 'Object Repository/Page_- US Leadgen/a_Plug In Management' is clicked on

2018-05-03 13:17:32 - [MESSAGE][PASSED] - Object: 'Object Repository/Page_- US Leadgen/a_Plug In Management' is clicked on

2018-05-03 13:17:32 - [TEST_STEP][PASSED] - mouseOver: Object: 'Object Repository/Page_Home Page - US Leadgen (1)/span_Administration' is hovered

2018-05-03 13:17:43 - [MESSAGE][PASSED] - Object: 'Object Repository/Page_Home Page - US Leadgen (1)/span_Administration' is hovered

2018-05-03 13:17:43 - [TEST_STEP][PASSED] - mouseOver: Object: 'Object Repository/Page_Home Page - US Leadgen (1)/span_System' is hovered

2018-05-03 13:17:54 - [MESSAGE][PASSED] - Object: 'Object Repository/Page_Home Page - US Leadgen (1)/span_System' is hovered

2018-05-03 13:17:54 - [TEST_STEP][PASSED] - click: Object: 'Object Repository/Page_- US Leadgen/a_Exporter Settings' is clicked on

2018-05-03 13:18:04 - [MESSAGE][PASSED] - Object: 'Object Repository/Page_- US Leadgen/a_Exporter Settings' is clicked on

2018-05-03 13:18:04 - [TEST_STEP][PASSED] - mouseOver: Object: 'Object Repository/Page_Home Page - US Leadgen (1)/span_Administration' is hovered

2018-05-03 13:18:15 - [MESSAGE][PASSED] - Object: 'Object Repository/Page_Home Page - US Leadgen (1)/span_Administration' is hovered

2018-05-03 13:18:15 - [TEST_STEP][PASSED] - mouseOver: Object: 'Object Repository/Page_Home Page - US Leadgen (1)/span_System' is hovered

2018-05-03 13:18:26 - [MESSAGE][PASSED] - Object: 'Object Repository/Page_Home Page - US Leadgen (1)/span_System' is hovered

2018-05-03 13:18:26 - [TEST_STEP][PASSED] - click: Object: 'Object Repository/Page_- US Leadgen/a_Provision Keys' is clicked on

2018-05-03 13:18:35 - [MESSAGE][PASSED] - Object: 'Object Repository/Page_- US Leadgen/a_Provision Keys' is clicked on

2018-05-03 13:18:35 - [TEST_STEP][FAILED] - mouseOver: Unable to move mouse over object 'Object Repository/Page_Home Page - US Leadgen (1)/span_Administration' (Root cause: com.kms.katalon.core.webui.exception.WebElementNotFoundException: Web element with id: 'Object Repository/Page_Home Page - US Leadgen (1)/span_Administration' located by 'By.xpath: //span[(text() = 'Administration' or . = 'Administration')]' not found)

2018-05-03 13:19:05 - [MESSAGE][FAILED] - Unable to move mouse over object 'Object Repository/Page_Home Page - US Leadgen (1)/span_Administration' (Root cause: com.kms.katalon.core.webui.exception.WebElementNotFoundException: Web element with id: 'Object Repository/Page_Home Page - US Leadgen (1)/span_Administration' located by 'By.xpath: //span[(text() = 'Administration' or . = 'Administration')]' not found)

2018-05-03 13:19:05 - [MESSAGE][FAILED] - Unable to call Test Case with id 'Test Cases/Button Pushes' (Root cause: Call Test Case 'Test Cases/Button Pushes' failed)]]></system-out>
         <system-err><![CDATA[2018-05-03 13:13:58 - [TEST_CASE][FAILED] - Test Cases/Regression-Button Pushes: Test Cases/Regression-Button Pushes FAILED because (of) Unable to move mouse over object 'Object Repository/Page_Home Page - US Leadgen (1)/span_Administration' (Root cause: com.kms.katalon.core.webui.exception.WebElementNotFoundException: Web element with id: 'Object Repository/Page_Home Page - US Leadgen (1)/span_Administration' located by 'By.xpath: //span[(text() = 'Administration' or . = 'Administration')]' not found)]]></system-err>
      </testcase>
      <testcase name="Test Cases/Logging Out" classname="Test Cases/Logging Out" status="FAILED">
         <failure type="FAILED" message="Unable to move mouse over object 'Object Repository/Page_Home Page - US Leadgen (1)/span_Account' (Root cause: com.kms.katalon.core.webui.exception.WebElementNotFoundException: Web element with id: 'Object Repository/Page_Home Page - US Leadgen (1)/span_Account' located by 'By.xpath: //span[(text() = 'Account' or . = 'Account')]' not found)"/>
         <system-out><![CDATA[2018-05-03 13:19:05 - [TEST_CASE][FAILED] - Test Cases/Logging Out: Test Cases/Logging Out FAILED because (of) Unable to move mouse over object 'Object Repository/Page_Home Page - US Leadgen (1)/span_Account' (Root cause: com.kms.katalon.core.webui.exception.WebElementNotFoundException: Web element with id: 'Object Repository/Page_Home Page - US Leadgen (1)/span_Account' located by 'By.xpath: //span[(text() = 'Account' or . = 'Account')]' not found)

2018-05-03 13:19:05 - [TEST_STEP][NOT_RUN] - openBrowser: NOT_RUN: openBrowser

2018-05-03 13:19:05 - [MESSAGE][NOT_RUN] - NOT_RUN: openBrowser

2018-05-03 13:19:05 - [TEST_STEP][NOT_RUN] - navigateToUrl: NOT_RUN: navigateToUrl

2018-05-03 13:19:05 - [MESSAGE][NOT_RUN] - NOT_RUN: navigateToUrl

2018-05-03 13:19:05 - [TEST_STEP][NOT_RUN] - maximizeWindow: NOT_RUN: maximizeWindow

2018-05-03 13:19:05 - [MESSAGE][NOT_RUN] - NOT_RUN: maximizeWindow

2018-05-03 13:19:05 - [TEST_STEP][NOT_RUN] - callTestCase: NOT_RUN: callTestCase

2018-05-03 13:19:05 - [MESSAGE][NOT_RUN] - NOT_RUN: callTestCase

2018-05-03 13:19:05 - [TEST_STEP][PASSED] - comment: Disabled for reasons. DO NOT ENABLE UNLESS I TELL YOU!

2018-05-03 13:19:05 - [TEST_STEP][FAILED] - mouseOver: Unable to move mouse over object 'Object Repository/Page_Home Page - US Leadgen (1)/span_Account' (Root cause: com.kms.katalon.core.webui.exception.WebElementNotFoundException: Web element with id: 'Object Repository/Page_Home Page - US Leadgen (1)/span_Account' located by 'By.xpath: //span[(text() = 'Account' or . = 'Account')]' not found)

2018-05-03 13:19:35 - [MESSAGE][FAILED] - Unable to move mouse over object 'Object Repository/Page_Home Page - US Leadgen (1)/span_Account' (Root cause: com.kms.katalon.core.webui.exception.WebElementNotFoundException: Web element with id: 'Object Repository/Page_Home Page - US Leadgen (1)/span_Account' located by 'By.xpath: //span[(text() = 'Account' or . = 'Account')]' not found)]]></system-out>
         <system-err><![CDATA[2018-05-03 13:19:05 - [TEST_CASE][FAILED] - Test Cases/Logging Out: Test Cases/Logging Out FAILED because (of) Unable to move mouse over object 'Object Repository/Page_Home Page - US Leadgen (1)/span_Account' (Root cause: com.kms.katalon.core.webui.exception.WebElementNotFoundException: Web element with id: 'Object Repository/Page_Home Page - US Leadgen (1)/span_Account' located by 'By.xpath: //span[(text() = 'Account' or . = 'Account')]' not found)]]></system-err>
      </testcase>
      <system-out><![CDATA[2018-05-03 13:05:03 - [TEST_SUITE][FAILED] - GM - Regression Suite for Reporting Tool: Test Cases/Regression-Button Pushes FAILED because (of) Unable to move mouse over object 'Object Repository/Page_Home Page - US Leadgen (1)/span_Administration' (Root cause: com.kms.katalon.core.webui.exception.WebElementNotFoundException: Web element with id: 'Object Repository/Page_Home Page - US Leadgen (1)/span_Administration' located by 'By.xpath: //span[(text() = 'Administration' or . = 'Administration')]' not found)]]></system-out>
      <system-err><![CDATA[2018-05-03 13:05:03 - [TEST_SUITE][FAILED] - GM - Regression Suite for Reporting Tool: Test Cases/Regression-Button Pushes FAILED because (of) Unable to move mouse over object 'Object Repository/Page_Home Page - US Leadgen (1)/span_Administration' (Root cause: com.kms.katalon.core.webui.exception.WebElementNotFoundException: Web element with id: 'Object Repository/Page_Home Page - US Leadgen (1)/span_Administration' located by 'By.xpath: //span[(text() = 'Administration' or . = 'Administration')]' not found)]]></system-err>
   </testsuite>
</testsuites>
