<?xml version="1.0" encoding="UTF-8"?>
<testsuites name="GM-Staging Reporting Tool Suite" time="265" tests="3" failures="1" errors="0">
   <testsuite name="GM-Staging Reporting Tool Suite" tests="3" failures="1" errors="0" time="265" timestamp="2018-05-03 15:22:15" hostname="Not OSX - 10.2.38.24" id="Test Suites/GM-Staging Reporting Tool Suite">
      <properties>
         <property name="deviceName" value=""/>
         <property name="devicePlatform" value=""/>
         <property name="logFolder" value="D:\\Projects\\Katalon Studio\\GM-US_Lead_Gen_Reporting_Tool\\Reports\\GM-Staging Reporting Tool Suite\\20180503_152214"/>
         <property name="logFiles" value="D:\\Projects\\Katalon Studio\\GM-US_Lead_Gen_Reporting_Tool\\Reports\\GM-Staging Reporting Tool Suite\\20180503_152214\\execution0.log"/>
         <property name="attachments" value=""/>
         <property name="hostName" value="Not OSX - 10.2.38.24"/>
         <property name="os" value="Windows 7 64bit"/>
         <property name="katalonVersion" value="5.4.1.1"/>
         <property name="browser" value="Chrome 66.0.3359.139"/>
         <property name="hostAddress" value="10.2.38.24"/>
         <property name="sessionId" value="c6a61a394cc47b40f13de06afb07c58c"/>
         <property name="seleniumVersion" value="3.7.1"/>
         <property name="proxyInformation" value="ProxyInformation{proxyOption=NO_PROXY, proxyServerType=HTTP, password=, proxyServerAddress=, proxyServerPort=0}"/>
         <property name="platform" value="Windows 7"/>
      </properties>
      <testcase name="Test Cases/Staging Server-Browser Start" classname="Test Cases/Staging Server-Browser Start" status="PASSED">
         <system-out><![CDATA[2018-05-03 15:22:16 - [TEST_CASE][PASSED] - Test Cases/Staging Server-Browser Start: Test Cases/Staging Server-Browser Start

2018-05-03 15:22:16 - [TEST_STEP][PASSED] - openBrowser: Browser is opened with url: ''

2018-05-03 15:22:23 - [MESSAGE][PASSED] - Browser is opened with url: ''

2018-05-03 15:22:23 - [TEST_STEP][PASSED] - maximizeWindow: Current window maximized

2018-05-03 15:22:26 - [MESSAGE][PASSED] - Current window maximized

2018-05-03 15:22:26 - [TEST_STEP][PASSED] - navigateToUrl: Navigate to 'https://us-stage.gmli2.bluewatertech.host' successfully

2018-05-03 15:22:29 - [MESSAGE][PASSED] - Navigate to 'https://us-stage.gmli2.bluewatertech.host' successfully

2018-05-03 15:22:29 - [TEST_STEP][PASSED] - delay: Delayed 5 second(s)

2018-05-03 15:22:34 - [MESSAGE][PASSED] - Delayed 5 second(s)

2018-05-03 15:22:34 - [TEST_STEP][PASSED] - comment: Use this test script to open and navigate to the website needed. This all can be edited for other websites too.]]></system-out>
         <system-err><![CDATA[]]></system-err>
      </testcase>
      <testcase name="Test Cases/Logging In" classname="Test Cases/Logging In" status="PASSED">
         <system-out><![CDATA[2018-05-03 15:22:34 - [TEST_CASE][PASSED] - Test Cases/Logging In: Test Cases/Logging In

2018-05-03 15:22:35 - [TEST_STEP][NOT_RUN] - openBrowser: NOT_RUN: openBrowser

2018-05-03 15:22:35 - [MESSAGE][NOT_RUN] - NOT_RUN: openBrowser

2018-05-03 15:22:35 - [TEST_STEP][NOT_RUN] - delay: NOT_RUN: delay

2018-05-03 15:22:35 - [MESSAGE][NOT_RUN] - NOT_RUN: delay

2018-05-03 15:22:35 - [TEST_STEP][NOT_RUN] - maximizeWindow: NOT_RUN: maximizeWindow

2018-05-03 15:22:35 - [MESSAGE][NOT_RUN] - NOT_RUN: maximizeWindow

2018-05-03 15:22:35 - [TEST_STEP][NOT_RUN] - navigateToUrl: NOT_RUN: navigateToUrl

2018-05-03 15:22:35 - [MESSAGE][NOT_RUN] - NOT_RUN: navigateToUrl

2018-05-03 15:22:35 - [TEST_STEP][PASSED] - comment: Diabled for a reason. If you want to just run this test case enable then disable once you are done.

2018-05-03 15:22:35 - [TEST_STEP][PASSED] - delay: Delayed 2 second(s)

2018-05-03 15:22:37 - [MESSAGE][PASSED] - Delayed 2 second(s)

2018-05-03 15:22:37 - [TEST_STEP][PASSED] - click: Object: 'Object Repository/Page_Home Page - US Leadgen/a_Sign In' is clicked on

2018-05-03 15:22:41 - [MESSAGE][PASSED] - Object: 'Object Repository/Page_Home Page - US Leadgen/a_Sign In' is clicked on

2018-05-03 15:22:41 - [TEST_STEP][PASSED] - comment: Once this is selected the user can sign in

2018-05-03 15:22:41 - [TEST_STEP][PASSED] - setText: Text 'jwaryas@bluewatertech.com' is set on object 'Object Repository/Page_Log in - US Leadgen/input_Email'

2018-05-03 15:22:49 - [MESSAGE][PASSED] - Text 'jwaryas@bluewatertech.com' is set on object 'Object Repository/Page_Log in - US Leadgen/input_Email'

2018-05-03 15:22:49 - [TEST_STEP][PASSED] - delay: Delayed 1 second(s)

2018-05-03 15:22:50 - [MESSAGE][PASSED] - Delayed 1 second(s)

2018-05-03 15:22:50 - [TEST_STEP][PASSED] - setText: Text 'Droop420!' is set on object 'Object Repository/Page_Log in - US Leadgen/input_Password'

2018-05-03 15:22:58 - [MESSAGE][PASSED] - Text 'Droop420!' is set on object 'Object Repository/Page_Log in - US Leadgen/input_Password'

2018-05-03 15:22:58 - [TEST_STEP][PASSED] - delay: Delayed 1 second(s)

2018-05-03 15:22:59 - [MESSAGE][PASSED] - Delayed 1 second(s)

2018-05-03 15:22:59 - [TEST_STEP][PASSED] - click: Object: 'Object Repository/Page_Log in - US Leadgen/input_btn btn-default' is clicked on

2018-05-03 15:23:04 - [MESSAGE][PASSED] - Object: 'Object Repository/Page_Log in - US Leadgen/input_btn btn-default' is clicked on]]></system-out>
         <system-err><![CDATA[]]></system-err>
      </testcase>
      <testcase name="Test Cases/Button Pushes" classname="Test Cases/Button Pushes" status="FAILED">
         <failure type="FAILED" message="Unable to click on object 'Object Repository/Page_- US Leadgen/a_The Purginator' (Root cause: com.kms.katalon.core.webui.exception.WebElementNotFoundException: Web element with id: 'Object Repository/Page_- US Leadgen/a_The Purginator' located by 'By.xpath: //a[@href = '/PurgeData' and (text() = 'The Purginator' or . = 'The Purginator')]' not found)"/>
         <system-out><![CDATA[2018-05-03 15:23:04 - [TEST_CASE][FAILED] - Test Cases/Button Pushes: Test Cases/Button Pushes FAILED because (of) Unable to click on object 'Object Repository/Page_- US Leadgen/a_The Purginator' (Root cause: com.kms.katalon.core.webui.exception.WebElementNotFoundException: Web element with id: 'Object Repository/Page_- US Leadgen/a_The Purginator' located by 'By.xpath: //a[@href = '/PurgeData' and (text() = 'The Purginator' or . = 'The Purginator')]' not found)

2018-05-03 15:23:04 - [TEST_STEP][NOT_RUN] - openBrowser: NOT_RUN: openBrowser

2018-05-03 15:23:04 - [MESSAGE][NOT_RUN] - NOT_RUN: openBrowser

2018-05-03 15:23:04 - [TEST_STEP][NOT_RUN] - navigateToUrl: NOT_RUN: navigateToUrl

2018-05-03 15:23:04 - [MESSAGE][NOT_RUN] - NOT_RUN: navigateToUrl

2018-05-03 15:23:04 - [TEST_STEP][NOT_RUN] - maximizeWindow: NOT_RUN: maximizeWindow

2018-05-03 15:23:04 - [MESSAGE][NOT_RUN] - NOT_RUN: maximizeWindow

2018-05-03 15:23:04 - [TEST_STEP][NOT_RUN] - callTestCase: NOT_RUN: callTestCase

2018-05-03 15:23:04 - [MESSAGE][NOT_RUN] - NOT_RUN: callTestCase

2018-05-03 15:23:04 - [TEST_STEP][PASSED] - comment: These are disabled for a reason. DO NOT ENABLE UNLESS YOU ARE TESTING THIS PART ONLY

2018-05-03 15:23:04 - [TEST_STEP][PASSED] - mouseOver: Object: 'Object Repository/Page_Home Page - US Leadgen (1)/span_Administration' is hovered

2018-05-03 15:23:10 - [MESSAGE][PASSED] - Object: 'Object Repository/Page_Home Page - US Leadgen (1)/span_Administration' is hovered

2018-05-03 15:23:10 - [TEST_STEP][PASSED] - comment: Mouse over is used to hover over "Administration"

2018-05-03 15:23:10 - [TEST_STEP][PASSED] - click: Object: 'Object Repository/Page_Home Page - US Leadgen (3)/a_Held Leads' is clicked on

2018-05-03 15:23:15 - [MESSAGE][PASSED] - Object: 'Object Repository/Page_Home Page - US Leadgen (3)/a_Held Leads' is clicked on

2018-05-03 15:23:15 - [TEST_STEP][PASSED] - click: Object: 'Object Repository/Page_- US Leadgen/a_Pending Groups' is clicked on

2018-05-03 15:23:19 - [MESSAGE][PASSED] - Object: 'Object Repository/Page_- US Leadgen/a_Pending Groups' is clicked on

2018-05-03 15:23:19 - [TEST_STEP][PASSED] - click: Object: 'Object Repository/Page_- US Leadgen/a_Overridden Leads Report' is clicked on

2018-05-03 15:23:24 - [MESSAGE][PASSED] - Object: 'Object Repository/Page_- US Leadgen/a_Overridden Leads Report' is clicked on

2018-05-03 15:23:24 - [TEST_STEP][PASSED] - click: Object: 'Object Repository/Page_- US Leadgen/a_Pending Groups' is clicked on

2018-05-03 15:23:28 - [MESSAGE][PASSED] - Object: 'Object Repository/Page_- US Leadgen/a_Pending Groups' is clicked on

2018-05-03 15:23:28 - [TEST_STEP][PASSED] - click: Object: 'Object Repository/Page_- US Leadgen/a_Incoming Held Leads' is clicked on

2018-05-03 15:23:32 - [MESSAGE][PASSED] - Object: 'Object Repository/Page_- US Leadgen/a_Incoming Held Leads' is clicked on

2018-05-03 15:23:32 - [TEST_STEP][PASSED] - mouseOver: Object: 'Object Repository/Page_Home Page - US Leadgen (1)/span_Administration' is hovered

2018-05-03 15:23:38 - [MESSAGE][PASSED] - Object: 'Object Repository/Page_Home Page - US Leadgen (1)/span_Administration' is hovered

2018-05-03 15:23:38 - [TEST_STEP][PASSED] - click: Object: 'Object Repository/Page_- US Leadgen/a_VMM Updates' is clicked on

2018-05-03 15:23:42 - [MESSAGE][PASSED] - Object: 'Object Repository/Page_- US Leadgen/a_VMM Updates' is clicked on

2018-05-03 15:23:42 - [TEST_STEP][PASSED] - mouseOver: Object: 'Object Repository/Page_Home Page - US Leadgen (1)/span_Administration' is hovered

2018-05-03 15:23:48 - [MESSAGE][PASSED] - Object: 'Object Repository/Page_Home Page - US Leadgen (1)/span_Administration' is hovered

2018-05-03 15:23:48 - [TEST_STEP][PASSED] - click: Object: 'Object Repository/Page_- US Leadgen/a_Dealerships' is clicked on

2018-05-03 15:23:53 - [MESSAGE][PASSED] - Object: 'Object Repository/Page_- US Leadgen/a_Dealerships' is clicked on

2018-05-03 15:23:53 - [TEST_STEP][PASSED] - mouseOver: Object: 'Object Repository/Page_Home Page - US Leadgen (1)/span_Administration' is hovered

2018-05-03 15:23:59 - [MESSAGE][PASSED] - Object: 'Object Repository/Page_Home Page - US Leadgen (1)/span_Administration' is hovered

2018-05-03 15:23:59 - [TEST_STEP][PASSED] - click: Object: 'Object Repository/Page_- US Leadgen/a_Zip Codes' is clicked on

2018-05-03 15:24:03 - [MESSAGE][PASSED] - Object: 'Object Repository/Page_- US Leadgen/a_Zip Codes' is clicked on

2018-05-03 15:24:03 - [TEST_STEP][PASSED] - mouseOver: Object: 'Object Repository/Page_Home Page - US Leadgen (1)/span_Administration' is hovered

2018-05-03 15:24:09 - [MESSAGE][PASSED] - Object: 'Object Repository/Page_Home Page - US Leadgen (1)/span_Administration' is hovered

2018-05-03 15:24:09 - [TEST_STEP][PASSED] - mouseOver: Object: 'Object Repository/Page_Home Page - US Leadgen (1)/span_System' is hovered

2018-05-03 15:24:15 - [MESSAGE][PASSED] - Object: 'Object Repository/Page_Home Page - US Leadgen (1)/span_System' is hovered

2018-05-03 15:24:15 - [TEST_STEP][PASSED] - click: Object: 'Object Repository/Page_- US Leadgen/a_Events' is clicked on

2018-05-03 15:24:20 - [MESSAGE][PASSED] - Object: 'Object Repository/Page_- US Leadgen/a_Events' is clicked on

2018-05-03 15:24:20 - [TEST_STEP][PASSED] - mouseOver: Object: 'Object Repository/Page_Home Page - US Leadgen (1)/span_Administration' is hovered

2018-05-03 15:24:26 - [MESSAGE][PASSED] - Object: 'Object Repository/Page_Home Page - US Leadgen (1)/span_Administration' is hovered

2018-05-03 15:24:26 - [TEST_STEP][PASSED] - mouseOver: Object: 'Object Repository/Page_Home Page - US Leadgen (1)/span_System' is hovered

2018-05-03 15:24:32 - [MESSAGE][PASSED] - Object: 'Object Repository/Page_Home Page - US Leadgen (1)/span_System' is hovered

2018-05-03 15:24:32 - [TEST_STEP][PASSED] - click: Object: 'Object Repository/Page_- US Leadgen/a_Source Codes' is clicked on

2018-05-03 15:24:36 - [MESSAGE][PASSED] - Object: 'Object Repository/Page_- US Leadgen/a_Source Codes' is clicked on

2018-05-03 15:24:36 - [TEST_STEP][PASSED] - mouseOver: Object: 'Object Repository/Page_Home Page - US Leadgen (1)/span_Administration' is hovered

2018-05-03 15:24:42 - [MESSAGE][PASSED] - Object: 'Object Repository/Page_Home Page - US Leadgen (1)/span_Administration' is hovered

2018-05-03 15:24:42 - [TEST_STEP][PASSED] - mouseOver: Object: 'Object Repository/Page_Home Page - US Leadgen (1)/span_System' is hovered

2018-05-03 15:24:48 - [MESSAGE][PASSED] - Object: 'Object Repository/Page_Home Page - US Leadgen (1)/span_System' is hovered

2018-05-03 15:24:48 - [TEST_STEP][PASSED] - click: Object: 'Object Repository/Page_- US Leadgen/a_System Settings' is clicked on

2018-05-03 15:24:54 - [MESSAGE][PASSED] - Object: 'Object Repository/Page_- US Leadgen/a_System Settings' is clicked on

2018-05-03 15:24:54 - [TEST_STEP][PASSED] - mouseOver: Object: 'Object Repository/Page_Home Page - US Leadgen (1)/span_Administration' is hovered

2018-05-03 15:25:00 - [MESSAGE][PASSED] - Object: 'Object Repository/Page_Home Page - US Leadgen (1)/span_Administration' is hovered

2018-05-03 15:25:00 - [TEST_STEP][PASSED] - mouseOver: Object: 'Object Repository/Page_Home Page - US Leadgen (1)/span_System' is hovered

2018-05-03 15:25:06 - [MESSAGE][PASSED] - Object: 'Object Repository/Page_Home Page - US Leadgen (1)/span_System' is hovered

2018-05-03 15:25:06 - [TEST_STEP][PASSED] - click: Object: 'Object Repository/Page_- US Leadgen/a_Plug In Management' is clicked on

2018-05-03 15:25:11 - [MESSAGE][PASSED] - Object: 'Object Repository/Page_- US Leadgen/a_Plug In Management' is clicked on

2018-05-03 15:25:11 - [TEST_STEP][PASSED] - mouseOver: Object: 'Object Repository/Page_Home Page - US Leadgen (1)/span_Administration' is hovered

2018-05-03 15:25:17 - [MESSAGE][PASSED] - Object: 'Object Repository/Page_Home Page - US Leadgen (1)/span_Administration' is hovered

2018-05-03 15:25:17 - [TEST_STEP][PASSED] - mouseOver: Object: 'Object Repository/Page_Home Page - US Leadgen (1)/span_System' is hovered

2018-05-03 15:25:23 - [MESSAGE][PASSED] - Object: 'Object Repository/Page_Home Page - US Leadgen (1)/span_System' is hovered

2018-05-03 15:25:23 - [TEST_STEP][PASSED] - click: Object: 'Object Repository/Page_- US Leadgen/a_Exporter Settings' is clicked on

2018-05-03 15:25:27 - [MESSAGE][PASSED] - Object: 'Object Repository/Page_- US Leadgen/a_Exporter Settings' is clicked on

2018-05-03 15:25:27 - [TEST_STEP][PASSED] - mouseOver: Object: 'Object Repository/Page_Home Page - US Leadgen (1)/span_Administration' is hovered

2018-05-03 15:25:33 - [MESSAGE][PASSED] - Object: 'Object Repository/Page_Home Page - US Leadgen (1)/span_Administration' is hovered

2018-05-03 15:25:33 - [TEST_STEP][PASSED] - mouseOver: Object: 'Object Repository/Page_Home Page - US Leadgen (1)/span_System' is hovered

2018-05-03 15:25:40 - [MESSAGE][PASSED] - Object: 'Object Repository/Page_Home Page - US Leadgen (1)/span_System' is hovered

2018-05-03 15:25:40 - [TEST_STEP][PASSED] - click: Object: 'Object Repository/Page_- US Leadgen/a_Provision Keys' is clicked on

2018-05-03 15:25:44 - [MESSAGE][PASSED] - Object: 'Object Repository/Page_- US Leadgen/a_Provision Keys' is clicked on

2018-05-03 15:25:44 - [TEST_STEP][PASSED] - mouseOver: Object: 'Object Repository/Page_Home Page - US Leadgen (1)/span_Administration' is hovered

2018-05-03 15:25:50 - [MESSAGE][PASSED] - Object: 'Object Repository/Page_Home Page - US Leadgen (1)/span_Administration' is hovered

2018-05-03 15:25:50 - [TEST_STEP][PASSED] - mouseOver: Object: 'Object Repository/Page_Home Page - US Leadgen (1)/span_System' is hovered

2018-05-03 15:25:56 - [MESSAGE][PASSED] - Object: 'Object Repository/Page_Home Page - US Leadgen (1)/span_System' is hovered

2018-05-03 15:25:56 - [TEST_STEP][FAILED] - click: Unable to click on object 'Object Repository/Page_- US Leadgen/a_The Purginator' (Root cause: com.kms.katalon.core.webui.exception.WebElementNotFoundException: Web element with id: 'Object Repository/Page_- US Leadgen/a_The Purginator' located by 'By.xpath: //a[@href = '/PurgeData' and (text() = 'The Purginator' or . = 'The Purginator')]' not found)

2018-05-03 15:26:26 - [MESSAGE][FAILED] - Unable to click on object 'Object Repository/Page_- US Leadgen/a_The Purginator' (Root cause: com.kms.katalon.core.webui.exception.WebElementNotFoundException: Web element with id: 'Object Repository/Page_- US Leadgen/a_The Purginator' located by 'By.xpath: //a[@href = '/PurgeData' and (text() = 'The Purginator' or . = 'The Purginator')]' not found)]]></system-out>
         <system-err><![CDATA[2018-05-03 15:23:04 - [TEST_CASE][FAILED] - Test Cases/Button Pushes: Test Cases/Button Pushes FAILED because (of) Unable to click on object 'Object Repository/Page_- US Leadgen/a_The Purginator' (Root cause: com.kms.katalon.core.webui.exception.WebElementNotFoundException: Web element with id: 'Object Repository/Page_- US Leadgen/a_The Purginator' located by 'By.xpath: //a[@href = '/PurgeData' and (text() = 'The Purginator' or . = 'The Purginator')]' not found)]]></system-err>
      </testcase>
      <testcase name="Test Cases/Logging Out" classname="Test Cases/Logging Out" status="PASSED">
         <system-out><![CDATA[2018-05-03 15:26:26 - [TEST_CASE][PASSED] - Test Cases/Logging Out: Test Cases/Logging Out

2018-05-03 15:26:26 - [TEST_STEP][NOT_RUN] - openBrowser: NOT_RUN: openBrowser

2018-05-03 15:26:26 - [MESSAGE][NOT_RUN] - NOT_RUN: openBrowser

2018-05-03 15:26:26 - [TEST_STEP][NOT_RUN] - navigateToUrl: NOT_RUN: navigateToUrl

2018-05-03 15:26:26 - [MESSAGE][NOT_RUN] - NOT_RUN: navigateToUrl

2018-05-03 15:26:26 - [TEST_STEP][NOT_RUN] - maximizeWindow: NOT_RUN: maximizeWindow

2018-05-03 15:26:26 - [MESSAGE][NOT_RUN] - NOT_RUN: maximizeWindow

2018-05-03 15:26:26 - [TEST_STEP][NOT_RUN] - callTestCase: NOT_RUN: callTestCase

2018-05-03 15:26:26 - [MESSAGE][NOT_RUN] - NOT_RUN: callTestCase

2018-05-03 15:26:26 - [TEST_STEP][PASSED] - comment: Disabled for reasons. DO NOT ENABLE UNLESS I TELL YOU!

2018-05-03 15:26:26 - [TEST_STEP][PASSED] - mouseOver: Object: 'Object Repository/Page_Home Page - US Leadgen (1)/span_Account' is hovered

2018-05-03 15:26:32 - [MESSAGE][PASSED] - Object: 'Object Repository/Page_Home Page - US Leadgen (1)/span_Account' is hovered

2018-05-03 15:26:32 - [TEST_STEP][PASSED] - delay: Delayed 1 second(s)

2018-05-03 15:26:33 - [MESSAGE][PASSED] - Delayed 1 second(s)

2018-05-03 15:26:33 - [TEST_STEP][PASSED] - click: Object: 'Object Repository/Page_Home Page - US Leadgen (2)/span_Sign Out' is clicked on

2018-05-03 15:26:38 - [MESSAGE][PASSED] - Object: 'Object Repository/Page_Home Page - US Leadgen (2)/span_Sign Out' is clicked on]]></system-out>
         <system-err><![CDATA[]]></system-err>
      </testcase>
      <system-out><![CDATA[2018-05-03 15:22:15 - [TEST_SUITE][FAILED] - GM-Staging Reporting Tool Suite: Test Cases/Button Pushes FAILED because (of) Unable to click on object 'Object Repository/Page_- US Leadgen/a_The Purginator' (Root cause: com.kms.katalon.core.webui.exception.WebElementNotFoundException: Web element with id: 'Object Repository/Page_- US Leadgen/a_The Purginator' located by 'By.xpath: //a[@href = '/PurgeData' and (text() = 'The Purginator' or . = 'The Purginator')]' not found)]]></system-out>
      <system-err><![CDATA[2018-05-03 15:22:15 - [TEST_SUITE][FAILED] - GM-Staging Reporting Tool Suite: Test Cases/Button Pushes FAILED because (of) Unable to click on object 'Object Repository/Page_- US Leadgen/a_The Purginator' (Root cause: com.kms.katalon.core.webui.exception.WebElementNotFoundException: Web element with id: 'Object Repository/Page_- US Leadgen/a_The Purginator' located by 'By.xpath: //a[@href = '/PurgeData' and (text() = 'The Purginator' or . = 'The Purginator')]' not found)]]></system-err>
   </testsuite>
</testsuites>
