<?xml version="1.0" encoding="UTF-8"?>
<testsuites name="GM - Regression Suite for Reporting Tool" time="393" tests="2" failures="3" errors="0">
   <testsuite name="GM - Regression Suite for Reporting Tool" tests="2" failures="3" errors="0" time="393" timestamp="2018-03-30 09:31:58" hostname="THE FRANKENSTINE - 10.2.38.51" id="Test Suites/GM - Regression Suite for Reporting Tool">
      <properties>
         <property name="deviceName" value=""/>
         <property name="devicePlatform" value=""/>
         <property name="logFolder" value="C:\\Users\\THE FRANKENSTINE\\Katalon Studio\\GM-US_Lead_Gen_Reporting_Tool\\Reports\\GM - Regression Suite for Reporting Tool\\20180330_093157"/>
         <property name="logFiles" value="C:\\Users\\THE FRANKENSTINE\\Katalon Studio\\GM-US_Lead_Gen_Reporting_Tool\\Reports\\GM - Regression Suite for Reporting Tool\\20180330_093157\\execution0.log"/>
         <property name="attachments" value=""/>
         <property name="hostName" value="THE FRANKENSTINE - 10.2.38.51"/>
         <property name="os" value="Windows 7 64bit"/>
         <property name="katalonVersion" value="5.3.1.1"/>
         <property name="browser" value="Chrome 65.0.3325.181"/>
         <property name="hostAddress" value="10.2.38.51"/>
         <property name="sessionId" value="79c10d4377c46b0971c56a80a0bf06b3"/>
         <property name="seleniumVersion" value="3.7.1"/>
         <property name="proxyInformation" value="ProxyInformation{proxyOption=USE_SYSTEM, proxyServerType=HTTP, password=, proxyServerAddress=, proxyServerPort=0}"/>
         <property name="platform" value="Windows 7"/>
      </properties>
      <testcase name="Test Cases/Browser Start" classname="Test Cases/Browser Start" status="PASSED">
         <system-out><![CDATA[2018-03-30 09:31:58 - [TEST_CASE][PASSED] - Test Cases/Browser Start: Test Cases/Browser Start

2018-03-30 09:31:58 - [TEST_STEP][PASSED] - openBrowser: Browser is opened with url: ''

2018-03-30 09:32:06 - [MESSAGE][PASSED] - Browser is opened with url: ''

2018-03-30 09:32:06 - [TEST_STEP][PASSED] - maximizeWindow: Current window maximized

2018-03-30 09:32:07 - [MESSAGE][PASSED] - Current window maximized

2018-03-30 09:32:07 - [TEST_STEP][PASSED] - navigateToUrl: Navigate to 'https://us-dev.gmli2.bluewatertech.host' successfully

2018-03-30 09:32:12 - [MESSAGE][PASSED] - Navigate to 'https://us-dev.gmli2.bluewatertech.host' successfully

2018-03-30 09:32:12 - [TEST_STEP][PASSED] - delay: Delayed 5 second(s)

2018-03-30 09:32:17 - [MESSAGE][PASSED] - Delayed 5 second(s)

2018-03-30 09:32:17 - [TEST_STEP][PASSED] - comment: Use this test script to open and navigate to the website needed. This all can be edited for other websites too.]]></system-out>
         <system-err><![CDATA[]]></system-err>
      </testcase>
      <testcase name="Test Cases/Regression - Logging in and Logging out" classname="Test Cases/Regression - Logging in and Logging out" status="PASSED">
         <system-out><![CDATA[2018-03-30 09:32:17 - [TEST_CASE][PASSED] - Test Cases/Regression - Logging in and Logging out: Test Cases/Regression - Logging in and Logging out

2018-03-30 09:32:18 - [TEST_STEP][PASSED] - openBrowser: Browser is opened with url: ''

2018-03-30 09:32:18 - [MESSAGE][WARNING] - A browser is already opened. Closing browser and opening a new one

2018-03-30 09:32:20 - [MESSAGE][PASSED] - Browser is opened with url: ''

2018-03-30 09:32:20 - [TEST_STEP][PASSED] - navigateToUrl: Navigate to 'https://us-dev.gmli2.bluewatertech.host' successfully

2018-03-30 09:32:22 - [MESSAGE][PASSED] - Navigate to 'https://us-dev.gmli2.bluewatertech.host' successfully

2018-03-30 09:32:22 - [TEST_STEP][PASSED] - maximizeWindow: Current window maximized

2018-03-30 09:32:23 - [MESSAGE][PASSED] - Current window maximized

2018-03-30 09:32:23 - [TEST_STEP][PASSED] - delay: Delayed 2 second(s)

2018-03-30 09:32:25 - [MESSAGE][PASSED] - Delayed 2 second(s)

2018-03-30 09:32:25 - [TEST_STEP][PASSED] - mouseOver: Object: 'Object Repository/Page_Home Page - US Leadgen/a_Sign In' is hovered

2018-03-30 09:32:25 - [MESSAGE][PASSED] - Object: 'Object Repository/Page_Home Page - US Leadgen/a_Sign In' is hovered

2018-03-30 09:32:25 - [TEST_STEP][PASSED] - click: Object: 'Object Repository/Page_Home Page - US Leadgen/a_Sign In' is clicked on

2018-03-30 09:32:25 - [MESSAGE][PASSED] - Object: 'Object Repository/Page_Home Page - US Leadgen/a_Sign In' is clicked on

2018-03-30 09:32:25 - [TEST_STEP][PASSED] - delay: Delayed 2 second(s)

2018-03-30 09:32:27 - [MESSAGE][PASSED] - Delayed 2 second(s)

2018-03-30 09:32:27 - [TEST_STEP][PASSED] - setText: Text 'jwaryas@bluewatertech.com' is set on object 'Object Repository/Page_Log in - US Leadgen/input_Email'

2018-03-30 09:32:28 - [MESSAGE][PASSED] - Text 'jwaryas@bluewatertech.com' is set on object 'Object Repository/Page_Log in - US Leadgen/input_Email'

2018-03-30 09:32:28 - [TEST_STEP][PASSED] - setText: Text 'Droop420!' is set on object 'Object Repository/Page_Log in - US Leadgen/input_Password'

2018-03-30 09:32:28 - [MESSAGE][PASSED] - Text 'Droop420!' is set on object 'Object Repository/Page_Log in - US Leadgen/input_Password'

2018-03-30 09:32:28 - [TEST_STEP][PASSED] - delay: Delayed 2 second(s)

2018-03-30 09:32:30 - [MESSAGE][PASSED] - Delayed 2 second(s)

2018-03-30 09:32:30 - [TEST_STEP][PASSED] - click: Object: 'Object Repository/Page_Log in - US Leadgen/input_btn btn-default' is clicked on

2018-03-30 09:32:30 - [MESSAGE][PASSED] - Object: 'Object Repository/Page_Log in - US Leadgen/input_btn btn-default' is clicked on

2018-03-30 09:32:30 - [TEST_STEP][PASSED] - delay: Delayed 2 second(s)

2018-03-30 09:32:32 - [MESSAGE][PASSED] - Delayed 2 second(s)

2018-03-30 09:32:32 - [TEST_STEP][PASSED] - mouseOver: Object: 'Object Repository/Page_Home Page - US Leadgen (1)/span_Account' is hovered

2018-03-30 09:32:32 - [MESSAGE][PASSED] - Object: 'Object Repository/Page_Home Page - US Leadgen (1)/span_Account' is hovered

2018-03-30 09:32:32 - [TEST_STEP][PASSED] - delay: Delayed 2 second(s)

2018-03-30 09:32:34 - [MESSAGE][PASSED] - Delayed 2 second(s)

2018-03-30 09:32:34 - [TEST_STEP][PASSED] - click: Object: 'Object Repository/Page_Home Page - US Leadgen (2)/span_Sign Out' is clicked on

2018-03-30 09:32:35 - [MESSAGE][PASSED] - Object: 'Object Repository/Page_Home Page - US Leadgen (2)/span_Sign Out' is clicked on

2018-03-30 09:32:35 - [TEST_STEP][PASSED] - delay: Delayed 2 second(s)

2018-03-30 09:32:37 - [MESSAGE][PASSED] - Delayed 2 second(s)

2018-03-30 09:32:37 - [TEST_STEP][PASSED] - mouseOver: Object: 'Object Repository/Page_Home Page - US Leadgen/a_Sign In' is hovered

2018-03-30 09:32:37 - [MESSAGE][PASSED] - Object: 'Object Repository/Page_Home Page - US Leadgen/a_Sign In' is hovered

2018-03-30 09:32:37 - [TEST_STEP][PASSED] - click: Object: 'Object Repository/Page_Home Page - US Leadgen/a_Sign In' is clicked on

2018-03-30 09:32:37 - [MESSAGE][PASSED] - Object: 'Object Repository/Page_Home Page - US Leadgen/a_Sign In' is clicked on

2018-03-30 09:32:37 - [TEST_STEP][PASSED] - delay: Delayed 2 second(s)

2018-03-30 09:32:39 - [MESSAGE][PASSED] - Delayed 2 second(s)

2018-03-30 09:32:39 - [TEST_STEP][PASSED] - setText: Text 'jwaryas@bluewatertech.com' is set on object 'Object Repository/Page_Log in - US Leadgen/input_Email'

2018-03-30 09:32:39 - [MESSAGE][PASSED] - Text 'jwaryas@bluewatertech.com' is set on object 'Object Repository/Page_Log in - US Leadgen/input_Email'

2018-03-30 09:32:39 - [TEST_STEP][PASSED] - setText: Text 'Droop420!' is set on object 'Object Repository/Page_Log in - US Leadgen/input_Password'

2018-03-30 09:32:39 - [MESSAGE][PASSED] - Text 'Droop420!' is set on object 'Object Repository/Page_Log in - US Leadgen/input_Password'

2018-03-30 09:32:39 - [TEST_STEP][PASSED] - delay: Delayed 2 second(s)

2018-03-30 09:32:41 - [MESSAGE][PASSED] - Delayed 2 second(s)

2018-03-30 09:32:41 - [TEST_STEP][PASSED] - click: Object: 'Object Repository/Page_Log in - US Leadgen/input_btn btn-default' is clicked on

2018-03-30 09:32:42 - [MESSAGE][PASSED] - Object: 'Object Repository/Page_Log in - US Leadgen/input_btn btn-default' is clicked on

2018-03-30 09:32:42 - [TEST_STEP][PASSED] - delay: Delayed 2 second(s)

2018-03-30 09:32:44 - [MESSAGE][PASSED] - Delayed 2 second(s)

2018-03-30 09:32:44 - [TEST_STEP][PASSED] - mouseOver: Object: 'Object Repository/Page_Home Page - US Leadgen (1)/span_Account' is hovered

2018-03-30 09:32:44 - [MESSAGE][PASSED] - Object: 'Object Repository/Page_Home Page - US Leadgen (1)/span_Account' is hovered

2018-03-30 09:32:44 - [TEST_STEP][PASSED] - delay: Delayed 2 second(s)

2018-03-30 09:32:46 - [MESSAGE][PASSED] - Delayed 2 second(s)

2018-03-30 09:32:46 - [TEST_STEP][PASSED] - click: Object: 'Object Repository/Page_Home Page - US Leadgen (2)/span_Sign Out' is clicked on

2018-03-30 09:32:46 - [MESSAGE][PASSED] - Object: 'Object Repository/Page_Home Page - US Leadgen (2)/span_Sign Out' is clicked on

2018-03-30 09:32:46 - [TEST_STEP][PASSED] - delay: Delayed 2 second(s)

2018-03-30 09:32:48 - [MESSAGE][PASSED] - Delayed 2 second(s)

2018-03-30 09:32:48 - [TEST_STEP][PASSED] - mouseOver: Object: 'Object Repository/Page_Home Page - US Leadgen/a_Sign In' is hovered

2018-03-30 09:32:48 - [MESSAGE][PASSED] - Object: 'Object Repository/Page_Home Page - US Leadgen/a_Sign In' is hovered

2018-03-30 09:32:48 - [TEST_STEP][PASSED] - click: Object: 'Object Repository/Page_Home Page - US Leadgen/a_Sign In' is clicked on

2018-03-30 09:32:48 - [MESSAGE][PASSED] - Object: 'Object Repository/Page_Home Page - US Leadgen/a_Sign In' is clicked on

2018-03-30 09:32:48 - [TEST_STEP][PASSED] - delay: Delayed 2 second(s)

2018-03-30 09:32:50 - [MESSAGE][PASSED] - Delayed 2 second(s)

2018-03-30 09:32:50 - [TEST_STEP][PASSED] - setText: Text 'jwaryas@bluewatertech.com' is set on object 'Object Repository/Page_Log in - US Leadgen/input_Email'

2018-03-30 09:32:51 - [MESSAGE][PASSED] - Text 'jwaryas@bluewatertech.com' is set on object 'Object Repository/Page_Log in - US Leadgen/input_Email'

2018-03-30 09:32:51 - [TEST_STEP][PASSED] - setText: Text 'Droop420!' is set on object 'Object Repository/Page_Log in - US Leadgen/input_Password'

2018-03-30 09:32:51 - [MESSAGE][PASSED] - Text 'Droop420!' is set on object 'Object Repository/Page_Log in - US Leadgen/input_Password'

2018-03-30 09:32:51 - [TEST_STEP][PASSED] - delay: Delayed 2 second(s)

2018-03-30 09:32:53 - [MESSAGE][PASSED] - Delayed 2 second(s)

2018-03-30 09:32:53 - [TEST_STEP][PASSED] - click: Object: 'Object Repository/Page_Log in - US Leadgen/input_btn btn-default' is clicked on

2018-03-30 09:32:53 - [MESSAGE][PASSED] - Object: 'Object Repository/Page_Log in - US Leadgen/input_btn btn-default' is clicked on

2018-03-30 09:32:53 - [TEST_STEP][PASSED] - delay: Delayed 2 second(s)

2018-03-30 09:32:55 - [MESSAGE][PASSED] - Delayed 2 second(s)

2018-03-30 09:32:55 - [TEST_STEP][PASSED] - mouseOver: Object: 'Object Repository/Page_Home Page - US Leadgen (1)/span_Account' is hovered

2018-03-30 09:32:55 - [MESSAGE][PASSED] - Object: 'Object Repository/Page_Home Page - US Leadgen (1)/span_Account' is hovered

2018-03-30 09:32:55 - [TEST_STEP][PASSED] - delay: Delayed 2 second(s)

2018-03-30 09:32:57 - [MESSAGE][PASSED] - Delayed 2 second(s)

2018-03-30 09:32:57 - [TEST_STEP][PASSED] - click: Object: 'Object Repository/Page_Home Page - US Leadgen (2)/span_Sign Out' is clicked on

2018-03-30 09:32:57 - [MESSAGE][PASSED] - Object: 'Object Repository/Page_Home Page - US Leadgen (2)/span_Sign Out' is clicked on

2018-03-30 09:32:57 - [TEST_STEP][PASSED] - delay: Delayed 2 second(s)

2018-03-30 09:32:59 - [MESSAGE][PASSED] - Delayed 2 second(s)

2018-03-30 09:32:59 - [TEST_STEP][PASSED] - mouseOver: Object: 'Object Repository/Page_Home Page - US Leadgen/a_Sign In' is hovered

2018-03-30 09:32:59 - [MESSAGE][PASSED] - Object: 'Object Repository/Page_Home Page - US Leadgen/a_Sign In' is hovered

2018-03-30 09:32:59 - [TEST_STEP][PASSED] - click: Object: 'Object Repository/Page_Home Page - US Leadgen/a_Sign In' is clicked on

2018-03-30 09:33:00 - [MESSAGE][PASSED] - Object: 'Object Repository/Page_Home Page - US Leadgen/a_Sign In' is clicked on

2018-03-30 09:33:00 - [TEST_STEP][PASSED] - delay: Delayed 2 second(s)

2018-03-30 09:33:02 - [MESSAGE][PASSED] - Delayed 2 second(s)

2018-03-30 09:33:02 - [TEST_STEP][PASSED] - setText: Text 'jwaryas@bluewatertech.com' is set on object 'Object Repository/Page_Log in - US Leadgen/input_Email'

2018-03-30 09:33:02 - [MESSAGE][PASSED] - Text 'jwaryas@bluewatertech.com' is set on object 'Object Repository/Page_Log in - US Leadgen/input_Email'

2018-03-30 09:33:02 - [TEST_STEP][PASSED] - setText: Text 'Droop420!' is set on object 'Object Repository/Page_Log in - US Leadgen/input_Password'

2018-03-30 09:33:02 - [MESSAGE][PASSED] - Text 'Droop420!' is set on object 'Object Repository/Page_Log in - US Leadgen/input_Password'

2018-03-30 09:33:02 - [TEST_STEP][PASSED] - delay: Delayed 2 second(s)

2018-03-30 09:33:04 - [MESSAGE][PASSED] - Delayed 2 second(s)

2018-03-30 09:33:04 - [TEST_STEP][PASSED] - click: Object: 'Object Repository/Page_Log in - US Leadgen/input_btn btn-default' is clicked on

2018-03-30 09:33:04 - [MESSAGE][PASSED] - Object: 'Object Repository/Page_Log in - US Leadgen/input_btn btn-default' is clicked on

2018-03-30 09:33:04 - [TEST_STEP][PASSED] - delay: Delayed 2 second(s)

2018-03-30 09:33:06 - [MESSAGE][PASSED] - Delayed 2 second(s)

2018-03-30 09:33:06 - [TEST_STEP][PASSED] - mouseOver: Object: 'Object Repository/Page_Home Page - US Leadgen (1)/span_Account' is hovered

2018-03-30 09:33:06 - [MESSAGE][PASSED] - Object: 'Object Repository/Page_Home Page - US Leadgen (1)/span_Account' is hovered

2018-03-30 09:33:06 - [TEST_STEP][PASSED] - delay: Delayed 2 second(s)

2018-03-30 09:33:08 - [MESSAGE][PASSED] - Delayed 2 second(s)

2018-03-30 09:33:08 - [TEST_STEP][PASSED] - click: Object: 'Object Repository/Page_Home Page - US Leadgen (2)/span_Sign Out' is clicked on

2018-03-30 09:33:09 - [MESSAGE][PASSED] - Object: 'Object Repository/Page_Home Page - US Leadgen (2)/span_Sign Out' is clicked on

2018-03-30 09:33:09 - [TEST_STEP][PASSED] - delay: Delayed 2 second(s)

2018-03-30 09:33:11 - [MESSAGE][PASSED] - Delayed 2 second(s)

2018-03-30 09:33:11 - [TEST_STEP][PASSED] - mouseOver: Object: 'Object Repository/Page_Home Page - US Leadgen/a_Sign In' is hovered

2018-03-30 09:33:11 - [MESSAGE][PASSED] - Object: 'Object Repository/Page_Home Page - US Leadgen/a_Sign In' is hovered

2018-03-30 09:33:11 - [TEST_STEP][PASSED] - click: Object: 'Object Repository/Page_Home Page - US Leadgen/a_Sign In' is clicked on

2018-03-30 09:33:11 - [MESSAGE][PASSED] - Object: 'Object Repository/Page_Home Page - US Leadgen/a_Sign In' is clicked on

2018-03-30 09:33:11 - [TEST_STEP][PASSED] - delay: Delayed 2 second(s)

2018-03-30 09:33:13 - [MESSAGE][PASSED] - Delayed 2 second(s)

2018-03-30 09:33:13 - [TEST_STEP][PASSED] - setText: Text 'jwaryas@bluewatertech.com' is set on object 'Object Repository/Page_Log in - US Leadgen/input_Email'

2018-03-30 09:33:14 - [MESSAGE][PASSED] - Text 'jwaryas@bluewatertech.com' is set on object 'Object Repository/Page_Log in - US Leadgen/input_Email'

2018-03-30 09:33:14 - [TEST_STEP][PASSED] - setText: Text 'Droop420!' is set on object 'Object Repository/Page_Log in - US Leadgen/input_Password'

2018-03-30 09:33:14 - [MESSAGE][PASSED] - Text 'Droop420!' is set on object 'Object Repository/Page_Log in - US Leadgen/input_Password'

2018-03-30 09:33:14 - [TEST_STEP][PASSED] - delay: Delayed 2 second(s)

2018-03-30 09:33:16 - [MESSAGE][PASSED] - Delayed 2 second(s)

2018-03-30 09:33:16 - [TEST_STEP][PASSED] - click: Object: 'Object Repository/Page_Log in - US Leadgen/input_btn btn-default' is clicked on

2018-03-30 09:33:16 - [MESSAGE][PASSED] - Object: 'Object Repository/Page_Log in - US Leadgen/input_btn btn-default' is clicked on

2018-03-30 09:33:16 - [TEST_STEP][PASSED] - delay: Delayed 2 second(s)

2018-03-30 09:33:18 - [MESSAGE][PASSED] - Delayed 2 second(s)

2018-03-30 09:33:18 - [TEST_STEP][PASSED] - mouseOver: Object: 'Object Repository/Page_Home Page - US Leadgen (1)/span_Account' is hovered

2018-03-30 09:33:18 - [MESSAGE][PASSED] - Object: 'Object Repository/Page_Home Page - US Leadgen (1)/span_Account' is hovered

2018-03-30 09:33:18 - [TEST_STEP][PASSED] - delay: Delayed 2 second(s)

2018-03-30 09:33:20 - [MESSAGE][PASSED] - Delayed 2 second(s)

2018-03-30 09:33:20 - [TEST_STEP][PASSED] - click: Object: 'Object Repository/Page_Home Page - US Leadgen (2)/span_Sign Out' is clicked on

2018-03-30 09:33:20 - [MESSAGE][PASSED] - Object: 'Object Repository/Page_Home Page - US Leadgen (2)/span_Sign Out' is clicked on

2018-03-30 09:33:20 - [TEST_STEP][PASSED] - delay: Delayed 2 second(s)

2018-03-30 09:33:22 - [MESSAGE][PASSED] - Delayed 2 second(s)

2018-03-30 09:33:22 - [TEST_STEP][PASSED] - mouseOver: Object: 'Object Repository/Page_Home Page - US Leadgen/a_Sign In' is hovered

2018-03-30 09:33:23 - [MESSAGE][PASSED] - Object: 'Object Repository/Page_Home Page - US Leadgen/a_Sign In' is hovered

2018-03-30 09:33:23 - [TEST_STEP][PASSED] - click: Object: 'Object Repository/Page_Home Page - US Leadgen/a_Sign In' is clicked on

2018-03-30 09:33:23 - [MESSAGE][PASSED] - Object: 'Object Repository/Page_Home Page - US Leadgen/a_Sign In' is clicked on

2018-03-30 09:33:23 - [TEST_STEP][PASSED] - delay: Delayed 2 second(s)

2018-03-30 09:33:25 - [MESSAGE][PASSED] - Delayed 2 second(s)

2018-03-30 09:33:25 - [TEST_STEP][PASSED] - setText: Text 'jwaryas@bluewatertech.com' is set on object 'Object Repository/Page_Log in - US Leadgen/input_Email'

2018-03-30 09:33:25 - [MESSAGE][PASSED] - Text 'jwaryas@bluewatertech.com' is set on object 'Object Repository/Page_Log in - US Leadgen/input_Email'

2018-03-30 09:33:25 - [TEST_STEP][PASSED] - setText: Text 'Droop420!' is set on object 'Object Repository/Page_Log in - US Leadgen/input_Password'

2018-03-30 09:33:25 - [MESSAGE][PASSED] - Text 'Droop420!' is set on object 'Object Repository/Page_Log in - US Leadgen/input_Password'

2018-03-30 09:33:25 - [TEST_STEP][PASSED] - delay: Delayed 2 second(s)

2018-03-30 09:33:27 - [MESSAGE][PASSED] - Delayed 2 second(s)

2018-03-30 09:33:27 - [TEST_STEP][PASSED] - click: Object: 'Object Repository/Page_Log in - US Leadgen/input_btn btn-default' is clicked on

2018-03-30 09:33:27 - [MESSAGE][PASSED] - Object: 'Object Repository/Page_Log in - US Leadgen/input_btn btn-default' is clicked on

2018-03-30 09:33:27 - [TEST_STEP][PASSED] - delay: Delayed 2 second(s)

2018-03-30 09:33:29 - [MESSAGE][PASSED] - Delayed 2 second(s)

2018-03-30 09:33:29 - [TEST_STEP][PASSED] - mouseOver: Object: 'Object Repository/Page_Home Page - US Leadgen (1)/span_Account' is hovered

2018-03-30 09:33:30 - [MESSAGE][PASSED] - Object: 'Object Repository/Page_Home Page - US Leadgen (1)/span_Account' is hovered

2018-03-30 09:33:30 - [TEST_STEP][PASSED] - delay: Delayed 2 second(s)

2018-03-30 09:33:32 - [MESSAGE][PASSED] - Delayed 2 second(s)

2018-03-30 09:33:32 - [TEST_STEP][PASSED] - click: Object: 'Object Repository/Page_Home Page - US Leadgen (2)/span_Sign Out' is clicked on

2018-03-30 09:33:32 - [MESSAGE][PASSED] - Object: 'Object Repository/Page_Home Page - US Leadgen (2)/span_Sign Out' is clicked on

2018-03-30 09:33:32 - [TEST_STEP][PASSED] - delay: Delayed 2 second(s)

2018-03-30 09:33:34 - [MESSAGE][PASSED] - Delayed 2 second(s)

2018-03-30 09:33:34 - [TEST_STEP][PASSED] - mouseOver: Object: 'Object Repository/Page_Home Page - US Leadgen/a_Sign In' is hovered

2018-03-30 09:33:34 - [MESSAGE][PASSED] - Object: 'Object Repository/Page_Home Page - US Leadgen/a_Sign In' is hovered

2018-03-30 09:33:34 - [TEST_STEP][PASSED] - click: Object: 'Object Repository/Page_Home Page - US Leadgen/a_Sign In' is clicked on

2018-03-30 09:33:34 - [MESSAGE][PASSED] - Object: 'Object Repository/Page_Home Page - US Leadgen/a_Sign In' is clicked on

2018-03-30 09:33:34 - [TEST_STEP][PASSED] - delay: Delayed 2 second(s)

2018-03-30 09:33:36 - [MESSAGE][PASSED] - Delayed 2 second(s)

2018-03-30 09:33:36 - [TEST_STEP][PASSED] - setText: Text 'jwaryas@bluewatertech.com' is set on object 'Object Repository/Page_Log in - US Leadgen/input_Email'

2018-03-30 09:33:36 - [MESSAGE][PASSED] - Text 'jwaryas@bluewatertech.com' is set on object 'Object Repository/Page_Log in - US Leadgen/input_Email'

2018-03-30 09:33:36 - [TEST_STEP][PASSED] - setText: Text 'Droop420!' is set on object 'Object Repository/Page_Log in - US Leadgen/input_Password'

2018-03-30 09:33:36 - [MESSAGE][PASSED] - Text 'Droop420!' is set on object 'Object Repository/Page_Log in - US Leadgen/input_Password'

2018-03-30 09:33:36 - [TEST_STEP][PASSED] - delay: Delayed 2 second(s)

2018-03-30 09:33:38 - [MESSAGE][PASSED] - Delayed 2 second(s)

2018-03-30 09:33:38 - [TEST_STEP][PASSED] - click: Object: 'Object Repository/Page_Log in - US Leadgen/input_btn btn-default' is clicked on

2018-03-30 09:33:39 - [MESSAGE][PASSED] - Object: 'Object Repository/Page_Log in - US Leadgen/input_btn btn-default' is clicked on

2018-03-30 09:33:39 - [TEST_STEP][PASSED] - delay: Delayed 2 second(s)

2018-03-30 09:33:41 - [MESSAGE][PASSED] - Delayed 2 second(s)

2018-03-30 09:33:41 - [TEST_STEP][PASSED] - mouseOver: Object: 'Object Repository/Page_Home Page - US Leadgen (1)/span_Account' is hovered

2018-03-30 09:33:41 - [MESSAGE][PASSED] - Object: 'Object Repository/Page_Home Page - US Leadgen (1)/span_Account' is hovered

2018-03-30 09:33:41 - [TEST_STEP][PASSED] - delay: Delayed 2 second(s)

2018-03-30 09:33:43 - [MESSAGE][PASSED] - Delayed 2 second(s)

2018-03-30 09:33:43 - [TEST_STEP][PASSED] - click: Object: 'Object Repository/Page_Home Page - US Leadgen (2)/span_Sign Out' is clicked on

2018-03-30 09:33:43 - [MESSAGE][PASSED] - Object: 'Object Repository/Page_Home Page - US Leadgen (2)/span_Sign Out' is clicked on

2018-03-30 09:33:43 - [TEST_STEP][PASSED] - delay: Delayed 2 second(s)

2018-03-30 09:33:45 - [MESSAGE][PASSED] - Delayed 2 second(s)

2018-03-30 09:33:45 - [TEST_STEP][PASSED] - mouseOver: Object: 'Object Repository/Page_Home Page - US Leadgen/a_Sign In' is hovered

2018-03-30 09:33:45 - [MESSAGE][PASSED] - Object: 'Object Repository/Page_Home Page - US Leadgen/a_Sign In' is hovered

2018-03-30 09:33:45 - [TEST_STEP][PASSED] - click: Object: 'Object Repository/Page_Home Page - US Leadgen/a_Sign In' is clicked on

2018-03-30 09:33:46 - [MESSAGE][PASSED] - Object: 'Object Repository/Page_Home Page - US Leadgen/a_Sign In' is clicked on

2018-03-30 09:33:46 - [TEST_STEP][PASSED] - delay: Delayed 2 second(s)

2018-03-30 09:33:48 - [MESSAGE][PASSED] - Delayed 2 second(s)

2018-03-30 09:33:48 - [TEST_STEP][PASSED] - setText: Text 'jwaryas@bluewatertech.com' is set on object 'Object Repository/Page_Log in - US Leadgen/input_Email'

2018-03-30 09:33:48 - [MESSAGE][PASSED] - Text 'jwaryas@bluewatertech.com' is set on object 'Object Repository/Page_Log in - US Leadgen/input_Email'

2018-03-30 09:33:48 - [TEST_STEP][PASSED] - setText: Text 'Droop420!' is set on object 'Object Repository/Page_Log in - US Leadgen/input_Password'

2018-03-30 09:33:48 - [MESSAGE][PASSED] - Text 'Droop420!' is set on object 'Object Repository/Page_Log in - US Leadgen/input_Password'

2018-03-30 09:33:48 - [TEST_STEP][PASSED] - delay: Delayed 2 second(s)

2018-03-30 09:33:50 - [MESSAGE][PASSED] - Delayed 2 second(s)

2018-03-30 09:33:50 - [TEST_STEP][PASSED] - click: Object: 'Object Repository/Page_Log in - US Leadgen/input_btn btn-default' is clicked on

2018-03-30 09:33:50 - [MESSAGE][PASSED] - Object: 'Object Repository/Page_Log in - US Leadgen/input_btn btn-default' is clicked on

2018-03-30 09:33:50 - [TEST_STEP][PASSED] - delay: Delayed 2 second(s)

2018-03-30 09:33:52 - [MESSAGE][PASSED] - Delayed 2 second(s)

2018-03-30 09:33:52 - [TEST_STEP][PASSED] - mouseOver: Object: 'Object Repository/Page_Home Page - US Leadgen (1)/span_Account' is hovered

2018-03-30 09:33:52 - [MESSAGE][PASSED] - Object: 'Object Repository/Page_Home Page - US Leadgen (1)/span_Account' is hovered

2018-03-30 09:33:52 - [TEST_STEP][PASSED] - delay: Delayed 2 second(s)

2018-03-30 09:33:54 - [MESSAGE][PASSED] - Delayed 2 second(s)

2018-03-30 09:33:54 - [TEST_STEP][PASSED] - click: Object: 'Object Repository/Page_Home Page - US Leadgen (2)/span_Sign Out' is clicked on

2018-03-30 09:33:55 - [MESSAGE][PASSED] - Object: 'Object Repository/Page_Home Page - US Leadgen (2)/span_Sign Out' is clicked on

2018-03-30 09:33:55 - [TEST_STEP][PASSED] - delay: Delayed 2 second(s)

2018-03-30 09:33:57 - [MESSAGE][PASSED] - Delayed 2 second(s)

2018-03-30 09:33:57 - [TEST_STEP][PASSED] - mouseOver: Object: 'Object Repository/Page_Home Page - US Leadgen/a_Sign In' is hovered

2018-03-30 09:33:57 - [MESSAGE][PASSED] - Object: 'Object Repository/Page_Home Page - US Leadgen/a_Sign In' is hovered

2018-03-30 09:33:57 - [TEST_STEP][PASSED] - click: Object: 'Object Repository/Page_Home Page - US Leadgen/a_Sign In' is clicked on

2018-03-30 09:33:57 - [MESSAGE][PASSED] - Object: 'Object Repository/Page_Home Page - US Leadgen/a_Sign In' is clicked on

2018-03-30 09:33:57 - [TEST_STEP][PASSED] - delay: Delayed 2 second(s)

2018-03-30 09:33:59 - [MESSAGE][PASSED] - Delayed 2 second(s)

2018-03-30 09:33:59 - [TEST_STEP][PASSED] - setText: Text 'jwaryas@bluewatertech.com' is set on object 'Object Repository/Page_Log in - US Leadgen/input_Email'

2018-03-30 09:33:59 - [MESSAGE][PASSED] - Text 'jwaryas@bluewatertech.com' is set on object 'Object Repository/Page_Log in - US Leadgen/input_Email'

2018-03-30 09:33:59 - [TEST_STEP][PASSED] - setText: Text 'Droop420!' is set on object 'Object Repository/Page_Log in - US Leadgen/input_Password'

2018-03-30 09:33:59 - [MESSAGE][PASSED] - Text 'Droop420!' is set on object 'Object Repository/Page_Log in - US Leadgen/input_Password'

2018-03-30 09:33:59 - [TEST_STEP][PASSED] - delay: Delayed 2 second(s)

2018-03-30 09:34:01 - [MESSAGE][PASSED] - Delayed 2 second(s)

2018-03-30 09:34:01 - [TEST_STEP][PASSED] - click: Object: 'Object Repository/Page_Log in - US Leadgen/input_btn btn-default' is clicked on

2018-03-30 09:34:02 - [MESSAGE][PASSED] - Object: 'Object Repository/Page_Log in - US Leadgen/input_btn btn-default' is clicked on

2018-03-30 09:34:02 - [TEST_STEP][PASSED] - delay: Delayed 2 second(s)

2018-03-30 09:34:04 - [MESSAGE][PASSED] - Delayed 2 second(s)

2018-03-30 09:34:04 - [TEST_STEP][PASSED] - mouseOver: Object: 'Object Repository/Page_Home Page - US Leadgen (1)/span_Account' is hovered

2018-03-30 09:34:04 - [MESSAGE][PASSED] - Object: 'Object Repository/Page_Home Page - US Leadgen (1)/span_Account' is hovered

2018-03-30 09:34:04 - [TEST_STEP][PASSED] - delay: Delayed 2 second(s)

2018-03-30 09:34:06 - [MESSAGE][PASSED] - Delayed 2 second(s)

2018-03-30 09:34:06 - [TEST_STEP][PASSED] - click: Object: 'Object Repository/Page_Home Page - US Leadgen (2)/span_Sign Out' is clicked on

2018-03-30 09:34:06 - [MESSAGE][PASSED] - Object: 'Object Repository/Page_Home Page - US Leadgen (2)/span_Sign Out' is clicked on

2018-03-30 09:34:06 - [TEST_STEP][PASSED] - delay: Delayed 2 second(s)

2018-03-30 09:34:08 - [MESSAGE][PASSED] - Delayed 2 second(s)

2018-03-30 09:34:08 - [TEST_STEP][PASSED] - mouseOver: Object: 'Object Repository/Page_Home Page - US Leadgen/a_Sign In' is hovered

2018-03-30 09:34:08 - [MESSAGE][PASSED] - Object: 'Object Repository/Page_Home Page - US Leadgen/a_Sign In' is hovered

2018-03-30 09:34:08 - [TEST_STEP][PASSED] - click: Object: 'Object Repository/Page_Home Page - US Leadgen/a_Sign In' is clicked on

2018-03-30 09:34:08 - [MESSAGE][PASSED] - Object: 'Object Repository/Page_Home Page - US Leadgen/a_Sign In' is clicked on

2018-03-30 09:34:08 - [TEST_STEP][PASSED] - delay: Delayed 2 second(s)

2018-03-30 09:34:10 - [MESSAGE][PASSED] - Delayed 2 second(s)

2018-03-30 09:34:10 - [TEST_STEP][PASSED] - setText: Text 'jwaryas@bluewatertech.com' is set on object 'Object Repository/Page_Log in - US Leadgen/input_Email'

2018-03-30 09:34:10 - [MESSAGE][PASSED] - Text 'jwaryas@bluewatertech.com' is set on object 'Object Repository/Page_Log in - US Leadgen/input_Email'

2018-03-30 09:34:10 - [TEST_STEP][PASSED] - setText: Text 'Droop420!' is set on object 'Object Repository/Page_Log in - US Leadgen/input_Password'

2018-03-30 09:34:11 - [MESSAGE][PASSED] - Text 'Droop420!' is set on object 'Object Repository/Page_Log in - US Leadgen/input_Password'

2018-03-30 09:34:11 - [TEST_STEP][PASSED] - delay: Delayed 2 second(s)

2018-03-30 09:34:13 - [MESSAGE][PASSED] - Delayed 2 second(s)

2018-03-30 09:34:13 - [TEST_STEP][PASSED] - click: Object: 'Object Repository/Page_Log in - US Leadgen/input_btn btn-default' is clicked on

2018-03-30 09:34:13 - [MESSAGE][PASSED] - Object: 'Object Repository/Page_Log in - US Leadgen/input_btn btn-default' is clicked on

2018-03-30 09:34:13 - [TEST_STEP][PASSED] - delay: Delayed 2 second(s)

2018-03-30 09:34:15 - [MESSAGE][PASSED] - Delayed 2 second(s)

2018-03-30 09:34:15 - [TEST_STEP][PASSED] - mouseOver: Object: 'Object Repository/Page_Home Page - US Leadgen (1)/span_Account' is hovered

2018-03-30 09:34:15 - [MESSAGE][PASSED] - Object: 'Object Repository/Page_Home Page - US Leadgen (1)/span_Account' is hovered

2018-03-30 09:34:15 - [TEST_STEP][PASSED] - delay: Delayed 2 second(s)

2018-03-30 09:34:17 - [MESSAGE][PASSED] - Delayed 2 second(s)

2018-03-30 09:34:17 - [TEST_STEP][PASSED] - click: Object: 'Object Repository/Page_Home Page - US Leadgen (2)/span_Sign Out' is clicked on

2018-03-30 09:34:17 - [MESSAGE][PASSED] - Object: 'Object Repository/Page_Home Page - US Leadgen (2)/span_Sign Out' is clicked on

2018-03-30 09:34:17 - [TEST_STEP][PASSED] - delay: Delayed 2 second(s)

2018-03-30 09:34:19 - [MESSAGE][PASSED] - Delayed 2 second(s)

2018-03-30 09:34:19 - [TEST_STEP][PASSED] - mouseOver: Object: 'Object Repository/Page_Home Page - US Leadgen/a_Sign In' is hovered

2018-03-30 09:34:19 - [MESSAGE][PASSED] - Object: 'Object Repository/Page_Home Page - US Leadgen/a_Sign In' is hovered

2018-03-30 09:34:19 - [TEST_STEP][PASSED] - click: Object: 'Object Repository/Page_Home Page - US Leadgen/a_Sign In' is clicked on

2018-03-30 09:34:20 - [MESSAGE][PASSED] - Object: 'Object Repository/Page_Home Page - US Leadgen/a_Sign In' is clicked on

2018-03-30 09:34:20 - [TEST_STEP][PASSED] - delay: Delayed 2 second(s)

2018-03-30 09:34:22 - [MESSAGE][PASSED] - Delayed 2 second(s)

2018-03-30 09:34:22 - [TEST_STEP][PASSED] - setText: Text 'jwaryas@bluewatertech.com' is set on object 'Object Repository/Page_Log in - US Leadgen/input_Email'

2018-03-30 09:34:22 - [MESSAGE][PASSED] - Text 'jwaryas@bluewatertech.com' is set on object 'Object Repository/Page_Log in - US Leadgen/input_Email'

2018-03-30 09:34:22 - [TEST_STEP][PASSED] - setText: Text 'Droop420!' is set on object 'Object Repository/Page_Log in - US Leadgen/input_Password'

2018-03-30 09:34:22 - [MESSAGE][PASSED] - Text 'Droop420!' is set on object 'Object Repository/Page_Log in - US Leadgen/input_Password'

2018-03-30 09:34:22 - [TEST_STEP][PASSED] - delay: Delayed 2 second(s)

2018-03-30 09:34:24 - [MESSAGE][PASSED] - Delayed 2 second(s)

2018-03-30 09:34:24 - [TEST_STEP][PASSED] - click: Object: 'Object Repository/Page_Log in - US Leadgen/input_btn btn-default' is clicked on

2018-03-30 09:34:24 - [MESSAGE][PASSED] - Object: 'Object Repository/Page_Log in - US Leadgen/input_btn btn-default' is clicked on

2018-03-30 09:34:24 - [TEST_STEP][PASSED] - delay: Delayed 2 second(s)

2018-03-30 09:34:26 - [MESSAGE][PASSED] - Delayed 2 second(s)

2018-03-30 09:34:26 - [TEST_STEP][PASSED] - mouseOver: Object: 'Object Repository/Page_Home Page - US Leadgen (1)/span_Account' is hovered

2018-03-30 09:34:26 - [MESSAGE][PASSED] - Object: 'Object Repository/Page_Home Page - US Leadgen (1)/span_Account' is hovered

2018-03-30 09:34:26 - [TEST_STEP][PASSED] - delay: Delayed 2 second(s)

2018-03-30 09:34:28 - [MESSAGE][PASSED] - Delayed 2 second(s)

2018-03-30 09:34:28 - [TEST_STEP][PASSED] - click: Object: 'Object Repository/Page_Home Page - US Leadgen (2)/span_Sign Out' is clicked on

2018-03-30 09:34:29 - [MESSAGE][PASSED] - Object: 'Object Repository/Page_Home Page - US Leadgen (2)/span_Sign Out' is clicked on

2018-03-30 09:34:29 - [TEST_STEP][PASSED] - delay: Delayed 2 second(s)

2018-03-30 09:34:31 - [MESSAGE][PASSED] - Delayed 2 second(s)

2018-03-30 09:34:31 - [TEST_STEP][PASSED] - mouseOver: Object: 'Object Repository/Page_Home Page - US Leadgen/a_Sign In' is hovered

2018-03-30 09:34:31 - [MESSAGE][PASSED] - Object: 'Object Repository/Page_Home Page - US Leadgen/a_Sign In' is hovered

2018-03-30 09:34:31 - [TEST_STEP][PASSED] - click: Object: 'Object Repository/Page_Home Page - US Leadgen/a_Sign In' is clicked on

2018-03-30 09:34:31 - [MESSAGE][PASSED] - Object: 'Object Repository/Page_Home Page - US Leadgen/a_Sign In' is clicked on

2018-03-30 09:34:31 - [TEST_STEP][PASSED] - delay: Delayed 2 second(s)

2018-03-30 09:34:33 - [MESSAGE][PASSED] - Delayed 2 second(s)

2018-03-30 09:34:33 - [TEST_STEP][PASSED] - setText: Text 'jwaryas@bluewatertech.com' is set on object 'Object Repository/Page_Log in - US Leadgen/input_Email'

2018-03-30 09:34:33 - [MESSAGE][PASSED] - Text 'jwaryas@bluewatertech.com' is set on object 'Object Repository/Page_Log in - US Leadgen/input_Email'

2018-03-30 09:34:33 - [TEST_STEP][PASSED] - setText: Text 'Droop420!' is set on object 'Object Repository/Page_Log in - US Leadgen/input_Password'

2018-03-30 09:34:33 - [MESSAGE][PASSED] - Text 'Droop420!' is set on object 'Object Repository/Page_Log in - US Leadgen/input_Password'

2018-03-30 09:34:33 - [TEST_STEP][PASSED] - delay: Delayed 2 second(s)

2018-03-30 09:34:35 - [MESSAGE][PASSED] - Delayed 2 second(s)

2018-03-30 09:34:35 - [TEST_STEP][PASSED] - click: Object: 'Object Repository/Page_Log in - US Leadgen/input_btn btn-default' is clicked on

2018-03-30 09:34:36 - [MESSAGE][PASSED] - Object: 'Object Repository/Page_Log in - US Leadgen/input_btn btn-default' is clicked on

2018-03-30 09:34:36 - [TEST_STEP][PASSED] - delay: Delayed 2 second(s)

2018-03-30 09:34:38 - [MESSAGE][PASSED] - Delayed 2 second(s)

2018-03-30 09:34:38 - [TEST_STEP][PASSED] - mouseOver: Object: 'Object Repository/Page_Home Page - US Leadgen (1)/span_Account' is hovered

2018-03-30 09:34:38 - [MESSAGE][PASSED] - Object: 'Object Repository/Page_Home Page - US Leadgen (1)/span_Account' is hovered

2018-03-30 09:34:38 - [TEST_STEP][PASSED] - delay: Delayed 2 second(s)

2018-03-30 09:34:40 - [MESSAGE][PASSED] - Delayed 2 second(s)

2018-03-30 09:34:40 - [TEST_STEP][PASSED] - click: Object: 'Object Repository/Page_Home Page - US Leadgen (2)/span_Sign Out' is clicked on

2018-03-30 09:34:40 - [MESSAGE][PASSED] - Object: 'Object Repository/Page_Home Page - US Leadgen (2)/span_Sign Out' is clicked on

2018-03-30 09:34:40 - [TEST_STEP][PASSED] - delay: Delayed 2 second(s)

2018-03-30 09:34:42 - [MESSAGE][PASSED] - Delayed 2 second(s)

2018-03-30 09:34:42 - [TEST_STEP][PASSED] - mouseOver: Object: 'Object Repository/Page_Home Page - US Leadgen/a_Sign In' is hovered

2018-03-30 09:34:42 - [MESSAGE][PASSED] - Object: 'Object Repository/Page_Home Page - US Leadgen/a_Sign In' is hovered

2018-03-30 09:34:42 - [TEST_STEP][PASSED] - click: Object: 'Object Repository/Page_Home Page - US Leadgen/a_Sign In' is clicked on

2018-03-30 09:34:42 - [MESSAGE][PASSED] - Object: 'Object Repository/Page_Home Page - US Leadgen/a_Sign In' is clicked on

2018-03-30 09:34:42 - [TEST_STEP][PASSED] - delay: Delayed 2 second(s)

2018-03-30 09:34:44 - [MESSAGE][PASSED] - Delayed 2 second(s)

2018-03-30 09:34:44 - [TEST_STEP][PASSED] - setText: Text 'jwaryas@bluewatertech.com' is set on object 'Object Repository/Page_Log in - US Leadgen/input_Email'

2018-03-30 09:34:44 - [MESSAGE][PASSED] - Text 'jwaryas@bluewatertech.com' is set on object 'Object Repository/Page_Log in - US Leadgen/input_Email'

2018-03-30 09:34:44 - [TEST_STEP][PASSED] - setText: Text 'Droop420!' is set on object 'Object Repository/Page_Log in - US Leadgen/input_Password'

2018-03-30 09:34:44 - [MESSAGE][PASSED] - Text 'Droop420!' is set on object 'Object Repository/Page_Log in - US Leadgen/input_Password'

2018-03-30 09:34:44 - [TEST_STEP][PASSED] - delay: Delayed 2 second(s)

2018-03-30 09:34:46 - [MESSAGE][PASSED] - Delayed 2 second(s)

2018-03-30 09:34:46 - [TEST_STEP][PASSED] - click: Object: 'Object Repository/Page_Log in - US Leadgen/input_btn btn-default' is clicked on

2018-03-30 09:34:47 - [MESSAGE][PASSED] - Object: 'Object Repository/Page_Log in - US Leadgen/input_btn btn-default' is clicked on

2018-03-30 09:34:47 - [TEST_STEP][PASSED] - delay: Delayed 2 second(s)

2018-03-30 09:34:49 - [MESSAGE][PASSED] - Delayed 2 second(s)

2018-03-30 09:34:49 - [TEST_STEP][PASSED] - mouseOver: Object: 'Object Repository/Page_Home Page - US Leadgen (1)/span_Account' is hovered

2018-03-30 09:34:49 - [MESSAGE][PASSED] - Object: 'Object Repository/Page_Home Page - US Leadgen (1)/span_Account' is hovered

2018-03-30 09:34:49 - [TEST_STEP][PASSED] - delay: Delayed 2 second(s)

2018-03-30 09:34:51 - [MESSAGE][PASSED] - Delayed 2 second(s)

2018-03-30 09:34:51 - [TEST_STEP][PASSED] - click: Object: 'Object Repository/Page_Home Page - US Leadgen (2)/span_Sign Out' is clicked on

2018-03-30 09:34:51 - [MESSAGE][PASSED] - Object: 'Object Repository/Page_Home Page - US Leadgen (2)/span_Sign Out' is clicked on

2018-03-30 09:34:51 - [TEST_STEP][PASSED] - delay: Delayed 2 second(s)

2018-03-30 09:34:53 - [MESSAGE][PASSED] - Delayed 2 second(s)

2018-03-30 09:34:53 - [TEST_STEP][PASSED] - mouseOver: Object: 'Object Repository/Page_Home Page - US Leadgen/a_Sign In' is hovered

2018-03-30 09:34:53 - [MESSAGE][PASSED] - Object: 'Object Repository/Page_Home Page - US Leadgen/a_Sign In' is hovered

2018-03-30 09:34:53 - [TEST_STEP][PASSED] - click: Object: 'Object Repository/Page_Home Page - US Leadgen/a_Sign In' is clicked on

2018-03-30 09:34:54 - [MESSAGE][PASSED] - Object: 'Object Repository/Page_Home Page - US Leadgen/a_Sign In' is clicked on

2018-03-30 09:34:54 - [TEST_STEP][PASSED] - delay: Delayed 2 second(s)

2018-03-30 09:34:56 - [MESSAGE][PASSED] - Delayed 2 second(s)

2018-03-30 09:34:56 - [TEST_STEP][PASSED] - setText: Text 'jwaryas@bluewatertech.com' is set on object 'Object Repository/Page_Log in - US Leadgen/input_Email'

2018-03-30 09:34:56 - [MESSAGE][PASSED] - Text 'jwaryas@bluewatertech.com' is set on object 'Object Repository/Page_Log in - US Leadgen/input_Email'

2018-03-30 09:34:56 - [TEST_STEP][PASSED] - setText: Text 'Droop420!' is set on object 'Object Repository/Page_Log in - US Leadgen/input_Password'

2018-03-30 09:34:56 - [MESSAGE][PASSED] - Text 'Droop420!' is set on object 'Object Repository/Page_Log in - US Leadgen/input_Password'

2018-03-30 09:34:56 - [TEST_STEP][PASSED] - delay: Delayed 2 second(s)

2018-03-30 09:34:58 - [MESSAGE][PASSED] - Delayed 2 second(s)

2018-03-30 09:34:58 - [TEST_STEP][PASSED] - click: Object: 'Object Repository/Page_Log in - US Leadgen/input_btn btn-default' is clicked on

2018-03-30 09:34:58 - [MESSAGE][PASSED] - Object: 'Object Repository/Page_Log in - US Leadgen/input_btn btn-default' is clicked on

2018-03-30 09:34:58 - [TEST_STEP][PASSED] - delay: Delayed 2 second(s)

2018-03-30 09:35:00 - [MESSAGE][PASSED] - Delayed 2 second(s)

2018-03-30 09:35:00 - [TEST_STEP][PASSED] - mouseOver: Object: 'Object Repository/Page_Home Page - US Leadgen (1)/span_Account' is hovered

2018-03-30 09:35:00 - [MESSAGE][PASSED] - Object: 'Object Repository/Page_Home Page - US Leadgen (1)/span_Account' is hovered

2018-03-30 09:35:00 - [TEST_STEP][PASSED] - delay: Delayed 2 second(s)

2018-03-30 09:35:02 - [MESSAGE][PASSED] - Delayed 2 second(s)

2018-03-30 09:35:02 - [TEST_STEP][PASSED] - click: Object: 'Object Repository/Page_Home Page - US Leadgen (2)/span_Sign Out' is clicked on

2018-03-30 09:35:03 - [MESSAGE][PASSED] - Object: 'Object Repository/Page_Home Page - US Leadgen (2)/span_Sign Out' is clicked on

2018-03-30 09:35:03 - [TEST_STEP][PASSED] - delay: Delayed 2 second(s)

2018-03-30 09:35:05 - [MESSAGE][PASSED] - Delayed 2 second(s)

2018-03-30 09:35:05 - [TEST_STEP][PASSED] - mouseOver: Object: 'Object Repository/Page_Home Page - US Leadgen/a_Sign In' is hovered

2018-03-30 09:35:05 - [MESSAGE][PASSED] - Object: 'Object Repository/Page_Home Page - US Leadgen/a_Sign In' is hovered

2018-03-30 09:35:05 - [TEST_STEP][PASSED] - click: Object: 'Object Repository/Page_Home Page - US Leadgen/a_Sign In' is clicked on

2018-03-30 09:35:05 - [MESSAGE][PASSED] - Object: 'Object Repository/Page_Home Page - US Leadgen/a_Sign In' is clicked on

2018-03-30 09:35:05 - [TEST_STEP][PASSED] - delay: Delayed 2 second(s)

2018-03-30 09:35:07 - [MESSAGE][PASSED] - Delayed 2 second(s)

2018-03-30 09:35:07 - [TEST_STEP][PASSED] - setText: Text 'jwaryas@bluewatertech.com' is set on object 'Object Repository/Page_Log in - US Leadgen/input_Email'

2018-03-30 09:35:07 - [MESSAGE][PASSED] - Text 'jwaryas@bluewatertech.com' is set on object 'Object Repository/Page_Log in - US Leadgen/input_Email'

2018-03-30 09:35:07 - [TEST_STEP][PASSED] - setText: Text 'Droop420!' is set on object 'Object Repository/Page_Log in - US Leadgen/input_Password'

2018-03-30 09:35:07 - [MESSAGE][PASSED] - Text 'Droop420!' is set on object 'Object Repository/Page_Log in - US Leadgen/input_Password'

2018-03-30 09:35:07 - [TEST_STEP][PASSED] - delay: Delayed 2 second(s)

2018-03-30 09:35:09 - [MESSAGE][PASSED] - Delayed 2 second(s)

2018-03-30 09:35:09 - [TEST_STEP][PASSED] - click: Object: 'Object Repository/Page_Log in - US Leadgen/input_btn btn-default' is clicked on

2018-03-30 09:35:10 - [MESSAGE][PASSED] - Object: 'Object Repository/Page_Log in - US Leadgen/input_btn btn-default' is clicked on

2018-03-30 09:35:10 - [TEST_STEP][PASSED] - delay: Delayed 2 second(s)

2018-03-30 09:35:12 - [MESSAGE][PASSED] - Delayed 2 second(s)

2018-03-30 09:35:12 - [TEST_STEP][PASSED] - mouseOver: Object: 'Object Repository/Page_Home Page - US Leadgen (1)/span_Account' is hovered

2018-03-30 09:35:12 - [MESSAGE][PASSED] - Object: 'Object Repository/Page_Home Page - US Leadgen (1)/span_Account' is hovered

2018-03-30 09:35:12 - [TEST_STEP][PASSED] - delay: Delayed 2 second(s)

2018-03-30 09:35:14 - [MESSAGE][PASSED] - Delayed 2 second(s)

2018-03-30 09:35:14 - [TEST_STEP][PASSED] - click: Object: 'Object Repository/Page_Home Page - US Leadgen (2)/span_Sign Out' is clicked on

2018-03-30 09:35:14 - [MESSAGE][PASSED] - Object: 'Object Repository/Page_Home Page - US Leadgen (2)/span_Sign Out' is clicked on

2018-03-30 09:35:14 - [TEST_STEP][PASSED] - delay: Delayed 2 second(s)

2018-03-30 09:35:16 - [MESSAGE][PASSED] - Delayed 2 second(s)

2018-03-30 09:35:16 - [TEST_STEP][PASSED] - mouseOver: Object: 'Object Repository/Page_Home Page - US Leadgen/a_Sign In' is hovered

2018-03-30 09:35:16 - [MESSAGE][PASSED] - Object: 'Object Repository/Page_Home Page - US Leadgen/a_Sign In' is hovered

2018-03-30 09:35:16 - [TEST_STEP][PASSED] - click: Object: 'Object Repository/Page_Home Page - US Leadgen/a_Sign In' is clicked on

2018-03-30 09:35:16 - [MESSAGE][PASSED] - Object: 'Object Repository/Page_Home Page - US Leadgen/a_Sign In' is clicked on

2018-03-30 09:35:16 - [TEST_STEP][PASSED] - delay: Delayed 2 second(s)

2018-03-30 09:35:18 - [MESSAGE][PASSED] - Delayed 2 second(s)

2018-03-30 09:35:18 - [TEST_STEP][PASSED] - setText: Text 'jwaryas@bluewatertech.com' is set on object 'Object Repository/Page_Log in - US Leadgen/input_Email'

2018-03-30 09:35:18 - [MESSAGE][PASSED] - Text 'jwaryas@bluewatertech.com' is set on object 'Object Repository/Page_Log in - US Leadgen/input_Email'

2018-03-30 09:35:18 - [TEST_STEP][PASSED] - setText: Text 'Droop420!' is set on object 'Object Repository/Page_Log in - US Leadgen/input_Password'

2018-03-30 09:35:18 - [MESSAGE][PASSED] - Text 'Droop420!' is set on object 'Object Repository/Page_Log in - US Leadgen/input_Password'

2018-03-30 09:35:18 - [TEST_STEP][PASSED] - delay: Delayed 2 second(s)

2018-03-30 09:35:20 - [MESSAGE][PASSED] - Delayed 2 second(s)

2018-03-30 09:35:20 - [TEST_STEP][PASSED] - click: Object: 'Object Repository/Page_Log in - US Leadgen/input_btn btn-default' is clicked on

2018-03-30 09:35:21 - [MESSAGE][PASSED] - Object: 'Object Repository/Page_Log in - US Leadgen/input_btn btn-default' is clicked on

2018-03-30 09:35:21 - [TEST_STEP][PASSED] - delay: Delayed 2 second(s)

2018-03-30 09:35:23 - [MESSAGE][PASSED] - Delayed 2 second(s)

2018-03-30 09:35:23 - [TEST_STEP][PASSED] - mouseOver: Object: 'Object Repository/Page_Home Page - US Leadgen (1)/span_Account' is hovered

2018-03-30 09:35:23 - [MESSAGE][PASSED] - Object: 'Object Repository/Page_Home Page - US Leadgen (1)/span_Account' is hovered

2018-03-30 09:35:23 - [TEST_STEP][PASSED] - delay: Delayed 2 second(s)

2018-03-30 09:35:25 - [MESSAGE][PASSED] - Delayed 2 second(s)

2018-03-30 09:35:25 - [TEST_STEP][PASSED] - click: Object: 'Object Repository/Page_Home Page - US Leadgen (2)/span_Sign Out' is clicked on

2018-03-30 09:35:26 - [MESSAGE][PASSED] - Object: 'Object Repository/Page_Home Page - US Leadgen (2)/span_Sign Out' is clicked on

2018-03-30 09:35:26 - [TEST_STEP][PASSED] - delay: Delayed 2 second(s)

2018-03-30 09:35:28 - [MESSAGE][PASSED] - Delayed 2 second(s)

2018-03-30 09:35:28 - [TEST_STEP][PASSED] - mouseOver: Object: 'Object Repository/Page_Home Page - US Leadgen/a_Sign In' is hovered

2018-03-30 09:35:28 - [MESSAGE][PASSED] - Object: 'Object Repository/Page_Home Page - US Leadgen/a_Sign In' is hovered

2018-03-30 09:35:28 - [TEST_STEP][PASSED] - click: Object: 'Object Repository/Page_Home Page - US Leadgen/a_Sign In' is clicked on

2018-03-30 09:35:28 - [MESSAGE][PASSED] - Object: 'Object Repository/Page_Home Page - US Leadgen/a_Sign In' is clicked on

2018-03-30 09:35:28 - [TEST_STEP][PASSED] - delay: Delayed 2 second(s)

2018-03-30 09:35:30 - [MESSAGE][PASSED] - Delayed 2 second(s)

2018-03-30 09:35:30 - [TEST_STEP][PASSED] - setText: Text 'jwaryas@bluewatertech.com' is set on object 'Object Repository/Page_Log in - US Leadgen/input_Email'

2018-03-30 09:35:30 - [MESSAGE][PASSED] - Text 'jwaryas@bluewatertech.com' is set on object 'Object Repository/Page_Log in - US Leadgen/input_Email'

2018-03-30 09:35:30 - [TEST_STEP][PASSED] - setText: Text 'Droop420!' is set on object 'Object Repository/Page_Log in - US Leadgen/input_Password'

2018-03-30 09:35:30 - [MESSAGE][PASSED] - Text 'Droop420!' is set on object 'Object Repository/Page_Log in - US Leadgen/input_Password'

2018-03-30 09:35:30 - [TEST_STEP][PASSED] - delay: Delayed 2 second(s)

2018-03-30 09:35:32 - [MESSAGE][PASSED] - Delayed 2 second(s)

2018-03-30 09:35:32 - [TEST_STEP][PASSED] - click: Object: 'Object Repository/Page_Log in - US Leadgen/input_btn btn-default' is clicked on

2018-03-30 09:35:33 - [MESSAGE][PASSED] - Object: 'Object Repository/Page_Log in - US Leadgen/input_btn btn-default' is clicked on

2018-03-30 09:35:33 - [TEST_STEP][PASSED] - delay: Delayed 2 second(s)

2018-03-30 09:35:35 - [MESSAGE][PASSED] - Delayed 2 second(s)

2018-03-30 09:35:35 - [TEST_STEP][PASSED] - mouseOver: Object: 'Object Repository/Page_Home Page - US Leadgen (1)/span_Account' is hovered

2018-03-30 09:35:35 - [MESSAGE][PASSED] - Object: 'Object Repository/Page_Home Page - US Leadgen (1)/span_Account' is hovered

2018-03-30 09:35:35 - [TEST_STEP][PASSED] - delay: Delayed 2 second(s)

2018-03-30 09:35:37 - [MESSAGE][PASSED] - Delayed 2 second(s)

2018-03-30 09:35:37 - [TEST_STEP][PASSED] - click: Object: 'Object Repository/Page_Home Page - US Leadgen (2)/span_Sign Out' is clicked on

2018-03-30 09:35:37 - [MESSAGE][PASSED] - Object: 'Object Repository/Page_Home Page - US Leadgen (2)/span_Sign Out' is clicked on

2018-03-30 09:35:37 - [TEST_STEP][PASSED] - delay: Delayed 2 second(s)

2018-03-30 09:35:39 - [MESSAGE][PASSED] - Delayed 2 second(s)

2018-03-30 09:35:39 - [TEST_STEP][PASSED] - mouseOver: Object: 'Object Repository/Page_Home Page - US Leadgen/a_Sign In' is hovered

2018-03-30 09:35:39 - [MESSAGE][PASSED] - Object: 'Object Repository/Page_Home Page - US Leadgen/a_Sign In' is hovered

2018-03-30 09:35:39 - [TEST_STEP][PASSED] - click: Object: 'Object Repository/Page_Home Page - US Leadgen/a_Sign In' is clicked on

2018-03-30 09:35:40 - [MESSAGE][PASSED] - Object: 'Object Repository/Page_Home Page - US Leadgen/a_Sign In' is clicked on

2018-03-30 09:35:40 - [TEST_STEP][PASSED] - delay: Delayed 2 second(s)

2018-03-30 09:35:42 - [MESSAGE][PASSED] - Delayed 2 second(s)

2018-03-30 09:35:42 - [TEST_STEP][PASSED] - setText: Text 'jwaryas@bluewatertech.com' is set on object 'Object Repository/Page_Log in - US Leadgen/input_Email'

2018-03-30 09:35:42 - [MESSAGE][PASSED] - Text 'jwaryas@bluewatertech.com' is set on object 'Object Repository/Page_Log in - US Leadgen/input_Email'

2018-03-30 09:35:42 - [TEST_STEP][PASSED] - setText: Text 'Droop420!' is set on object 'Object Repository/Page_Log in - US Leadgen/input_Password'

2018-03-30 09:35:42 - [MESSAGE][PASSED] - Text 'Droop420!' is set on object 'Object Repository/Page_Log in - US Leadgen/input_Password'

2018-03-30 09:35:42 - [TEST_STEP][PASSED] - delay: Delayed 2 second(s)

2018-03-30 09:35:44 - [MESSAGE][PASSED] - Delayed 2 second(s)

2018-03-30 09:35:44 - [TEST_STEP][PASSED] - click: Object: 'Object Repository/Page_Log in - US Leadgen/input_btn btn-default' is clicked on

2018-03-30 09:35:44 - [MESSAGE][PASSED] - Object: 'Object Repository/Page_Log in - US Leadgen/input_btn btn-default' is clicked on

2018-03-30 09:35:44 - [TEST_STEP][PASSED] - delay: Delayed 2 second(s)

2018-03-30 09:35:46 - [MESSAGE][PASSED] - Delayed 2 second(s)

2018-03-30 09:35:46 - [TEST_STEP][PASSED] - mouseOver: Object: 'Object Repository/Page_Home Page - US Leadgen (1)/span_Account' is hovered

2018-03-30 09:35:46 - [MESSAGE][PASSED] - Object: 'Object Repository/Page_Home Page - US Leadgen (1)/span_Account' is hovered

2018-03-30 09:35:46 - [TEST_STEP][PASSED] - delay: Delayed 2 second(s)

2018-03-30 09:35:48 - [MESSAGE][PASSED] - Delayed 2 second(s)

2018-03-30 09:35:48 - [TEST_STEP][PASSED] - click: Object: 'Object Repository/Page_Home Page - US Leadgen (2)/span_Sign Out' is clicked on

2018-03-30 09:35:49 - [MESSAGE][PASSED] - Object: 'Object Repository/Page_Home Page - US Leadgen (2)/span_Sign Out' is clicked on

2018-03-30 09:35:49 - [TEST_STEP][PASSED] - delay: Delayed 2 second(s)

2018-03-30 09:35:51 - [MESSAGE][PASSED] - Delayed 2 second(s)

2018-03-30 09:35:51 - [TEST_STEP][PASSED] - mouseOver: Object: 'Object Repository/Page_Home Page - US Leadgen/a_Sign In' is hovered

2018-03-30 09:35:51 - [MESSAGE][PASSED] - Object: 'Object Repository/Page_Home Page - US Leadgen/a_Sign In' is hovered

2018-03-30 09:35:51 - [TEST_STEP][PASSED] - click: Object: 'Object Repository/Page_Home Page - US Leadgen/a_Sign In' is clicked on

2018-03-30 09:35:51 - [MESSAGE][PASSED] - Object: 'Object Repository/Page_Home Page - US Leadgen/a_Sign In' is clicked on

2018-03-30 09:35:51 - [TEST_STEP][PASSED] - delay: Delayed 2 second(s)

2018-03-30 09:35:53 - [MESSAGE][PASSED] - Delayed 2 second(s)

2018-03-30 09:35:53 - [TEST_STEP][PASSED] - setText: Text 'jwaryas@bluewatertech.com' is set on object 'Object Repository/Page_Log in - US Leadgen/input_Email'

2018-03-30 09:35:53 - [MESSAGE][PASSED] - Text 'jwaryas@bluewatertech.com' is set on object 'Object Repository/Page_Log in - US Leadgen/input_Email'

2018-03-30 09:35:53 - [TEST_STEP][PASSED] - setText: Text 'Droop420!' is set on object 'Object Repository/Page_Log in - US Leadgen/input_Password'

2018-03-30 09:35:53 - [MESSAGE][PASSED] - Text 'Droop420!' is set on object 'Object Repository/Page_Log in - US Leadgen/input_Password'

2018-03-30 09:35:53 - [TEST_STEP][PASSED] - delay: Delayed 2 second(s)

2018-03-30 09:35:55 - [MESSAGE][PASSED] - Delayed 2 second(s)

2018-03-30 09:35:55 - [TEST_STEP][PASSED] - click: Object: 'Object Repository/Page_Log in - US Leadgen/input_btn btn-default' is clicked on

2018-03-30 09:35:56 - [MESSAGE][PASSED] - Object: 'Object Repository/Page_Log in - US Leadgen/input_btn btn-default' is clicked on

2018-03-30 09:35:56 - [TEST_STEP][PASSED] - delay: Delayed 2 second(s)

2018-03-30 09:35:58 - [MESSAGE][PASSED] - Delayed 2 second(s)

2018-03-30 09:35:58 - [TEST_STEP][PASSED] - mouseOver: Object: 'Object Repository/Page_Home Page - US Leadgen (1)/span_Account' is hovered

2018-03-30 09:35:58 - [MESSAGE][PASSED] - Object: 'Object Repository/Page_Home Page - US Leadgen (1)/span_Account' is hovered

2018-03-30 09:35:58 - [TEST_STEP][PASSED] - delay: Delayed 2 second(s)

2018-03-30 09:36:00 - [MESSAGE][PASSED] - Delayed 2 second(s)

2018-03-30 09:36:00 - [TEST_STEP][PASSED] - click: Object: 'Object Repository/Page_Home Page - US Leadgen (2)/span_Sign Out' is clicked on

2018-03-30 09:36:00 - [MESSAGE][PASSED] - Object: 'Object Repository/Page_Home Page - US Leadgen (2)/span_Sign Out' is clicked on

2018-03-30 09:36:00 - [TEST_STEP][PASSED] - delay: Delayed 2 second(s)

2018-03-30 09:36:02 - [MESSAGE][PASSED] - Delayed 2 second(s)

2018-03-30 09:36:02 - [TEST_STEP][PASSED] - mouseOver: Object: 'Object Repository/Page_Home Page - US Leadgen/a_Sign In' is hovered

2018-03-30 09:36:02 - [MESSAGE][PASSED] - Object: 'Object Repository/Page_Home Page - US Leadgen/a_Sign In' is hovered

2018-03-30 09:36:02 - [TEST_STEP][PASSED] - click: Object: 'Object Repository/Page_Home Page - US Leadgen/a_Sign In' is clicked on

2018-03-30 09:36:02 - [MESSAGE][PASSED] - Object: 'Object Repository/Page_Home Page - US Leadgen/a_Sign In' is clicked on

2018-03-30 09:36:02 - [TEST_STEP][PASSED] - delay: Delayed 2 second(s)

2018-03-30 09:36:04 - [MESSAGE][PASSED] - Delayed 2 second(s)

2018-03-30 09:36:04 - [TEST_STEP][PASSED] - setText: Text 'jwaryas@bluewatertech.com' is set on object 'Object Repository/Page_Log in - US Leadgen/input_Email'

2018-03-30 09:36:04 - [MESSAGE][PASSED] - Text 'jwaryas@bluewatertech.com' is set on object 'Object Repository/Page_Log in - US Leadgen/input_Email'

2018-03-30 09:36:04 - [TEST_STEP][PASSED] - setText: Text 'Droop420!' is set on object 'Object Repository/Page_Log in - US Leadgen/input_Password'

2018-03-30 09:36:05 - [MESSAGE][PASSED] - Text 'Droop420!' is set on object 'Object Repository/Page_Log in - US Leadgen/input_Password'

2018-03-30 09:36:05 - [TEST_STEP][PASSED] - delay: Delayed 2 second(s)

2018-03-30 09:36:07 - [MESSAGE][PASSED] - Delayed 2 second(s)

2018-03-30 09:36:07 - [TEST_STEP][PASSED] - click: Object: 'Object Repository/Page_Log in - US Leadgen/input_btn btn-default' is clicked on

2018-03-30 09:36:07 - [MESSAGE][PASSED] - Object: 'Object Repository/Page_Log in - US Leadgen/input_btn btn-default' is clicked on

2018-03-30 09:36:07 - [TEST_STEP][PASSED] - delay: Delayed 2 second(s)

2018-03-30 09:36:09 - [MESSAGE][PASSED] - Delayed 2 second(s)

2018-03-30 09:36:09 - [TEST_STEP][PASSED] - mouseOver: Object: 'Object Repository/Page_Home Page - US Leadgen (1)/span_Account' is hovered

2018-03-30 09:36:09 - [MESSAGE][PASSED] - Object: 'Object Repository/Page_Home Page - US Leadgen (1)/span_Account' is hovered

2018-03-30 09:36:09 - [TEST_STEP][PASSED] - delay: Delayed 2 second(s)

2018-03-30 09:36:11 - [MESSAGE][PASSED] - Delayed 2 second(s)

2018-03-30 09:36:11 - [TEST_STEP][PASSED] - click: Object: 'Object Repository/Page_Home Page - US Leadgen (2)/span_Sign Out' is clicked on

2018-03-30 09:36:11 - [MESSAGE][PASSED] - Object: 'Object Repository/Page_Home Page - US Leadgen (2)/span_Sign Out' is clicked on

2018-03-30 09:36:11 - [TEST_STEP][PASSED] - delay: Delayed 2 second(s)

2018-03-30 09:36:13 - [MESSAGE][PASSED] - Delayed 2 second(s)

2018-03-30 09:36:13 - [TEST_STEP][PASSED] - mouseOver: Object: 'Object Repository/Page_Home Page - US Leadgen/a_Sign In' is hovered

2018-03-30 09:36:13 - [MESSAGE][PASSED] - Object: 'Object Repository/Page_Home Page - US Leadgen/a_Sign In' is hovered

2018-03-30 09:36:13 - [TEST_STEP][PASSED] - click: Object: 'Object Repository/Page_Home Page - US Leadgen/a_Sign In' is clicked on

2018-03-30 09:36:14 - [MESSAGE][PASSED] - Object: 'Object Repository/Page_Home Page - US Leadgen/a_Sign In' is clicked on

2018-03-30 09:36:14 - [TEST_STEP][PASSED] - delay: Delayed 2 second(s)

2018-03-30 09:36:16 - [MESSAGE][PASSED] - Delayed 2 second(s)

2018-03-30 09:36:16 - [TEST_STEP][PASSED] - setText: Text 'jwaryas@bluewatertech.com' is set on object 'Object Repository/Page_Log in - US Leadgen/input_Email'

2018-03-30 09:36:16 - [MESSAGE][PASSED] - Text 'jwaryas@bluewatertech.com' is set on object 'Object Repository/Page_Log in - US Leadgen/input_Email'

2018-03-30 09:36:16 - [TEST_STEP][PASSED] - setText: Text 'Droop420!' is set on object 'Object Repository/Page_Log in - US Leadgen/input_Password'

2018-03-30 09:36:16 - [MESSAGE][PASSED] - Text 'Droop420!' is set on object 'Object Repository/Page_Log in - US Leadgen/input_Password'

2018-03-30 09:36:16 - [TEST_STEP][PASSED] - delay: Delayed 2 second(s)

2018-03-30 09:36:18 - [MESSAGE][PASSED] - Delayed 2 second(s)

2018-03-30 09:36:18 - [TEST_STEP][PASSED] - click: Object: 'Object Repository/Page_Log in - US Leadgen/input_btn btn-default' is clicked on

2018-03-30 09:36:18 - [MESSAGE][PASSED] - Object: 'Object Repository/Page_Log in - US Leadgen/input_btn btn-default' is clicked on

2018-03-30 09:36:18 - [TEST_STEP][PASSED] - delay: Delayed 2 second(s)

2018-03-30 09:36:20 - [MESSAGE][PASSED] - Delayed 2 second(s)

2018-03-30 09:36:20 - [TEST_STEP][PASSED] - mouseOver: Object: 'Object Repository/Page_Home Page - US Leadgen (1)/span_Account' is hovered

2018-03-30 09:36:20 - [MESSAGE][PASSED] - Object: 'Object Repository/Page_Home Page - US Leadgen (1)/span_Account' is hovered

2018-03-30 09:36:20 - [TEST_STEP][PASSED] - delay: Delayed 2 second(s)

2018-03-30 09:36:22 - [MESSAGE][PASSED] - Delayed 2 second(s)

2018-03-30 09:36:22 - [TEST_STEP][PASSED] - click: Object: 'Object Repository/Page_Home Page - US Leadgen (2)/span_Sign Out' is clicked on

2018-03-30 09:36:23 - [MESSAGE][PASSED] - Object: 'Object Repository/Page_Home Page - US Leadgen (2)/span_Sign Out' is clicked on

2018-03-30 09:36:23 - [TEST_STEP][PASSED] - delay: Delayed 2 second(s)

2018-03-30 09:36:25 - [MESSAGE][PASSED] - Delayed 2 second(s)

2018-03-30 09:36:25 - [TEST_STEP][PASSED] - mouseOver: Object: 'Object Repository/Page_Home Page - US Leadgen/a_Sign In' is hovered

2018-03-30 09:36:25 - [MESSAGE][PASSED] - Object: 'Object Repository/Page_Home Page - US Leadgen/a_Sign In' is hovered

2018-03-30 09:36:25 - [TEST_STEP][PASSED] - click: Object: 'Object Repository/Page_Home Page - US Leadgen/a_Sign In' is clicked on

2018-03-30 09:36:25 - [MESSAGE][PASSED] - Object: 'Object Repository/Page_Home Page - US Leadgen/a_Sign In' is clicked on

2018-03-30 09:36:25 - [TEST_STEP][PASSED] - delay: Delayed 2 second(s)

2018-03-30 09:36:27 - [MESSAGE][PASSED] - Delayed 2 second(s)

2018-03-30 09:36:27 - [TEST_STEP][PASSED] - setText: Text 'jwaryas@bluewatertech.com' is set on object 'Object Repository/Page_Log in - US Leadgen/input_Email'

2018-03-30 09:36:27 - [MESSAGE][PASSED] - Text 'jwaryas@bluewatertech.com' is set on object 'Object Repository/Page_Log in - US Leadgen/input_Email'

2018-03-30 09:36:27 - [TEST_STEP][PASSED] - setText: Text 'Droop420!' is set on object 'Object Repository/Page_Log in - US Leadgen/input_Password'

2018-03-30 09:36:28 - [MESSAGE][PASSED] - Text 'Droop420!' is set on object 'Object Repository/Page_Log in - US Leadgen/input_Password'

2018-03-30 09:36:28 - [TEST_STEP][PASSED] - delay: Delayed 2 second(s)

2018-03-30 09:36:30 - [MESSAGE][PASSED] - Delayed 2 second(s)

2018-03-30 09:36:30 - [TEST_STEP][PASSED] - click: Object: 'Object Repository/Page_Log in - US Leadgen/input_btn btn-default' is clicked on

2018-03-30 09:36:30 - [MESSAGE][PASSED] - Object: 'Object Repository/Page_Log in - US Leadgen/input_btn btn-default' is clicked on

2018-03-30 09:36:30 - [TEST_STEP][PASSED] - delay: Delayed 2 second(s)

2018-03-30 09:36:32 - [MESSAGE][PASSED] - Delayed 2 second(s)

2018-03-30 09:36:32 - [TEST_STEP][PASSED] - mouseOver: Object: 'Object Repository/Page_Home Page - US Leadgen (1)/span_Account' is hovered

2018-03-30 09:36:32 - [MESSAGE][PASSED] - Object: 'Object Repository/Page_Home Page - US Leadgen (1)/span_Account' is hovered

2018-03-30 09:36:32 - [TEST_STEP][PASSED] - delay: Delayed 2 second(s)

2018-03-30 09:36:34 - [MESSAGE][PASSED] - Delayed 2 second(s)

2018-03-30 09:36:34 - [TEST_STEP][PASSED] - click: Object: 'Object Repository/Page_Home Page - US Leadgen (2)/span_Sign Out' is clicked on

2018-03-30 09:36:34 - [MESSAGE][PASSED] - Object: 'Object Repository/Page_Home Page - US Leadgen (2)/span_Sign Out' is clicked on

2018-03-30 09:36:34 - [TEST_STEP][PASSED] - delay: Delayed 2 second(s)

2018-03-30 09:36:36 - [MESSAGE][PASSED] - Delayed 2 second(s)

2018-03-30 09:36:36 - [TEST_STEP][PASSED] - mouseOver: Object: 'Object Repository/Page_Home Page - US Leadgen/a_Sign In' is hovered

2018-03-30 09:36:36 - [MESSAGE][PASSED] - Object: 'Object Repository/Page_Home Page - US Leadgen/a_Sign In' is hovered

2018-03-30 09:36:36 - [TEST_STEP][PASSED] - click: Object: 'Object Repository/Page_Home Page - US Leadgen/a_Sign In' is clicked on

2018-03-30 09:36:37 - [MESSAGE][PASSED] - Object: 'Object Repository/Page_Home Page - US Leadgen/a_Sign In' is clicked on

2018-03-30 09:36:37 - [TEST_STEP][PASSED] - delay: Delayed 2 second(s)

2018-03-30 09:36:39 - [MESSAGE][PASSED] - Delayed 2 second(s)

2018-03-30 09:36:39 - [TEST_STEP][PASSED] - setText: Text 'jwaryas@bluewatertech.com' is set on object 'Object Repository/Page_Log in - US Leadgen/input_Email'

2018-03-30 09:36:39 - [MESSAGE][PASSED] - Text 'jwaryas@bluewatertech.com' is set on object 'Object Repository/Page_Log in - US Leadgen/input_Email'

2018-03-30 09:36:39 - [TEST_STEP][PASSED] - setText: Text 'Droop420!' is set on object 'Object Repository/Page_Log in - US Leadgen/input_Password'

2018-03-30 09:36:39 - [MESSAGE][PASSED] - Text 'Droop420!' is set on object 'Object Repository/Page_Log in - US Leadgen/input_Password'

2018-03-30 09:36:39 - [TEST_STEP][PASSED] - delay: Delayed 2 second(s)

2018-03-30 09:36:41 - [MESSAGE][PASSED] - Delayed 2 second(s)

2018-03-30 09:36:41 - [TEST_STEP][PASSED] - click: Object: 'Object Repository/Page_Log in - US Leadgen/input_btn btn-default' is clicked on

2018-03-30 09:36:41 - [MESSAGE][PASSED] - Object: 'Object Repository/Page_Log in - US Leadgen/input_btn btn-default' is clicked on

2018-03-30 09:36:41 - [TEST_STEP][PASSED] - delay: Delayed 2 second(s)

2018-03-30 09:36:43 - [MESSAGE][PASSED] - Delayed 2 second(s)

2018-03-30 09:36:43 - [TEST_STEP][PASSED] - mouseOver: Object: 'Object Repository/Page_Home Page - US Leadgen (1)/span_Account' is hovered

2018-03-30 09:36:43 - [MESSAGE][PASSED] - Object: 'Object Repository/Page_Home Page - US Leadgen (1)/span_Account' is hovered

2018-03-30 09:36:43 - [TEST_STEP][PASSED] - delay: Delayed 2 second(s)

2018-03-30 09:36:45 - [MESSAGE][PASSED] - Delayed 2 second(s)

2018-03-30 09:36:45 - [TEST_STEP][PASSED] - click: Object: 'Object Repository/Page_Home Page - US Leadgen (2)/span_Sign Out' is clicked on

2018-03-30 09:36:46 - [MESSAGE][PASSED] - Object: 'Object Repository/Page_Home Page - US Leadgen (2)/span_Sign Out' is clicked on

2018-03-30 09:36:46 - [TEST_STEP][PASSED] - delay: Delayed 2 second(s)

2018-03-30 09:36:48 - [MESSAGE][PASSED] - Delayed 2 second(s)

2018-03-30 09:36:48 - [TEST_STEP][PASSED] - mouseOver: Object: 'Object Repository/Page_Home Page - US Leadgen/a_Sign In' is hovered

2018-03-30 09:36:48 - [MESSAGE][PASSED] - Object: 'Object Repository/Page_Home Page - US Leadgen/a_Sign In' is hovered

2018-03-30 09:36:48 - [TEST_STEP][PASSED] - click: Object: 'Object Repository/Page_Home Page - US Leadgen/a_Sign In' is clicked on

2018-03-30 09:36:48 - [MESSAGE][PASSED] - Object: 'Object Repository/Page_Home Page - US Leadgen/a_Sign In' is clicked on

2018-03-30 09:36:48 - [TEST_STEP][PASSED] - delay: Delayed 2 second(s)

2018-03-30 09:36:50 - [MESSAGE][PASSED] - Delayed 2 second(s)

2018-03-30 09:36:50 - [TEST_STEP][PASSED] - setText: Text 'jwaryas@bluewatertech.com' is set on object 'Object Repository/Page_Log in - US Leadgen/input_Email'

2018-03-30 09:36:50 - [MESSAGE][PASSED] - Text 'jwaryas@bluewatertech.com' is set on object 'Object Repository/Page_Log in - US Leadgen/input_Email'

2018-03-30 09:36:50 - [TEST_STEP][PASSED] - setText: Text 'Droop420!' is set on object 'Object Repository/Page_Log in - US Leadgen/input_Password'

2018-03-30 09:36:50 - [MESSAGE][PASSED] - Text 'Droop420!' is set on object 'Object Repository/Page_Log in - US Leadgen/input_Password'

2018-03-30 09:36:50 - [TEST_STEP][PASSED] - delay: Delayed 2 second(s)

2018-03-30 09:36:52 - [MESSAGE][PASSED] - Delayed 2 second(s)

2018-03-30 09:36:52 - [TEST_STEP][PASSED] - click: Object: 'Object Repository/Page_Log in - US Leadgen/input_btn btn-default' is clicked on

2018-03-30 09:36:53 - [MESSAGE][PASSED] - Object: 'Object Repository/Page_Log in - US Leadgen/input_btn btn-default' is clicked on

2018-03-30 09:36:53 - [TEST_STEP][PASSED] - delay: Delayed 2 second(s)

2018-03-30 09:36:55 - [MESSAGE][PASSED] - Delayed 2 second(s)

2018-03-30 09:36:55 - [TEST_STEP][PASSED] - mouseOver: Object: 'Object Repository/Page_Home Page - US Leadgen (1)/span_Account' is hovered

2018-03-30 09:36:55 - [MESSAGE][PASSED] - Object: 'Object Repository/Page_Home Page - US Leadgen (1)/span_Account' is hovered

2018-03-30 09:36:55 - [TEST_STEP][PASSED] - delay: Delayed 2 second(s)

2018-03-30 09:36:57 - [MESSAGE][PASSED] - Delayed 2 second(s)

2018-03-30 09:36:57 - [TEST_STEP][PASSED] - click: Object: 'Object Repository/Page_Home Page - US Leadgen (2)/span_Sign Out' is clicked on

2018-03-30 09:36:57 - [MESSAGE][PASSED] - Object: 'Object Repository/Page_Home Page - US Leadgen (2)/span_Sign Out' is clicked on

2018-03-30 09:36:57 - [TEST_STEP][PASSED] - delay: Delayed 2 second(s)

2018-03-30 09:36:59 - [MESSAGE][PASSED] - Delayed 2 second(s)

2018-03-30 09:36:59 - [TEST_STEP][PASSED] - mouseOver: Object: 'Object Repository/Page_Home Page - US Leadgen/a_Sign In' is hovered

2018-03-30 09:36:59 - [MESSAGE][PASSED] - Object: 'Object Repository/Page_Home Page - US Leadgen/a_Sign In' is hovered

2018-03-30 09:36:59 - [TEST_STEP][PASSED] - click: Object: 'Object Repository/Page_Home Page - US Leadgen/a_Sign In' is clicked on

2018-03-30 09:36:59 - [MESSAGE][PASSED] - Object: 'Object Repository/Page_Home Page - US Leadgen/a_Sign In' is clicked on

2018-03-30 09:36:59 - [TEST_STEP][PASSED] - delay: Delayed 2 second(s)

2018-03-30 09:37:01 - [MESSAGE][PASSED] - Delayed 2 second(s)

2018-03-30 09:37:01 - [TEST_STEP][PASSED] - setText: Text 'jwaryas@bluewatertech.com' is set on object 'Object Repository/Page_Log in - US Leadgen/input_Email'

2018-03-30 09:37:01 - [MESSAGE][PASSED] - Text 'jwaryas@bluewatertech.com' is set on object 'Object Repository/Page_Log in - US Leadgen/input_Email'

2018-03-30 09:37:01 - [TEST_STEP][PASSED] - setText: Text 'Droop420!' is set on object 'Object Repository/Page_Log in - US Leadgen/input_Password'

2018-03-30 09:37:02 - [MESSAGE][PASSED] - Text 'Droop420!' is set on object 'Object Repository/Page_Log in - US Leadgen/input_Password'

2018-03-30 09:37:02 - [TEST_STEP][PASSED] - delay: Delayed 2 second(s)

2018-03-30 09:37:04 - [MESSAGE][PASSED] - Delayed 2 second(s)

2018-03-30 09:37:04 - [TEST_STEP][PASSED] - click: Object: 'Object Repository/Page_Log in - US Leadgen/input_btn btn-default' is clicked on

2018-03-30 09:37:04 - [MESSAGE][PASSED] - Object: 'Object Repository/Page_Log in - US Leadgen/input_btn btn-default' is clicked on

2018-03-30 09:37:04 - [TEST_STEP][PASSED] - delay: Delayed 2 second(s)

2018-03-30 09:37:06 - [MESSAGE][PASSED] - Delayed 2 second(s)

2018-03-30 09:37:06 - [TEST_STEP][PASSED] - mouseOver: Object: 'Object Repository/Page_Home Page - US Leadgen (1)/span_Account' is hovered

2018-03-30 09:37:06 - [MESSAGE][PASSED] - Object: 'Object Repository/Page_Home Page - US Leadgen (1)/span_Account' is hovered

2018-03-30 09:37:06 - [TEST_STEP][PASSED] - delay: Delayed 2 second(s)

2018-03-30 09:37:08 - [MESSAGE][PASSED] - Delayed 2 second(s)

2018-03-30 09:37:08 - [TEST_STEP][PASSED] - click: Object: 'Object Repository/Page_Home Page - US Leadgen (2)/span_Sign Out' is clicked on

2018-03-30 09:37:08 - [MESSAGE][PASSED] - Object: 'Object Repository/Page_Home Page - US Leadgen (2)/span_Sign Out' is clicked on

2018-03-30 09:37:08 - [TEST_STEP][PASSED] - delay: Delayed 2 second(s)

2018-03-30 09:37:10 - [MESSAGE][PASSED] - Delayed 2 second(s)

2018-03-30 09:37:10 - [TEST_STEP][PASSED] - mouseOver: Object: 'Object Repository/Page_Home Page - US Leadgen/a_Sign In' is hovered

2018-03-30 09:37:10 - [MESSAGE][PASSED] - Object: 'Object Repository/Page_Home Page - US Leadgen/a_Sign In' is hovered

2018-03-30 09:37:10 - [TEST_STEP][PASSED] - click: Object: 'Object Repository/Page_Home Page - US Leadgen/a_Sign In' is clicked on

2018-03-30 09:37:11 - [MESSAGE][PASSED] - Object: 'Object Repository/Page_Home Page - US Leadgen/a_Sign In' is clicked on

2018-03-30 09:37:11 - [TEST_STEP][PASSED] - delay: Delayed 2 second(s)

2018-03-30 09:37:13 - [MESSAGE][PASSED] - Delayed 2 second(s)

2018-03-30 09:37:13 - [TEST_STEP][PASSED] - setText: Text 'jwaryas@bluewatertech.com' is set on object 'Object Repository/Page_Log in - US Leadgen/input_Email'

2018-03-30 09:37:13 - [MESSAGE][PASSED] - Text 'jwaryas@bluewatertech.com' is set on object 'Object Repository/Page_Log in - US Leadgen/input_Email'

2018-03-30 09:37:13 - [TEST_STEP][PASSED] - setText: Text 'Droop420!' is set on object 'Object Repository/Page_Log in - US Leadgen/input_Password'

2018-03-30 09:37:13 - [MESSAGE][PASSED] - Text 'Droop420!' is set on object 'Object Repository/Page_Log in - US Leadgen/input_Password'

2018-03-30 09:37:13 - [TEST_STEP][PASSED] - delay: Delayed 2 second(s)

2018-03-30 09:37:15 - [MESSAGE][PASSED] - Delayed 2 second(s)

2018-03-30 09:37:15 - [TEST_STEP][PASSED] - click: Object: 'Object Repository/Page_Log in - US Leadgen/input_btn btn-default' is clicked on

2018-03-30 09:37:15 - [MESSAGE][PASSED] - Object: 'Object Repository/Page_Log in - US Leadgen/input_btn btn-default' is clicked on

2018-03-30 09:37:15 - [TEST_STEP][PASSED] - delay: Delayed 2 second(s)

2018-03-30 09:37:17 - [MESSAGE][PASSED] - Delayed 2 second(s)

2018-03-30 09:37:17 - [TEST_STEP][PASSED] - mouseOver: Object: 'Object Repository/Page_Home Page - US Leadgen (1)/span_Account' is hovered

2018-03-30 09:37:17 - [MESSAGE][PASSED] - Object: 'Object Repository/Page_Home Page - US Leadgen (1)/span_Account' is hovered

2018-03-30 09:37:17 - [TEST_STEP][PASSED] - delay: Delayed 2 second(s)

2018-03-30 09:37:19 - [MESSAGE][PASSED] - Delayed 2 second(s)

2018-03-30 09:37:19 - [TEST_STEP][PASSED] - click: Object: 'Object Repository/Page_Home Page - US Leadgen (2)/span_Sign Out' is clicked on

2018-03-30 09:37:20 - [MESSAGE][PASSED] - Object: 'Object Repository/Page_Home Page - US Leadgen (2)/span_Sign Out' is clicked on

2018-03-30 09:37:20 - [TEST_STEP][PASSED] - delay: Delayed 2 second(s)

2018-03-30 09:37:22 - [MESSAGE][PASSED] - Delayed 2 second(s)

2018-03-30 09:37:22 - [TEST_STEP][PASSED] - mouseOver: Object: 'Object Repository/Page_Home Page - US Leadgen/a_Sign In' is hovered

2018-03-30 09:37:22 - [MESSAGE][PASSED] - Object: 'Object Repository/Page_Home Page - US Leadgen/a_Sign In' is hovered

2018-03-30 09:37:22 - [TEST_STEP][PASSED] - click: Object: 'Object Repository/Page_Home Page - US Leadgen/a_Sign In' is clicked on

2018-03-30 09:37:22 - [MESSAGE][PASSED] - Object: 'Object Repository/Page_Home Page - US Leadgen/a_Sign In' is clicked on

2018-03-30 09:37:22 - [TEST_STEP][PASSED] - delay: Delayed 2 second(s)

2018-03-30 09:37:24 - [MESSAGE][PASSED] - Delayed 2 second(s)

2018-03-30 09:37:24 - [TEST_STEP][PASSED] - setText: Text 'jwaryas@bluewatertech.com' is set on object 'Object Repository/Page_Log in - US Leadgen/input_Email'

2018-03-30 09:37:24 - [MESSAGE][PASSED] - Text 'jwaryas@bluewatertech.com' is set on object 'Object Repository/Page_Log in - US Leadgen/input_Email'

2018-03-30 09:37:24 - [TEST_STEP][PASSED] - setText: Text 'Droop420!' is set on object 'Object Repository/Page_Log in - US Leadgen/input_Password'

2018-03-30 09:37:24 - [MESSAGE][PASSED] - Text 'Droop420!' is set on object 'Object Repository/Page_Log in - US Leadgen/input_Password'

2018-03-30 09:37:24 - [TEST_STEP][PASSED] - delay: Delayed 2 second(s)

2018-03-30 09:37:26 - [MESSAGE][PASSED] - Delayed 2 second(s)

2018-03-30 09:37:26 - [TEST_STEP][PASSED] - click: Object: 'Object Repository/Page_Log in - US Leadgen/input_btn btn-default' is clicked on

2018-03-30 09:37:27 - [MESSAGE][PASSED] - Object: 'Object Repository/Page_Log in - US Leadgen/input_btn btn-default' is clicked on

2018-03-30 09:37:27 - [TEST_STEP][PASSED] - delay: Delayed 2 second(s)

2018-03-30 09:37:29 - [MESSAGE][PASSED] - Delayed 2 second(s)

2018-03-30 09:37:29 - [TEST_STEP][PASSED] - mouseOver: Object: 'Object Repository/Page_Home Page - US Leadgen (1)/span_Account' is hovered

2018-03-30 09:37:29 - [MESSAGE][PASSED] - Object: 'Object Repository/Page_Home Page - US Leadgen (1)/span_Account' is hovered

2018-03-30 09:37:29 - [TEST_STEP][PASSED] - delay: Delayed 2 second(s)

2018-03-30 09:37:31 - [MESSAGE][PASSED] - Delayed 2 second(s)

2018-03-30 09:37:31 - [TEST_STEP][PASSED] - click: Object: 'Object Repository/Page_Home Page - US Leadgen (2)/span_Sign Out' is clicked on

2018-03-30 09:37:31 - [MESSAGE][PASSED] - Object: 'Object Repository/Page_Home Page - US Leadgen (2)/span_Sign Out' is clicked on

2018-03-30 09:37:31 - [TEST_STEP][PASSED] - delay: Delayed 2 second(s)

2018-03-30 09:37:33 - [MESSAGE][PASSED] - Delayed 2 second(s)

2018-03-30 09:37:33 - [TEST_STEP][PASSED] - mouseOver: Object: 'Object Repository/Page_Home Page - US Leadgen/a_Sign In' is hovered

2018-03-30 09:37:33 - [MESSAGE][PASSED] - Object: 'Object Repository/Page_Home Page - US Leadgen/a_Sign In' is hovered

2018-03-30 09:37:33 - [TEST_STEP][PASSED] - click: Object: 'Object Repository/Page_Home Page - US Leadgen/a_Sign In' is clicked on

2018-03-30 09:37:33 - [MESSAGE][PASSED] - Object: 'Object Repository/Page_Home Page - US Leadgen/a_Sign In' is clicked on

2018-03-30 09:37:33 - [TEST_STEP][PASSED] - delay: Delayed 2 second(s)

2018-03-30 09:37:35 - [MESSAGE][PASSED] - Delayed 2 second(s)

2018-03-30 09:37:35 - [TEST_STEP][PASSED] - setText: Text 'jwaryas@bluewatertech.com' is set on object 'Object Repository/Page_Log in - US Leadgen/input_Email'

2018-03-30 09:37:35 - [MESSAGE][PASSED] - Text 'jwaryas@bluewatertech.com' is set on object 'Object Repository/Page_Log in - US Leadgen/input_Email'

2018-03-30 09:37:35 - [TEST_STEP][PASSED] - setText: Text 'Droop420!' is set on object 'Object Repository/Page_Log in - US Leadgen/input_Password'

2018-03-30 09:37:36 - [MESSAGE][PASSED] - Text 'Droop420!' is set on object 'Object Repository/Page_Log in - US Leadgen/input_Password'

2018-03-30 09:37:36 - [TEST_STEP][PASSED] - delay: Delayed 2 second(s)

2018-03-30 09:37:38 - [MESSAGE][PASSED] - Delayed 2 second(s)

2018-03-30 09:37:38 - [TEST_STEP][PASSED] - click: Object: 'Object Repository/Page_Log in - US Leadgen/input_btn btn-default' is clicked on

2018-03-30 09:37:38 - [MESSAGE][PASSED] - Object: 'Object Repository/Page_Log in - US Leadgen/input_btn btn-default' is clicked on

2018-03-30 09:37:38 - [TEST_STEP][PASSED] - delay: Delayed 2 second(s)

2018-03-30 09:37:40 - [MESSAGE][PASSED] - Delayed 2 second(s)

2018-03-30 09:37:40 - [TEST_STEP][PASSED] - mouseOver: Object: 'Object Repository/Page_Home Page - US Leadgen (1)/span_Account' is hovered

2018-03-30 09:37:40 - [MESSAGE][PASSED] - Object: 'Object Repository/Page_Home Page - US Leadgen (1)/span_Account' is hovered

2018-03-30 09:37:40 - [TEST_STEP][PASSED] - delay: Delayed 2 second(s)

2018-03-30 09:37:42 - [MESSAGE][PASSED] - Delayed 2 second(s)

2018-03-30 09:37:42 - [TEST_STEP][PASSED] - click: Object: 'Object Repository/Page_Home Page - US Leadgen (2)/span_Sign Out' is clicked on

2018-03-30 09:37:42 - [MESSAGE][PASSED] - Object: 'Object Repository/Page_Home Page - US Leadgen (2)/span_Sign Out' is clicked on

2018-03-30 09:37:42 - [TEST_STEP][PASSED] - delay: Delayed 2 second(s)

2018-03-30 09:37:44 - [MESSAGE][PASSED] - Delayed 2 second(s)

2018-03-30 09:37:44 - [TEST_STEP][PASSED] - mouseOver: Object: 'Object Repository/Page_Home Page - US Leadgen/a_Sign In' is hovered

2018-03-30 09:37:44 - [MESSAGE][PASSED] - Object: 'Object Repository/Page_Home Page - US Leadgen/a_Sign In' is hovered

2018-03-30 09:37:44 - [TEST_STEP][PASSED] - click: Object: 'Object Repository/Page_Home Page - US Leadgen/a_Sign In' is clicked on

2018-03-30 09:37:45 - [MESSAGE][PASSED] - Object: 'Object Repository/Page_Home Page - US Leadgen/a_Sign In' is clicked on

2018-03-30 09:37:45 - [TEST_STEP][PASSED] - delay: Delayed 2 second(s)

2018-03-30 09:37:47 - [MESSAGE][PASSED] - Delayed 2 second(s)

2018-03-30 09:37:47 - [TEST_STEP][PASSED] - setText: Text 'jwaryas@bluewatertech.com' is set on object 'Object Repository/Page_Log in - US Leadgen/input_Email'

2018-03-30 09:37:47 - [MESSAGE][PASSED] - Text 'jwaryas@bluewatertech.com' is set on object 'Object Repository/Page_Log in - US Leadgen/input_Email'

2018-03-30 09:37:47 - [TEST_STEP][PASSED] - setText: Text 'Droop420!' is set on object 'Object Repository/Page_Log in - US Leadgen/input_Password'

2018-03-30 09:37:47 - [MESSAGE][PASSED] - Text 'Droop420!' is set on object 'Object Repository/Page_Log in - US Leadgen/input_Password'

2018-03-30 09:37:47 - [TEST_STEP][PASSED] - delay: Delayed 2 second(s)

2018-03-30 09:37:49 - [MESSAGE][PASSED] - Delayed 2 second(s)

2018-03-30 09:37:49 - [TEST_STEP][PASSED] - click: Object: 'Object Repository/Page_Log in - US Leadgen/input_btn btn-default' is clicked on

2018-03-30 09:37:49 - [MESSAGE][PASSED] - Object: 'Object Repository/Page_Log in - US Leadgen/input_btn btn-default' is clicked on

2018-03-30 09:37:49 - [TEST_STEP][PASSED] - delay: Delayed 2 second(s)

2018-03-30 09:37:51 - [MESSAGE][PASSED] - Delayed 2 second(s)

2018-03-30 09:37:51 - [TEST_STEP][PASSED] - mouseOver: Object: 'Object Repository/Page_Home Page - US Leadgen (1)/span_Account' is hovered

2018-03-30 09:37:51 - [MESSAGE][PASSED] - Object: 'Object Repository/Page_Home Page - US Leadgen (1)/span_Account' is hovered

2018-03-30 09:37:51 - [TEST_STEP][PASSED] - delay: Delayed 2 second(s)

2018-03-30 09:37:53 - [MESSAGE][PASSED] - Delayed 2 second(s)

2018-03-30 09:37:53 - [TEST_STEP][PASSED] - click: Object: 'Object Repository/Page_Home Page - US Leadgen (2)/span_Sign Out' is clicked on

2018-03-30 09:37:54 - [MESSAGE][PASSED] - Object: 'Object Repository/Page_Home Page - US Leadgen (2)/span_Sign Out' is clicked on

2018-03-30 09:37:54 - [TEST_STEP][PASSED] - delay: Delayed 2 second(s)

2018-03-30 09:37:56 - [MESSAGE][PASSED] - Delayed 2 second(s)

2018-03-30 09:37:56 - [TEST_STEP][PASSED] - mouseOver: Object: 'Object Repository/Page_Home Page - US Leadgen/a_Sign In' is hovered

2018-03-30 09:37:56 - [MESSAGE][PASSED] - Object: 'Object Repository/Page_Home Page - US Leadgen/a_Sign In' is hovered

2018-03-30 09:37:56 - [TEST_STEP][PASSED] - click: Object: 'Object Repository/Page_Home Page - US Leadgen/a_Sign In' is clicked on

2018-03-30 09:37:56 - [MESSAGE][PASSED] - Object: 'Object Repository/Page_Home Page - US Leadgen/a_Sign In' is clicked on

2018-03-30 09:37:56 - [TEST_STEP][PASSED] - delay: Delayed 2 second(s)

2018-03-30 09:37:58 - [MESSAGE][PASSED] - Delayed 2 second(s)

2018-03-30 09:37:58 - [TEST_STEP][PASSED] - setText: Text 'jwaryas@bluewatertech.com' is set on object 'Object Repository/Page_Log in - US Leadgen/input_Email'

2018-03-30 09:37:58 - [MESSAGE][PASSED] - Text 'jwaryas@bluewatertech.com' is set on object 'Object Repository/Page_Log in - US Leadgen/input_Email'

2018-03-30 09:37:58 - [TEST_STEP][PASSED] - setText: Text 'Droop420!' is set on object 'Object Repository/Page_Log in - US Leadgen/input_Password'

2018-03-30 09:37:58 - [MESSAGE][PASSED] - Text 'Droop420!' is set on object 'Object Repository/Page_Log in - US Leadgen/input_Password'

2018-03-30 09:37:58 - [TEST_STEP][PASSED] - delay: Delayed 2 second(s)

2018-03-30 09:38:00 - [MESSAGE][PASSED] - Delayed 2 second(s)

2018-03-30 09:38:00 - [TEST_STEP][PASSED] - click: Object: 'Object Repository/Page_Log in - US Leadgen/input_btn btn-default' is clicked on

2018-03-30 09:38:01 - [MESSAGE][PASSED] - Object: 'Object Repository/Page_Log in - US Leadgen/input_btn btn-default' is clicked on

2018-03-30 09:38:01 - [TEST_STEP][PASSED] - delay: Delayed 2 second(s)

2018-03-30 09:38:03 - [MESSAGE][PASSED] - Delayed 2 second(s)

2018-03-30 09:38:03 - [TEST_STEP][PASSED] - mouseOver: Object: 'Object Repository/Page_Home Page - US Leadgen (1)/span_Account' is hovered

2018-03-30 09:38:03 - [MESSAGE][PASSED] - Object: 'Object Repository/Page_Home Page - US Leadgen (1)/span_Account' is hovered

2018-03-30 09:38:03 - [TEST_STEP][PASSED] - delay: Delayed 2 second(s)

2018-03-30 09:38:05 - [MESSAGE][PASSED] - Delayed 2 second(s)

2018-03-30 09:38:05 - [TEST_STEP][PASSED] - click: Object: 'Object Repository/Page_Home Page - US Leadgen (2)/span_Sign Out' is clicked on

2018-03-30 09:38:05 - [MESSAGE][PASSED] - Object: 'Object Repository/Page_Home Page - US Leadgen (2)/span_Sign Out' is clicked on

2018-03-30 09:38:05 - [TEST_STEP][PASSED] - delay: Delayed 2 second(s)

2018-03-30 09:38:07 - [MESSAGE][PASSED] - Delayed 2 second(s)

2018-03-30 09:38:07 - [TEST_STEP][PASSED] - mouseOver: Object: 'Object Repository/Page_Home Page - US Leadgen/a_Sign In' is hovered

2018-03-30 09:38:07 - [MESSAGE][PASSED] - Object: 'Object Repository/Page_Home Page - US Leadgen/a_Sign In' is hovered

2018-03-30 09:38:07 - [TEST_STEP][PASSED] - click: Object: 'Object Repository/Page_Home Page - US Leadgen/a_Sign In' is clicked on

2018-03-30 09:38:07 - [MESSAGE][PASSED] - Object: 'Object Repository/Page_Home Page - US Leadgen/a_Sign In' is clicked on

2018-03-30 09:38:07 - [TEST_STEP][PASSED] - delay: Delayed 2 second(s)

2018-03-30 09:38:09 - [MESSAGE][PASSED] - Delayed 2 second(s)

2018-03-30 09:38:09 - [TEST_STEP][PASSED] - setText: Text 'jwaryas@bluewatertech.com' is set on object 'Object Repository/Page_Log in - US Leadgen/input_Email'

2018-03-30 09:38:10 - [MESSAGE][PASSED] - Text 'jwaryas@bluewatertech.com' is set on object 'Object Repository/Page_Log in - US Leadgen/input_Email'

2018-03-30 09:38:10 - [TEST_STEP][PASSED] - setText: Text 'Droop420!' is set on object 'Object Repository/Page_Log in - US Leadgen/input_Password'

2018-03-30 09:38:10 - [MESSAGE][PASSED] - Text 'Droop420!' is set on object 'Object Repository/Page_Log in - US Leadgen/input_Password'

2018-03-30 09:38:10 - [TEST_STEP][PASSED] - delay: Delayed 2 second(s)

2018-03-30 09:38:12 - [MESSAGE][PASSED] - Delayed 2 second(s)

2018-03-30 09:38:12 - [TEST_STEP][PASSED] - click: Object: 'Object Repository/Page_Log in - US Leadgen/input_btn btn-default' is clicked on

2018-03-30 09:38:12 - [MESSAGE][PASSED] - Object: 'Object Repository/Page_Log in - US Leadgen/input_btn btn-default' is clicked on

2018-03-30 09:38:12 - [TEST_STEP][PASSED] - delay: Delayed 2 second(s)

2018-03-30 09:38:14 - [MESSAGE][PASSED] - Delayed 2 second(s)

2018-03-30 09:38:14 - [TEST_STEP][PASSED] - mouseOver: Object: 'Object Repository/Page_Home Page - US Leadgen (1)/span_Account' is hovered

2018-03-30 09:38:14 - [MESSAGE][PASSED] - Object: 'Object Repository/Page_Home Page - US Leadgen (1)/span_Account' is hovered

2018-03-30 09:38:14 - [TEST_STEP][PASSED] - delay: Delayed 2 second(s)

2018-03-30 09:38:16 - [MESSAGE][PASSED] - Delayed 2 second(s)

2018-03-30 09:38:16 - [TEST_STEP][PASSED] - click: Object: 'Object Repository/Page_Home Page - US Leadgen (2)/span_Sign Out' is clicked on

2018-03-30 09:38:17 - [MESSAGE][PASSED] - Object: 'Object Repository/Page_Home Page - US Leadgen (2)/span_Sign Out' is clicked on

2018-03-30 09:38:17 - [TEST_STEP][PASSED] - delay: Delayed 2 second(s)

2018-03-30 09:38:19 - [MESSAGE][PASSED] - Delayed 2 second(s)

2018-03-30 09:38:19 - [TEST_STEP][PASSED] - mouseOver: Object: 'Object Repository/Page_Home Page - US Leadgen/a_Sign In' is hovered

2018-03-30 09:38:19 - [MESSAGE][PASSED] - Object: 'Object Repository/Page_Home Page - US Leadgen/a_Sign In' is hovered

2018-03-30 09:38:19 - [TEST_STEP][PASSED] - click: Object: 'Object Repository/Page_Home Page - US Leadgen/a_Sign In' is clicked on

2018-03-30 09:38:19 - [MESSAGE][PASSED] - Object: 'Object Repository/Page_Home Page - US Leadgen/a_Sign In' is clicked on

2018-03-30 09:38:19 - [TEST_STEP][PASSED] - delay: Delayed 2 second(s)

2018-03-30 09:38:21 - [MESSAGE][PASSED] - Delayed 2 second(s)

2018-03-30 09:38:21 - [TEST_STEP][PASSED] - setText: Text 'jwaryas@bluewatertech.com' is set on object 'Object Repository/Page_Log in - US Leadgen/input_Email'

2018-03-30 09:38:21 - [MESSAGE][PASSED] - Text 'jwaryas@bluewatertech.com' is set on object 'Object Repository/Page_Log in - US Leadgen/input_Email'

2018-03-30 09:38:21 - [TEST_STEP][PASSED] - setText: Text 'Droop420!' is set on object 'Object Repository/Page_Log in - US Leadgen/input_Password'

2018-03-30 09:38:21 - [MESSAGE][PASSED] - Text 'Droop420!' is set on object 'Object Repository/Page_Log in - US Leadgen/input_Password'

2018-03-30 09:38:21 - [TEST_STEP][PASSED] - delay: Delayed 2 second(s)

2018-03-30 09:38:23 - [MESSAGE][PASSED] - Delayed 2 second(s)

2018-03-30 09:38:23 - [TEST_STEP][PASSED] - click: Object: 'Object Repository/Page_Log in - US Leadgen/input_btn btn-default' is clicked on

2018-03-30 09:38:24 - [MESSAGE][PASSED] - Object: 'Object Repository/Page_Log in - US Leadgen/input_btn btn-default' is clicked on

2018-03-30 09:38:24 - [TEST_STEP][PASSED] - delay: Delayed 2 second(s)

2018-03-30 09:38:26 - [MESSAGE][PASSED] - Delayed 2 second(s)

2018-03-30 09:38:26 - [TEST_STEP][PASSED] - mouseOver: Object: 'Object Repository/Page_Home Page - US Leadgen (1)/span_Account' is hovered

2018-03-30 09:38:26 - [MESSAGE][PASSED] - Object: 'Object Repository/Page_Home Page - US Leadgen (1)/span_Account' is hovered

2018-03-30 09:38:26 - [TEST_STEP][PASSED] - delay: Delayed 2 second(s)

2018-03-30 09:38:28 - [MESSAGE][PASSED] - Delayed 2 second(s)

2018-03-30 09:38:28 - [TEST_STEP][PASSED] - click: Object: 'Object Repository/Page_Home Page - US Leadgen (2)/span_Sign Out' is clicked on

2018-03-30 09:38:28 - [MESSAGE][PASSED] - Object: 'Object Repository/Page_Home Page - US Leadgen (2)/span_Sign Out' is clicked on

2018-03-30 09:38:28 - [TEST_STEP][PASSED] - closeBrowser: Browser is closed

2018-03-30 09:38:29 - [MESSAGE][PASSED] - Browser is closed]]></system-out>
         <system-err><![CDATA[]]></system-err>
      </testcase>
      <testcase name="Test Cases/Logging In" classname="Test Cases/Logging In" status="FAILED">
         <failure type="FAILED" message="Unable to click on object 'Object Repository/Page_Home Page - US Leadgen/a_Sign In' (Root cause: com.kms.katalon.core.webui.exception.BrowserNotOpenedException: Browser is not opened
Build info: version: '3.7.1', revision: '8a0099a', time: '2017-11-06T21:07:36.161Z'
System info: host: 'THEFRANKENSTINE', ip: '10.2.38.51', os.name: 'Windows 7', os.arch: 'amd64', os.version: '6.1', java.version: '1.8.0_102'
Driver info: driver.version: unknown)"/>
         <system-out><![CDATA[2018-03-30 09:38:29 - [TEST_CASE][FAILED] - Test Cases/Logging In: Test Cases/Logging In FAILED because (of) Unable to click on object 'Object Repository/Page_Home Page - US Leadgen/a_Sign In' (Root cause: com.kms.katalon.core.webui.exception.BrowserNotOpenedException: Browser is not opened
Build info: version: '3.7.1', revision: '8a0099a', time: '2017-11-06T21:07:36.161Z'
System info: host: 'THEFRANKENSTINE', ip: '10.2.38.51', os.name: 'Windows 7', os.arch: 'amd64', os.version: '6.1', java.version: '1.8.0_102'
Driver info: driver.version: unknown)

2018-03-30 09:38:29 - [TEST_STEP][NOT_RUN] - openBrowser: NOT_RUN: openBrowser

2018-03-30 09:38:29 - [MESSAGE][NOT_RUN] - NOT_RUN: openBrowser

2018-03-30 09:38:29 - [TEST_STEP][NOT_RUN] - delay: NOT_RUN: delay

2018-03-30 09:38:29 - [MESSAGE][NOT_RUN] - NOT_RUN: delay

2018-03-30 09:38:29 - [TEST_STEP][NOT_RUN] - maximizeWindow: NOT_RUN: maximizeWindow

2018-03-30 09:38:29 - [MESSAGE][NOT_RUN] - NOT_RUN: maximizeWindow

2018-03-30 09:38:29 - [TEST_STEP][NOT_RUN] - navigateToUrl: NOT_RUN: navigateToUrl

2018-03-30 09:38:29 - [MESSAGE][NOT_RUN] - NOT_RUN: navigateToUrl

2018-03-30 09:38:29 - [TEST_STEP][PASSED] - comment: Diabled for a reason. If you want to just run this test case enable then disable once you are done.

2018-03-30 09:38:29 - [TEST_STEP][PASSED] - delay: Delayed 2 second(s)

2018-03-30 09:38:31 - [MESSAGE][PASSED] - Delayed 2 second(s)

2018-03-30 09:38:31 - [TEST_STEP][FAILED] - click: Unable to click on object 'Object Repository/Page_Home Page - US Leadgen/a_Sign In' (Root cause: com.kms.katalon.core.webui.exception.BrowserNotOpenedException: Browser is not opened
Build info: version: '3.7.1', revision: '8a0099a', time: '2017-11-06T21:07:36.161Z'
System info: host: 'THEFRANKENSTINE', ip: '10.2.38.51', os.name: 'Windows 7', os.arch: 'amd64', os.version: '6.1', java.version: '1.8.0_102'
Driver info: driver.version: unknown)

2018-03-30 09:38:31 - [MESSAGE][WARNING] - Cannot take screenshot

2018-03-30 09:38:31 - [MESSAGE][FAILED] - Unable to click on object 'Object Repository/Page_Home Page - US Leadgen/a_Sign In' (Root cause: com.kms.katalon.core.webui.exception.BrowserNotOpenedException: Browser is not opened
Build info: version: '3.7.1', revision: '8a0099a', time: '2017-11-06T21:07:36.161Z'
System info: host: 'THEFRANKENSTINE', ip: '10.2.38.51', os.name: 'Windows 7', os.arch: 'amd64', os.version: '6.1', java.version: '1.8.0_102'
Driver info: driver.version: unknown)]]></system-out>
         <system-err><![CDATA[2018-03-30 09:38:29 - [TEST_CASE][FAILED] - Test Cases/Logging In: Test Cases/Logging In FAILED because (of) Unable to click on object 'Object Repository/Page_Home Page - US Leadgen/a_Sign In' (Root cause: com.kms.katalon.core.webui.exception.BrowserNotOpenedException: Browser is not opened
Build info: version: '3.7.1', revision: '8a0099a', time: '2017-11-06T21:07:36.161Z'
System info: host: 'THEFRANKENSTINE', ip: '10.2.38.51', os.name: 'Windows 7', os.arch: 'amd64', os.version: '6.1', java.version: '1.8.0_102'
Driver info: driver.version: unknown)]]></system-err>
      </testcase>
      <testcase name="Test Cases/Regression - Button Pushes" classname="Test Cases/Regression - Button Pushes" status="FAILED">
         <failure type="FAILED" message="Unable to move mouse over object 'Object Repository/Page_Home Page - US Leadgen (1)/span_Administration' (Root cause: com.kms.katalon.core.webui.exception.BrowserNotOpenedException: Browser is not opened
Build info: version: '3.7.1', revision: '8a0099a', time: '2017-11-06T21:07:36.161Z'
System info: host: 'THEFRANKENSTINE', ip: '10.2.38.51', os.name: 'Windows 7', os.arch: 'amd64', os.version: '6.1', java.version: '1.8.0_102'
Driver info: driver.version: unknown)"/>
         <system-out><![CDATA[2018-03-30 09:38:31 - [TEST_CASE][FAILED] - Test Cases/Regression - Button Pushes: Test Cases/Regression - Button Pushes FAILED because (of) Unable to move mouse over object 'Object Repository/Page_Home Page - US Leadgen (1)/span_Administration' (Root cause: com.kms.katalon.core.webui.exception.BrowserNotOpenedException: Browser is not opened
Build info: version: '3.7.1', revision: '8a0099a', time: '2017-11-06T21:07:36.161Z'
System info: host: 'THEFRANKENSTINE', ip: '10.2.38.51', os.name: 'Windows 7', os.arch: 'amd64', os.version: '6.1', java.version: '1.8.0_102'
Driver info: driver.version: unknown)

2018-03-30 09:38:31 - [TEST_STEP][NOT_RUN] - openBrowser: NOT_RUN: openBrowser

2018-03-30 09:38:31 - [MESSAGE][NOT_RUN] - NOT_RUN: openBrowser

2018-03-30 09:38:31 - [TEST_STEP][NOT_RUN] - navigateToUrl: NOT_RUN: navigateToUrl

2018-03-30 09:38:31 - [MESSAGE][NOT_RUN] - NOT_RUN: navigateToUrl

2018-03-30 09:38:31 - [TEST_STEP][NOT_RUN] - maximizeWindow: NOT_RUN: maximizeWindow

2018-03-30 09:38:31 - [MESSAGE][NOT_RUN] - NOT_RUN: maximizeWindow

2018-03-30 09:38:31 - [TEST_STEP][NOT_RUN] - delay: NOT_RUN: delay

2018-03-30 09:38:31 - [MESSAGE][NOT_RUN] - NOT_RUN: delay

2018-03-30 09:38:31 - [TEST_STEP][NOT_RUN] - callTestCase: NOT_RUN: callTestCase

2018-03-30 09:38:31 - [MESSAGE][NOT_RUN] - NOT_RUN: callTestCase

2018-03-30 09:38:31 - [TEST_STEP][PASSED] - comment: These are disabled for a reason. DO NOT ENABLE UNLESS YOU ARE TESTING THIS PART ONLY

2018-03-30 09:38:31 - [TEST_STEP][FAILED] - mouseOver: Unable to move mouse over object 'Object Repository/Page_Home Page - US Leadgen (1)/span_Administration' (Root cause: com.kms.katalon.core.webui.exception.BrowserNotOpenedException: Browser is not opened
Build info: version: '3.7.1', revision: '8a0099a', time: '2017-11-06T21:07:36.161Z'
System info: host: 'THEFRANKENSTINE', ip: '10.2.38.51', os.name: 'Windows 7', os.arch: 'amd64', os.version: '6.1', java.version: '1.8.0_102'
Driver info: driver.version: unknown)

2018-03-30 09:38:31 - [MESSAGE][WARNING] - Cannot take screenshot

2018-03-30 09:38:31 - [MESSAGE][FAILED] - Unable to move mouse over object 'Object Repository/Page_Home Page - US Leadgen (1)/span_Administration' (Root cause: com.kms.katalon.core.webui.exception.BrowserNotOpenedException: Browser is not opened
Build info: version: '3.7.1', revision: '8a0099a', time: '2017-11-06T21:07:36.161Z'
System info: host: 'THEFRANKENSTINE', ip: '10.2.38.51', os.name: 'Windows 7', os.arch: 'amd64', os.version: '6.1', java.version: '1.8.0_102'
Driver info: driver.version: unknown)]]></system-out>
         <system-err><![CDATA[2018-03-30 09:38:31 - [TEST_CASE][FAILED] - Test Cases/Regression - Button Pushes: Test Cases/Regression - Button Pushes FAILED because (of) Unable to move mouse over object 'Object Repository/Page_Home Page - US Leadgen (1)/span_Administration' (Root cause: com.kms.katalon.core.webui.exception.BrowserNotOpenedException: Browser is not opened
Build info: version: '3.7.1', revision: '8a0099a', time: '2017-11-06T21:07:36.161Z'
System info: host: 'THEFRANKENSTINE', ip: '10.2.38.51', os.name: 'Windows 7', os.arch: 'amd64', os.version: '6.1', java.version: '1.8.0_102'
Driver info: driver.version: unknown)]]></system-err>
      </testcase>
      <testcase name="Test Cases/Logging Out" classname="Test Cases/Logging Out" status="FAILED">
         <failure type="FAILED" message="Unable to move mouse over object 'Object Repository/Page_Home Page - US Leadgen (1)/span_Account' (Root cause: com.kms.katalon.core.webui.exception.BrowserNotOpenedException: Browser is not opened
Build info: version: '3.7.1', revision: '8a0099a', time: '2017-11-06T21:07:36.161Z'
System info: host: 'THEFRANKENSTINE', ip: '10.2.38.51', os.name: 'Windows 7', os.arch: 'amd64', os.version: '6.1', java.version: '1.8.0_102'
Driver info: driver.version: unknown)"/>
         <system-out><![CDATA[2018-03-30 09:38:31 - [TEST_CASE][FAILED] - Test Cases/Logging Out: Test Cases/Logging Out FAILED because (of) Unable to move mouse over object 'Object Repository/Page_Home Page - US Leadgen (1)/span_Account' (Root cause: com.kms.katalon.core.webui.exception.BrowserNotOpenedException: Browser is not opened
Build info: version: '3.7.1', revision: '8a0099a', time: '2017-11-06T21:07:36.161Z'
System info: host: 'THEFRANKENSTINE', ip: '10.2.38.51', os.name: 'Windows 7', os.arch: 'amd64', os.version: '6.1', java.version: '1.8.0_102'
Driver info: driver.version: unknown)

2018-03-30 09:38:31 - [TEST_STEP][NOT_RUN] - openBrowser: NOT_RUN: openBrowser

2018-03-30 09:38:31 - [MESSAGE][NOT_RUN] - NOT_RUN: openBrowser

2018-03-30 09:38:31 - [TEST_STEP][NOT_RUN] - navigateToUrl: NOT_RUN: navigateToUrl

2018-03-30 09:38:31 - [MESSAGE][NOT_RUN] - NOT_RUN: navigateToUrl

2018-03-30 09:38:31 - [TEST_STEP][NOT_RUN] - maximizeWindow: NOT_RUN: maximizeWindow

2018-03-30 09:38:31 - [MESSAGE][NOT_RUN] - NOT_RUN: maximizeWindow

2018-03-30 09:38:31 - [TEST_STEP][NOT_RUN] - callTestCase: NOT_RUN: callTestCase

2018-03-30 09:38:31 - [MESSAGE][NOT_RUN] - NOT_RUN: callTestCase

2018-03-30 09:38:31 - [TEST_STEP][PASSED] - comment: Disabled for reasons. DO NOT ENABLE UNLESS I TELL YOU!

2018-03-30 09:38:31 - [TEST_STEP][FAILED] - mouseOver: Unable to move mouse over object 'Object Repository/Page_Home Page - US Leadgen (1)/span_Account' (Root cause: com.kms.katalon.core.webui.exception.BrowserNotOpenedException: Browser is not opened
Build info: version: '3.7.1', revision: '8a0099a', time: '2017-11-06T21:07:36.161Z'
System info: host: 'THEFRANKENSTINE', ip: '10.2.38.51', os.name: 'Windows 7', os.arch: 'amd64', os.version: '6.1', java.version: '1.8.0_102'
Driver info: driver.version: unknown)

2018-03-30 09:38:32 - [MESSAGE][WARNING] - Cannot take screenshot

2018-03-30 09:38:32 - [MESSAGE][FAILED] - Unable to move mouse over object 'Object Repository/Page_Home Page - US Leadgen (1)/span_Account' (Root cause: com.kms.katalon.core.webui.exception.BrowserNotOpenedException: Browser is not opened
Build info: version: '3.7.1', revision: '8a0099a', time: '2017-11-06T21:07:36.161Z'
System info: host: 'THEFRANKENSTINE', ip: '10.2.38.51', os.name: 'Windows 7', os.arch: 'amd64', os.version: '6.1', java.version: '1.8.0_102'
Driver info: driver.version: unknown)]]></system-out>
         <system-err><![CDATA[2018-03-30 09:38:31 - [TEST_CASE][FAILED] - Test Cases/Logging Out: Test Cases/Logging Out FAILED because (of) Unable to move mouse over object 'Object Repository/Page_Home Page - US Leadgen (1)/span_Account' (Root cause: com.kms.katalon.core.webui.exception.BrowserNotOpenedException: Browser is not opened
Build info: version: '3.7.1', revision: '8a0099a', time: '2017-11-06T21:07:36.161Z'
System info: host: 'THEFRANKENSTINE', ip: '10.2.38.51', os.name: 'Windows 7', os.arch: 'amd64', os.version: '6.1', java.version: '1.8.0_102'
Driver info: driver.version: unknown)]]></system-err>
      </testcase>
      <system-out><![CDATA[2018-03-30 09:31:58 - [TEST_SUITE][FAILED] - GM - Regression Suite for Reporting Tool: Test Cases/Logging In FAILED because (of) Unable to click on object 'Object Repository/Page_Home Page - US Leadgen/a_Sign In' (Root cause: com.kms.katalon.core.webui.exception.BrowserNotOpenedException: Browser is not opened
Build info: version: '3.7.1', revision: '8a0099a', time: '2017-11-06T21:07:36.161Z'
System info: host: 'THEFRANKENSTINE', ip: '10.2.38.51', os.name: 'Windows 7', os.arch: 'amd64', os.version: '6.1', java.version: '1.8.0_102'
Driver info: driver.version: unknown)]]></system-out>
      <system-err><![CDATA[2018-03-30 09:31:58 - [TEST_SUITE][FAILED] - GM - Regression Suite for Reporting Tool: Test Cases/Logging In FAILED because (of) Unable to click on object 'Object Repository/Page_Home Page - US Leadgen/a_Sign In' (Root cause: com.kms.katalon.core.webui.exception.BrowserNotOpenedException: Browser is not opened
Build info: version: '3.7.1', revision: '8a0099a', time: '2017-11-06T21:07:36.161Z'
System info: host: 'THEFRANKENSTINE', ip: '10.2.38.51', os.name: 'Windows 7', os.arch: 'amd64', os.version: '6.1', java.version: '1.8.0_102'
Driver info: driver.version: unknown)]]></system-err>
   </testsuite>
</testsuites>
