<?xml version="1.0" encoding="UTF-8"?>
<testsuites name="GM - Regression Suite for Reporting Tool" time="1449" tests="5" failures="0" errors="0">
   <testsuite name="GM - Regression Suite for Reporting Tool" tests="5" failures="0" errors="0" time="1449" timestamp="2018-03-30 09:45:08" hostname="THE FRANKENSTINE - 10.2.38.51" id="Test Suites/GM - Regression Suite for Reporting Tool">
      <properties>
         <property name="deviceName" value=""/>
         <property name="devicePlatform" value=""/>
         <property name="logFolder" value="C:\\Users\\THE FRANKENSTINE\\Katalon Studio\\GM-US_Lead_Gen_Reporting_Tool\\Reports\\GM - Regression Suite for Reporting Tool\\20180330_094507"/>
         <property name="logFiles" value="C:\\Users\\THE FRANKENSTINE\\Katalon Studio\\GM-US_Lead_Gen_Reporting_Tool\\Reports\\GM - Regression Suite for Reporting Tool\\20180330_094507\\execution0.log"/>
         <property name="attachments" value=""/>
         <property name="hostName" value="THE FRANKENSTINE - 10.2.38.51"/>
         <property name="os" value="Windows 7 64bit"/>
         <property name="katalonVersion" value="5.3.1.1"/>
         <property name="browser" value="Chrome 65.0.3325.181"/>
         <property name="hostAddress" value="10.2.38.51"/>
         <property name="sessionId" value="40f41891fdddc2c2f10b54e6c50af6bb"/>
         <property name="seleniumVersion" value="3.7.1"/>
         <property name="proxyInformation" value="ProxyInformation{proxyOption=USE_SYSTEM, proxyServerType=HTTP, password=, proxyServerAddress=, proxyServerPort=0}"/>
         <property name="platform" value="Windows 7"/>
      </properties>
      <testcase name="Test Cases/Regression - Logging in and Logging out" classname="Test Cases/Regression - Logging in and Logging out" status="PASSED">
         <system-out><![CDATA[2018-03-30 09:45:08 - [TEST_CASE][PASSED] - Test Cases/Regression - Logging in and Logging out: Test Cases/Regression - Logging in and Logging out

2018-03-30 09:45:08 - [TEST_STEP][PASSED] - openBrowser: Browser is opened with url: ''

2018-03-30 09:45:16 - [MESSAGE][PASSED] - Browser is opened with url: ''

2018-03-30 09:45:16 - [TEST_STEP][PASSED] - navigateToUrl: Navigate to 'https://us-dev.gmli2.bluewatertech.host' successfully

2018-03-30 09:45:18 - [MESSAGE][PASSED] - Navigate to 'https://us-dev.gmli2.bluewatertech.host' successfully

2018-03-30 09:45:18 - [TEST_STEP][PASSED] - maximizeWindow: Current window maximized

2018-03-30 09:45:19 - [MESSAGE][PASSED] - Current window maximized

2018-03-30 09:45:19 - [TEST_STEP][PASSED] - delay: Delayed 2 second(s)

2018-03-30 09:45:21 - [MESSAGE][PASSED] - Delayed 2 second(s)

2018-03-30 09:45:21 - [TEST_STEP][PASSED] - mouseOver: Object: 'Object Repository/Page_Home Page - US Leadgen/a_Sign In' is hovered

2018-03-30 09:45:21 - [MESSAGE][PASSED] - Object: 'Object Repository/Page_Home Page - US Leadgen/a_Sign In' is hovered

2018-03-30 09:45:21 - [TEST_STEP][PASSED] - click: Object: 'Object Repository/Page_Home Page - US Leadgen/a_Sign In' is clicked on

2018-03-30 09:45:25 - [MESSAGE][PASSED] - Object: 'Object Repository/Page_Home Page - US Leadgen/a_Sign In' is clicked on

2018-03-30 09:45:25 - [TEST_STEP][PASSED] - delay: Delayed 2 second(s)

2018-03-30 09:45:27 - [MESSAGE][PASSED] - Delayed 2 second(s)

2018-03-30 09:45:27 - [TEST_STEP][PASSED] - setText: Text 'jwaryas@bluewatertech.com' is set on object 'Object Repository/Page_Log in - US Leadgen/input_Email'

2018-03-30 09:45:27 - [MESSAGE][PASSED] - Text 'jwaryas@bluewatertech.com' is set on object 'Object Repository/Page_Log in - US Leadgen/input_Email'

2018-03-30 09:45:27 - [TEST_STEP][PASSED] - setText: Text 'Droop420!' is set on object 'Object Repository/Page_Log in - US Leadgen/input_Password'

2018-03-30 09:45:27 - [MESSAGE][PASSED] - Text 'Droop420!' is set on object 'Object Repository/Page_Log in - US Leadgen/input_Password'

2018-03-30 09:45:27 - [TEST_STEP][PASSED] - delay: Delayed 2 second(s)

2018-03-30 09:45:29 - [MESSAGE][PASSED] - Delayed 2 second(s)

2018-03-30 09:45:29 - [TEST_STEP][PASSED] - click: Object: 'Object Repository/Page_Log in - US Leadgen/input_btn btn-default' is clicked on

2018-03-30 09:45:32 - [MESSAGE][PASSED] - Object: 'Object Repository/Page_Log in - US Leadgen/input_btn btn-default' is clicked on

2018-03-30 09:45:32 - [TEST_STEP][PASSED] - delay: Delayed 2 second(s)

2018-03-30 09:45:34 - [MESSAGE][PASSED] - Delayed 2 second(s)

2018-03-30 09:45:34 - [TEST_STEP][PASSED] - mouseOver: Object: 'Object Repository/Page_Home Page - US Leadgen (1)/span_Account' is hovered

2018-03-30 09:45:34 - [MESSAGE][PASSED] - Object: 'Object Repository/Page_Home Page - US Leadgen (1)/span_Account' is hovered

2018-03-30 09:45:34 - [TEST_STEP][PASSED] - delay: Delayed 2 second(s)

2018-03-30 09:45:36 - [MESSAGE][PASSED] - Delayed 2 second(s)

2018-03-30 09:45:36 - [TEST_STEP][PASSED] - click: Object: 'Object Repository/Page_Home Page - US Leadgen (2)/span_Sign Out' is clicked on

2018-03-30 09:45:36 - [MESSAGE][PASSED] - Object: 'Object Repository/Page_Home Page - US Leadgen (2)/span_Sign Out' is clicked on

2018-03-30 09:45:36 - [TEST_STEP][PASSED] - delay: Delayed 2 second(s)

2018-03-30 09:45:38 - [MESSAGE][PASSED] - Delayed 2 second(s)

2018-03-30 09:45:38 - [TEST_STEP][PASSED] - mouseOver: Object: 'Object Repository/Page_Home Page - US Leadgen/a_Sign In' is hovered

2018-03-30 09:45:38 - [MESSAGE][PASSED] - Object: 'Object Repository/Page_Home Page - US Leadgen/a_Sign In' is hovered

2018-03-30 09:45:38 - [TEST_STEP][PASSED] - click: Object: 'Object Repository/Page_Home Page - US Leadgen/a_Sign In' is clicked on

2018-03-30 09:45:40 - [MESSAGE][PASSED] - Object: 'Object Repository/Page_Home Page - US Leadgen/a_Sign In' is clicked on

2018-03-30 09:45:40 - [TEST_STEP][PASSED] - delay: Delayed 2 second(s)

2018-03-30 09:45:42 - [MESSAGE][PASSED] - Delayed 2 second(s)

2018-03-30 09:45:42 - [TEST_STEP][PASSED] - setText: Text 'jwaryas@bluewatertech.com' is set on object 'Object Repository/Page_Log in - US Leadgen/input_Email'

2018-03-30 09:45:42 - [MESSAGE][PASSED] - Text 'jwaryas@bluewatertech.com' is set on object 'Object Repository/Page_Log in - US Leadgen/input_Email'

2018-03-30 09:45:42 - [TEST_STEP][PASSED] - setText: Text 'Droop420!' is set on object 'Object Repository/Page_Log in - US Leadgen/input_Password'

2018-03-30 09:45:43 - [MESSAGE][PASSED] - Text 'Droop420!' is set on object 'Object Repository/Page_Log in - US Leadgen/input_Password'

2018-03-30 09:45:43 - [TEST_STEP][PASSED] - delay: Delayed 2 second(s)

2018-03-30 09:45:45 - [MESSAGE][PASSED] - Delayed 2 second(s)

2018-03-30 09:45:45 - [TEST_STEP][PASSED] - click: Object: 'Object Repository/Page_Log in - US Leadgen/input_btn btn-default' is clicked on

2018-03-30 09:45:46 - [MESSAGE][PASSED] - Object: 'Object Repository/Page_Log in - US Leadgen/input_btn btn-default' is clicked on

2018-03-30 09:45:46 - [TEST_STEP][PASSED] - delay: Delayed 2 second(s)

2018-03-30 09:45:48 - [MESSAGE][PASSED] - Delayed 2 second(s)

2018-03-30 09:45:48 - [TEST_STEP][PASSED] - mouseOver: Object: 'Object Repository/Page_Home Page - US Leadgen (1)/span_Account' is hovered

2018-03-30 09:45:48 - [MESSAGE][PASSED] - Object: 'Object Repository/Page_Home Page - US Leadgen (1)/span_Account' is hovered

2018-03-30 09:45:48 - [TEST_STEP][PASSED] - delay: Delayed 2 second(s)

2018-03-30 09:45:50 - [MESSAGE][PASSED] - Delayed 2 second(s)

2018-03-30 09:45:50 - [TEST_STEP][PASSED] - click: Object: 'Object Repository/Page_Home Page - US Leadgen (2)/span_Sign Out' is clicked on

2018-03-30 09:45:50 - [MESSAGE][PASSED] - Object: 'Object Repository/Page_Home Page - US Leadgen (2)/span_Sign Out' is clicked on

2018-03-30 09:45:50 - [TEST_STEP][PASSED] - delay: Delayed 2 second(s)

2018-03-30 09:45:52 - [MESSAGE][PASSED] - Delayed 2 second(s)

2018-03-30 09:45:52 - [TEST_STEP][PASSED] - mouseOver: Object: 'Object Repository/Page_Home Page - US Leadgen/a_Sign In' is hovered

2018-03-30 09:45:52 - [MESSAGE][PASSED] - Object: 'Object Repository/Page_Home Page - US Leadgen/a_Sign In' is hovered

2018-03-30 09:45:52 - [TEST_STEP][PASSED] - click: Object: 'Object Repository/Page_Home Page - US Leadgen/a_Sign In' is clicked on

2018-03-30 09:45:52 - [MESSAGE][PASSED] - Object: 'Object Repository/Page_Home Page - US Leadgen/a_Sign In' is clicked on

2018-03-30 09:45:52 - [TEST_STEP][PASSED] - delay: Delayed 2 second(s)

2018-03-30 09:45:54 - [MESSAGE][PASSED] - Delayed 2 second(s)

2018-03-30 09:45:54 - [TEST_STEP][PASSED] - setText: Text 'jwaryas@bluewatertech.com' is set on object 'Object Repository/Page_Log in - US Leadgen/input_Email'

2018-03-30 09:45:54 - [MESSAGE][PASSED] - Text 'jwaryas@bluewatertech.com' is set on object 'Object Repository/Page_Log in - US Leadgen/input_Email'

2018-03-30 09:45:54 - [TEST_STEP][PASSED] - setText: Text 'Droop420!' is set on object 'Object Repository/Page_Log in - US Leadgen/input_Password'

2018-03-30 09:45:55 - [MESSAGE][PASSED] - Text 'Droop420!' is set on object 'Object Repository/Page_Log in - US Leadgen/input_Password'

2018-03-30 09:45:55 - [TEST_STEP][PASSED] - delay: Delayed 2 second(s)

2018-03-30 09:45:57 - [MESSAGE][PASSED] - Delayed 2 second(s)

2018-03-30 09:45:57 - [TEST_STEP][PASSED] - click: Object: 'Object Repository/Page_Log in - US Leadgen/input_btn btn-default' is clicked on

2018-03-30 09:46:00 - [MESSAGE][PASSED] - Object: 'Object Repository/Page_Log in - US Leadgen/input_btn btn-default' is clicked on

2018-03-30 09:46:00 - [TEST_STEP][PASSED] - delay: Delayed 2 second(s)

2018-03-30 09:46:02 - [MESSAGE][PASSED] - Delayed 2 second(s)

2018-03-30 09:46:02 - [TEST_STEP][PASSED] - mouseOver: Object: 'Object Repository/Page_Home Page - US Leadgen (1)/span_Account' is hovered

2018-03-30 09:46:02 - [MESSAGE][PASSED] - Object: 'Object Repository/Page_Home Page - US Leadgen (1)/span_Account' is hovered

2018-03-30 09:46:02 - [TEST_STEP][PASSED] - delay: Delayed 2 second(s)

2018-03-30 09:46:04 - [MESSAGE][PASSED] - Delayed 2 second(s)

2018-03-30 09:46:04 - [TEST_STEP][PASSED] - click: Object: 'Object Repository/Page_Home Page - US Leadgen (2)/span_Sign Out' is clicked on

2018-03-30 09:46:05 - [MESSAGE][PASSED] - Object: 'Object Repository/Page_Home Page - US Leadgen (2)/span_Sign Out' is clicked on

2018-03-30 09:46:05 - [TEST_STEP][PASSED] - delay: Delayed 2 second(s)

2018-03-30 09:46:07 - [MESSAGE][PASSED] - Delayed 2 second(s)

2018-03-30 09:46:07 - [TEST_STEP][PASSED] - mouseOver: Object: 'Object Repository/Page_Home Page - US Leadgen/a_Sign In' is hovered

2018-03-30 09:46:07 - [MESSAGE][PASSED] - Object: 'Object Repository/Page_Home Page - US Leadgen/a_Sign In' is hovered

2018-03-30 09:46:07 - [TEST_STEP][PASSED] - click: Object: 'Object Repository/Page_Home Page - US Leadgen/a_Sign In' is clicked on

2018-03-30 09:46:08 - [MESSAGE][PASSED] - Object: 'Object Repository/Page_Home Page - US Leadgen/a_Sign In' is clicked on

2018-03-30 09:46:08 - [TEST_STEP][PASSED] - delay: Delayed 2 second(s)

2018-03-30 09:46:10 - [MESSAGE][PASSED] - Delayed 2 second(s)

2018-03-30 09:46:10 - [TEST_STEP][PASSED] - setText: Text 'jwaryas@bluewatertech.com' is set on object 'Object Repository/Page_Log in - US Leadgen/input_Email'

2018-03-30 09:46:10 - [MESSAGE][PASSED] - Text 'jwaryas@bluewatertech.com' is set on object 'Object Repository/Page_Log in - US Leadgen/input_Email'

2018-03-30 09:46:10 - [TEST_STEP][PASSED] - setText: Text 'Droop420!' is set on object 'Object Repository/Page_Log in - US Leadgen/input_Password'

2018-03-30 09:46:10 - [MESSAGE][PASSED] - Text 'Droop420!' is set on object 'Object Repository/Page_Log in - US Leadgen/input_Password'

2018-03-30 09:46:10 - [TEST_STEP][PASSED] - delay: Delayed 2 second(s)

2018-03-30 09:46:12 - [MESSAGE][PASSED] - Delayed 2 second(s)

2018-03-30 09:46:12 - [TEST_STEP][PASSED] - click: Object: 'Object Repository/Page_Log in - US Leadgen/input_btn btn-default' is clicked on

2018-03-30 09:46:12 - [MESSAGE][PASSED] - Object: 'Object Repository/Page_Log in - US Leadgen/input_btn btn-default' is clicked on

2018-03-30 09:46:12 - [TEST_STEP][PASSED] - delay: Delayed 2 second(s)

2018-03-30 09:46:14 - [MESSAGE][PASSED] - Delayed 2 second(s)

2018-03-30 09:46:14 - [TEST_STEP][PASSED] - mouseOver: Object: 'Object Repository/Page_Home Page - US Leadgen (1)/span_Account' is hovered

2018-03-30 09:46:14 - [MESSAGE][PASSED] - Object: 'Object Repository/Page_Home Page - US Leadgen (1)/span_Account' is hovered

2018-03-30 09:46:14 - [TEST_STEP][PASSED] - delay: Delayed 2 second(s)

2018-03-30 09:46:16 - [MESSAGE][PASSED] - Delayed 2 second(s)

2018-03-30 09:46:16 - [TEST_STEP][PASSED] - click: Object: 'Object Repository/Page_Home Page - US Leadgen (2)/span_Sign Out' is clicked on

2018-03-30 09:46:17 - [MESSAGE][PASSED] - Object: 'Object Repository/Page_Home Page - US Leadgen (2)/span_Sign Out' is clicked on

2018-03-30 09:46:17 - [TEST_STEP][PASSED] - delay: Delayed 2 second(s)

2018-03-30 09:46:19 - [MESSAGE][PASSED] - Delayed 2 second(s)

2018-03-30 09:46:19 - [TEST_STEP][PASSED] - mouseOver: Object: 'Object Repository/Page_Home Page - US Leadgen/a_Sign In' is hovered

2018-03-30 09:46:19 - [MESSAGE][PASSED] - Object: 'Object Repository/Page_Home Page - US Leadgen/a_Sign In' is hovered

2018-03-30 09:46:19 - [TEST_STEP][PASSED] - click: Object: 'Object Repository/Page_Home Page - US Leadgen/a_Sign In' is clicked on

2018-03-30 09:46:24 - [MESSAGE][PASSED] - Object: 'Object Repository/Page_Home Page - US Leadgen/a_Sign In' is clicked on

2018-03-30 09:46:24 - [TEST_STEP][PASSED] - delay: Delayed 2 second(s)

2018-03-30 09:46:26 - [MESSAGE][PASSED] - Delayed 2 second(s)

2018-03-30 09:46:26 - [TEST_STEP][PASSED] - setText: Text 'jwaryas@bluewatertech.com' is set on object 'Object Repository/Page_Log in - US Leadgen/input_Email'

2018-03-30 09:46:26 - [MESSAGE][PASSED] - Text 'jwaryas@bluewatertech.com' is set on object 'Object Repository/Page_Log in - US Leadgen/input_Email'

2018-03-30 09:46:26 - [TEST_STEP][PASSED] - setText: Text 'Droop420!' is set on object 'Object Repository/Page_Log in - US Leadgen/input_Password'

2018-03-30 09:46:26 - [MESSAGE][PASSED] - Text 'Droop420!' is set on object 'Object Repository/Page_Log in - US Leadgen/input_Password'

2018-03-30 09:46:26 - [TEST_STEP][PASSED] - delay: Delayed 2 second(s)

2018-03-30 09:46:28 - [MESSAGE][PASSED] - Delayed 2 second(s)

2018-03-30 09:46:28 - [TEST_STEP][PASSED] - click: Object: 'Object Repository/Page_Log in - US Leadgen/input_btn btn-default' is clicked on

2018-03-30 09:46:29 - [MESSAGE][PASSED] - Object: 'Object Repository/Page_Log in - US Leadgen/input_btn btn-default' is clicked on

2018-03-30 09:46:29 - [TEST_STEP][PASSED] - delay: Delayed 2 second(s)

2018-03-30 09:46:31 - [MESSAGE][PASSED] - Delayed 2 second(s)

2018-03-30 09:46:31 - [TEST_STEP][PASSED] - mouseOver: Object: 'Object Repository/Page_Home Page - US Leadgen (1)/span_Account' is hovered

2018-03-30 09:46:31 - [MESSAGE][PASSED] - Object: 'Object Repository/Page_Home Page - US Leadgen (1)/span_Account' is hovered

2018-03-30 09:46:31 - [TEST_STEP][PASSED] - delay: Delayed 2 second(s)

2018-03-30 09:46:33 - [MESSAGE][PASSED] - Delayed 2 second(s)

2018-03-30 09:46:33 - [TEST_STEP][PASSED] - click: Object: 'Object Repository/Page_Home Page - US Leadgen (2)/span_Sign Out' is clicked on

2018-03-30 09:46:36 - [MESSAGE][PASSED] - Object: 'Object Repository/Page_Home Page - US Leadgen (2)/span_Sign Out' is clicked on

2018-03-30 09:46:36 - [TEST_STEP][PASSED] - delay: Delayed 2 second(s)

2018-03-30 09:46:38 - [MESSAGE][PASSED] - Delayed 2 second(s)

2018-03-30 09:46:38 - [TEST_STEP][PASSED] - mouseOver: Object: 'Object Repository/Page_Home Page - US Leadgen/a_Sign In' is hovered

2018-03-30 09:46:38 - [MESSAGE][PASSED] - Object: 'Object Repository/Page_Home Page - US Leadgen/a_Sign In' is hovered

2018-03-30 09:46:38 - [TEST_STEP][PASSED] - click: Object: 'Object Repository/Page_Home Page - US Leadgen/a_Sign In' is clicked on

2018-03-30 09:46:38 - [MESSAGE][PASSED] - Object: 'Object Repository/Page_Home Page - US Leadgen/a_Sign In' is clicked on

2018-03-30 09:46:38 - [TEST_STEP][PASSED] - delay: Delayed 2 second(s)

2018-03-30 09:46:40 - [MESSAGE][PASSED] - Delayed 2 second(s)

2018-03-30 09:46:40 - [TEST_STEP][PASSED] - setText: Text 'jwaryas@bluewatertech.com' is set on object 'Object Repository/Page_Log in - US Leadgen/input_Email'

2018-03-30 09:46:40 - [MESSAGE][PASSED] - Text 'jwaryas@bluewatertech.com' is set on object 'Object Repository/Page_Log in - US Leadgen/input_Email'

2018-03-30 09:46:40 - [TEST_STEP][PASSED] - setText: Text 'Droop420!' is set on object 'Object Repository/Page_Log in - US Leadgen/input_Password'

2018-03-30 09:46:40 - [MESSAGE][PASSED] - Text 'Droop420!' is set on object 'Object Repository/Page_Log in - US Leadgen/input_Password'

2018-03-30 09:46:40 - [TEST_STEP][PASSED] - delay: Delayed 2 second(s)

2018-03-30 09:46:42 - [MESSAGE][PASSED] - Delayed 2 second(s)

2018-03-30 09:46:42 - [TEST_STEP][PASSED] - click: Object: 'Object Repository/Page_Log in - US Leadgen/input_btn btn-default' is clicked on

2018-03-30 09:46:43 - [MESSAGE][PASSED] - Object: 'Object Repository/Page_Log in - US Leadgen/input_btn btn-default' is clicked on

2018-03-30 09:46:43 - [TEST_STEP][PASSED] - delay: Delayed 2 second(s)

2018-03-30 09:46:45 - [MESSAGE][PASSED] - Delayed 2 second(s)

2018-03-30 09:46:45 - [TEST_STEP][PASSED] - mouseOver: Object: 'Object Repository/Page_Home Page - US Leadgen (1)/span_Account' is hovered

2018-03-30 09:46:45 - [MESSAGE][PASSED] - Object: 'Object Repository/Page_Home Page - US Leadgen (1)/span_Account' is hovered

2018-03-30 09:46:45 - [TEST_STEP][PASSED] - delay: Delayed 2 second(s)

2018-03-30 09:46:47 - [MESSAGE][PASSED] - Delayed 2 second(s)

2018-03-30 09:46:47 - [TEST_STEP][PASSED] - click: Object: 'Object Repository/Page_Home Page - US Leadgen (2)/span_Sign Out' is clicked on

2018-03-30 09:46:47 - [MESSAGE][PASSED] - Object: 'Object Repository/Page_Home Page - US Leadgen (2)/span_Sign Out' is clicked on

2018-03-30 09:46:47 - [TEST_STEP][PASSED] - delay: Delayed 2 second(s)

2018-03-30 09:46:49 - [MESSAGE][PASSED] - Delayed 2 second(s)

2018-03-30 09:46:49 - [TEST_STEP][PASSED] - mouseOver: Object: 'Object Repository/Page_Home Page - US Leadgen/a_Sign In' is hovered

2018-03-30 09:46:49 - [MESSAGE][PASSED] - Object: 'Object Repository/Page_Home Page - US Leadgen/a_Sign In' is hovered

2018-03-30 09:46:49 - [TEST_STEP][PASSED] - click: Object: 'Object Repository/Page_Home Page - US Leadgen/a_Sign In' is clicked on

2018-03-30 09:46:50 - [MESSAGE][PASSED] - Object: 'Object Repository/Page_Home Page - US Leadgen/a_Sign In' is clicked on

2018-03-30 09:46:50 - [TEST_STEP][PASSED] - delay: Delayed 2 second(s)

2018-03-30 09:46:52 - [MESSAGE][PASSED] - Delayed 2 second(s)

2018-03-30 09:46:52 - [TEST_STEP][PASSED] - setText: Text 'jwaryas@bluewatertech.com' is set on object 'Object Repository/Page_Log in - US Leadgen/input_Email'

2018-03-30 09:46:52 - [MESSAGE][PASSED] - Text 'jwaryas@bluewatertech.com' is set on object 'Object Repository/Page_Log in - US Leadgen/input_Email'

2018-03-30 09:46:52 - [TEST_STEP][PASSED] - setText: Text 'Droop420!' is set on object 'Object Repository/Page_Log in - US Leadgen/input_Password'

2018-03-30 09:46:52 - [MESSAGE][PASSED] - Text 'Droop420!' is set on object 'Object Repository/Page_Log in - US Leadgen/input_Password'

2018-03-30 09:46:52 - [TEST_STEP][PASSED] - delay: Delayed 2 second(s)

2018-03-30 09:46:54 - [MESSAGE][PASSED] - Delayed 2 second(s)

2018-03-30 09:46:54 - [TEST_STEP][PASSED] - click: Object: 'Object Repository/Page_Log in - US Leadgen/input_btn btn-default' is clicked on

2018-03-30 09:47:10 - [MESSAGE][PASSED] - Object: 'Object Repository/Page_Log in - US Leadgen/input_btn btn-default' is clicked on

2018-03-30 09:47:10 - [TEST_STEP][PASSED] - delay: Delayed 2 second(s)

2018-03-30 09:47:12 - [MESSAGE][PASSED] - Delayed 2 second(s)

2018-03-30 09:47:12 - [TEST_STEP][PASSED] - mouseOver: Object: 'Object Repository/Page_Home Page - US Leadgen (1)/span_Account' is hovered

2018-03-30 09:47:12 - [MESSAGE][PASSED] - Object: 'Object Repository/Page_Home Page - US Leadgen (1)/span_Account' is hovered

2018-03-30 09:47:12 - [TEST_STEP][PASSED] - delay: Delayed 2 second(s)

2018-03-30 09:47:14 - [MESSAGE][PASSED] - Delayed 2 second(s)

2018-03-30 09:47:14 - [TEST_STEP][PASSED] - click: Object: 'Object Repository/Page_Home Page - US Leadgen (2)/span_Sign Out' is clicked on

2018-03-30 09:47:14 - [MESSAGE][PASSED] - Object: 'Object Repository/Page_Home Page - US Leadgen (2)/span_Sign Out' is clicked on

2018-03-30 09:47:14 - [TEST_STEP][PASSED] - delay: Delayed 2 second(s)

2018-03-30 09:47:16 - [MESSAGE][PASSED] - Delayed 2 second(s)

2018-03-30 09:47:16 - [TEST_STEP][PASSED] - mouseOver: Object: 'Object Repository/Page_Home Page - US Leadgen/a_Sign In' is hovered

2018-03-30 09:47:16 - [MESSAGE][PASSED] - Object: 'Object Repository/Page_Home Page - US Leadgen/a_Sign In' is hovered

2018-03-30 09:47:16 - [TEST_STEP][PASSED] - click: Object: 'Object Repository/Page_Home Page - US Leadgen/a_Sign In' is clicked on

2018-03-30 09:47:18 - [MESSAGE][PASSED] - Object: 'Object Repository/Page_Home Page - US Leadgen/a_Sign In' is clicked on

2018-03-30 09:47:18 - [TEST_STEP][PASSED] - delay: Delayed 2 second(s)

2018-03-30 09:47:20 - [MESSAGE][PASSED] - Delayed 2 second(s)

2018-03-30 09:47:20 - [TEST_STEP][PASSED] - setText: Text 'jwaryas@bluewatertech.com' is set on object 'Object Repository/Page_Log in - US Leadgen/input_Email'

2018-03-30 09:47:20 - [MESSAGE][PASSED] - Text 'jwaryas@bluewatertech.com' is set on object 'Object Repository/Page_Log in - US Leadgen/input_Email'

2018-03-30 09:47:20 - [TEST_STEP][PASSED] - setText: Text 'Droop420!' is set on object 'Object Repository/Page_Log in - US Leadgen/input_Password'

2018-03-30 09:47:20 - [MESSAGE][PASSED] - Text 'Droop420!' is set on object 'Object Repository/Page_Log in - US Leadgen/input_Password'

2018-03-30 09:47:20 - [TEST_STEP][PASSED] - delay: Delayed 2 second(s)

2018-03-30 09:47:22 - [MESSAGE][PASSED] - Delayed 2 second(s)

2018-03-30 09:47:22 - [TEST_STEP][PASSED] - click: Object: 'Object Repository/Page_Log in - US Leadgen/input_btn btn-default' is clicked on

2018-03-30 09:47:23 - [MESSAGE][PASSED] - Object: 'Object Repository/Page_Log in - US Leadgen/input_btn btn-default' is clicked on

2018-03-30 09:47:23 - [TEST_STEP][PASSED] - delay: Delayed 2 second(s)

2018-03-30 09:47:25 - [MESSAGE][PASSED] - Delayed 2 second(s)

2018-03-30 09:47:25 - [TEST_STEP][PASSED] - mouseOver: Object: 'Object Repository/Page_Home Page - US Leadgen (1)/span_Account' is hovered

2018-03-30 09:47:25 - [MESSAGE][PASSED] - Object: 'Object Repository/Page_Home Page - US Leadgen (1)/span_Account' is hovered

2018-03-30 09:47:25 - [TEST_STEP][PASSED] - delay: Delayed 2 second(s)

2018-03-30 09:47:27 - [MESSAGE][PASSED] - Delayed 2 second(s)

2018-03-30 09:47:27 - [TEST_STEP][PASSED] - click: Object: 'Object Repository/Page_Home Page - US Leadgen (2)/span_Sign Out' is clicked on

2018-03-30 09:47:27 - [MESSAGE][PASSED] - Object: 'Object Repository/Page_Home Page - US Leadgen (2)/span_Sign Out' is clicked on

2018-03-30 09:47:27 - [TEST_STEP][PASSED] - delay: Delayed 2 second(s)

2018-03-30 09:47:29 - [MESSAGE][PASSED] - Delayed 2 second(s)

2018-03-30 09:47:29 - [TEST_STEP][PASSED] - mouseOver: Object: 'Object Repository/Page_Home Page - US Leadgen/a_Sign In' is hovered

2018-03-30 09:47:29 - [MESSAGE][PASSED] - Object: 'Object Repository/Page_Home Page - US Leadgen/a_Sign In' is hovered

2018-03-30 09:47:29 - [TEST_STEP][PASSED] - click: Object: 'Object Repository/Page_Home Page - US Leadgen/a_Sign In' is clicked on

2018-03-30 09:47:31 - [MESSAGE][PASSED] - Object: 'Object Repository/Page_Home Page - US Leadgen/a_Sign In' is clicked on

2018-03-30 09:47:31 - [TEST_STEP][PASSED] - delay: Delayed 2 second(s)

2018-03-30 09:47:33 - [MESSAGE][PASSED] - Delayed 2 second(s)

2018-03-30 09:47:33 - [TEST_STEP][PASSED] - setText: Text 'jwaryas@bluewatertech.com' is set on object 'Object Repository/Page_Log in - US Leadgen/input_Email'

2018-03-30 09:47:33 - [MESSAGE][PASSED] - Text 'jwaryas@bluewatertech.com' is set on object 'Object Repository/Page_Log in - US Leadgen/input_Email'

2018-03-30 09:47:33 - [TEST_STEP][PASSED] - setText: Text 'Droop420!' is set on object 'Object Repository/Page_Log in - US Leadgen/input_Password'

2018-03-30 09:47:33 - [MESSAGE][PASSED] - Text 'Droop420!' is set on object 'Object Repository/Page_Log in - US Leadgen/input_Password'

2018-03-30 09:47:33 - [TEST_STEP][PASSED] - delay: Delayed 2 second(s)

2018-03-30 09:47:35 - [MESSAGE][PASSED] - Delayed 2 second(s)

2018-03-30 09:47:35 - [TEST_STEP][PASSED] - click: Object: 'Object Repository/Page_Log in - US Leadgen/input_btn btn-default' is clicked on

2018-03-30 09:47:35 - [MESSAGE][PASSED] - Object: 'Object Repository/Page_Log in - US Leadgen/input_btn btn-default' is clicked on

2018-03-30 09:47:35 - [TEST_STEP][PASSED] - delay: Delayed 2 second(s)

2018-03-30 09:47:37 - [MESSAGE][PASSED] - Delayed 2 second(s)

2018-03-30 09:47:37 - [TEST_STEP][PASSED] - mouseOver: Object: 'Object Repository/Page_Home Page - US Leadgen (1)/span_Account' is hovered

2018-03-30 09:47:37 - [MESSAGE][PASSED] - Object: 'Object Repository/Page_Home Page - US Leadgen (1)/span_Account' is hovered

2018-03-30 09:47:37 - [TEST_STEP][PASSED] - delay: Delayed 2 second(s)

2018-03-30 09:47:39 - [MESSAGE][PASSED] - Delayed 2 second(s)

2018-03-30 09:47:39 - [TEST_STEP][PASSED] - click: Object: 'Object Repository/Page_Home Page - US Leadgen (2)/span_Sign Out' is clicked on

2018-03-30 09:47:40 - [MESSAGE][PASSED] - Object: 'Object Repository/Page_Home Page - US Leadgen (2)/span_Sign Out' is clicked on

2018-03-30 09:47:40 - [TEST_STEP][PASSED] - delay: Delayed 2 second(s)

2018-03-30 09:47:42 - [MESSAGE][PASSED] - Delayed 2 second(s)

2018-03-30 09:47:42 - [TEST_STEP][PASSED] - mouseOver: Object: 'Object Repository/Page_Home Page - US Leadgen/a_Sign In' is hovered

2018-03-30 09:47:42 - [MESSAGE][PASSED] - Object: 'Object Repository/Page_Home Page - US Leadgen/a_Sign In' is hovered

2018-03-30 09:47:42 - [TEST_STEP][PASSED] - click: Object: 'Object Repository/Page_Home Page - US Leadgen/a_Sign In' is clicked on

2018-03-30 09:47:43 - [MESSAGE][PASSED] - Object: 'Object Repository/Page_Home Page - US Leadgen/a_Sign In' is clicked on

2018-03-30 09:47:43 - [TEST_STEP][PASSED] - delay: Delayed 2 second(s)

2018-03-30 09:47:45 - [MESSAGE][PASSED] - Delayed 2 second(s)

2018-03-30 09:47:45 - [TEST_STEP][PASSED] - setText: Text 'jwaryas@bluewatertech.com' is set on object 'Object Repository/Page_Log in - US Leadgen/input_Email'

2018-03-30 09:47:45 - [MESSAGE][PASSED] - Text 'jwaryas@bluewatertech.com' is set on object 'Object Repository/Page_Log in - US Leadgen/input_Email'

2018-03-30 09:47:45 - [TEST_STEP][PASSED] - setText: Text 'Droop420!' is set on object 'Object Repository/Page_Log in - US Leadgen/input_Password'

2018-03-30 09:47:45 - [MESSAGE][PASSED] - Text 'Droop420!' is set on object 'Object Repository/Page_Log in - US Leadgen/input_Password'

2018-03-30 09:47:45 - [TEST_STEP][PASSED] - delay: Delayed 2 second(s)

2018-03-30 09:47:47 - [MESSAGE][PASSED] - Delayed 2 second(s)

2018-03-30 09:47:47 - [TEST_STEP][PASSED] - click: Object: 'Object Repository/Page_Log in - US Leadgen/input_btn btn-default' is clicked on

2018-03-30 09:47:48 - [MESSAGE][PASSED] - Object: 'Object Repository/Page_Log in - US Leadgen/input_btn btn-default' is clicked on

2018-03-30 09:47:48 - [TEST_STEP][PASSED] - delay: Delayed 2 second(s)

2018-03-30 09:47:50 - [MESSAGE][PASSED] - Delayed 2 second(s)

2018-03-30 09:47:50 - [TEST_STEP][PASSED] - mouseOver: Object: 'Object Repository/Page_Home Page - US Leadgen (1)/span_Account' is hovered

2018-03-30 09:47:50 - [MESSAGE][PASSED] - Object: 'Object Repository/Page_Home Page - US Leadgen (1)/span_Account' is hovered

2018-03-30 09:47:50 - [TEST_STEP][PASSED] - delay: Delayed 2 second(s)

2018-03-30 09:47:52 - [MESSAGE][PASSED] - Delayed 2 second(s)

2018-03-30 09:47:52 - [TEST_STEP][PASSED] - click: Object: 'Object Repository/Page_Home Page - US Leadgen (2)/span_Sign Out' is clicked on

2018-03-30 09:47:53 - [MESSAGE][PASSED] - Object: 'Object Repository/Page_Home Page - US Leadgen (2)/span_Sign Out' is clicked on

2018-03-30 09:47:53 - [TEST_STEP][PASSED] - delay: Delayed 2 second(s)

2018-03-30 09:47:55 - [MESSAGE][PASSED] - Delayed 2 second(s)

2018-03-30 09:47:55 - [TEST_STEP][PASSED] - mouseOver: Object: 'Object Repository/Page_Home Page - US Leadgen/a_Sign In' is hovered

2018-03-30 09:47:55 - [MESSAGE][PASSED] - Object: 'Object Repository/Page_Home Page - US Leadgen/a_Sign In' is hovered

2018-03-30 09:47:55 - [TEST_STEP][PASSED] - click: Object: 'Object Repository/Page_Home Page - US Leadgen/a_Sign In' is clicked on

2018-03-30 09:47:56 - [MESSAGE][PASSED] - Object: 'Object Repository/Page_Home Page - US Leadgen/a_Sign In' is clicked on

2018-03-30 09:47:56 - [TEST_STEP][PASSED] - delay: Delayed 2 second(s)

2018-03-30 09:47:58 - [MESSAGE][PASSED] - Delayed 2 second(s)

2018-03-30 09:47:58 - [TEST_STEP][PASSED] - setText: Text 'jwaryas@bluewatertech.com' is set on object 'Object Repository/Page_Log in - US Leadgen/input_Email'

2018-03-30 09:47:58 - [MESSAGE][PASSED] - Text 'jwaryas@bluewatertech.com' is set on object 'Object Repository/Page_Log in - US Leadgen/input_Email'

2018-03-30 09:47:58 - [TEST_STEP][PASSED] - setText: Text 'Droop420!' is set on object 'Object Repository/Page_Log in - US Leadgen/input_Password'

2018-03-30 09:47:58 - [MESSAGE][PASSED] - Text 'Droop420!' is set on object 'Object Repository/Page_Log in - US Leadgen/input_Password'

2018-03-30 09:47:58 - [TEST_STEP][PASSED] - delay: Delayed 2 second(s)

2018-03-30 09:48:00 - [MESSAGE][PASSED] - Delayed 2 second(s)

2018-03-30 09:48:00 - [TEST_STEP][PASSED] - click: Object: 'Object Repository/Page_Log in - US Leadgen/input_btn btn-default' is clicked on

2018-03-30 09:48:02 - [MESSAGE][PASSED] - Object: 'Object Repository/Page_Log in - US Leadgen/input_btn btn-default' is clicked on

2018-03-30 09:48:02 - [TEST_STEP][PASSED] - delay: Delayed 2 second(s)

2018-03-30 09:48:04 - [MESSAGE][PASSED] - Delayed 2 second(s)

2018-03-30 09:48:04 - [TEST_STEP][PASSED] - mouseOver: Object: 'Object Repository/Page_Home Page - US Leadgen (1)/span_Account' is hovered

2018-03-30 09:48:04 - [MESSAGE][PASSED] - Object: 'Object Repository/Page_Home Page - US Leadgen (1)/span_Account' is hovered

2018-03-30 09:48:04 - [TEST_STEP][PASSED] - delay: Delayed 2 second(s)

2018-03-30 09:48:06 - [MESSAGE][PASSED] - Delayed 2 second(s)

2018-03-30 09:48:06 - [TEST_STEP][PASSED] - click: Object: 'Object Repository/Page_Home Page - US Leadgen (2)/span_Sign Out' is clicked on

2018-03-30 09:48:06 - [MESSAGE][PASSED] - Object: 'Object Repository/Page_Home Page - US Leadgen (2)/span_Sign Out' is clicked on

2018-03-30 09:48:06 - [TEST_STEP][PASSED] - delay: Delayed 2 second(s)

2018-03-30 09:48:08 - [MESSAGE][PASSED] - Delayed 2 second(s)

2018-03-30 09:48:08 - [TEST_STEP][PASSED] - mouseOver: Object: 'Object Repository/Page_Home Page - US Leadgen/a_Sign In' is hovered

2018-03-30 09:48:08 - [MESSAGE][PASSED] - Object: 'Object Repository/Page_Home Page - US Leadgen/a_Sign In' is hovered

2018-03-30 09:48:08 - [TEST_STEP][PASSED] - click: Object: 'Object Repository/Page_Home Page - US Leadgen/a_Sign In' is clicked on

2018-03-30 09:48:09 - [MESSAGE][PASSED] - Object: 'Object Repository/Page_Home Page - US Leadgen/a_Sign In' is clicked on

2018-03-30 09:48:09 - [TEST_STEP][PASSED] - delay: Delayed 2 second(s)

2018-03-30 09:48:11 - [MESSAGE][PASSED] - Delayed 2 second(s)

2018-03-30 09:48:11 - [TEST_STEP][PASSED] - setText: Text 'jwaryas@bluewatertech.com' is set on object 'Object Repository/Page_Log in - US Leadgen/input_Email'

2018-03-30 09:48:11 - [MESSAGE][PASSED] - Text 'jwaryas@bluewatertech.com' is set on object 'Object Repository/Page_Log in - US Leadgen/input_Email'

2018-03-30 09:48:11 - [TEST_STEP][PASSED] - setText: Text 'Droop420!' is set on object 'Object Repository/Page_Log in - US Leadgen/input_Password'

2018-03-30 09:48:11 - [MESSAGE][PASSED] - Text 'Droop420!' is set on object 'Object Repository/Page_Log in - US Leadgen/input_Password'

2018-03-30 09:48:11 - [TEST_STEP][PASSED] - delay: Delayed 2 second(s)

2018-03-30 09:48:13 - [MESSAGE][PASSED] - Delayed 2 second(s)

2018-03-30 09:48:13 - [TEST_STEP][PASSED] - click: Object: 'Object Repository/Page_Log in - US Leadgen/input_btn btn-default' is clicked on

2018-03-30 09:48:17 - [MESSAGE][PASSED] - Object: 'Object Repository/Page_Log in - US Leadgen/input_btn btn-default' is clicked on

2018-03-30 09:48:17 - [TEST_STEP][PASSED] - delay: Delayed 2 second(s)

2018-03-30 09:48:19 - [MESSAGE][PASSED] - Delayed 2 second(s)

2018-03-30 09:48:19 - [TEST_STEP][PASSED] - mouseOver: Object: 'Object Repository/Page_Home Page - US Leadgen (1)/span_Account' is hovered

2018-03-30 09:48:19 - [MESSAGE][PASSED] - Object: 'Object Repository/Page_Home Page - US Leadgen (1)/span_Account' is hovered

2018-03-30 09:48:19 - [TEST_STEP][PASSED] - delay: Delayed 2 second(s)

2018-03-30 09:48:21 - [MESSAGE][PASSED] - Delayed 2 second(s)

2018-03-30 09:48:21 - [TEST_STEP][PASSED] - click: Object: 'Object Repository/Page_Home Page - US Leadgen (2)/span_Sign Out' is clicked on

2018-03-30 09:48:22 - [MESSAGE][PASSED] - Object: 'Object Repository/Page_Home Page - US Leadgen (2)/span_Sign Out' is clicked on

2018-03-30 09:48:22 - [TEST_STEP][PASSED] - delay: Delayed 2 second(s)

2018-03-30 09:48:24 - [MESSAGE][PASSED] - Delayed 2 second(s)

2018-03-30 09:48:24 - [TEST_STEP][PASSED] - mouseOver: Object: 'Object Repository/Page_Home Page - US Leadgen/a_Sign In' is hovered

2018-03-30 09:48:24 - [MESSAGE][PASSED] - Object: 'Object Repository/Page_Home Page - US Leadgen/a_Sign In' is hovered

2018-03-30 09:48:24 - [TEST_STEP][PASSED] - click: Object: 'Object Repository/Page_Home Page - US Leadgen/a_Sign In' is clicked on

2018-03-30 09:48:25 - [MESSAGE][PASSED] - Object: 'Object Repository/Page_Home Page - US Leadgen/a_Sign In' is clicked on

2018-03-30 09:48:25 - [TEST_STEP][PASSED] - delay: Delayed 2 second(s)

2018-03-30 09:48:27 - [MESSAGE][PASSED] - Delayed 2 second(s)

2018-03-30 09:48:27 - [TEST_STEP][PASSED] - setText: Text 'jwaryas@bluewatertech.com' is set on object 'Object Repository/Page_Log in - US Leadgen/input_Email'

2018-03-30 09:48:27 - [MESSAGE][PASSED] - Text 'jwaryas@bluewatertech.com' is set on object 'Object Repository/Page_Log in - US Leadgen/input_Email'

2018-03-30 09:48:27 - [TEST_STEP][PASSED] - setText: Text 'Droop420!' is set on object 'Object Repository/Page_Log in - US Leadgen/input_Password'

2018-03-30 09:48:28 - [MESSAGE][PASSED] - Text 'Droop420!' is set on object 'Object Repository/Page_Log in - US Leadgen/input_Password'

2018-03-30 09:48:28 - [TEST_STEP][PASSED] - delay: Delayed 2 second(s)

2018-03-30 09:48:30 - [MESSAGE][PASSED] - Delayed 2 second(s)

2018-03-30 09:48:30 - [TEST_STEP][PASSED] - click: Object: 'Object Repository/Page_Log in - US Leadgen/input_btn btn-default' is clicked on

2018-03-30 09:48:34 - [MESSAGE][PASSED] - Object: 'Object Repository/Page_Log in - US Leadgen/input_btn btn-default' is clicked on

2018-03-30 09:48:34 - [TEST_STEP][PASSED] - delay: Delayed 2 second(s)

2018-03-30 09:48:36 - [MESSAGE][PASSED] - Delayed 2 second(s)

2018-03-30 09:48:36 - [TEST_STEP][PASSED] - mouseOver: Object: 'Object Repository/Page_Home Page - US Leadgen (1)/span_Account' is hovered

2018-03-30 09:48:36 - [MESSAGE][PASSED] - Object: 'Object Repository/Page_Home Page - US Leadgen (1)/span_Account' is hovered

2018-03-30 09:48:36 - [TEST_STEP][PASSED] - delay: Delayed 2 second(s)

2018-03-30 09:48:38 - [MESSAGE][PASSED] - Delayed 2 second(s)

2018-03-30 09:48:38 - [TEST_STEP][PASSED] - click: Object: 'Object Repository/Page_Home Page - US Leadgen (2)/span_Sign Out' is clicked on

2018-03-30 09:48:38 - [MESSAGE][PASSED] - Object: 'Object Repository/Page_Home Page - US Leadgen (2)/span_Sign Out' is clicked on

2018-03-30 09:48:38 - [TEST_STEP][PASSED] - delay: Delayed 2 second(s)

2018-03-30 09:48:40 - [MESSAGE][PASSED] - Delayed 2 second(s)

2018-03-30 09:48:40 - [TEST_STEP][PASSED] - mouseOver: Object: 'Object Repository/Page_Home Page - US Leadgen/a_Sign In' is hovered

2018-03-30 09:48:41 - [MESSAGE][PASSED] - Object: 'Object Repository/Page_Home Page - US Leadgen/a_Sign In' is hovered

2018-03-30 09:48:41 - [TEST_STEP][PASSED] - click: Object: 'Object Repository/Page_Home Page - US Leadgen/a_Sign In' is clicked on

2018-03-30 09:48:44 - [MESSAGE][PASSED] - Object: 'Object Repository/Page_Home Page - US Leadgen/a_Sign In' is clicked on

2018-03-30 09:48:44 - [TEST_STEP][PASSED] - delay: Delayed 2 second(s)

2018-03-30 09:48:46 - [MESSAGE][PASSED] - Delayed 2 second(s)

2018-03-30 09:48:46 - [TEST_STEP][PASSED] - setText: Text 'jwaryas@bluewatertech.com' is set on object 'Object Repository/Page_Log in - US Leadgen/input_Email'

2018-03-30 09:48:46 - [MESSAGE][PASSED] - Text 'jwaryas@bluewatertech.com' is set on object 'Object Repository/Page_Log in - US Leadgen/input_Email'

2018-03-30 09:48:46 - [TEST_STEP][PASSED] - setText: Text 'Droop420!' is set on object 'Object Repository/Page_Log in - US Leadgen/input_Password'

2018-03-30 09:48:46 - [MESSAGE][PASSED] - Text 'Droop420!' is set on object 'Object Repository/Page_Log in - US Leadgen/input_Password'

2018-03-30 09:48:46 - [TEST_STEP][PASSED] - delay: Delayed 2 second(s)

2018-03-30 09:48:48 - [MESSAGE][PASSED] - Delayed 2 second(s)

2018-03-30 09:48:48 - [TEST_STEP][PASSED] - click: Object: 'Object Repository/Page_Log in - US Leadgen/input_btn btn-default' is clicked on

2018-03-30 09:48:50 - [MESSAGE][PASSED] - Object: 'Object Repository/Page_Log in - US Leadgen/input_btn btn-default' is clicked on

2018-03-30 09:48:50 - [TEST_STEP][PASSED] - delay: Delayed 2 second(s)

2018-03-30 09:48:52 - [MESSAGE][PASSED] - Delayed 2 second(s)

2018-03-30 09:48:52 - [TEST_STEP][PASSED] - mouseOver: Object: 'Object Repository/Page_Home Page - US Leadgen (1)/span_Account' is hovered

2018-03-30 09:48:52 - [MESSAGE][PASSED] - Object: 'Object Repository/Page_Home Page - US Leadgen (1)/span_Account' is hovered

2018-03-30 09:48:52 - [TEST_STEP][PASSED] - delay: Delayed 2 second(s)

2018-03-30 09:48:54 - [MESSAGE][PASSED] - Delayed 2 second(s)

2018-03-30 09:48:54 - [TEST_STEP][PASSED] - click: Object: 'Object Repository/Page_Home Page - US Leadgen (2)/span_Sign Out' is clicked on

2018-03-30 09:48:55 - [MESSAGE][PASSED] - Object: 'Object Repository/Page_Home Page - US Leadgen (2)/span_Sign Out' is clicked on

2018-03-30 09:48:55 - [TEST_STEP][PASSED] - delay: Delayed 2 second(s)

2018-03-30 09:48:57 - [MESSAGE][PASSED] - Delayed 2 second(s)

2018-03-30 09:48:57 - [TEST_STEP][PASSED] - mouseOver: Object: 'Object Repository/Page_Home Page - US Leadgen/a_Sign In' is hovered

2018-03-30 09:48:57 - [MESSAGE][PASSED] - Object: 'Object Repository/Page_Home Page - US Leadgen/a_Sign In' is hovered

2018-03-30 09:48:57 - [TEST_STEP][PASSED] - click: Object: 'Object Repository/Page_Home Page - US Leadgen/a_Sign In' is clicked on

2018-03-30 09:49:01 - [MESSAGE][PASSED] - Object: 'Object Repository/Page_Home Page - US Leadgen/a_Sign In' is clicked on

2018-03-30 09:49:01 - [TEST_STEP][PASSED] - delay: Delayed 2 second(s)

2018-03-30 09:49:03 - [MESSAGE][PASSED] - Delayed 2 second(s)

2018-03-30 09:49:03 - [TEST_STEP][PASSED] - setText: Text 'jwaryas@bluewatertech.com' is set on object 'Object Repository/Page_Log in - US Leadgen/input_Email'

2018-03-30 09:49:03 - [MESSAGE][PASSED] - Text 'jwaryas@bluewatertech.com' is set on object 'Object Repository/Page_Log in - US Leadgen/input_Email'

2018-03-30 09:49:03 - [TEST_STEP][PASSED] - setText: Text 'Droop420!' is set on object 'Object Repository/Page_Log in - US Leadgen/input_Password'

2018-03-30 09:49:03 - [MESSAGE][PASSED] - Text 'Droop420!' is set on object 'Object Repository/Page_Log in - US Leadgen/input_Password'

2018-03-30 09:49:03 - [TEST_STEP][PASSED] - delay: Delayed 2 second(s)

2018-03-30 09:49:05 - [MESSAGE][PASSED] - Delayed 2 second(s)

2018-03-30 09:49:05 - [TEST_STEP][PASSED] - click: Object: 'Object Repository/Page_Log in - US Leadgen/input_btn btn-default' is clicked on

2018-03-30 09:49:06 - [MESSAGE][PASSED] - Object: 'Object Repository/Page_Log in - US Leadgen/input_btn btn-default' is clicked on

2018-03-30 09:49:06 - [TEST_STEP][PASSED] - delay: Delayed 2 second(s)

2018-03-30 09:49:08 - [MESSAGE][PASSED] - Delayed 2 second(s)

2018-03-30 09:49:08 - [TEST_STEP][PASSED] - mouseOver: Object: 'Object Repository/Page_Home Page - US Leadgen (1)/span_Account' is hovered

2018-03-30 09:49:08 - [MESSAGE][PASSED] - Object: 'Object Repository/Page_Home Page - US Leadgen (1)/span_Account' is hovered

2018-03-30 09:49:08 - [TEST_STEP][PASSED] - delay: Delayed 2 second(s)

2018-03-30 09:49:10 - [MESSAGE][PASSED] - Delayed 2 second(s)

2018-03-30 09:49:10 - [TEST_STEP][PASSED] - click: Object: 'Object Repository/Page_Home Page - US Leadgen (2)/span_Sign Out' is clicked on

2018-03-30 09:49:11 - [MESSAGE][PASSED] - Object: 'Object Repository/Page_Home Page - US Leadgen (2)/span_Sign Out' is clicked on

2018-03-30 09:49:11 - [TEST_STEP][PASSED] - delay: Delayed 2 second(s)

2018-03-30 09:49:13 - [MESSAGE][PASSED] - Delayed 2 second(s)

2018-03-30 09:49:13 - [TEST_STEP][PASSED] - mouseOver: Object: 'Object Repository/Page_Home Page - US Leadgen/a_Sign In' is hovered

2018-03-30 09:49:13 - [MESSAGE][PASSED] - Object: 'Object Repository/Page_Home Page - US Leadgen/a_Sign In' is hovered

2018-03-30 09:49:13 - [TEST_STEP][PASSED] - click: Object: 'Object Repository/Page_Home Page - US Leadgen/a_Sign In' is clicked on

2018-03-30 09:49:14 - [MESSAGE][PASSED] - Object: 'Object Repository/Page_Home Page - US Leadgen/a_Sign In' is clicked on

2018-03-30 09:49:14 - [TEST_STEP][PASSED] - delay: Delayed 2 second(s)

2018-03-30 09:49:16 - [MESSAGE][PASSED] - Delayed 2 second(s)

2018-03-30 09:49:16 - [TEST_STEP][PASSED] - setText: Text 'jwaryas@bluewatertech.com' is set on object 'Object Repository/Page_Log in - US Leadgen/input_Email'

2018-03-30 09:49:16 - [MESSAGE][PASSED] - Text 'jwaryas@bluewatertech.com' is set on object 'Object Repository/Page_Log in - US Leadgen/input_Email'

2018-03-30 09:49:16 - [TEST_STEP][PASSED] - setText: Text 'Droop420!' is set on object 'Object Repository/Page_Log in - US Leadgen/input_Password'

2018-03-30 09:49:16 - [MESSAGE][PASSED] - Text 'Droop420!' is set on object 'Object Repository/Page_Log in - US Leadgen/input_Password'

2018-03-30 09:49:16 - [TEST_STEP][PASSED] - delay: Delayed 2 second(s)

2018-03-30 09:49:18 - [MESSAGE][PASSED] - Delayed 2 second(s)

2018-03-30 09:49:18 - [TEST_STEP][PASSED] - click: Object: 'Object Repository/Page_Log in - US Leadgen/input_btn btn-default' is clicked on

2018-03-30 09:49:19 - [MESSAGE][PASSED] - Object: 'Object Repository/Page_Log in - US Leadgen/input_btn btn-default' is clicked on

2018-03-30 09:49:19 - [TEST_STEP][PASSED] - delay: Delayed 2 second(s)

2018-03-30 09:49:21 - [MESSAGE][PASSED] - Delayed 2 second(s)

2018-03-30 09:49:21 - [TEST_STEP][PASSED] - mouseOver: Object: 'Object Repository/Page_Home Page - US Leadgen (1)/span_Account' is hovered

2018-03-30 09:49:21 - [MESSAGE][PASSED] - Object: 'Object Repository/Page_Home Page - US Leadgen (1)/span_Account' is hovered

2018-03-30 09:49:21 - [TEST_STEP][PASSED] - delay: Delayed 2 second(s)

2018-03-30 09:49:23 - [MESSAGE][PASSED] - Delayed 2 second(s)

2018-03-30 09:49:23 - [TEST_STEP][PASSED] - click: Object: 'Object Repository/Page_Home Page - US Leadgen (2)/span_Sign Out' is clicked on

2018-03-30 09:49:23 - [MESSAGE][PASSED] - Object: 'Object Repository/Page_Home Page - US Leadgen (2)/span_Sign Out' is clicked on

2018-03-30 09:49:23 - [TEST_STEP][PASSED] - delay: Delayed 2 second(s)

2018-03-30 09:49:25 - [MESSAGE][PASSED] - Delayed 2 second(s)

2018-03-30 09:49:25 - [TEST_STEP][PASSED] - mouseOver: Object: 'Object Repository/Page_Home Page - US Leadgen/a_Sign In' is hovered

2018-03-30 09:49:25 - [MESSAGE][PASSED] - Object: 'Object Repository/Page_Home Page - US Leadgen/a_Sign In' is hovered

2018-03-30 09:49:25 - [TEST_STEP][PASSED] - click: Object: 'Object Repository/Page_Home Page - US Leadgen/a_Sign In' is clicked on

2018-03-30 09:49:29 - [MESSAGE][PASSED] - Object: 'Object Repository/Page_Home Page - US Leadgen/a_Sign In' is clicked on

2018-03-30 09:49:29 - [TEST_STEP][PASSED] - delay: Delayed 2 second(s)

2018-03-30 09:49:31 - [MESSAGE][PASSED] - Delayed 2 second(s)

2018-03-30 09:49:31 - [TEST_STEP][PASSED] - setText: Text 'jwaryas@bluewatertech.com' is set on object 'Object Repository/Page_Log in - US Leadgen/input_Email'

2018-03-30 09:49:31 - [MESSAGE][PASSED] - Text 'jwaryas@bluewatertech.com' is set on object 'Object Repository/Page_Log in - US Leadgen/input_Email'

2018-03-30 09:49:31 - [TEST_STEP][PASSED] - setText: Text 'Droop420!' is set on object 'Object Repository/Page_Log in - US Leadgen/input_Password'

2018-03-30 09:49:32 - [MESSAGE][PASSED] - Text 'Droop420!' is set on object 'Object Repository/Page_Log in - US Leadgen/input_Password'

2018-03-30 09:49:32 - [TEST_STEP][PASSED] - delay: Delayed 2 second(s)

2018-03-30 09:49:34 - [MESSAGE][PASSED] - Delayed 2 second(s)

2018-03-30 09:49:34 - [TEST_STEP][PASSED] - click: Object: 'Object Repository/Page_Log in - US Leadgen/input_btn btn-default' is clicked on

2018-03-30 09:49:34 - [MESSAGE][PASSED] - Object: 'Object Repository/Page_Log in - US Leadgen/input_btn btn-default' is clicked on

2018-03-30 09:49:34 - [TEST_STEP][PASSED] - delay: Delayed 2 second(s)

2018-03-30 09:49:36 - [MESSAGE][PASSED] - Delayed 2 second(s)

2018-03-30 09:49:36 - [TEST_STEP][PASSED] - mouseOver: Object: 'Object Repository/Page_Home Page - US Leadgen (1)/span_Account' is hovered

2018-03-30 09:49:36 - [MESSAGE][PASSED] - Object: 'Object Repository/Page_Home Page - US Leadgen (1)/span_Account' is hovered

2018-03-30 09:49:36 - [TEST_STEP][PASSED] - delay: Delayed 2 second(s)

2018-03-30 09:49:38 - [MESSAGE][PASSED] - Delayed 2 second(s)

2018-03-30 09:49:38 - [TEST_STEP][PASSED] - click: Object: 'Object Repository/Page_Home Page - US Leadgen (2)/span_Sign Out' is clicked on

2018-03-30 09:49:39 - [MESSAGE][PASSED] - Object: 'Object Repository/Page_Home Page - US Leadgen (2)/span_Sign Out' is clicked on

2018-03-30 09:49:39 - [TEST_STEP][PASSED] - delay: Delayed 2 second(s)

2018-03-30 09:49:41 - [MESSAGE][PASSED] - Delayed 2 second(s)

2018-03-30 09:49:41 - [TEST_STEP][PASSED] - mouseOver: Object: 'Object Repository/Page_Home Page - US Leadgen/a_Sign In' is hovered

2018-03-30 09:49:41 - [MESSAGE][PASSED] - Object: 'Object Repository/Page_Home Page - US Leadgen/a_Sign In' is hovered

2018-03-30 09:49:41 - [TEST_STEP][PASSED] - click: Object: 'Object Repository/Page_Home Page - US Leadgen/a_Sign In' is clicked on

2018-03-30 09:49:42 - [MESSAGE][PASSED] - Object: 'Object Repository/Page_Home Page - US Leadgen/a_Sign In' is clicked on

2018-03-30 09:49:42 - [TEST_STEP][PASSED] - delay: Delayed 2 second(s)

2018-03-30 09:49:44 - [MESSAGE][PASSED] - Delayed 2 second(s)

2018-03-30 09:49:44 - [TEST_STEP][PASSED] - setText: Text 'jwaryas@bluewatertech.com' is set on object 'Object Repository/Page_Log in - US Leadgen/input_Email'

2018-03-30 09:49:44 - [MESSAGE][PASSED] - Text 'jwaryas@bluewatertech.com' is set on object 'Object Repository/Page_Log in - US Leadgen/input_Email'

2018-03-30 09:49:44 - [TEST_STEP][PASSED] - setText: Text 'Droop420!' is set on object 'Object Repository/Page_Log in - US Leadgen/input_Password'

2018-03-30 09:49:44 - [MESSAGE][PASSED] - Text 'Droop420!' is set on object 'Object Repository/Page_Log in - US Leadgen/input_Password'

2018-03-30 09:49:44 - [TEST_STEP][PASSED] - delay: Delayed 2 second(s)

2018-03-30 09:49:46 - [MESSAGE][PASSED] - Delayed 2 second(s)

2018-03-30 09:49:46 - [TEST_STEP][PASSED] - click: Object: 'Object Repository/Page_Log in - US Leadgen/input_btn btn-default' is clicked on

2018-03-30 09:49:47 - [MESSAGE][PASSED] - Object: 'Object Repository/Page_Log in - US Leadgen/input_btn btn-default' is clicked on

2018-03-30 09:49:47 - [TEST_STEP][PASSED] - delay: Delayed 2 second(s)

2018-03-30 09:49:49 - [MESSAGE][PASSED] - Delayed 2 second(s)

2018-03-30 09:49:49 - [TEST_STEP][PASSED] - mouseOver: Object: 'Object Repository/Page_Home Page - US Leadgen (1)/span_Account' is hovered

2018-03-30 09:49:50 - [MESSAGE][PASSED] - Object: 'Object Repository/Page_Home Page - US Leadgen (1)/span_Account' is hovered

2018-03-30 09:49:50 - [TEST_STEP][PASSED] - delay: Delayed 2 second(s)

2018-03-30 09:49:52 - [MESSAGE][PASSED] - Delayed 2 second(s)

2018-03-30 09:49:52 - [TEST_STEP][PASSED] - click: Object: 'Object Repository/Page_Home Page - US Leadgen (2)/span_Sign Out' is clicked on

2018-03-30 09:49:58 - [MESSAGE][PASSED] - Object: 'Object Repository/Page_Home Page - US Leadgen (2)/span_Sign Out' is clicked on

2018-03-30 09:49:58 - [TEST_STEP][PASSED] - delay: Delayed 2 second(s)

2018-03-30 09:50:00 - [MESSAGE][PASSED] - Delayed 2 second(s)

2018-03-30 09:50:00 - [TEST_STEP][PASSED] - mouseOver: Object: 'Object Repository/Page_Home Page - US Leadgen/a_Sign In' is hovered

2018-03-30 09:50:00 - [MESSAGE][PASSED] - Object: 'Object Repository/Page_Home Page - US Leadgen/a_Sign In' is hovered

2018-03-30 09:50:00 - [TEST_STEP][PASSED] - click: Object: 'Object Repository/Page_Home Page - US Leadgen/a_Sign In' is clicked on

2018-03-30 09:58:29 - [MESSAGE][PASSED] - Object: 'Object Repository/Page_Home Page - US Leadgen/a_Sign In' is clicked on

2018-03-30 09:58:29 - [TEST_STEP][PASSED] - delay: Delayed 2 second(s)

2018-03-30 09:58:31 - [MESSAGE][PASSED] - Delayed 2 second(s)

2018-03-30 09:58:31 - [TEST_STEP][PASSED] - setText: Text 'jwaryas@bluewatertech.com' is set on object 'Object Repository/Page_Log in - US Leadgen/input_Email'

2018-03-30 09:58:31 - [MESSAGE][PASSED] - Text 'jwaryas@bluewatertech.com' is set on object 'Object Repository/Page_Log in - US Leadgen/input_Email'

2018-03-30 09:58:31 - [TEST_STEP][PASSED] - setText: Text 'Droop420!' is set on object 'Object Repository/Page_Log in - US Leadgen/input_Password'

2018-03-30 09:58:31 - [MESSAGE][PASSED] - Text 'Droop420!' is set on object 'Object Repository/Page_Log in - US Leadgen/input_Password'

2018-03-30 09:58:31 - [TEST_STEP][PASSED] - delay: Delayed 2 second(s)

2018-03-30 09:58:33 - [MESSAGE][PASSED] - Delayed 2 second(s)

2018-03-30 09:58:33 - [TEST_STEP][PASSED] - click: Object: 'Object Repository/Page_Log in - US Leadgen/input_btn btn-default' is clicked on

2018-03-30 09:58:33 - [MESSAGE][PASSED] - Object: 'Object Repository/Page_Log in - US Leadgen/input_btn btn-default' is clicked on

2018-03-30 09:58:33 - [TEST_STEP][PASSED] - delay: Delayed 2 second(s)

2018-03-30 09:58:35 - [MESSAGE][PASSED] - Delayed 2 second(s)

2018-03-30 09:58:35 - [TEST_STEP][PASSED] - mouseOver: Object: 'Object Repository/Page_Home Page - US Leadgen (1)/span_Account' is hovered

2018-03-30 09:58:35 - [MESSAGE][PASSED] - Object: 'Object Repository/Page_Home Page - US Leadgen (1)/span_Account' is hovered

2018-03-30 09:58:35 - [TEST_STEP][PASSED] - delay: Delayed 2 second(s)

2018-03-30 09:58:37 - [MESSAGE][PASSED] - Delayed 2 second(s)

2018-03-30 09:58:37 - [TEST_STEP][PASSED] - click: Object: 'Object Repository/Page_Home Page - US Leadgen (2)/span_Sign Out' is clicked on

2018-03-30 09:58:38 - [MESSAGE][PASSED] - Object: 'Object Repository/Page_Home Page - US Leadgen (2)/span_Sign Out' is clicked on

2018-03-30 09:58:38 - [TEST_STEP][PASSED] - delay: Delayed 2 second(s)

2018-03-30 09:58:40 - [MESSAGE][PASSED] - Delayed 2 second(s)

2018-03-30 09:58:40 - [TEST_STEP][PASSED] - mouseOver: Object: 'Object Repository/Page_Home Page - US Leadgen/a_Sign In' is hovered

2018-03-30 09:58:40 - [MESSAGE][PASSED] - Object: 'Object Repository/Page_Home Page - US Leadgen/a_Sign In' is hovered

2018-03-30 09:58:40 - [TEST_STEP][PASSED] - click: Object: 'Object Repository/Page_Home Page - US Leadgen/a_Sign In' is clicked on

2018-03-30 09:58:40 - [MESSAGE][PASSED] - Object: 'Object Repository/Page_Home Page - US Leadgen/a_Sign In' is clicked on

2018-03-30 09:58:40 - [TEST_STEP][PASSED] - delay: Delayed 2 second(s)

2018-03-30 09:58:42 - [MESSAGE][PASSED] - Delayed 2 second(s)

2018-03-30 09:58:42 - [TEST_STEP][PASSED] - setText: Text 'jwaryas@bluewatertech.com' is set on object 'Object Repository/Page_Log in - US Leadgen/input_Email'

2018-03-30 09:58:42 - [MESSAGE][PASSED] - Text 'jwaryas@bluewatertech.com' is set on object 'Object Repository/Page_Log in - US Leadgen/input_Email'

2018-03-30 09:58:42 - [TEST_STEP][PASSED] - setText: Text 'Droop420!' is set on object 'Object Repository/Page_Log in - US Leadgen/input_Password'

2018-03-30 09:58:42 - [MESSAGE][PASSED] - Text 'Droop420!' is set on object 'Object Repository/Page_Log in - US Leadgen/input_Password'

2018-03-30 09:58:42 - [TEST_STEP][PASSED] - delay: Delayed 2 second(s)

2018-03-30 09:58:44 - [MESSAGE][PASSED] - Delayed 2 second(s)

2018-03-30 09:58:44 - [TEST_STEP][PASSED] - click: Object: 'Object Repository/Page_Log in - US Leadgen/input_btn btn-default' is clicked on

2018-03-30 09:58:45 - [MESSAGE][PASSED] - Object: 'Object Repository/Page_Log in - US Leadgen/input_btn btn-default' is clicked on

2018-03-30 09:58:45 - [TEST_STEP][PASSED] - delay: Delayed 2 second(s)

2018-03-30 09:58:47 - [MESSAGE][PASSED] - Delayed 2 second(s)

2018-03-30 09:58:47 - [TEST_STEP][PASSED] - mouseOver: Object: 'Object Repository/Page_Home Page - US Leadgen (1)/span_Account' is hovered

2018-03-30 09:58:47 - [MESSAGE][PASSED] - Object: 'Object Repository/Page_Home Page - US Leadgen (1)/span_Account' is hovered

2018-03-30 09:58:47 - [TEST_STEP][PASSED] - delay: Delayed 2 second(s)

2018-03-30 09:58:49 - [MESSAGE][PASSED] - Delayed 2 second(s)

2018-03-30 09:58:49 - [TEST_STEP][PASSED] - click: Object: 'Object Repository/Page_Home Page - US Leadgen (2)/span_Sign Out' is clicked on

2018-03-30 09:58:49 - [MESSAGE][PASSED] - Object: 'Object Repository/Page_Home Page - US Leadgen (2)/span_Sign Out' is clicked on

2018-03-30 09:58:49 - [TEST_STEP][PASSED] - delay: Delayed 2 second(s)

2018-03-30 09:58:51 - [MESSAGE][PASSED] - Delayed 2 second(s)

2018-03-30 09:58:51 - [TEST_STEP][PASSED] - mouseOver: Object: 'Object Repository/Page_Home Page - US Leadgen/a_Sign In' is hovered

2018-03-30 09:58:51 - [MESSAGE][PASSED] - Object: 'Object Repository/Page_Home Page - US Leadgen/a_Sign In' is hovered

2018-03-30 09:58:51 - [TEST_STEP][PASSED] - click: Object: 'Object Repository/Page_Home Page - US Leadgen/a_Sign In' is clicked on

2018-03-30 09:58:51 - [MESSAGE][PASSED] - Object: 'Object Repository/Page_Home Page - US Leadgen/a_Sign In' is clicked on

2018-03-30 09:58:51 - [TEST_STEP][PASSED] - delay: Delayed 2 second(s)

2018-03-30 09:58:53 - [MESSAGE][PASSED] - Delayed 2 second(s)

2018-03-30 09:58:53 - [TEST_STEP][PASSED] - setText: Text 'jwaryas@bluewatertech.com' is set on object 'Object Repository/Page_Log in - US Leadgen/input_Email'

2018-03-30 09:58:54 - [MESSAGE][PASSED] - Text 'jwaryas@bluewatertech.com' is set on object 'Object Repository/Page_Log in - US Leadgen/input_Email'

2018-03-30 09:58:54 - [TEST_STEP][PASSED] - setText: Text 'Droop420!' is set on object 'Object Repository/Page_Log in - US Leadgen/input_Password'

2018-03-30 09:58:54 - [MESSAGE][PASSED] - Text 'Droop420!' is set on object 'Object Repository/Page_Log in - US Leadgen/input_Password'

2018-03-30 09:58:54 - [TEST_STEP][PASSED] - delay: Delayed 2 second(s)

2018-03-30 09:58:56 - [MESSAGE][PASSED] - Delayed 2 second(s)

2018-03-30 09:58:56 - [TEST_STEP][PASSED] - click: Object: 'Object Repository/Page_Log in - US Leadgen/input_btn btn-default' is clicked on

2018-03-30 09:58:56 - [MESSAGE][PASSED] - Object: 'Object Repository/Page_Log in - US Leadgen/input_btn btn-default' is clicked on

2018-03-30 09:58:56 - [TEST_STEP][PASSED] - delay: Delayed 2 second(s)

2018-03-30 09:58:58 - [MESSAGE][PASSED] - Delayed 2 second(s)

2018-03-30 09:58:58 - [TEST_STEP][PASSED] - mouseOver: Object: 'Object Repository/Page_Home Page - US Leadgen (1)/span_Account' is hovered

2018-03-30 09:58:58 - [MESSAGE][PASSED] - Object: 'Object Repository/Page_Home Page - US Leadgen (1)/span_Account' is hovered

2018-03-30 09:58:58 - [TEST_STEP][PASSED] - delay: Delayed 2 second(s)

2018-03-30 09:59:00 - [MESSAGE][PASSED] - Delayed 2 second(s)

2018-03-30 09:59:00 - [TEST_STEP][PASSED] - click: Object: 'Object Repository/Page_Home Page - US Leadgen (2)/span_Sign Out' is clicked on

2018-03-30 09:59:00 - [MESSAGE][PASSED] - Object: 'Object Repository/Page_Home Page - US Leadgen (2)/span_Sign Out' is clicked on

2018-03-30 09:59:00 - [TEST_STEP][PASSED] - delay: Delayed 2 second(s)

2018-03-30 09:59:02 - [MESSAGE][PASSED] - Delayed 2 second(s)

2018-03-30 09:59:02 - [TEST_STEP][PASSED] - mouseOver: Object: 'Object Repository/Page_Home Page - US Leadgen/a_Sign In' is hovered

2018-03-30 09:59:02 - [MESSAGE][PASSED] - Object: 'Object Repository/Page_Home Page - US Leadgen/a_Sign In' is hovered

2018-03-30 09:59:02 - [TEST_STEP][PASSED] - click: Object: 'Object Repository/Page_Home Page - US Leadgen/a_Sign In' is clicked on

2018-03-30 09:59:03 - [MESSAGE][PASSED] - Object: 'Object Repository/Page_Home Page - US Leadgen/a_Sign In' is clicked on

2018-03-30 09:59:03 - [TEST_STEP][PASSED] - delay: Delayed 2 second(s)

2018-03-30 09:59:05 - [MESSAGE][PASSED] - Delayed 2 second(s)

2018-03-30 09:59:05 - [TEST_STEP][PASSED] - setText: Text 'jwaryas@bluewatertech.com' is set on object 'Object Repository/Page_Log in - US Leadgen/input_Email'

2018-03-30 09:59:05 - [MESSAGE][PASSED] - Text 'jwaryas@bluewatertech.com' is set on object 'Object Repository/Page_Log in - US Leadgen/input_Email'

2018-03-30 09:59:05 - [TEST_STEP][PASSED] - setText: Text 'Droop420!' is set on object 'Object Repository/Page_Log in - US Leadgen/input_Password'

2018-03-30 09:59:05 - [MESSAGE][PASSED] - Text 'Droop420!' is set on object 'Object Repository/Page_Log in - US Leadgen/input_Password'

2018-03-30 09:59:05 - [TEST_STEP][PASSED] - delay: Delayed 2 second(s)

2018-03-30 09:59:07 - [MESSAGE][PASSED] - Delayed 2 second(s)

2018-03-30 09:59:07 - [TEST_STEP][PASSED] - click: Object: 'Object Repository/Page_Log in - US Leadgen/input_btn btn-default' is clicked on

2018-03-30 09:59:07 - [MESSAGE][PASSED] - Object: 'Object Repository/Page_Log in - US Leadgen/input_btn btn-default' is clicked on

2018-03-30 09:59:07 - [TEST_STEP][PASSED] - delay: Delayed 2 second(s)

2018-03-30 09:59:09 - [MESSAGE][PASSED] - Delayed 2 second(s)

2018-03-30 09:59:09 - [TEST_STEP][PASSED] - mouseOver: Object: 'Object Repository/Page_Home Page - US Leadgen (1)/span_Account' is hovered

2018-03-30 09:59:09 - [MESSAGE][PASSED] - Object: 'Object Repository/Page_Home Page - US Leadgen (1)/span_Account' is hovered

2018-03-30 09:59:09 - [TEST_STEP][PASSED] - delay: Delayed 2 second(s)

2018-03-30 09:59:11 - [MESSAGE][PASSED] - Delayed 2 second(s)

2018-03-30 09:59:11 - [TEST_STEP][PASSED] - click: Object: 'Object Repository/Page_Home Page - US Leadgen (2)/span_Sign Out' is clicked on

2018-03-30 09:59:12 - [MESSAGE][PASSED] - Object: 'Object Repository/Page_Home Page - US Leadgen (2)/span_Sign Out' is clicked on

2018-03-30 09:59:12 - [TEST_STEP][PASSED] - delay: Delayed 2 second(s)

2018-03-30 09:59:14 - [MESSAGE][PASSED] - Delayed 2 second(s)

2018-03-30 09:59:14 - [TEST_STEP][PASSED] - mouseOver: Object: 'Object Repository/Page_Home Page - US Leadgen/a_Sign In' is hovered

2018-03-30 09:59:14 - [MESSAGE][PASSED] - Object: 'Object Repository/Page_Home Page - US Leadgen/a_Sign In' is hovered

2018-03-30 09:59:14 - [TEST_STEP][PASSED] - click: Object: 'Object Repository/Page_Home Page - US Leadgen/a_Sign In' is clicked on

2018-03-30 09:59:14 - [MESSAGE][PASSED] - Object: 'Object Repository/Page_Home Page - US Leadgen/a_Sign In' is clicked on

2018-03-30 09:59:14 - [TEST_STEP][PASSED] - delay: Delayed 2 second(s)

2018-03-30 09:59:16 - [MESSAGE][PASSED] - Delayed 2 second(s)

2018-03-30 09:59:16 - [TEST_STEP][PASSED] - setText: Text 'jwaryas@bluewatertech.com' is set on object 'Object Repository/Page_Log in - US Leadgen/input_Email'

2018-03-30 09:59:16 - [MESSAGE][PASSED] - Text 'jwaryas@bluewatertech.com' is set on object 'Object Repository/Page_Log in - US Leadgen/input_Email'

2018-03-30 09:59:16 - [TEST_STEP][PASSED] - setText: Text 'Droop420!' is set on object 'Object Repository/Page_Log in - US Leadgen/input_Password'

2018-03-30 09:59:16 - [MESSAGE][PASSED] - Text 'Droop420!' is set on object 'Object Repository/Page_Log in - US Leadgen/input_Password'

2018-03-30 09:59:16 - [TEST_STEP][PASSED] - delay: Delayed 2 second(s)

2018-03-30 09:59:18 - [MESSAGE][PASSED] - Delayed 2 second(s)

2018-03-30 09:59:18 - [TEST_STEP][PASSED] - click: Object: 'Object Repository/Page_Log in - US Leadgen/input_btn btn-default' is clicked on

2018-03-30 09:59:19 - [MESSAGE][PASSED] - Object: 'Object Repository/Page_Log in - US Leadgen/input_btn btn-default' is clicked on

2018-03-30 09:59:19 - [TEST_STEP][PASSED] - delay: Delayed 2 second(s)

2018-03-30 09:59:21 - [MESSAGE][PASSED] - Delayed 2 second(s)

2018-03-30 09:59:21 - [TEST_STEP][PASSED] - mouseOver: Object: 'Object Repository/Page_Home Page - US Leadgen (1)/span_Account' is hovered

2018-03-30 09:59:21 - [MESSAGE][PASSED] - Object: 'Object Repository/Page_Home Page - US Leadgen (1)/span_Account' is hovered

2018-03-30 09:59:21 - [TEST_STEP][PASSED] - delay: Delayed 2 second(s)

2018-03-30 09:59:23 - [MESSAGE][PASSED] - Delayed 2 second(s)

2018-03-30 09:59:23 - [TEST_STEP][PASSED] - click: Object: 'Object Repository/Page_Home Page - US Leadgen (2)/span_Sign Out' is clicked on

2018-03-30 09:59:23 - [MESSAGE][PASSED] - Object: 'Object Repository/Page_Home Page - US Leadgen (2)/span_Sign Out' is clicked on

2018-03-30 09:59:23 - [TEST_STEP][PASSED] - delay: Delayed 2 second(s)

2018-03-30 09:59:25 - [MESSAGE][PASSED] - Delayed 2 second(s)

2018-03-30 09:59:25 - [TEST_STEP][PASSED] - mouseOver: Object: 'Object Repository/Page_Home Page - US Leadgen/a_Sign In' is hovered

2018-03-30 09:59:25 - [MESSAGE][PASSED] - Object: 'Object Repository/Page_Home Page - US Leadgen/a_Sign In' is hovered

2018-03-30 09:59:25 - [TEST_STEP][PASSED] - click: Object: 'Object Repository/Page_Home Page - US Leadgen/a_Sign In' is clicked on

2018-03-30 09:59:25 - [MESSAGE][PASSED] - Object: 'Object Repository/Page_Home Page - US Leadgen/a_Sign In' is clicked on

2018-03-30 09:59:25 - [TEST_STEP][PASSED] - delay: Delayed 2 second(s)

2018-03-30 09:59:27 - [MESSAGE][PASSED] - Delayed 2 second(s)

2018-03-30 09:59:27 - [TEST_STEP][PASSED] - setText: Text 'jwaryas@bluewatertech.com' is set on object 'Object Repository/Page_Log in - US Leadgen/input_Email'

2018-03-30 09:59:28 - [MESSAGE][PASSED] - Text 'jwaryas@bluewatertech.com' is set on object 'Object Repository/Page_Log in - US Leadgen/input_Email'

2018-03-30 09:59:28 - [TEST_STEP][PASSED] - setText: Text 'Droop420!' is set on object 'Object Repository/Page_Log in - US Leadgen/input_Password'

2018-03-30 09:59:28 - [MESSAGE][PASSED] - Text 'Droop420!' is set on object 'Object Repository/Page_Log in - US Leadgen/input_Password'

2018-03-30 09:59:28 - [TEST_STEP][PASSED] - delay: Delayed 2 second(s)

2018-03-30 09:59:30 - [MESSAGE][PASSED] - Delayed 2 second(s)

2018-03-30 09:59:30 - [TEST_STEP][PASSED] - click: Object: 'Object Repository/Page_Log in - US Leadgen/input_btn btn-default' is clicked on

2018-03-30 09:59:30 - [MESSAGE][PASSED] - Object: 'Object Repository/Page_Log in - US Leadgen/input_btn btn-default' is clicked on

2018-03-30 09:59:30 - [TEST_STEP][PASSED] - delay: Delayed 2 second(s)

2018-03-30 09:59:32 - [MESSAGE][PASSED] - Delayed 2 second(s)

2018-03-30 09:59:32 - [TEST_STEP][PASSED] - mouseOver: Object: 'Object Repository/Page_Home Page - US Leadgen (1)/span_Account' is hovered

2018-03-30 09:59:32 - [MESSAGE][PASSED] - Object: 'Object Repository/Page_Home Page - US Leadgen (1)/span_Account' is hovered

2018-03-30 09:59:32 - [TEST_STEP][PASSED] - delay: Delayed 2 second(s)

2018-03-30 09:59:34 - [MESSAGE][PASSED] - Delayed 2 second(s)

2018-03-30 09:59:34 - [TEST_STEP][PASSED] - click: Object: 'Object Repository/Page_Home Page - US Leadgen (2)/span_Sign Out' is clicked on

2018-03-30 09:59:34 - [MESSAGE][PASSED] - Object: 'Object Repository/Page_Home Page - US Leadgen (2)/span_Sign Out' is clicked on

2018-03-30 09:59:34 - [TEST_STEP][PASSED] - delay: Delayed 2 second(s)

2018-03-30 09:59:36 - [MESSAGE][PASSED] - Delayed 2 second(s)

2018-03-30 09:59:36 - [TEST_STEP][PASSED] - mouseOver: Object: 'Object Repository/Page_Home Page - US Leadgen/a_Sign In' is hovered

2018-03-30 09:59:36 - [MESSAGE][PASSED] - Object: 'Object Repository/Page_Home Page - US Leadgen/a_Sign In' is hovered

2018-03-30 09:59:36 - [TEST_STEP][PASSED] - click: Object: 'Object Repository/Page_Home Page - US Leadgen/a_Sign In' is clicked on

2018-03-30 09:59:37 - [MESSAGE][PASSED] - Object: 'Object Repository/Page_Home Page - US Leadgen/a_Sign In' is clicked on

2018-03-30 09:59:37 - [TEST_STEP][PASSED] - delay: Delayed 2 second(s)

2018-03-30 09:59:39 - [MESSAGE][PASSED] - Delayed 2 second(s)

2018-03-30 09:59:39 - [TEST_STEP][PASSED] - setText: Text 'jwaryas@bluewatertech.com' is set on object 'Object Repository/Page_Log in - US Leadgen/input_Email'

2018-03-30 09:59:39 - [MESSAGE][PASSED] - Text 'jwaryas@bluewatertech.com' is set on object 'Object Repository/Page_Log in - US Leadgen/input_Email'

2018-03-30 09:59:39 - [TEST_STEP][PASSED] - setText: Text 'Droop420!' is set on object 'Object Repository/Page_Log in - US Leadgen/input_Password'

2018-03-30 09:59:39 - [MESSAGE][PASSED] - Text 'Droop420!' is set on object 'Object Repository/Page_Log in - US Leadgen/input_Password'

2018-03-30 09:59:39 - [TEST_STEP][PASSED] - delay: Delayed 2 second(s)

2018-03-30 09:59:41 - [MESSAGE][PASSED] - Delayed 2 second(s)

2018-03-30 09:59:41 - [TEST_STEP][PASSED] - click: Object: 'Object Repository/Page_Log in - US Leadgen/input_btn btn-default' is clicked on

2018-03-30 09:59:41 - [MESSAGE][PASSED] - Object: 'Object Repository/Page_Log in - US Leadgen/input_btn btn-default' is clicked on

2018-03-30 09:59:41 - [TEST_STEP][PASSED] - delay: Delayed 2 second(s)

2018-03-30 09:59:43 - [MESSAGE][PASSED] - Delayed 2 second(s)

2018-03-30 09:59:43 - [TEST_STEP][PASSED] - mouseOver: Object: 'Object Repository/Page_Home Page - US Leadgen (1)/span_Account' is hovered

2018-03-30 09:59:44 - [MESSAGE][PASSED] - Object: 'Object Repository/Page_Home Page - US Leadgen (1)/span_Account' is hovered

2018-03-30 09:59:44 - [TEST_STEP][PASSED] - delay: Delayed 2 second(s)

2018-03-30 09:59:46 - [MESSAGE][PASSED] - Delayed 2 second(s)

2018-03-30 09:59:46 - [TEST_STEP][PASSED] - click: Object: 'Object Repository/Page_Home Page - US Leadgen (2)/span_Sign Out' is clicked on

2018-03-30 09:59:46 - [MESSAGE][PASSED] - Object: 'Object Repository/Page_Home Page - US Leadgen (2)/span_Sign Out' is clicked on

2018-03-30 09:59:46 - [TEST_STEP][PASSED] - delay: Delayed 2 second(s)

2018-03-30 09:59:48 - [MESSAGE][PASSED] - Delayed 2 second(s)

2018-03-30 09:59:48 - [TEST_STEP][PASSED] - mouseOver: Object: 'Object Repository/Page_Home Page - US Leadgen/a_Sign In' is hovered

2018-03-30 09:59:48 - [MESSAGE][PASSED] - Object: 'Object Repository/Page_Home Page - US Leadgen/a_Sign In' is hovered

2018-03-30 09:59:48 - [TEST_STEP][PASSED] - click: Object: 'Object Repository/Page_Home Page - US Leadgen/a_Sign In' is clicked on

2018-03-30 09:59:48 - [MESSAGE][PASSED] - Object: 'Object Repository/Page_Home Page - US Leadgen/a_Sign In' is clicked on

2018-03-30 09:59:48 - [TEST_STEP][PASSED] - delay: Delayed 2 second(s)

2018-03-30 09:59:50 - [MESSAGE][PASSED] - Delayed 2 second(s)

2018-03-30 09:59:50 - [TEST_STEP][PASSED] - setText: Text 'jwaryas@bluewatertech.com' is set on object 'Object Repository/Page_Log in - US Leadgen/input_Email'

2018-03-30 09:59:50 - [MESSAGE][PASSED] - Text 'jwaryas@bluewatertech.com' is set on object 'Object Repository/Page_Log in - US Leadgen/input_Email'

2018-03-30 09:59:50 - [TEST_STEP][PASSED] - setText: Text 'Droop420!' is set on object 'Object Repository/Page_Log in - US Leadgen/input_Password'

2018-03-30 09:59:50 - [MESSAGE][PASSED] - Text 'Droop420!' is set on object 'Object Repository/Page_Log in - US Leadgen/input_Password'

2018-03-30 09:59:50 - [TEST_STEP][PASSED] - delay: Delayed 2 second(s)

2018-03-30 09:59:52 - [MESSAGE][PASSED] - Delayed 2 second(s)

2018-03-30 09:59:52 - [TEST_STEP][PASSED] - click: Object: 'Object Repository/Page_Log in - US Leadgen/input_btn btn-default' is clicked on

2018-03-30 09:59:53 - [MESSAGE][PASSED] - Object: 'Object Repository/Page_Log in - US Leadgen/input_btn btn-default' is clicked on

2018-03-30 09:59:53 - [TEST_STEP][PASSED] - delay: Delayed 2 second(s)

2018-03-30 09:59:55 - [MESSAGE][PASSED] - Delayed 2 second(s)

2018-03-30 09:59:55 - [TEST_STEP][PASSED] - mouseOver: Object: 'Object Repository/Page_Home Page - US Leadgen (1)/span_Account' is hovered

2018-03-30 09:59:55 - [MESSAGE][PASSED] - Object: 'Object Repository/Page_Home Page - US Leadgen (1)/span_Account' is hovered

2018-03-30 09:59:55 - [TEST_STEP][PASSED] - delay: Delayed 2 second(s)

2018-03-30 09:59:57 - [MESSAGE][PASSED] - Delayed 2 second(s)

2018-03-30 09:59:57 - [TEST_STEP][PASSED] - click: Object: 'Object Repository/Page_Home Page - US Leadgen (2)/span_Sign Out' is clicked on

2018-03-30 09:59:57 - [MESSAGE][PASSED] - Object: 'Object Repository/Page_Home Page - US Leadgen (2)/span_Sign Out' is clicked on

2018-03-30 09:59:57 - [TEST_STEP][PASSED] - delay: Delayed 2 second(s)

2018-03-30 09:59:59 - [MESSAGE][PASSED] - Delayed 2 second(s)

2018-03-30 09:59:59 - [TEST_STEP][PASSED] - mouseOver: Object: 'Object Repository/Page_Home Page - US Leadgen/a_Sign In' is hovered

2018-03-30 09:59:59 - [MESSAGE][PASSED] - Object: 'Object Repository/Page_Home Page - US Leadgen/a_Sign In' is hovered

2018-03-30 09:59:59 - [TEST_STEP][PASSED] - click: Object: 'Object Repository/Page_Home Page - US Leadgen/a_Sign In' is clicked on

2018-03-30 10:00:00 - [MESSAGE][PASSED] - Object: 'Object Repository/Page_Home Page - US Leadgen/a_Sign In' is clicked on

2018-03-30 10:00:00 - [TEST_STEP][PASSED] - delay: Delayed 2 second(s)

2018-03-30 10:00:02 - [MESSAGE][PASSED] - Delayed 2 second(s)

2018-03-30 10:00:02 - [TEST_STEP][PASSED] - setText: Text 'jwaryas@bluewatertech.com' is set on object 'Object Repository/Page_Log in - US Leadgen/input_Email'

2018-03-30 10:00:02 - [MESSAGE][PASSED] - Text 'jwaryas@bluewatertech.com' is set on object 'Object Repository/Page_Log in - US Leadgen/input_Email'

2018-03-30 10:00:02 - [TEST_STEP][PASSED] - setText: Text 'Droop420!' is set on object 'Object Repository/Page_Log in - US Leadgen/input_Password'

2018-03-30 10:00:02 - [MESSAGE][PASSED] - Text 'Droop420!' is set on object 'Object Repository/Page_Log in - US Leadgen/input_Password'

2018-03-30 10:00:02 - [TEST_STEP][PASSED] - delay: Delayed 2 second(s)

2018-03-30 10:00:04 - [MESSAGE][PASSED] - Delayed 2 second(s)

2018-03-30 10:00:04 - [TEST_STEP][PASSED] - click: Object: 'Object Repository/Page_Log in - US Leadgen/input_btn btn-default' is clicked on

2018-03-30 10:00:04 - [MESSAGE][PASSED] - Object: 'Object Repository/Page_Log in - US Leadgen/input_btn btn-default' is clicked on

2018-03-30 10:00:04 - [TEST_STEP][PASSED] - delay: Delayed 2 second(s)

2018-03-30 10:00:06 - [MESSAGE][PASSED] - Delayed 2 second(s)

2018-03-30 10:00:06 - [TEST_STEP][PASSED] - mouseOver: Object: 'Object Repository/Page_Home Page - US Leadgen (1)/span_Account' is hovered

2018-03-30 10:00:06 - [MESSAGE][PASSED] - Object: 'Object Repository/Page_Home Page - US Leadgen (1)/span_Account' is hovered

2018-03-30 10:00:06 - [TEST_STEP][PASSED] - delay: Delayed 2 second(s)

2018-03-30 10:00:08 - [MESSAGE][PASSED] - Delayed 2 second(s)

2018-03-30 10:00:08 - [TEST_STEP][PASSED] - click: Object: 'Object Repository/Page_Home Page - US Leadgen (2)/span_Sign Out' is clicked on

2018-03-30 10:00:09 - [MESSAGE][PASSED] - Object: 'Object Repository/Page_Home Page - US Leadgen (2)/span_Sign Out' is clicked on

2018-03-30 10:00:09 - [TEST_STEP][PASSED] - delay: Delayed 2 second(s)

2018-03-30 10:00:11 - [MESSAGE][PASSED] - Delayed 2 second(s)

2018-03-30 10:00:11 - [TEST_STEP][PASSED] - mouseOver: Object: 'Object Repository/Page_Home Page - US Leadgen/a_Sign In' is hovered

2018-03-30 10:00:11 - [MESSAGE][PASSED] - Object: 'Object Repository/Page_Home Page - US Leadgen/a_Sign In' is hovered

2018-03-30 10:00:11 - [TEST_STEP][PASSED] - click: Object: 'Object Repository/Page_Home Page - US Leadgen/a_Sign In' is clicked on

2018-03-30 10:00:11 - [MESSAGE][PASSED] - Object: 'Object Repository/Page_Home Page - US Leadgen/a_Sign In' is clicked on

2018-03-30 10:00:11 - [TEST_STEP][PASSED] - delay: Delayed 2 second(s)

2018-03-30 10:00:13 - [MESSAGE][PASSED] - Delayed 2 second(s)

2018-03-30 10:00:13 - [TEST_STEP][PASSED] - setText: Text 'jwaryas@bluewatertech.com' is set on object 'Object Repository/Page_Log in - US Leadgen/input_Email'

2018-03-30 10:00:13 - [MESSAGE][PASSED] - Text 'jwaryas@bluewatertech.com' is set on object 'Object Repository/Page_Log in - US Leadgen/input_Email'

2018-03-30 10:00:13 - [TEST_STEP][PASSED] - setText: Text 'Droop420!' is set on object 'Object Repository/Page_Log in - US Leadgen/input_Password'

2018-03-30 10:00:13 - [MESSAGE][PASSED] - Text 'Droop420!' is set on object 'Object Repository/Page_Log in - US Leadgen/input_Password'

2018-03-30 10:00:13 - [TEST_STEP][PASSED] - delay: Delayed 2 second(s)

2018-03-30 10:00:15 - [MESSAGE][PASSED] - Delayed 2 second(s)

2018-03-30 10:00:15 - [TEST_STEP][PASSED] - click: Object: 'Object Repository/Page_Log in - US Leadgen/input_btn btn-default' is clicked on

2018-03-30 10:00:16 - [MESSAGE][PASSED] - Object: 'Object Repository/Page_Log in - US Leadgen/input_btn btn-default' is clicked on

2018-03-30 10:00:16 - [TEST_STEP][PASSED] - delay: Delayed 2 second(s)

2018-03-30 10:00:18 - [MESSAGE][PASSED] - Delayed 2 second(s)

2018-03-30 10:00:18 - [TEST_STEP][PASSED] - mouseOver: Object: 'Object Repository/Page_Home Page - US Leadgen (1)/span_Account' is hovered

2018-03-30 10:00:18 - [MESSAGE][PASSED] - Object: 'Object Repository/Page_Home Page - US Leadgen (1)/span_Account' is hovered

2018-03-30 10:00:18 - [TEST_STEP][PASSED] - delay: Delayed 2 second(s)

2018-03-30 10:00:20 - [MESSAGE][PASSED] - Delayed 2 second(s)

2018-03-30 10:00:20 - [TEST_STEP][PASSED] - click: Object: 'Object Repository/Page_Home Page - US Leadgen (2)/span_Sign Out' is clicked on

2018-03-30 10:00:20 - [MESSAGE][PASSED] - Object: 'Object Repository/Page_Home Page - US Leadgen (2)/span_Sign Out' is clicked on

2018-03-30 10:00:20 - [TEST_STEP][PASSED] - delay: Delayed 2 second(s)

2018-03-30 10:00:22 - [MESSAGE][PASSED] - Delayed 2 second(s)

2018-03-30 10:00:22 - [TEST_STEP][PASSED] - mouseOver: Object: 'Object Repository/Page_Home Page - US Leadgen/a_Sign In' is hovered

2018-03-30 10:00:22 - [MESSAGE][PASSED] - Object: 'Object Repository/Page_Home Page - US Leadgen/a_Sign In' is hovered

2018-03-30 10:00:22 - [TEST_STEP][PASSED] - click: Object: 'Object Repository/Page_Home Page - US Leadgen/a_Sign In' is clicked on

2018-03-30 10:00:22 - [MESSAGE][PASSED] - Object: 'Object Repository/Page_Home Page - US Leadgen/a_Sign In' is clicked on

2018-03-30 10:00:22 - [TEST_STEP][PASSED] - delay: Delayed 2 second(s)

2018-03-30 10:00:24 - [MESSAGE][PASSED] - Delayed 2 second(s)

2018-03-30 10:00:24 - [TEST_STEP][PASSED] - setText: Text 'jwaryas@bluewatertech.com' is set on object 'Object Repository/Page_Log in - US Leadgen/input_Email'

2018-03-30 10:00:25 - [MESSAGE][PASSED] - Text 'jwaryas@bluewatertech.com' is set on object 'Object Repository/Page_Log in - US Leadgen/input_Email'

2018-03-30 10:00:25 - [TEST_STEP][PASSED] - setText: Text 'Droop420!' is set on object 'Object Repository/Page_Log in - US Leadgen/input_Password'

2018-03-30 10:00:25 - [MESSAGE][PASSED] - Text 'Droop420!' is set on object 'Object Repository/Page_Log in - US Leadgen/input_Password'

2018-03-30 10:00:25 - [TEST_STEP][PASSED] - delay: Delayed 2 second(s)

2018-03-30 10:00:27 - [MESSAGE][PASSED] - Delayed 2 second(s)

2018-03-30 10:00:27 - [TEST_STEP][PASSED] - click: Object: 'Object Repository/Page_Log in - US Leadgen/input_btn btn-default' is clicked on

2018-03-30 10:00:27 - [MESSAGE][PASSED] - Object: 'Object Repository/Page_Log in - US Leadgen/input_btn btn-default' is clicked on

2018-03-30 10:00:27 - [TEST_STEP][PASSED] - delay: Delayed 2 second(s)

2018-03-30 10:00:29 - [MESSAGE][PASSED] - Delayed 2 second(s)

2018-03-30 10:00:29 - [TEST_STEP][PASSED] - mouseOver: Object: 'Object Repository/Page_Home Page - US Leadgen (1)/span_Account' is hovered

2018-03-30 10:00:29 - [MESSAGE][PASSED] - Object: 'Object Repository/Page_Home Page - US Leadgen (1)/span_Account' is hovered

2018-03-30 10:00:29 - [TEST_STEP][PASSED] - delay: Delayed 2 second(s)

2018-03-30 10:00:31 - [MESSAGE][PASSED] - Delayed 2 second(s)

2018-03-30 10:00:31 - [TEST_STEP][PASSED] - click: Object: 'Object Repository/Page_Home Page - US Leadgen (2)/span_Sign Out' is clicked on

2018-03-30 10:00:31 - [MESSAGE][PASSED] - Object: 'Object Repository/Page_Home Page - US Leadgen (2)/span_Sign Out' is clicked on

2018-03-30 10:00:31 - [TEST_STEP][PASSED] - delay: Delayed 2 second(s)

2018-03-30 10:00:33 - [MESSAGE][PASSED] - Delayed 2 second(s)

2018-03-30 10:00:33 - [TEST_STEP][PASSED] - mouseOver: Object: 'Object Repository/Page_Home Page - US Leadgen/a_Sign In' is hovered

2018-03-30 10:00:33 - [MESSAGE][PASSED] - Object: 'Object Repository/Page_Home Page - US Leadgen/a_Sign In' is hovered

2018-03-30 10:00:33 - [TEST_STEP][PASSED] - click: Object: 'Object Repository/Page_Home Page - US Leadgen/a_Sign In' is clicked on

2018-03-30 10:00:34 - [MESSAGE][PASSED] - Object: 'Object Repository/Page_Home Page - US Leadgen/a_Sign In' is clicked on

2018-03-30 10:00:34 - [TEST_STEP][PASSED] - delay: Delayed 2 second(s)

2018-03-30 10:00:36 - [MESSAGE][PASSED] - Delayed 2 second(s)

2018-03-30 10:00:36 - [TEST_STEP][PASSED] - setText: Text 'jwaryas@bluewatertech.com' is set on object 'Object Repository/Page_Log in - US Leadgen/input_Email'

2018-03-30 10:00:36 - [MESSAGE][PASSED] - Text 'jwaryas@bluewatertech.com' is set on object 'Object Repository/Page_Log in - US Leadgen/input_Email'

2018-03-30 10:00:36 - [TEST_STEP][PASSED] - setText: Text 'Droop420!' is set on object 'Object Repository/Page_Log in - US Leadgen/input_Password'

2018-03-30 10:00:36 - [MESSAGE][PASSED] - Text 'Droop420!' is set on object 'Object Repository/Page_Log in - US Leadgen/input_Password'

2018-03-30 10:00:36 - [TEST_STEP][PASSED] - delay: Delayed 2 second(s)

2018-03-30 10:00:38 - [MESSAGE][PASSED] - Delayed 2 second(s)

2018-03-30 10:00:38 - [TEST_STEP][PASSED] - click: Object: 'Object Repository/Page_Log in - US Leadgen/input_btn btn-default' is clicked on

2018-03-30 10:00:38 - [MESSAGE][PASSED] - Object: 'Object Repository/Page_Log in - US Leadgen/input_btn btn-default' is clicked on

2018-03-30 10:00:38 - [TEST_STEP][PASSED] - delay: Delayed 2 second(s)

2018-03-30 10:00:40 - [MESSAGE][PASSED] - Delayed 2 second(s)

2018-03-30 10:00:40 - [TEST_STEP][PASSED] - mouseOver: Object: 'Object Repository/Page_Home Page - US Leadgen (1)/span_Account' is hovered

2018-03-30 10:00:40 - [MESSAGE][PASSED] - Object: 'Object Repository/Page_Home Page - US Leadgen (1)/span_Account' is hovered

2018-03-30 10:00:40 - [TEST_STEP][PASSED] - delay: Delayed 2 second(s)

2018-03-30 10:00:42 - [MESSAGE][PASSED] - Delayed 2 second(s)

2018-03-30 10:00:42 - [TEST_STEP][PASSED] - click: Object: 'Object Repository/Page_Home Page - US Leadgen (2)/span_Sign Out' is clicked on

2018-03-30 10:00:43 - [MESSAGE][PASSED] - Object: 'Object Repository/Page_Home Page - US Leadgen (2)/span_Sign Out' is clicked on

2018-03-30 10:00:43 - [TEST_STEP][PASSED] - delay: Delayed 2 second(s)

2018-03-30 10:00:45 - [MESSAGE][PASSED] - Delayed 2 second(s)

2018-03-30 10:00:45 - [TEST_STEP][PASSED] - mouseOver: Object: 'Object Repository/Page_Home Page - US Leadgen/a_Sign In' is hovered

2018-03-30 10:00:45 - [MESSAGE][PASSED] - Object: 'Object Repository/Page_Home Page - US Leadgen/a_Sign In' is hovered

2018-03-30 10:00:45 - [TEST_STEP][PASSED] - click: Object: 'Object Repository/Page_Home Page - US Leadgen/a_Sign In' is clicked on

2018-03-30 10:00:45 - [MESSAGE][PASSED] - Object: 'Object Repository/Page_Home Page - US Leadgen/a_Sign In' is clicked on

2018-03-30 10:00:45 - [TEST_STEP][PASSED] - delay: Delayed 2 second(s)

2018-03-30 10:00:47 - [MESSAGE][PASSED] - Delayed 2 second(s)

2018-03-30 10:00:47 - [TEST_STEP][PASSED] - setText: Text 'jwaryas@bluewatertech.com' is set on object 'Object Repository/Page_Log in - US Leadgen/input_Email'

2018-03-30 10:00:47 - [MESSAGE][PASSED] - Text 'jwaryas@bluewatertech.com' is set on object 'Object Repository/Page_Log in - US Leadgen/input_Email'

2018-03-30 10:00:47 - [TEST_STEP][PASSED] - setText: Text 'Droop420!' is set on object 'Object Repository/Page_Log in - US Leadgen/input_Password'

2018-03-30 10:00:47 - [MESSAGE][PASSED] - Text 'Droop420!' is set on object 'Object Repository/Page_Log in - US Leadgen/input_Password'

2018-03-30 10:00:47 - [TEST_STEP][PASSED] - delay: Delayed 2 second(s)

2018-03-30 10:00:49 - [MESSAGE][PASSED] - Delayed 2 second(s)

2018-03-30 10:00:49 - [TEST_STEP][PASSED] - click: Object: 'Object Repository/Page_Log in - US Leadgen/input_btn btn-default' is clicked on

2018-03-30 10:00:50 - [MESSAGE][PASSED] - Object: 'Object Repository/Page_Log in - US Leadgen/input_btn btn-default' is clicked on

2018-03-30 10:00:50 - [TEST_STEP][PASSED] - delay: Delayed 2 second(s)

2018-03-30 10:00:52 - [MESSAGE][PASSED] - Delayed 2 second(s)

2018-03-30 10:00:52 - [TEST_STEP][PASSED] - mouseOver: Object: 'Object Repository/Page_Home Page - US Leadgen (1)/span_Account' is hovered

2018-03-30 10:00:52 - [MESSAGE][PASSED] - Object: 'Object Repository/Page_Home Page - US Leadgen (1)/span_Account' is hovered

2018-03-30 10:00:52 - [TEST_STEP][PASSED] - delay: Delayed 2 second(s)

2018-03-30 10:00:54 - [MESSAGE][PASSED] - Delayed 2 second(s)

2018-03-30 10:00:54 - [TEST_STEP][PASSED] - click: Object: 'Object Repository/Page_Home Page - US Leadgen (2)/span_Sign Out' is clicked on

2018-03-30 10:00:54 - [MESSAGE][PASSED] - Object: 'Object Repository/Page_Home Page - US Leadgen (2)/span_Sign Out' is clicked on

2018-03-30 10:00:54 - [TEST_STEP][PASSED] - delay: Delayed 2 second(s)

2018-03-30 10:00:56 - [MESSAGE][PASSED] - Delayed 2 second(s)

2018-03-30 10:00:56 - [TEST_STEP][PASSED] - mouseOver: Object: 'Object Repository/Page_Home Page - US Leadgen/a_Sign In' is hovered

2018-03-30 10:00:56 - [MESSAGE][PASSED] - Object: 'Object Repository/Page_Home Page - US Leadgen/a_Sign In' is hovered

2018-03-30 10:00:56 - [TEST_STEP][PASSED] - click: Object: 'Object Repository/Page_Home Page - US Leadgen/a_Sign In' is clicked on

2018-03-30 10:00:56 - [MESSAGE][PASSED] - Object: 'Object Repository/Page_Home Page - US Leadgen/a_Sign In' is clicked on

2018-03-30 10:00:56 - [TEST_STEP][PASSED] - delay: Delayed 2 second(s)

2018-03-30 10:00:58 - [MESSAGE][PASSED] - Delayed 2 second(s)

2018-03-30 10:00:58 - [TEST_STEP][PASSED] - setText: Text 'jwaryas@bluewatertech.com' is set on object 'Object Repository/Page_Log in - US Leadgen/input_Email'

2018-03-30 10:00:59 - [MESSAGE][PASSED] - Text 'jwaryas@bluewatertech.com' is set on object 'Object Repository/Page_Log in - US Leadgen/input_Email'

2018-03-30 10:00:59 - [TEST_STEP][PASSED] - setText: Text 'Droop420!' is set on object 'Object Repository/Page_Log in - US Leadgen/input_Password'

2018-03-30 10:00:59 - [MESSAGE][PASSED] - Text 'Droop420!' is set on object 'Object Repository/Page_Log in - US Leadgen/input_Password'

2018-03-30 10:00:59 - [TEST_STEP][PASSED] - delay: Delayed 2 second(s)

2018-03-30 10:01:01 - [MESSAGE][PASSED] - Delayed 2 second(s)

2018-03-30 10:01:01 - [TEST_STEP][PASSED] - click: Object: 'Object Repository/Page_Log in - US Leadgen/input_btn btn-default' is clicked on

2018-03-30 10:01:01 - [MESSAGE][PASSED] - Object: 'Object Repository/Page_Log in - US Leadgen/input_btn btn-default' is clicked on

2018-03-30 10:01:01 - [TEST_STEP][PASSED] - delay: Delayed 2 second(s)

2018-03-30 10:01:03 - [MESSAGE][PASSED] - Delayed 2 second(s)

2018-03-30 10:01:03 - [TEST_STEP][PASSED] - mouseOver: Object: 'Object Repository/Page_Home Page - US Leadgen (1)/span_Account' is hovered

2018-03-30 10:01:03 - [MESSAGE][PASSED] - Object: 'Object Repository/Page_Home Page - US Leadgen (1)/span_Account' is hovered

2018-03-30 10:01:03 - [TEST_STEP][PASSED] - delay: Delayed 2 second(s)

2018-03-30 10:01:05 - [MESSAGE][PASSED] - Delayed 2 second(s)

2018-03-30 10:01:05 - [TEST_STEP][PASSED] - click: Object: 'Object Repository/Page_Home Page - US Leadgen (2)/span_Sign Out' is clicked on

2018-03-30 10:01:05 - [MESSAGE][PASSED] - Object: 'Object Repository/Page_Home Page - US Leadgen (2)/span_Sign Out' is clicked on

2018-03-30 10:01:05 - [TEST_STEP][PASSED] - closeBrowser: Browser is closed

2018-03-30 10:01:06 - [MESSAGE][PASSED] - Browser is closed]]></system-out>
         <system-err><![CDATA[]]></system-err>
      </testcase>
      <testcase name="Test Cases/Browser Start" classname="Test Cases/Browser Start" status="PASSED">
         <system-out><![CDATA[2018-03-30 10:01:06 - [TEST_CASE][PASSED] - Test Cases/Browser Start: Test Cases/Browser Start

2018-03-30 10:01:06 - [TEST_STEP][PASSED] - openBrowser: Browser is opened with url: ''

2018-03-30 10:01:08 - [MESSAGE][PASSED] - Browser is opened with url: ''

2018-03-30 10:01:08 - [TEST_STEP][PASSED] - maximizeWindow: Current window maximized

2018-03-30 10:01:09 - [MESSAGE][PASSED] - Current window maximized

2018-03-30 10:01:09 - [TEST_STEP][PASSED] - navigateToUrl: Navigate to 'https://us-dev.gmli2.bluewatertech.host' successfully

2018-03-30 10:01:11 - [MESSAGE][PASSED] - Navigate to 'https://us-dev.gmli2.bluewatertech.host' successfully

2018-03-30 10:01:11 - [TEST_STEP][PASSED] - delay: Delayed 5 second(s)

2018-03-30 10:01:16 - [MESSAGE][PASSED] - Delayed 5 second(s)

2018-03-30 10:01:16 - [TEST_STEP][PASSED] - comment: Use this test script to open and navigate to the website needed. This all can be edited for other websites too.]]></system-out>
         <system-err><![CDATA[]]></system-err>
      </testcase>
      <testcase name="Test Cases/Logging In" classname="Test Cases/Logging In" status="PASSED">
         <system-out><![CDATA[2018-03-30 10:01:16 - [TEST_CASE][PASSED] - Test Cases/Logging In: Test Cases/Logging In

2018-03-30 10:01:16 - [TEST_STEP][NOT_RUN] - openBrowser: NOT_RUN: openBrowser

2018-03-30 10:01:16 - [MESSAGE][NOT_RUN] - NOT_RUN: openBrowser

2018-03-30 10:01:16 - [TEST_STEP][NOT_RUN] - delay: NOT_RUN: delay

2018-03-30 10:01:16 - [MESSAGE][NOT_RUN] - NOT_RUN: delay

2018-03-30 10:01:16 - [TEST_STEP][NOT_RUN] - maximizeWindow: NOT_RUN: maximizeWindow

2018-03-30 10:01:16 - [MESSAGE][NOT_RUN] - NOT_RUN: maximizeWindow

2018-03-30 10:01:16 - [TEST_STEP][NOT_RUN] - navigateToUrl: NOT_RUN: navigateToUrl

2018-03-30 10:01:16 - [MESSAGE][NOT_RUN] - NOT_RUN: navigateToUrl

2018-03-30 10:01:16 - [TEST_STEP][PASSED] - comment: Diabled for a reason. If you want to just run this test case enable then disable once you are done.

2018-03-30 10:01:16 - [TEST_STEP][PASSED] - delay: Delayed 2 second(s)

2018-03-30 10:01:18 - [MESSAGE][PASSED] - Delayed 2 second(s)

2018-03-30 10:01:18 - [TEST_STEP][PASSED] - click: Object: 'Object Repository/Page_Home Page - US Leadgen/a_Sign In' is clicked on

2018-03-30 10:01:18 - [MESSAGE][PASSED] - Object: 'Object Repository/Page_Home Page - US Leadgen/a_Sign In' is clicked on

2018-03-30 10:01:18 - [TEST_STEP][PASSED] - comment: Once this is selected the user can sign in

2018-03-30 10:01:18 - [TEST_STEP][PASSED] - setText: Text 'jwaryas@bluewatertech.com' is set on object 'Object Repository/Page_Log in - US Leadgen/input_Email'

2018-03-30 10:01:18 - [MESSAGE][PASSED] - Text 'jwaryas@bluewatertech.com' is set on object 'Object Repository/Page_Log in - US Leadgen/input_Email'

2018-03-30 10:01:18 - [TEST_STEP][PASSED] - delay: Delayed 1 second(s)

2018-03-30 10:01:19 - [MESSAGE][PASSED] - Delayed 1 second(s)

2018-03-30 10:01:19 - [TEST_STEP][PASSED] - setText: Text 'Droop420!' is set on object 'Object Repository/Page_Log in - US Leadgen/input_Password'

2018-03-30 10:01:20 - [MESSAGE][PASSED] - Text 'Droop420!' is set on object 'Object Repository/Page_Log in - US Leadgen/input_Password'

2018-03-30 10:01:20 - [TEST_STEP][PASSED] - delay: Delayed 1 second(s)

2018-03-30 10:01:21 - [MESSAGE][PASSED] - Delayed 1 second(s)

2018-03-30 10:01:21 - [TEST_STEP][PASSED] - click: Object: 'Object Repository/Page_Log in - US Leadgen/input_btn btn-default' is clicked on

2018-03-30 10:01:21 - [MESSAGE][PASSED] - Object: 'Object Repository/Page_Log in - US Leadgen/input_btn btn-default' is clicked on]]></system-out>
         <system-err><![CDATA[]]></system-err>
      </testcase>
      <testcase name="Test Cases/Regression - Button Pushes" classname="Test Cases/Regression - Button Pushes" status="PASSED">
         <system-out><![CDATA[2018-03-30 10:01:21 - [TEST_CASE][PASSED] - Test Cases/Regression - Button Pushes: Test Cases/Regression - Button Pushes

2018-03-30 10:01:21 - [TEST_STEP][NOT_RUN] - openBrowser: NOT_RUN: openBrowser

2018-03-30 10:01:21 - [MESSAGE][NOT_RUN] - NOT_RUN: openBrowser

2018-03-30 10:01:21 - [TEST_STEP][NOT_RUN] - navigateToUrl: NOT_RUN: navigateToUrl

2018-03-30 10:01:21 - [MESSAGE][NOT_RUN] - NOT_RUN: navigateToUrl

2018-03-30 10:01:21 - [TEST_STEP][NOT_RUN] - maximizeWindow: NOT_RUN: maximizeWindow

2018-03-30 10:01:21 - [MESSAGE][NOT_RUN] - NOT_RUN: maximizeWindow

2018-03-30 10:01:21 - [TEST_STEP][NOT_RUN] - delay: NOT_RUN: delay

2018-03-30 10:01:21 - [MESSAGE][NOT_RUN] - NOT_RUN: delay

2018-03-30 10:01:21 - [TEST_STEP][NOT_RUN] - callTestCase: NOT_RUN: callTestCase

2018-03-30 10:01:21 - [MESSAGE][NOT_RUN] - NOT_RUN: callTestCase

2018-03-30 10:01:21 - [TEST_STEP][PASSED] - comment: These are disabled for a reason. DO NOT ENABLE UNLESS YOU ARE TESTING THIS PART ONLY

2018-03-30 10:01:21 - [TEST_STEP][PASSED] - mouseOver: Object: 'Object Repository/Page_Home Page - US Leadgen (1)/span_Administration' is hovered

2018-03-30 10:01:21 - [MESSAGE][PASSED] - Object: 'Object Repository/Page_Home Page - US Leadgen (1)/span_Administration' is hovered

2018-03-30 10:01:21 - [TEST_STEP][PASSED] - comment: Mouse over is used to hover over "Administration"

2018-03-30 10:01:21 - [TEST_STEP][PASSED] - delay: Delayed 2 second(s)

2018-03-30 10:01:23 - [MESSAGE][PASSED] - Delayed 2 second(s)

2018-03-30 10:01:23 - [TEST_STEP][PASSED] - comment: Delay is used to let the web app load. 

2018-03-30 10:01:23 - [TEST_STEP][PASSED] - click: Object: 'Object Repository/Page_Home Page - US Leadgen (3)/a_Held Leads' is clicked on

2018-03-30 10:01:25 - [MESSAGE][PASSED] - Object: 'Object Repository/Page_Home Page - US Leadgen (3)/a_Held Leads' is clicked on

2018-03-30 10:01:25 - [TEST_STEP][PASSED] - delay: Delayed 1 second(s)

2018-03-30 10:01:26 - [MESSAGE][PASSED] - Delayed 1 second(s)

2018-03-30 10:01:26 - [TEST_STEP][PASSED] - click: Object: 'Object Repository/Page_- US Leadgen/a_Pending Groups' is clicked on

2018-03-30 10:01:26 - [MESSAGE][PASSED] - Object: 'Object Repository/Page_- US Leadgen/a_Pending Groups' is clicked on

2018-03-30 10:01:26 - [TEST_STEP][PASSED] - delay: Delayed 1 second(s)

2018-03-30 10:01:27 - [MESSAGE][PASSED] - Delayed 1 second(s)

2018-03-30 10:01:27 - [TEST_STEP][PASSED] - click: Object: 'Object Repository/Page_- US Leadgen/a_Overridden Leads Report' is clicked on

2018-03-30 10:01:27 - [MESSAGE][PASSED] - Object: 'Object Repository/Page_- US Leadgen/a_Overridden Leads Report' is clicked on

2018-03-30 10:01:27 - [TEST_STEP][PASSED] - delay: Delayed 1 second(s)

2018-03-30 10:01:28 - [MESSAGE][PASSED] - Delayed 1 second(s)

2018-03-30 10:01:28 - [TEST_STEP][PASSED] - click: Object: 'Object Repository/Page_- US Leadgen/a_Pending Groups' is clicked on

2018-03-30 10:01:28 - [MESSAGE][PASSED] - Object: 'Object Repository/Page_- US Leadgen/a_Pending Groups' is clicked on

2018-03-30 10:01:28 - [TEST_STEP][PASSED] - delay: Delayed 1 second(s)

2018-03-30 10:01:29 - [MESSAGE][PASSED] - Delayed 1 second(s)

2018-03-30 10:01:29 - [TEST_STEP][PASSED] - click: Object: 'Object Repository/Page_- US Leadgen/a_Incoming Held Leads' is clicked on

2018-03-30 10:01:29 - [MESSAGE][PASSED] - Object: 'Object Repository/Page_- US Leadgen/a_Incoming Held Leads' is clicked on

2018-03-30 10:01:29 - [TEST_STEP][PASSED] - delay: Delayed 2 second(s)

2018-03-30 10:01:31 - [MESSAGE][PASSED] - Delayed 2 second(s)

2018-03-30 10:01:31 - [TEST_STEP][PASSED] - mouseOver: Object: 'Object Repository/Page_Home Page - US Leadgen (1)/span_Administration' is hovered

2018-03-30 10:01:31 - [MESSAGE][PASSED] - Object: 'Object Repository/Page_Home Page - US Leadgen (1)/span_Administration' is hovered

2018-03-30 10:01:31 - [TEST_STEP][PASSED] - delay: Delayed 2 second(s)

2018-03-30 10:01:33 - [MESSAGE][PASSED] - Delayed 2 second(s)

2018-03-30 10:01:33 - [TEST_STEP][PASSED] - click: Object: 'Object Repository/Page_- US Leadgen/a_VMM Updates' is clicked on

2018-03-30 10:01:34 - [MESSAGE][PASSED] - Object: 'Object Repository/Page_- US Leadgen/a_VMM Updates' is clicked on

2018-03-30 10:01:34 - [TEST_STEP][PASSED] - delay: Delayed 1 second(s)

2018-03-30 10:01:35 - [MESSAGE][PASSED] - Delayed 1 second(s)

2018-03-30 10:01:35 - [TEST_STEP][PASSED] - mouseOver: Object: 'Object Repository/Page_Home Page - US Leadgen (1)/span_Administration' is hovered

2018-03-30 10:01:35 - [MESSAGE][PASSED] - Object: 'Object Repository/Page_Home Page - US Leadgen (1)/span_Administration' is hovered

2018-03-30 10:01:35 - [TEST_STEP][PASSED] - delay: Delayed 2 second(s)

2018-03-30 10:01:37 - [MESSAGE][PASSED] - Delayed 2 second(s)

2018-03-30 10:01:37 - [TEST_STEP][PASSED] - click: Object: 'Object Repository/Page_- US Leadgen/a_Dealerships' is clicked on

2018-03-30 10:01:37 - [MESSAGE][PASSED] - Object: 'Object Repository/Page_- US Leadgen/a_Dealerships' is clicked on

2018-03-30 10:01:37 - [TEST_STEP][PASSED] - delay: Delayed 1 second(s)

2018-03-30 10:01:38 - [MESSAGE][PASSED] - Delayed 1 second(s)

2018-03-30 10:01:38 - [TEST_STEP][PASSED] - mouseOver: Object: 'Object Repository/Page_Home Page - US Leadgen (1)/span_Administration' is hovered

2018-03-30 10:01:38 - [MESSAGE][PASSED] - Object: 'Object Repository/Page_Home Page - US Leadgen (1)/span_Administration' is hovered

2018-03-30 10:01:38 - [TEST_STEP][PASSED] - delay: Delayed 2 second(s)

2018-03-30 10:01:40 - [MESSAGE][PASSED] - Delayed 2 second(s)

2018-03-30 10:01:40 - [TEST_STEP][PASSED] - click: Object: 'Object Repository/Page_- US Leadgen/a_Zip Codes' is clicked on

2018-03-30 10:01:41 - [MESSAGE][PASSED] - Object: 'Object Repository/Page_- US Leadgen/a_Zip Codes' is clicked on

2018-03-30 10:01:41 - [TEST_STEP][PASSED] - delay: Delayed 1 second(s)

2018-03-30 10:01:42 - [MESSAGE][PASSED] - Delayed 1 second(s)

2018-03-30 10:01:42 - [TEST_STEP][PASSED] - mouseOver: Object: 'Object Repository/Page_Home Page - US Leadgen (1)/span_Administration' is hovered

2018-03-30 10:01:42 - [MESSAGE][PASSED] - Object: 'Object Repository/Page_Home Page - US Leadgen (1)/span_Administration' is hovered

2018-03-30 10:01:42 - [TEST_STEP][PASSED] - delay: Delayed 1 second(s)

2018-03-30 10:01:43 - [MESSAGE][PASSED] - Delayed 1 second(s)

2018-03-30 10:01:43 - [TEST_STEP][PASSED] - mouseOver: Object: 'Object Repository/Page_Home Page - US Leadgen (1)/span_System' is hovered

2018-03-30 10:01:43 - [MESSAGE][PASSED] - Object: 'Object Repository/Page_Home Page - US Leadgen (1)/span_System' is hovered

2018-03-30 10:01:43 - [TEST_STEP][PASSED] - delay: Delayed 1 second(s)

2018-03-30 10:01:44 - [MESSAGE][PASSED] - Delayed 1 second(s)

2018-03-30 10:01:44 - [TEST_STEP][PASSED] - click: Object: 'Object Repository/Page_- US Leadgen/a_Events' is clicked on

2018-03-30 10:01:44 - [MESSAGE][PASSED] - Object: 'Object Repository/Page_- US Leadgen/a_Events' is clicked on

2018-03-30 10:01:44 - [TEST_STEP][PASSED] - delay: Delayed 2 second(s)

2018-03-30 10:01:46 - [MESSAGE][PASSED] - Delayed 2 second(s)

2018-03-30 10:01:46 - [TEST_STEP][PASSED] - mouseOver: Object: 'Object Repository/Page_Home Page - US Leadgen (1)/span_Administration' is hovered

2018-03-30 10:01:46 - [MESSAGE][PASSED] - Object: 'Object Repository/Page_Home Page - US Leadgen (1)/span_Administration' is hovered

2018-03-30 10:01:46 - [TEST_STEP][PASSED] - delay: Delayed 1 second(s)

2018-03-30 10:01:47 - [MESSAGE][PASSED] - Delayed 1 second(s)

2018-03-30 10:01:47 - [TEST_STEP][PASSED] - mouseOver: Object: 'Object Repository/Page_Home Page - US Leadgen (1)/span_System' is hovered

2018-03-30 10:01:47 - [MESSAGE][PASSED] - Object: 'Object Repository/Page_Home Page - US Leadgen (1)/span_System' is hovered

2018-03-30 10:01:47 - [TEST_STEP][PASSED] - delay: Delayed 1 second(s)

2018-03-30 10:01:48 - [MESSAGE][PASSED] - Delayed 1 second(s)

2018-03-30 10:01:48 - [TEST_STEP][PASSED] - click: Object: 'Object Repository/Page_- US Leadgen/a_Source Codes' is clicked on

2018-03-30 10:01:49 - [MESSAGE][PASSED] - Object: 'Object Repository/Page_- US Leadgen/a_Source Codes' is clicked on

2018-03-30 10:01:49 - [TEST_STEP][PASSED] - delay: Delayed 2 second(s)

2018-03-30 10:01:51 - [MESSAGE][PASSED] - Delayed 2 second(s)

2018-03-30 10:01:51 - [TEST_STEP][PASSED] - mouseOver: Object: 'Object Repository/Page_Home Page - US Leadgen (1)/span_Administration' is hovered

2018-03-30 10:01:51 - [MESSAGE][PASSED] - Object: 'Object Repository/Page_Home Page - US Leadgen (1)/span_Administration' is hovered

2018-03-30 10:01:51 - [TEST_STEP][PASSED] - delay: Delayed 1 second(s)

2018-03-30 10:01:52 - [MESSAGE][PASSED] - Delayed 1 second(s)

2018-03-30 10:01:52 - [TEST_STEP][PASSED] - mouseOver: Object: 'Object Repository/Page_Home Page - US Leadgen (1)/span_System' is hovered

2018-03-30 10:01:52 - [MESSAGE][PASSED] - Object: 'Object Repository/Page_Home Page - US Leadgen (1)/span_System' is hovered

2018-03-30 10:01:52 - [TEST_STEP][PASSED] - delay: Delayed 1 second(s)

2018-03-30 10:01:53 - [MESSAGE][PASSED] - Delayed 1 second(s)

2018-03-30 10:01:53 - [TEST_STEP][PASSED] - click: Object: 'Object Repository/Page_- US Leadgen/a_System Settings' is clicked on

2018-03-30 10:01:53 - [MESSAGE][PASSED] - Object: 'Object Repository/Page_- US Leadgen/a_System Settings' is clicked on

2018-03-30 10:01:53 - [TEST_STEP][PASSED] - delay: Delayed 2 second(s)

2018-03-30 10:01:55 - [MESSAGE][PASSED] - Delayed 2 second(s)

2018-03-30 10:01:55 - [TEST_STEP][PASSED] - mouseOver: Object: 'Object Repository/Page_Home Page - US Leadgen (1)/span_Administration' is hovered

2018-03-30 10:01:55 - [MESSAGE][PASSED] - Object: 'Object Repository/Page_Home Page - US Leadgen (1)/span_Administration' is hovered

2018-03-30 10:01:55 - [TEST_STEP][PASSED] - delay: Delayed 1 second(s)

2018-03-30 10:01:56 - [MESSAGE][PASSED] - Delayed 1 second(s)

2018-03-30 10:01:56 - [TEST_STEP][PASSED] - mouseOver: Object: 'Object Repository/Page_Home Page - US Leadgen (1)/span_System' is hovered

2018-03-30 10:01:56 - [MESSAGE][PASSED] - Object: 'Object Repository/Page_Home Page - US Leadgen (1)/span_System' is hovered

2018-03-30 10:01:56 - [TEST_STEP][PASSED] - delay: Delayed 1 second(s)

2018-03-30 10:01:57 - [MESSAGE][PASSED] - Delayed 1 second(s)

2018-03-30 10:01:57 - [TEST_STEP][PASSED] - click: Object: 'Object Repository/Page_- US Leadgen/a_Plug In Management' is clicked on

2018-03-30 10:01:58 - [MESSAGE][PASSED] - Object: 'Object Repository/Page_- US Leadgen/a_Plug In Management' is clicked on

2018-03-30 10:01:58 - [TEST_STEP][PASSED] - delay: Delayed 2 second(s)

2018-03-30 10:02:00 - [MESSAGE][PASSED] - Delayed 2 second(s)

2018-03-30 10:02:00 - [TEST_STEP][PASSED] - mouseOver: Object: 'Object Repository/Page_Home Page - US Leadgen (1)/span_Administration' is hovered

2018-03-30 10:02:00 - [MESSAGE][PASSED] - Object: 'Object Repository/Page_Home Page - US Leadgen (1)/span_Administration' is hovered

2018-03-30 10:02:00 - [TEST_STEP][PASSED] - delay: Delayed 1 second(s)

2018-03-30 10:02:01 - [MESSAGE][PASSED] - Delayed 1 second(s)

2018-03-30 10:02:01 - [TEST_STEP][PASSED] - mouseOver: Object: 'Object Repository/Page_Home Page - US Leadgen (1)/span_System' is hovered

2018-03-30 10:02:01 - [MESSAGE][PASSED] - Object: 'Object Repository/Page_Home Page - US Leadgen (1)/span_System' is hovered

2018-03-30 10:02:01 - [TEST_STEP][PASSED] - delay: Delayed 1 second(s)

2018-03-30 10:02:02 - [MESSAGE][PASSED] - Delayed 1 second(s)

2018-03-30 10:02:02 - [TEST_STEP][PASSED] - click: Object: 'Object Repository/Page_- US Leadgen/a_Exporter Settings' is clicked on

2018-03-30 10:02:02 - [MESSAGE][PASSED] - Object: 'Object Repository/Page_- US Leadgen/a_Exporter Settings' is clicked on

2018-03-30 10:02:02 - [TEST_STEP][PASSED] - delay: Delayed 2 second(s)

2018-03-30 10:02:04 - [MESSAGE][PASSED] - Delayed 2 second(s)

2018-03-30 10:02:04 - [TEST_STEP][PASSED] - mouseOver: Object: 'Object Repository/Page_Home Page - US Leadgen (1)/span_Administration' is hovered

2018-03-30 10:02:04 - [MESSAGE][PASSED] - Object: 'Object Repository/Page_Home Page - US Leadgen (1)/span_Administration' is hovered

2018-03-30 10:02:04 - [TEST_STEP][PASSED] - delay: Delayed 1 second(s)

2018-03-30 10:02:05 - [MESSAGE][PASSED] - Delayed 1 second(s)

2018-03-30 10:02:05 - [TEST_STEP][PASSED] - mouseOver: Object: 'Object Repository/Page_Home Page - US Leadgen (1)/span_System' is hovered

2018-03-30 10:02:05 - [MESSAGE][PASSED] - Object: 'Object Repository/Page_Home Page - US Leadgen (1)/span_System' is hovered

2018-03-30 10:02:05 - [TEST_STEP][PASSED] - delay: Delayed 1 second(s)

2018-03-30 10:02:06 - [MESSAGE][PASSED] - Delayed 1 second(s)

2018-03-30 10:02:06 - [TEST_STEP][PASSED] - click: Object: 'Object Repository/Page_- US Leadgen/a_Provision Keys' is clicked on

2018-03-30 10:02:07 - [MESSAGE][PASSED] - Object: 'Object Repository/Page_- US Leadgen/a_Provision Keys' is clicked on

2018-03-30 10:02:07 - [TEST_STEP][PASSED] - delay: Delayed 2 second(s)

2018-03-30 10:02:09 - [MESSAGE][PASSED] - Delayed 2 second(s)

2018-03-30 10:02:09 - [TEST_STEP][PASSED] - mouseOver: Object: 'Object Repository/Page_Home Page - US Leadgen (1)/span_Administration' is hovered

2018-03-30 10:02:09 - [MESSAGE][PASSED] - Object: 'Object Repository/Page_Home Page - US Leadgen (1)/span_Administration' is hovered

2018-03-30 10:02:09 - [TEST_STEP][PASSED] - delay: Delayed 1 second(s)

2018-03-30 10:02:10 - [MESSAGE][PASSED] - Delayed 1 second(s)

2018-03-30 10:02:10 - [TEST_STEP][PASSED] - mouseOver: Object: 'Object Repository/Page_Home Page - US Leadgen (1)/span_System' is hovered

2018-03-30 10:02:10 - [MESSAGE][PASSED] - Object: 'Object Repository/Page_Home Page - US Leadgen (1)/span_System' is hovered

2018-03-30 10:02:10 - [TEST_STEP][PASSED] - delay: Delayed 1 second(s)

2018-03-30 10:02:11 - [MESSAGE][PASSED] - Delayed 1 second(s)

2018-03-30 10:02:11 - [TEST_STEP][PASSED] - click: Object: 'Object Repository/Page_- US Leadgen/a_The Purginator' is clicked on

2018-03-30 10:02:11 - [MESSAGE][PASSED] - Object: 'Object Repository/Page_- US Leadgen/a_The Purginator' is clicked on

2018-03-30 10:02:11 - [TEST_STEP][PASSED] - delay: Delayed 2 second(s)

2018-03-30 10:02:13 - [MESSAGE][PASSED] - Delayed 2 second(s)

2018-03-30 10:02:13 - [TEST_STEP][PASSED] - mouseOver: Object: 'Object Repository/Page_Home Page - US Leadgen (1)/span_Administration' is hovered

2018-03-30 10:02:13 - [MESSAGE][PASSED] - Object: 'Object Repository/Page_Home Page - US Leadgen (1)/span_Administration' is hovered

2018-03-30 10:02:13 - [TEST_STEP][PASSED] - delay: Delayed 1 second(s)

2018-03-30 10:02:14 - [MESSAGE][PASSED] - Delayed 1 second(s)

2018-03-30 10:02:14 - [TEST_STEP][PASSED] - mouseOver: Object: 'Object Repository/Page_Home Page - US Leadgen (1)/span_System' is hovered

2018-03-30 10:02:14 - [MESSAGE][PASSED] - Object: 'Object Repository/Page_Home Page - US Leadgen (1)/span_System' is hovered

2018-03-30 10:02:14 - [TEST_STEP][PASSED] - delay: Delayed 1 second(s)

2018-03-30 10:02:15 - [MESSAGE][PASSED] - Delayed 1 second(s)

2018-03-30 10:02:15 - [TEST_STEP][PASSED] - click: Object: 'Object Repository/Page_- US Leadgen/a_Purge History' is clicked on

2018-03-30 10:02:16 - [MESSAGE][PASSED] - Object: 'Object Repository/Page_- US Leadgen/a_Purge History' is clicked on

2018-03-30 10:02:16 - [TEST_STEP][PASSED] - delay: Delayed 2 second(s)

2018-03-30 10:02:18 - [MESSAGE][PASSED] - Delayed 2 second(s)

2018-03-30 10:02:18 - [TEST_STEP][PASSED] - click: Object: 'Object Repository/Page_- US Leadgen/a_Dashboard' is clicked on

2018-03-30 10:02:18 - [MESSAGE][PASSED] - Object: 'Object Repository/Page_- US Leadgen/a_Dashboard' is clicked on

2018-03-30 10:02:18 - [TEST_STEP][PASSED] - delay: Delayed 5 second(s)

2018-03-30 10:02:23 - [MESSAGE][PASSED] - Delayed 5 second(s)

2018-03-30 10:02:23 - [TEST_STEP][PASSED] - mouseOver: Object: 'Object Repository/Page_Home Page - US Leadgen (1)/span_Reporting' is hovered

2018-03-30 10:02:23 - [MESSAGE][PASSED] - Object: 'Object Repository/Page_Home Page - US Leadgen (1)/span_Reporting' is hovered

2018-03-30 10:02:23 - [TEST_STEP][PASSED] - delay: Delayed 1 second(s)

2018-03-30 10:02:24 - [MESSAGE][PASSED] - Delayed 1 second(s)

2018-03-30 10:02:24 - [TEST_STEP][PASSED] - click: Object: 'Object Repository/Page_Home Page - US Leadgen (3)/a_Daily Emails' is clicked on

2018-03-30 10:02:24 - [MESSAGE][PASSED] - Object: 'Object Repository/Page_Home Page - US Leadgen (3)/a_Daily Emails' is clicked on

2018-03-30 10:02:24 - [TEST_STEP][PASSED] - delay: Delayed 2 second(s)

2018-03-30 10:02:26 - [MESSAGE][PASSED] - Delayed 2 second(s)

2018-03-30 10:02:26 - [TEST_STEP][PASSED] - mouseOver: Object: 'Object Repository/Page_Home Page - US Leadgen (1)/span_Reporting' is hovered

2018-03-30 10:02:26 - [MESSAGE][PASSED] - Object: 'Object Repository/Page_Home Page - US Leadgen (1)/span_Reporting' is hovered

2018-03-30 10:02:26 - [TEST_STEP][PASSED] - delay: Delayed 1 second(s)

2018-03-30 10:02:27 - [MESSAGE][PASSED] - Delayed 1 second(s)

2018-03-30 10:02:27 - [TEST_STEP][PASSED] - click: Object: 'Object Repository/Page_- US Leadgen/a_EDC Lead Summary' is clicked on

2018-03-30 10:02:29 - [MESSAGE][PASSED] - Object: 'Object Repository/Page_- US Leadgen/a_EDC Lead Summary' is clicked on

2018-03-30 10:02:29 - [TEST_STEP][PASSED] - delay: Delayed 2 second(s)

2018-03-30 10:02:31 - [MESSAGE][PASSED] - Delayed 2 second(s)

2018-03-30 10:02:31 - [TEST_STEP][PASSED] - click: Object: 'Object Repository/Page_- US Leadgen/i_fa fa-angle-double-left' is clicked on

2018-03-30 10:02:31 - [MESSAGE][PASSED] - Object: 'Object Repository/Page_- US Leadgen/i_fa fa-angle-double-left' is clicked on

2018-03-30 10:02:31 - [TEST_STEP][PASSED] - delay: Delayed 2 second(s)

2018-03-30 10:02:33 - [MESSAGE][PASSED] - Delayed 2 second(s)

2018-03-30 10:02:33 - [TEST_STEP][PASSED] - click: Object: 'Object Repository/Page_- US Leadgen/i_fa fa-angle-double-left_1' is clicked on

2018-03-30 10:02:33 - [MESSAGE][PASSED] - Object: 'Object Repository/Page_- US Leadgen/i_fa fa-angle-double-left_1' is clicked on

2018-03-30 10:02:33 - [TEST_STEP][PASSED] - delay: Delayed 2 second(s)

2018-03-30 10:02:35 - [MESSAGE][PASSED] - Delayed 2 second(s)

2018-03-30 10:02:35 - [TEST_STEP][PASSED] - click: Object: 'Object Repository/Page_- US Leadgen/button_uix-control-right' is clicked on

2018-03-30 10:02:35 - [MESSAGE][PASSED] - Object: 'Object Repository/Page_- US Leadgen/button_uix-control-right' is clicked on

2018-03-30 10:02:35 - [TEST_STEP][PASSED] - delay: Delayed 2 second(s)

2018-03-30 10:02:37 - [MESSAGE][PASSED] - Delayed 2 second(s)

2018-03-30 10:02:37 - [TEST_STEP][PASSED] - click: Object: 'Object Repository/Page_- US Leadgen/em_Submit' is clicked on

2018-03-30 10:02:37 - [MESSAGE][PASSED] - Object: 'Object Repository/Page_- US Leadgen/em_Submit' is clicked on

2018-03-30 10:02:37 - [TEST_STEP][PASSED] - delay: Delayed 2 second(s)

2018-03-30 10:02:39 - [MESSAGE][PASSED] - Delayed 2 second(s)

2018-03-30 10:02:39 - [TEST_STEP][PASSED] - click: Object: 'Object Repository/Page_- US Leadgen/em_Back' is clicked on

2018-03-30 10:02:40 - [MESSAGE][PASSED] - Object: 'Object Repository/Page_- US Leadgen/em_Back' is clicked on

2018-03-30 10:02:40 - [TEST_STEP][PASSED] - delay: Delayed 2 second(s)

2018-03-30 10:02:42 - [MESSAGE][PASSED] - Delayed 2 second(s)

2018-03-30 10:02:42 - [TEST_STEP][PASSED] - mouseOver: Object: 'Object Repository/Page_Home Page - US Leadgen (1)/span_Reporting' is hovered

2018-03-30 10:02:42 - [MESSAGE][PASSED] - Object: 'Object Repository/Page_Home Page - US Leadgen (1)/span_Reporting' is hovered

2018-03-30 10:02:42 - [TEST_STEP][PASSED] - delay: Delayed 1 second(s)

2018-03-30 10:02:43 - [MESSAGE][PASSED] - Delayed 1 second(s)

2018-03-30 10:02:43 - [TEST_STEP][PASSED] - click: Object: 'Object Repository/Page_- US Leadgen/a_Transmitted Leads' is clicked on

2018-03-30 10:02:44 - [MESSAGE][PASSED] - Object: 'Object Repository/Page_- US Leadgen/a_Transmitted Leads' is clicked on

2018-03-30 10:02:44 - [TEST_STEP][PASSED] - delay: Delayed 2 second(s)

2018-03-30 10:02:46 - [MESSAGE][PASSED] - Delayed 2 second(s)

2018-03-30 10:02:46 - [TEST_STEP][PASSED] - click: Object: 'Object Repository/Page_- US Leadgen/i_fa fa-angle-double-left' is clicked on

2018-03-30 10:02:46 - [MESSAGE][PASSED] - Object: 'Object Repository/Page_- US Leadgen/i_fa fa-angle-double-left' is clicked on

2018-03-30 10:02:46 - [TEST_STEP][PASSED] - delay: Delayed 3 second(s)

2018-03-30 10:02:49 - [MESSAGE][PASSED] - Delayed 3 second(s)

2018-03-30 10:02:49 - [TEST_STEP][PASSED] - click: Object: 'Object Repository/Page_- US Leadgen/em_Submit' is clicked on

2018-03-30 10:02:50 - [MESSAGE][PASSED] - Object: 'Object Repository/Page_- US Leadgen/em_Submit' is clicked on

2018-03-30 10:02:50 - [TEST_STEP][PASSED] - delay: Delayed 5 second(s)

2018-03-30 10:02:55 - [MESSAGE][PASSED] - Delayed 5 second(s)

2018-03-30 10:02:55 - [TEST_STEP][PASSED] - click: Object: 'Object Repository/Page_- US Leadgen/em_Back_1' is clicked on

2018-03-30 10:02:55 - [MESSAGE][PASSED] - Object: 'Object Repository/Page_- US Leadgen/em_Back_1' is clicked on

2018-03-30 10:02:55 - [TEST_STEP][PASSED] - delay: Delayed 2 second(s)

2018-03-30 10:02:57 - [MESSAGE][PASSED] - Delayed 2 second(s)

2018-03-30 10:02:57 - [TEST_STEP][PASSED] - mouseOver: Object: 'Object Repository/Page_Home Page - US Leadgen (1)/span_Reporting' is hovered

2018-03-30 10:02:57 - [MESSAGE][PASSED] - Object: 'Object Repository/Page_Home Page - US Leadgen (1)/span_Reporting' is hovered

2018-03-30 10:02:57 - [TEST_STEP][PASSED] - delay: Delayed 1 second(s)

2018-03-30 10:02:58 - [MESSAGE][PASSED] - Delayed 1 second(s)

2018-03-30 10:02:58 - [TEST_STEP][PASSED] - click: Object: 'Object Repository/Page_- US Leadgen/a_Lead Details' is clicked on

2018-03-30 10:02:58 - [MESSAGE][PASSED] - Object: 'Object Repository/Page_- US Leadgen/a_Lead Details' is clicked on

2018-03-30 10:02:58 - [TEST_STEP][PASSED] - delay: Delayed 2 second(s)

2018-03-30 10:03:00 - [MESSAGE][PASSED] - Delayed 2 second(s)

2018-03-30 10:03:00 - [TEST_STEP][PASSED] - click: Object: 'Object Repository/Page_- US Leadgen/i_fa fa-angle-double-left' is clicked on

2018-03-30 10:03:01 - [MESSAGE][PASSED] - Object: 'Object Repository/Page_- US Leadgen/i_fa fa-angle-double-left' is clicked on

2018-03-30 10:03:01 - [TEST_STEP][PASSED] - delay: Delayed 2 second(s)

2018-03-30 10:03:03 - [MESSAGE][PASSED] - Delayed 2 second(s)

2018-03-30 10:03:03 - [TEST_STEP][PASSED] - click: Object: 'Object Repository/Page_- US Leadgen/em_Submit' is clicked on

2018-03-30 10:03:03 - [MESSAGE][PASSED] - Object: 'Object Repository/Page_- US Leadgen/em_Submit' is clicked on

2018-03-30 10:03:03 - [TEST_STEP][PASSED] - delay: Delayed 5 second(s)

2018-03-30 10:03:08 - [MESSAGE][PASSED] - Delayed 5 second(s)

2018-03-30 10:03:08 - [TEST_STEP][PASSED] - mouseOver: Object: 'Object Repository/Page_Home Page - US Leadgen (1)/span_Reporting' is hovered

2018-03-30 10:03:08 - [MESSAGE][PASSED] - Object: 'Object Repository/Page_Home Page - US Leadgen (1)/span_Reporting' is hovered

2018-03-30 10:03:08 - [TEST_STEP][PASSED] - delay: Delayed 1 second(s)

2018-03-30 10:03:09 - [MESSAGE][PASSED] - Delayed 1 second(s)

2018-03-30 10:03:09 - [TEST_STEP][PASSED] - click: Object: 'Object Repository/Page_- US Leadgen/a_Multi-Brand Details' is clicked on

2018-03-30 10:03:09 - [MESSAGE][PASSED] - Object: 'Object Repository/Page_- US Leadgen/a_Multi-Brand Details' is clicked on

2018-03-30 10:03:09 - [TEST_STEP][PASSED] - delay: Delayed 2 second(s)

2018-03-30 10:03:11 - [MESSAGE][PASSED] - Delayed 2 second(s)

2018-03-30 10:03:11 - [TEST_STEP][PASSED] - click: Object: 'Object Repository/Page_- US Leadgen/i_fa fa-angle-double-left' is clicked on

2018-03-30 10:03:11 - [MESSAGE][PASSED] - Object: 'Object Repository/Page_- US Leadgen/i_fa fa-angle-double-left' is clicked on

2018-03-30 10:03:11 - [TEST_STEP][PASSED] - delay: Delayed 3 second(s)

2018-03-30 10:03:14 - [MESSAGE][PASSED] - Delayed 3 second(s)

2018-03-30 10:03:14 - [TEST_STEP][PASSED] - click: Object: 'Object Repository/Page_- US Leadgen/em_Submit' is clicked on

2018-03-30 10:03:15 - [MESSAGE][PASSED] - Object: 'Object Repository/Page_- US Leadgen/em_Submit' is clicked on

2018-03-30 10:03:15 - [TEST_STEP][PASSED] - delay: Delayed 5 second(s)

2018-03-30 10:03:20 - [MESSAGE][PASSED] - Delayed 5 second(s)

2018-03-30 10:03:20 - [TEST_STEP][PASSED] - click: Object: 'Object Repository/Page_- US Leadgen/a_Dashboard' is clicked on

2018-03-30 10:03:20 - [MESSAGE][PASSED] - Object: 'Object Repository/Page_- US Leadgen/a_Dashboard' is clicked on

2018-03-30 10:03:20 - [TEST_STEP][PASSED] - delay: Delayed 2 second(s)

2018-03-30 10:03:22 - [MESSAGE][PASSED] - Delayed 2 second(s)

2018-03-30 10:03:22 - [TEST_STEP][PASSED] - mouseOver: Object: 'Object Repository/Page_Home Page - US Leadgen (1)/span_Administration' is hovered

2018-03-30 10:03:22 - [MESSAGE][PASSED] - Object: 'Object Repository/Page_Home Page - US Leadgen (1)/span_Administration' is hovered

2018-03-30 10:03:22 - [TEST_STEP][PASSED] - delay: Delayed 2 second(s)

2018-03-30 10:03:24 - [MESSAGE][PASSED] - Delayed 2 second(s)

2018-03-30 10:03:24 - [TEST_STEP][PASSED] - click: Object: 'Object Repository/Page_Home Page - US Leadgen (3)/a_Held Leads' is clicked on

2018-03-30 10:03:25 - [MESSAGE][PASSED] - Object: 'Object Repository/Page_Home Page - US Leadgen (3)/a_Held Leads' is clicked on

2018-03-30 10:03:25 - [TEST_STEP][PASSED] - delay: Delayed 1 second(s)

2018-03-30 10:03:26 - [MESSAGE][PASSED] - Delayed 1 second(s)

2018-03-30 10:03:26 - [TEST_STEP][PASSED] - click: Object: 'Object Repository/Page_- US Leadgen/a_Pending Groups' is clicked on

2018-03-30 10:03:26 - [MESSAGE][PASSED] - Object: 'Object Repository/Page_- US Leadgen/a_Pending Groups' is clicked on

2018-03-30 10:03:26 - [TEST_STEP][PASSED] - delay: Delayed 1 second(s)

2018-03-30 10:03:27 - [MESSAGE][PASSED] - Delayed 1 second(s)

2018-03-30 10:03:27 - [TEST_STEP][PASSED] - click: Object: 'Object Repository/Page_- US Leadgen/a_Overridden Leads Report' is clicked on

2018-03-30 10:03:28 - [MESSAGE][PASSED] - Object: 'Object Repository/Page_- US Leadgen/a_Overridden Leads Report' is clicked on

2018-03-30 10:03:28 - [TEST_STEP][PASSED] - delay: Delayed 1 second(s)

2018-03-30 10:03:29 - [MESSAGE][PASSED] - Delayed 1 second(s)

2018-03-30 10:03:29 - [TEST_STEP][PASSED] - click: Object: 'Object Repository/Page_- US Leadgen/a_Pending Groups' is clicked on

2018-03-30 10:03:29 - [MESSAGE][PASSED] - Object: 'Object Repository/Page_- US Leadgen/a_Pending Groups' is clicked on

2018-03-30 10:03:29 - [TEST_STEP][PASSED] - delay: Delayed 1 second(s)

2018-03-30 10:03:30 - [MESSAGE][PASSED] - Delayed 1 second(s)

2018-03-30 10:03:30 - [TEST_STEP][PASSED] - click: Object: 'Object Repository/Page_- US Leadgen/a_Incoming Held Leads' is clicked on

2018-03-30 10:03:30 - [MESSAGE][PASSED] - Object: 'Object Repository/Page_- US Leadgen/a_Incoming Held Leads' is clicked on

2018-03-30 10:03:30 - [TEST_STEP][PASSED] - delay: Delayed 2 second(s)

2018-03-30 10:03:32 - [MESSAGE][PASSED] - Delayed 2 second(s)

2018-03-30 10:03:32 - [TEST_STEP][PASSED] - mouseOver: Object: 'Object Repository/Page_Home Page - US Leadgen (1)/span_Administration' is hovered

2018-03-30 10:03:32 - [MESSAGE][PASSED] - Object: 'Object Repository/Page_Home Page - US Leadgen (1)/span_Administration' is hovered

2018-03-30 10:03:32 - [TEST_STEP][PASSED] - delay: Delayed 2 second(s)

2018-03-30 10:03:34 - [MESSAGE][PASSED] - Delayed 2 second(s)

2018-03-30 10:03:34 - [TEST_STEP][PASSED] - click: Object: 'Object Repository/Page_- US Leadgen/a_VMM Updates' is clicked on

2018-03-30 10:03:34 - [MESSAGE][PASSED] - Object: 'Object Repository/Page_- US Leadgen/a_VMM Updates' is clicked on

2018-03-30 10:03:34 - [TEST_STEP][PASSED] - delay: Delayed 1 second(s)

2018-03-30 10:03:35 - [MESSAGE][PASSED] - Delayed 1 second(s)

2018-03-30 10:03:35 - [TEST_STEP][PASSED] - mouseOver: Object: 'Object Repository/Page_Home Page - US Leadgen (1)/span_Administration' is hovered

2018-03-30 10:03:35 - [MESSAGE][PASSED] - Object: 'Object Repository/Page_Home Page - US Leadgen (1)/span_Administration' is hovered

2018-03-30 10:03:35 - [TEST_STEP][PASSED] - delay: Delayed 2 second(s)

2018-03-30 10:03:37 - [MESSAGE][PASSED] - Delayed 2 second(s)

2018-03-30 10:03:37 - [TEST_STEP][PASSED] - click: Object: 'Object Repository/Page_- US Leadgen/a_Dealerships' is clicked on

2018-03-30 10:03:37 - [MESSAGE][PASSED] - Object: 'Object Repository/Page_- US Leadgen/a_Dealerships' is clicked on

2018-03-30 10:03:37 - [TEST_STEP][PASSED] - delay: Delayed 1 second(s)

2018-03-30 10:03:38 - [MESSAGE][PASSED] - Delayed 1 second(s)

2018-03-30 10:03:38 - [TEST_STEP][PASSED] - mouseOver: Object: 'Object Repository/Page_Home Page - US Leadgen (1)/span_Administration' is hovered

2018-03-30 10:03:38 - [MESSAGE][PASSED] - Object: 'Object Repository/Page_Home Page - US Leadgen (1)/span_Administration' is hovered

2018-03-30 10:03:38 - [TEST_STEP][PASSED] - delay: Delayed 2 second(s)

2018-03-30 10:03:40 - [MESSAGE][PASSED] - Delayed 2 second(s)

2018-03-30 10:03:40 - [TEST_STEP][PASSED] - click: Object: 'Object Repository/Page_- US Leadgen/a_Zip Codes' is clicked on

2018-03-30 10:03:41 - [MESSAGE][PASSED] - Object: 'Object Repository/Page_- US Leadgen/a_Zip Codes' is clicked on

2018-03-30 10:03:41 - [TEST_STEP][PASSED] - delay: Delayed 1 second(s)

2018-03-30 10:03:42 - [MESSAGE][PASSED] - Delayed 1 second(s)

2018-03-30 10:03:42 - [TEST_STEP][PASSED] - mouseOver: Object: 'Object Repository/Page_Home Page - US Leadgen (1)/span_Administration' is hovered

2018-03-30 10:03:42 - [MESSAGE][PASSED] - Object: 'Object Repository/Page_Home Page - US Leadgen (1)/span_Administration' is hovered

2018-03-30 10:03:42 - [TEST_STEP][PASSED] - delay: Delayed 1 second(s)

2018-03-30 10:03:43 - [MESSAGE][PASSED] - Delayed 1 second(s)

2018-03-30 10:03:43 - [TEST_STEP][PASSED] - mouseOver: Object: 'Object Repository/Page_Home Page - US Leadgen (1)/span_System' is hovered

2018-03-30 10:03:43 - [MESSAGE][PASSED] - Object: 'Object Repository/Page_Home Page - US Leadgen (1)/span_System' is hovered

2018-03-30 10:03:43 - [TEST_STEP][PASSED] - delay: Delayed 1 second(s)

2018-03-30 10:03:44 - [MESSAGE][PASSED] - Delayed 1 second(s)

2018-03-30 10:03:44 - [TEST_STEP][PASSED] - click: Object: 'Object Repository/Page_- US Leadgen/a_Events' is clicked on

2018-03-30 10:03:44 - [MESSAGE][PASSED] - Object: 'Object Repository/Page_- US Leadgen/a_Events' is clicked on

2018-03-30 10:03:44 - [TEST_STEP][PASSED] - delay: Delayed 2 second(s)

2018-03-30 10:03:46 - [MESSAGE][PASSED] - Delayed 2 second(s)

2018-03-30 10:03:46 - [TEST_STEP][PASSED] - mouseOver: Object: 'Object Repository/Page_Home Page - US Leadgen (1)/span_Administration' is hovered

2018-03-30 10:03:46 - [MESSAGE][PASSED] - Object: 'Object Repository/Page_Home Page - US Leadgen (1)/span_Administration' is hovered

2018-03-30 10:03:46 - [TEST_STEP][PASSED] - delay: Delayed 1 second(s)

2018-03-30 10:03:47 - [MESSAGE][PASSED] - Delayed 1 second(s)

2018-03-30 10:03:47 - [TEST_STEP][PASSED] - mouseOver: Object: 'Object Repository/Page_Home Page - US Leadgen (1)/span_System' is hovered

2018-03-30 10:03:47 - [MESSAGE][PASSED] - Object: 'Object Repository/Page_Home Page - US Leadgen (1)/span_System' is hovered

2018-03-30 10:03:47 - [TEST_STEP][PASSED] - delay: Delayed 1 second(s)

2018-03-30 10:03:48 - [MESSAGE][PASSED] - Delayed 1 second(s)

2018-03-30 10:03:48 - [TEST_STEP][PASSED] - click: Object: 'Object Repository/Page_- US Leadgen/a_Source Codes' is clicked on

2018-03-30 10:03:49 - [MESSAGE][PASSED] - Object: 'Object Repository/Page_- US Leadgen/a_Source Codes' is clicked on

2018-03-30 10:03:49 - [TEST_STEP][PASSED] - delay: Delayed 2 second(s)

2018-03-30 10:03:51 - [MESSAGE][PASSED] - Delayed 2 second(s)

2018-03-30 10:03:51 - [TEST_STEP][PASSED] - mouseOver: Object: 'Object Repository/Page_Home Page - US Leadgen (1)/span_Administration' is hovered

2018-03-30 10:03:51 - [MESSAGE][PASSED] - Object: 'Object Repository/Page_Home Page - US Leadgen (1)/span_Administration' is hovered

2018-03-30 10:03:51 - [TEST_STEP][PASSED] - delay: Delayed 1 second(s)

2018-03-30 10:03:52 - [MESSAGE][PASSED] - Delayed 1 second(s)

2018-03-30 10:03:52 - [TEST_STEP][PASSED] - mouseOver: Object: 'Object Repository/Page_Home Page - US Leadgen (1)/span_System' is hovered

2018-03-30 10:03:52 - [MESSAGE][PASSED] - Object: 'Object Repository/Page_Home Page - US Leadgen (1)/span_System' is hovered

2018-03-30 10:03:52 - [TEST_STEP][PASSED] - delay: Delayed 1 second(s)

2018-03-30 10:03:53 - [MESSAGE][PASSED] - Delayed 1 second(s)

2018-03-30 10:03:53 - [TEST_STEP][PASSED] - click: Object: 'Object Repository/Page_- US Leadgen/a_System Settings' is clicked on

2018-03-30 10:03:53 - [MESSAGE][PASSED] - Object: 'Object Repository/Page_- US Leadgen/a_System Settings' is clicked on

2018-03-30 10:03:53 - [TEST_STEP][PASSED] - delay: Delayed 2 second(s)

2018-03-30 10:03:55 - [MESSAGE][PASSED] - Delayed 2 second(s)

2018-03-30 10:03:55 - [TEST_STEP][PASSED] - mouseOver: Object: 'Object Repository/Page_Home Page - US Leadgen (1)/span_Administration' is hovered

2018-03-30 10:03:55 - [MESSAGE][PASSED] - Object: 'Object Repository/Page_Home Page - US Leadgen (1)/span_Administration' is hovered

2018-03-30 10:03:55 - [TEST_STEP][PASSED] - delay: Delayed 1 second(s)

2018-03-30 10:03:56 - [MESSAGE][PASSED] - Delayed 1 second(s)

2018-03-30 10:03:56 - [TEST_STEP][PASSED] - mouseOver: Object: 'Object Repository/Page_Home Page - US Leadgen (1)/span_System' is hovered

2018-03-30 10:03:56 - [MESSAGE][PASSED] - Object: 'Object Repository/Page_Home Page - US Leadgen (1)/span_System' is hovered

2018-03-30 10:03:56 - [TEST_STEP][PASSED] - delay: Delayed 1 second(s)

2018-03-30 10:03:57 - [MESSAGE][PASSED] - Delayed 1 second(s)

2018-03-30 10:03:57 - [TEST_STEP][PASSED] - click: Object: 'Object Repository/Page_- US Leadgen/a_Plug In Management' is clicked on

2018-03-30 10:03:57 - [MESSAGE][PASSED] - Object: 'Object Repository/Page_- US Leadgen/a_Plug In Management' is clicked on

2018-03-30 10:03:57 - [TEST_STEP][PASSED] - delay: Delayed 2 second(s)

2018-03-30 10:03:59 - [MESSAGE][PASSED] - Delayed 2 second(s)

2018-03-30 10:03:59 - [TEST_STEP][PASSED] - mouseOver: Object: 'Object Repository/Page_Home Page - US Leadgen (1)/span_Administration' is hovered

2018-03-30 10:04:00 - [MESSAGE][PASSED] - Object: 'Object Repository/Page_Home Page - US Leadgen (1)/span_Administration' is hovered

2018-03-30 10:04:00 - [TEST_STEP][PASSED] - delay: Delayed 1 second(s)

2018-03-30 10:04:01 - [MESSAGE][PASSED] - Delayed 1 second(s)

2018-03-30 10:04:01 - [TEST_STEP][PASSED] - mouseOver: Object: 'Object Repository/Page_Home Page - US Leadgen (1)/span_System' is hovered

2018-03-30 10:04:01 - [MESSAGE][PASSED] - Object: 'Object Repository/Page_Home Page - US Leadgen (1)/span_System' is hovered

2018-03-30 10:04:01 - [TEST_STEP][PASSED] - delay: Delayed 1 second(s)

2018-03-30 10:04:02 - [MESSAGE][PASSED] - Delayed 1 second(s)

2018-03-30 10:04:02 - [TEST_STEP][PASSED] - click: Object: 'Object Repository/Page_- US Leadgen/a_Exporter Settings' is clicked on

2018-03-30 10:04:02 - [MESSAGE][PASSED] - Object: 'Object Repository/Page_- US Leadgen/a_Exporter Settings' is clicked on

2018-03-30 10:04:02 - [TEST_STEP][PASSED] - delay: Delayed 2 second(s)

2018-03-30 10:04:04 - [MESSAGE][PASSED] - Delayed 2 second(s)

2018-03-30 10:04:04 - [TEST_STEP][PASSED] - mouseOver: Object: 'Object Repository/Page_Home Page - US Leadgen (1)/span_Administration' is hovered

2018-03-30 10:04:04 - [MESSAGE][PASSED] - Object: 'Object Repository/Page_Home Page - US Leadgen (1)/span_Administration' is hovered

2018-03-30 10:04:04 - [TEST_STEP][PASSED] - delay: Delayed 1 second(s)

2018-03-30 10:04:05 - [MESSAGE][PASSED] - Delayed 1 second(s)

2018-03-30 10:04:05 - [TEST_STEP][PASSED] - mouseOver: Object: 'Object Repository/Page_Home Page - US Leadgen (1)/span_System' is hovered

2018-03-30 10:04:05 - [MESSAGE][PASSED] - Object: 'Object Repository/Page_Home Page - US Leadgen (1)/span_System' is hovered

2018-03-30 10:04:05 - [TEST_STEP][PASSED] - delay: Delayed 1 second(s)

2018-03-30 10:04:06 - [MESSAGE][PASSED] - Delayed 1 second(s)

2018-03-30 10:04:06 - [TEST_STEP][PASSED] - click: Object: 'Object Repository/Page_- US Leadgen/a_Provision Keys' is clicked on

2018-03-30 10:04:06 - [MESSAGE][PASSED] - Object: 'Object Repository/Page_- US Leadgen/a_Provision Keys' is clicked on

2018-03-30 10:04:06 - [TEST_STEP][PASSED] - delay: Delayed 2 second(s)

2018-03-30 10:04:08 - [MESSAGE][PASSED] - Delayed 2 second(s)

2018-03-30 10:04:08 - [TEST_STEP][PASSED] - mouseOver: Object: 'Object Repository/Page_Home Page - US Leadgen (1)/span_Administration' is hovered

2018-03-30 10:04:08 - [MESSAGE][PASSED] - Object: 'Object Repository/Page_Home Page - US Leadgen (1)/span_Administration' is hovered

2018-03-30 10:04:08 - [TEST_STEP][PASSED] - delay: Delayed 1 second(s)

2018-03-30 10:04:09 - [MESSAGE][PASSED] - Delayed 1 second(s)

2018-03-30 10:04:09 - [TEST_STEP][PASSED] - mouseOver: Object: 'Object Repository/Page_Home Page - US Leadgen (1)/span_System' is hovered

2018-03-30 10:04:09 - [MESSAGE][PASSED] - Object: 'Object Repository/Page_Home Page - US Leadgen (1)/span_System' is hovered

2018-03-30 10:04:09 - [TEST_STEP][PASSED] - delay: Delayed 1 second(s)

2018-03-30 10:04:10 - [MESSAGE][PASSED] - Delayed 1 second(s)

2018-03-30 10:04:10 - [TEST_STEP][PASSED] - click: Object: 'Object Repository/Page_- US Leadgen/a_The Purginator' is clicked on

2018-03-30 10:04:11 - [MESSAGE][PASSED] - Object: 'Object Repository/Page_- US Leadgen/a_The Purginator' is clicked on

2018-03-30 10:04:11 - [TEST_STEP][PASSED] - delay: Delayed 2 second(s)

2018-03-30 10:04:13 - [MESSAGE][PASSED] - Delayed 2 second(s)

2018-03-30 10:04:13 - [TEST_STEP][PASSED] - mouseOver: Object: 'Object Repository/Page_Home Page - US Leadgen (1)/span_Administration' is hovered

2018-03-30 10:04:13 - [MESSAGE][PASSED] - Object: 'Object Repository/Page_Home Page - US Leadgen (1)/span_Administration' is hovered

2018-03-30 10:04:13 - [TEST_STEP][PASSED] - delay: Delayed 1 second(s)

2018-03-30 10:04:14 - [MESSAGE][PASSED] - Delayed 1 second(s)

2018-03-30 10:04:14 - [TEST_STEP][PASSED] - mouseOver: Object: 'Object Repository/Page_Home Page - US Leadgen (1)/span_System' is hovered

2018-03-30 10:04:14 - [MESSAGE][PASSED] - Object: 'Object Repository/Page_Home Page - US Leadgen (1)/span_System' is hovered

2018-03-30 10:04:14 - [TEST_STEP][PASSED] - delay: Delayed 1 second(s)

2018-03-30 10:04:15 - [MESSAGE][PASSED] - Delayed 1 second(s)

2018-03-30 10:04:15 - [TEST_STEP][PASSED] - click: Object: 'Object Repository/Page_- US Leadgen/a_Purge History' is clicked on

2018-03-30 10:04:15 - [MESSAGE][PASSED] - Object: 'Object Repository/Page_- US Leadgen/a_Purge History' is clicked on

2018-03-30 10:04:15 - [TEST_STEP][PASSED] - delay: Delayed 2 second(s)

2018-03-30 10:04:17 - [MESSAGE][PASSED] - Delayed 2 second(s)

2018-03-30 10:04:17 - [TEST_STEP][PASSED] - click: Object: 'Object Repository/Page_- US Leadgen/a_Dashboard' is clicked on

2018-03-30 10:04:18 - [MESSAGE][PASSED] - Object: 'Object Repository/Page_- US Leadgen/a_Dashboard' is clicked on

2018-03-30 10:04:18 - [TEST_STEP][PASSED] - delay: Delayed 5 second(s)

2018-03-30 10:04:23 - [MESSAGE][PASSED] - Delayed 5 second(s)

2018-03-30 10:04:23 - [TEST_STEP][PASSED] - mouseOver: Object: 'Object Repository/Page_Home Page - US Leadgen (1)/span_Reporting' is hovered

2018-03-30 10:04:23 - [MESSAGE][PASSED] - Object: 'Object Repository/Page_Home Page - US Leadgen (1)/span_Reporting' is hovered

2018-03-30 10:04:23 - [TEST_STEP][PASSED] - delay: Delayed 1 second(s)

2018-03-30 10:04:24 - [MESSAGE][PASSED] - Delayed 1 second(s)

2018-03-30 10:04:24 - [TEST_STEP][PASSED] - click: Object: 'Object Repository/Page_Home Page - US Leadgen (3)/a_Daily Emails' is clicked on

2018-03-30 10:04:24 - [MESSAGE][PASSED] - Object: 'Object Repository/Page_Home Page - US Leadgen (3)/a_Daily Emails' is clicked on

2018-03-30 10:04:24 - [TEST_STEP][PASSED] - delay: Delayed 2 second(s)

2018-03-30 10:04:26 - [MESSAGE][PASSED] - Delayed 2 second(s)

2018-03-30 10:04:26 - [TEST_STEP][PASSED] - mouseOver: Object: 'Object Repository/Page_Home Page - US Leadgen (1)/span_Reporting' is hovered

2018-03-30 10:04:26 - [MESSAGE][PASSED] - Object: 'Object Repository/Page_Home Page - US Leadgen (1)/span_Reporting' is hovered

2018-03-30 10:04:26 - [TEST_STEP][PASSED] - delay: Delayed 1 second(s)

2018-03-30 10:04:27 - [MESSAGE][PASSED] - Delayed 1 second(s)

2018-03-30 10:04:27 - [TEST_STEP][PASSED] - click: Object: 'Object Repository/Page_- US Leadgen/a_EDC Lead Summary' is clicked on

2018-03-30 10:04:29 - [MESSAGE][PASSED] - Object: 'Object Repository/Page_- US Leadgen/a_EDC Lead Summary' is clicked on

2018-03-30 10:04:29 - [TEST_STEP][PASSED] - delay: Delayed 2 second(s)

2018-03-30 10:04:31 - [MESSAGE][PASSED] - Delayed 2 second(s)

2018-03-30 10:04:31 - [TEST_STEP][PASSED] - click: Object: 'Object Repository/Page_- US Leadgen/i_fa fa-angle-double-left' is clicked on

2018-03-30 10:04:31 - [MESSAGE][PASSED] - Object: 'Object Repository/Page_- US Leadgen/i_fa fa-angle-double-left' is clicked on

2018-03-30 10:04:31 - [TEST_STEP][PASSED] - delay: Delayed 2 second(s)

2018-03-30 10:04:33 - [MESSAGE][PASSED] - Delayed 2 second(s)

2018-03-30 10:04:33 - [TEST_STEP][PASSED] - click: Object: 'Object Repository/Page_- US Leadgen/i_fa fa-angle-double-left_1' is clicked on

2018-03-30 10:04:33 - [MESSAGE][PASSED] - Object: 'Object Repository/Page_- US Leadgen/i_fa fa-angle-double-left_1' is clicked on

2018-03-30 10:04:33 - [TEST_STEP][PASSED] - delay: Delayed 2 second(s)

2018-03-30 10:04:35 - [MESSAGE][PASSED] - Delayed 2 second(s)

2018-03-30 10:04:35 - [TEST_STEP][PASSED] - click: Object: 'Object Repository/Page_- US Leadgen/button_uix-control-right' is clicked on

2018-03-30 10:04:35 - [MESSAGE][PASSED] - Object: 'Object Repository/Page_- US Leadgen/button_uix-control-right' is clicked on

2018-03-30 10:04:35 - [TEST_STEP][PASSED] - delay: Delayed 2 second(s)

2018-03-30 10:04:37 - [MESSAGE][PASSED] - Delayed 2 second(s)

2018-03-30 10:04:37 - [TEST_STEP][PASSED] - click: Object: 'Object Repository/Page_- US Leadgen/em_Submit' is clicked on

2018-03-30 10:04:37 - [MESSAGE][PASSED] - Object: 'Object Repository/Page_- US Leadgen/em_Submit' is clicked on

2018-03-30 10:04:37 - [TEST_STEP][PASSED] - delay: Delayed 2 second(s)

2018-03-30 10:04:39 - [MESSAGE][PASSED] - Delayed 2 second(s)

2018-03-30 10:04:39 - [TEST_STEP][PASSED] - click: Object: 'Object Repository/Page_- US Leadgen/em_Back' is clicked on

2018-03-30 10:04:40 - [MESSAGE][PASSED] - Object: 'Object Repository/Page_- US Leadgen/em_Back' is clicked on

2018-03-30 10:04:40 - [TEST_STEP][PASSED] - delay: Delayed 2 second(s)

2018-03-30 10:04:42 - [MESSAGE][PASSED] - Delayed 2 second(s)

2018-03-30 10:04:42 - [TEST_STEP][PASSED] - mouseOver: Object: 'Object Repository/Page_Home Page - US Leadgen (1)/span_Reporting' is hovered

2018-03-30 10:04:42 - [MESSAGE][PASSED] - Object: 'Object Repository/Page_Home Page - US Leadgen (1)/span_Reporting' is hovered

2018-03-30 10:04:42 - [TEST_STEP][PASSED] - delay: Delayed 1 second(s)

2018-03-30 10:04:43 - [MESSAGE][PASSED] - Delayed 1 second(s)

2018-03-30 10:04:43 - [TEST_STEP][PASSED] - click: Object: 'Object Repository/Page_- US Leadgen/a_Transmitted Leads' is clicked on

2018-03-30 10:04:44 - [MESSAGE][PASSED] - Object: 'Object Repository/Page_- US Leadgen/a_Transmitted Leads' is clicked on

2018-03-30 10:04:44 - [TEST_STEP][PASSED] - delay: Delayed 2 second(s)

2018-03-30 10:04:46 - [MESSAGE][PASSED] - Delayed 2 second(s)

2018-03-30 10:04:46 - [TEST_STEP][PASSED] - click: Object: 'Object Repository/Page_- US Leadgen/i_fa fa-angle-double-left' is clicked on

2018-03-30 10:04:46 - [MESSAGE][PASSED] - Object: 'Object Repository/Page_- US Leadgen/i_fa fa-angle-double-left' is clicked on

2018-03-30 10:04:46 - [TEST_STEP][PASSED] - delay: Delayed 3 second(s)

2018-03-30 10:04:49 - [MESSAGE][PASSED] - Delayed 3 second(s)

2018-03-30 10:04:49 - [TEST_STEP][PASSED] - click: Object: 'Object Repository/Page_- US Leadgen/em_Submit' is clicked on

2018-03-30 10:04:49 - [MESSAGE][PASSED] - Object: 'Object Repository/Page_- US Leadgen/em_Submit' is clicked on

2018-03-30 10:04:49 - [TEST_STEP][PASSED] - delay: Delayed 5 second(s)

2018-03-30 10:04:54 - [MESSAGE][PASSED] - Delayed 5 second(s)

2018-03-30 10:04:54 - [TEST_STEP][PASSED] - click: Object: 'Object Repository/Page_- US Leadgen/em_Back_1' is clicked on

2018-03-30 10:04:54 - [MESSAGE][PASSED] - Object: 'Object Repository/Page_- US Leadgen/em_Back_1' is clicked on

2018-03-30 10:04:54 - [TEST_STEP][PASSED] - delay: Delayed 2 second(s)

2018-03-30 10:04:56 - [MESSAGE][PASSED] - Delayed 2 second(s)

2018-03-30 10:04:56 - [TEST_STEP][PASSED] - mouseOver: Object: 'Object Repository/Page_Home Page - US Leadgen (1)/span_Reporting' is hovered

2018-03-30 10:04:57 - [MESSAGE][PASSED] - Object: 'Object Repository/Page_Home Page - US Leadgen (1)/span_Reporting' is hovered

2018-03-30 10:04:57 - [TEST_STEP][PASSED] - delay: Delayed 1 second(s)

2018-03-30 10:04:58 - [MESSAGE][PASSED] - Delayed 1 second(s)

2018-03-30 10:04:58 - [TEST_STEP][PASSED] - click: Object: 'Object Repository/Page_- US Leadgen/a_Lead Details' is clicked on

2018-03-30 10:04:58 - [MESSAGE][PASSED] - Object: 'Object Repository/Page_- US Leadgen/a_Lead Details' is clicked on

2018-03-30 10:04:58 - [TEST_STEP][PASSED] - delay: Delayed 2 second(s)

2018-03-30 10:05:00 - [MESSAGE][PASSED] - Delayed 2 second(s)

2018-03-30 10:05:00 - [TEST_STEP][PASSED] - click: Object: 'Object Repository/Page_- US Leadgen/i_fa fa-angle-double-left' is clicked on

2018-03-30 10:05:00 - [MESSAGE][PASSED] - Object: 'Object Repository/Page_- US Leadgen/i_fa fa-angle-double-left' is clicked on

2018-03-30 10:05:00 - [TEST_STEP][PASSED] - delay: Delayed 2 second(s)

2018-03-30 10:05:02 - [MESSAGE][PASSED] - Delayed 2 second(s)

2018-03-30 10:05:02 - [TEST_STEP][PASSED] - click: Object: 'Object Repository/Page_- US Leadgen/em_Submit' is clicked on

2018-03-30 10:05:02 - [MESSAGE][PASSED] - Object: 'Object Repository/Page_- US Leadgen/em_Submit' is clicked on

2018-03-30 10:05:02 - [TEST_STEP][PASSED] - delay: Delayed 5 second(s)

2018-03-30 10:05:07 - [MESSAGE][PASSED] - Delayed 5 second(s)

2018-03-30 10:05:07 - [TEST_STEP][PASSED] - mouseOver: Object: 'Object Repository/Page_Home Page - US Leadgen (1)/span_Reporting' is hovered

2018-03-30 10:05:07 - [MESSAGE][PASSED] - Object: 'Object Repository/Page_Home Page - US Leadgen (1)/span_Reporting' is hovered

2018-03-30 10:05:07 - [TEST_STEP][PASSED] - delay: Delayed 1 second(s)

2018-03-30 10:05:08 - [MESSAGE][PASSED] - Delayed 1 second(s)

2018-03-30 10:05:08 - [TEST_STEP][PASSED] - click: Object: 'Object Repository/Page_- US Leadgen/a_Multi-Brand Details' is clicked on

2018-03-30 10:05:09 - [MESSAGE][PASSED] - Object: 'Object Repository/Page_- US Leadgen/a_Multi-Brand Details' is clicked on

2018-03-30 10:05:09 - [TEST_STEP][PASSED] - delay: Delayed 2 second(s)

2018-03-30 10:05:11 - [MESSAGE][PASSED] - Delayed 2 second(s)

2018-03-30 10:05:11 - [TEST_STEP][PASSED] - click: Object: 'Object Repository/Page_- US Leadgen/i_fa fa-angle-double-left' is clicked on

2018-03-30 10:05:11 - [MESSAGE][PASSED] - Object: 'Object Repository/Page_- US Leadgen/i_fa fa-angle-double-left' is clicked on

2018-03-30 10:05:11 - [TEST_STEP][PASSED] - delay: Delayed 3 second(s)

2018-03-30 10:05:14 - [MESSAGE][PASSED] - Delayed 3 second(s)

2018-03-30 10:05:14 - [TEST_STEP][PASSED] - click: Object: 'Object Repository/Page_- US Leadgen/em_Submit' is clicked on

2018-03-30 10:05:14 - [MESSAGE][PASSED] - Object: 'Object Repository/Page_- US Leadgen/em_Submit' is clicked on

2018-03-30 10:05:14 - [TEST_STEP][PASSED] - delay: Delayed 5 second(s)

2018-03-30 10:05:19 - [MESSAGE][PASSED] - Delayed 5 second(s)

2018-03-30 10:05:19 - [TEST_STEP][PASSED] - mouseOver: Object: 'Object Repository/Page_Home Page - US Leadgen (1)/span_Administration' is hovered

2018-03-30 10:05:19 - [MESSAGE][PASSED] - Object: 'Object Repository/Page_Home Page - US Leadgen (1)/span_Administration' is hovered

2018-03-30 10:05:19 - [TEST_STEP][PASSED] - delay: Delayed 2 second(s)

2018-03-30 10:05:21 - [MESSAGE][PASSED] - Delayed 2 second(s)

2018-03-30 10:05:21 - [TEST_STEP][PASSED] - click: Object: 'Object Repository/Page_Home Page - US Leadgen (3)/a_Held Leads' is clicked on

2018-03-30 10:05:23 - [MESSAGE][PASSED] - Object: 'Object Repository/Page_Home Page - US Leadgen (3)/a_Held Leads' is clicked on

2018-03-30 10:05:23 - [TEST_STEP][PASSED] - delay: Delayed 1 second(s)

2018-03-30 10:05:24 - [MESSAGE][PASSED] - Delayed 1 second(s)

2018-03-30 10:05:24 - [TEST_STEP][PASSED] - click: Object: 'Object Repository/Page_- US Leadgen/a_Pending Groups' is clicked on

2018-03-30 10:05:24 - [MESSAGE][PASSED] - Object: 'Object Repository/Page_- US Leadgen/a_Pending Groups' is clicked on

2018-03-30 10:05:24 - [TEST_STEP][PASSED] - delay: Delayed 1 second(s)

2018-03-30 10:05:25 - [MESSAGE][PASSED] - Delayed 1 second(s)

2018-03-30 10:05:25 - [TEST_STEP][PASSED] - click: Object: 'Object Repository/Page_- US Leadgen/a_Overridden Leads Report' is clicked on

2018-03-30 10:05:25 - [MESSAGE][PASSED] - Object: 'Object Repository/Page_- US Leadgen/a_Overridden Leads Report' is clicked on

2018-03-30 10:05:25 - [TEST_STEP][PASSED] - delay: Delayed 1 second(s)

2018-03-30 10:05:26 - [MESSAGE][PASSED] - Delayed 1 second(s)

2018-03-30 10:05:26 - [TEST_STEP][PASSED] - click: Object: 'Object Repository/Page_- US Leadgen/a_Pending Groups' is clicked on

2018-03-30 10:05:26 - [MESSAGE][PASSED] - Object: 'Object Repository/Page_- US Leadgen/a_Pending Groups' is clicked on

2018-03-30 10:05:26 - [TEST_STEP][PASSED] - delay: Delayed 1 second(s)

2018-03-30 10:05:27 - [MESSAGE][PASSED] - Delayed 1 second(s)

2018-03-30 10:05:27 - [TEST_STEP][PASSED] - click: Object: 'Object Repository/Page_- US Leadgen/a_Incoming Held Leads' is clicked on

2018-03-30 10:05:27 - [MESSAGE][PASSED] - Object: 'Object Repository/Page_- US Leadgen/a_Incoming Held Leads' is clicked on

2018-03-30 10:05:27 - [TEST_STEP][PASSED] - delay: Delayed 2 second(s)

2018-03-30 10:05:29 - [MESSAGE][PASSED] - Delayed 2 second(s)

2018-03-30 10:05:29 - [TEST_STEP][PASSED] - mouseOver: Object: 'Object Repository/Page_Home Page - US Leadgen (1)/span_Administration' is hovered

2018-03-30 10:05:29 - [MESSAGE][PASSED] - Object: 'Object Repository/Page_Home Page - US Leadgen (1)/span_Administration' is hovered

2018-03-30 10:05:29 - [TEST_STEP][PASSED] - delay: Delayed 2 second(s)

2018-03-30 10:05:31 - [MESSAGE][PASSED] - Delayed 2 second(s)

2018-03-30 10:05:31 - [TEST_STEP][PASSED] - click: Object: 'Object Repository/Page_- US Leadgen/a_VMM Updates' is clicked on

2018-03-30 10:05:31 - [MESSAGE][PASSED] - Object: 'Object Repository/Page_- US Leadgen/a_VMM Updates' is clicked on

2018-03-30 10:05:31 - [TEST_STEP][PASSED] - delay: Delayed 1 second(s)

2018-03-30 10:05:32 - [MESSAGE][PASSED] - Delayed 1 second(s)

2018-03-30 10:05:32 - [TEST_STEP][PASSED] - mouseOver: Object: 'Object Repository/Page_Home Page - US Leadgen (1)/span_Administration' is hovered

2018-03-30 10:05:32 - [MESSAGE][PASSED] - Object: 'Object Repository/Page_Home Page - US Leadgen (1)/span_Administration' is hovered

2018-03-30 10:05:32 - [TEST_STEP][PASSED] - delay: Delayed 2 second(s)

2018-03-30 10:05:34 - [MESSAGE][PASSED] - Delayed 2 second(s)

2018-03-30 10:05:34 - [TEST_STEP][PASSED] - click: Object: 'Object Repository/Page_- US Leadgen/a_Dealerships' is clicked on

2018-03-30 10:05:35 - [MESSAGE][PASSED] - Object: 'Object Repository/Page_- US Leadgen/a_Dealerships' is clicked on

2018-03-30 10:05:35 - [TEST_STEP][PASSED] - delay: Delayed 1 second(s)

2018-03-30 10:05:36 - [MESSAGE][PASSED] - Delayed 1 second(s)

2018-03-30 10:05:36 - [TEST_STEP][PASSED] - mouseOver: Object: 'Object Repository/Page_Home Page - US Leadgen (1)/span_Administration' is hovered

2018-03-30 10:05:36 - [MESSAGE][PASSED] - Object: 'Object Repository/Page_Home Page - US Leadgen (1)/span_Administration' is hovered

2018-03-30 10:05:36 - [TEST_STEP][PASSED] - delay: Delayed 2 second(s)

2018-03-30 10:05:38 - [MESSAGE][PASSED] - Delayed 2 second(s)

2018-03-30 10:05:38 - [TEST_STEP][PASSED] - click: Object: 'Object Repository/Page_- US Leadgen/a_Zip Codes' is clicked on

2018-03-30 10:05:38 - [MESSAGE][PASSED] - Object: 'Object Repository/Page_- US Leadgen/a_Zip Codes' is clicked on

2018-03-30 10:05:38 - [TEST_STEP][PASSED] - delay: Delayed 1 second(s)

2018-03-30 10:05:39 - [MESSAGE][PASSED] - Delayed 1 second(s)

2018-03-30 10:05:39 - [TEST_STEP][PASSED] - mouseOver: Object: 'Object Repository/Page_Home Page - US Leadgen (1)/span_Administration' is hovered

2018-03-30 10:05:39 - [MESSAGE][PASSED] - Object: 'Object Repository/Page_Home Page - US Leadgen (1)/span_Administration' is hovered

2018-03-30 10:05:39 - [TEST_STEP][PASSED] - delay: Delayed 1 second(s)

2018-03-30 10:05:40 - [MESSAGE][PASSED] - Delayed 1 second(s)

2018-03-30 10:05:40 - [TEST_STEP][PASSED] - mouseOver: Object: 'Object Repository/Page_Home Page - US Leadgen (1)/span_System' is hovered

2018-03-30 10:05:40 - [MESSAGE][PASSED] - Object: 'Object Repository/Page_Home Page - US Leadgen (1)/span_System' is hovered

2018-03-30 10:05:40 - [TEST_STEP][PASSED] - delay: Delayed 1 second(s)

2018-03-30 10:05:41 - [MESSAGE][PASSED] - Delayed 1 second(s)

2018-03-30 10:05:41 - [TEST_STEP][PASSED] - click: Object: 'Object Repository/Page_- US Leadgen/a_Events' is clicked on

2018-03-30 10:05:41 - [MESSAGE][PASSED] - Object: 'Object Repository/Page_- US Leadgen/a_Events' is clicked on

2018-03-30 10:05:41 - [TEST_STEP][PASSED] - delay: Delayed 2 second(s)

2018-03-30 10:05:43 - [MESSAGE][PASSED] - Delayed 2 second(s)

2018-03-30 10:05:43 - [TEST_STEP][PASSED] - mouseOver: Object: 'Object Repository/Page_Home Page - US Leadgen (1)/span_Administration' is hovered

2018-03-30 10:05:44 - [MESSAGE][PASSED] - Object: 'Object Repository/Page_Home Page - US Leadgen (1)/span_Administration' is hovered

2018-03-30 10:05:44 - [TEST_STEP][PASSED] - delay: Delayed 1 second(s)

2018-03-30 10:05:45 - [MESSAGE][PASSED] - Delayed 1 second(s)

2018-03-30 10:05:45 - [TEST_STEP][PASSED] - mouseOver: Object: 'Object Repository/Page_Home Page - US Leadgen (1)/span_System' is hovered

2018-03-30 10:05:45 - [MESSAGE][PASSED] - Object: 'Object Repository/Page_Home Page - US Leadgen (1)/span_System' is hovered

2018-03-30 10:05:45 - [TEST_STEP][PASSED] - delay: Delayed 1 second(s)

2018-03-30 10:05:46 - [MESSAGE][PASSED] - Delayed 1 second(s)

2018-03-30 10:05:46 - [TEST_STEP][PASSED] - click: Object: 'Object Repository/Page_- US Leadgen/a_Source Codes' is clicked on

2018-03-30 10:05:46 - [MESSAGE][PASSED] - Object: 'Object Repository/Page_- US Leadgen/a_Source Codes' is clicked on

2018-03-30 10:05:46 - [TEST_STEP][PASSED] - delay: Delayed 2 second(s)

2018-03-30 10:05:48 - [MESSAGE][PASSED] - Delayed 2 second(s)

2018-03-30 10:05:48 - [TEST_STEP][PASSED] - mouseOver: Object: 'Object Repository/Page_Home Page - US Leadgen (1)/span_Administration' is hovered

2018-03-30 10:05:48 - [MESSAGE][PASSED] - Object: 'Object Repository/Page_Home Page - US Leadgen (1)/span_Administration' is hovered

2018-03-30 10:05:48 - [TEST_STEP][PASSED] - delay: Delayed 1 second(s)

2018-03-30 10:05:49 - [MESSAGE][PASSED] - Delayed 1 second(s)

2018-03-30 10:05:49 - [TEST_STEP][PASSED] - mouseOver: Object: 'Object Repository/Page_Home Page - US Leadgen (1)/span_System' is hovered

2018-03-30 10:05:49 - [MESSAGE][PASSED] - Object: 'Object Repository/Page_Home Page - US Leadgen (1)/span_System' is hovered

2018-03-30 10:05:49 - [TEST_STEP][PASSED] - delay: Delayed 1 second(s)

2018-03-30 10:05:50 - [MESSAGE][PASSED] - Delayed 1 second(s)

2018-03-30 10:05:50 - [TEST_STEP][PASSED] - click: Object: 'Object Repository/Page_- US Leadgen/a_System Settings' is clicked on

2018-03-30 10:05:50 - [MESSAGE][PASSED] - Object: 'Object Repository/Page_- US Leadgen/a_System Settings' is clicked on

2018-03-30 10:05:50 - [TEST_STEP][PASSED] - delay: Delayed 2 second(s)

2018-03-30 10:05:52 - [MESSAGE][PASSED] - Delayed 2 second(s)

2018-03-30 10:05:52 - [TEST_STEP][PASSED] - mouseOver: Object: 'Object Repository/Page_Home Page - US Leadgen (1)/span_Administration' is hovered

2018-03-30 10:05:52 - [MESSAGE][PASSED] - Object: 'Object Repository/Page_Home Page - US Leadgen (1)/span_Administration' is hovered

2018-03-30 10:05:52 - [TEST_STEP][PASSED] - delay: Delayed 1 second(s)

2018-03-30 10:05:53 - [MESSAGE][PASSED] - Delayed 1 second(s)

2018-03-30 10:05:53 - [TEST_STEP][PASSED] - mouseOver: Object: 'Object Repository/Page_Home Page - US Leadgen (1)/span_System' is hovered

2018-03-30 10:05:53 - [MESSAGE][PASSED] - Object: 'Object Repository/Page_Home Page - US Leadgen (1)/span_System' is hovered

2018-03-30 10:05:53 - [TEST_STEP][PASSED] - delay: Delayed 1 second(s)

2018-03-30 10:05:54 - [MESSAGE][PASSED] - Delayed 1 second(s)

2018-03-30 10:05:54 - [TEST_STEP][PASSED] - click: Object: 'Object Repository/Page_- US Leadgen/a_Plug In Management' is clicked on

2018-03-30 10:05:55 - [MESSAGE][PASSED] - Object: 'Object Repository/Page_- US Leadgen/a_Plug In Management' is clicked on

2018-03-30 10:05:55 - [TEST_STEP][PASSED] - delay: Delayed 2 second(s)

2018-03-30 10:05:57 - [MESSAGE][PASSED] - Delayed 2 second(s)

2018-03-30 10:05:57 - [TEST_STEP][PASSED] - mouseOver: Object: 'Object Repository/Page_Home Page - US Leadgen (1)/span_Administration' is hovered

2018-03-30 10:05:57 - [MESSAGE][PASSED] - Object: 'Object Repository/Page_Home Page - US Leadgen (1)/span_Administration' is hovered

2018-03-30 10:05:57 - [TEST_STEP][PASSED] - delay: Delayed 1 second(s)

2018-03-30 10:05:58 - [MESSAGE][PASSED] - Delayed 1 second(s)

2018-03-30 10:05:58 - [TEST_STEP][PASSED] - mouseOver: Object: 'Object Repository/Page_Home Page - US Leadgen (1)/span_System' is hovered

2018-03-30 10:05:58 - [MESSAGE][PASSED] - Object: 'Object Repository/Page_Home Page - US Leadgen (1)/span_System' is hovered

2018-03-30 10:05:58 - [TEST_STEP][PASSED] - delay: Delayed 1 second(s)

2018-03-30 10:05:59 - [MESSAGE][PASSED] - Delayed 1 second(s)

2018-03-30 10:05:59 - [TEST_STEP][PASSED] - click: Object: 'Object Repository/Page_- US Leadgen/a_Exporter Settings' is clicked on

2018-03-30 10:05:59 - [MESSAGE][PASSED] - Object: 'Object Repository/Page_- US Leadgen/a_Exporter Settings' is clicked on

2018-03-30 10:05:59 - [TEST_STEP][PASSED] - delay: Delayed 2 second(s)

2018-03-30 10:06:01 - [MESSAGE][PASSED] - Delayed 2 second(s)

2018-03-30 10:06:01 - [TEST_STEP][PASSED] - mouseOver: Object: 'Object Repository/Page_Home Page - US Leadgen (1)/span_Administration' is hovered

2018-03-30 10:06:01 - [MESSAGE][PASSED] - Object: 'Object Repository/Page_Home Page - US Leadgen (1)/span_Administration' is hovered

2018-03-30 10:06:01 - [TEST_STEP][PASSED] - delay: Delayed 1 second(s)

2018-03-30 10:06:02 - [MESSAGE][PASSED] - Delayed 1 second(s)

2018-03-30 10:06:02 - [TEST_STEP][PASSED] - mouseOver: Object: 'Object Repository/Page_Home Page - US Leadgen (1)/span_System' is hovered

2018-03-30 10:06:02 - [MESSAGE][PASSED] - Object: 'Object Repository/Page_Home Page - US Leadgen (1)/span_System' is hovered

2018-03-30 10:06:02 - [TEST_STEP][PASSED] - delay: Delayed 1 second(s)

2018-03-30 10:06:03 - [MESSAGE][PASSED] - Delayed 1 second(s)

2018-03-30 10:06:03 - [TEST_STEP][PASSED] - click: Object: 'Object Repository/Page_- US Leadgen/a_Provision Keys' is clicked on

2018-03-30 10:06:04 - [MESSAGE][PASSED] - Object: 'Object Repository/Page_- US Leadgen/a_Provision Keys' is clicked on

2018-03-30 10:06:04 - [TEST_STEP][PASSED] - delay: Delayed 2 second(s)

2018-03-30 10:06:06 - [MESSAGE][PASSED] - Delayed 2 second(s)

2018-03-30 10:06:06 - [TEST_STEP][PASSED] - mouseOver: Object: 'Object Repository/Page_Home Page - US Leadgen (1)/span_Administration' is hovered

2018-03-30 10:06:06 - [MESSAGE][PASSED] - Object: 'Object Repository/Page_Home Page - US Leadgen (1)/span_Administration' is hovered

2018-03-30 10:06:06 - [TEST_STEP][PASSED] - delay: Delayed 1 second(s)

2018-03-30 10:06:07 - [MESSAGE][PASSED] - Delayed 1 second(s)

2018-03-30 10:06:07 - [TEST_STEP][PASSED] - mouseOver: Object: 'Object Repository/Page_Home Page - US Leadgen (1)/span_System' is hovered

2018-03-30 10:06:07 - [MESSAGE][PASSED] - Object: 'Object Repository/Page_Home Page - US Leadgen (1)/span_System' is hovered

2018-03-30 10:06:07 - [TEST_STEP][PASSED] - delay: Delayed 1 second(s)

2018-03-30 10:06:08 - [MESSAGE][PASSED] - Delayed 1 second(s)

2018-03-30 10:06:08 - [TEST_STEP][PASSED] - click: Object: 'Object Repository/Page_- US Leadgen/a_The Purginator' is clicked on

2018-03-30 10:06:08 - [MESSAGE][PASSED] - Object: 'Object Repository/Page_- US Leadgen/a_The Purginator' is clicked on

2018-03-30 10:06:08 - [TEST_STEP][PASSED] - delay: Delayed 2 second(s)

2018-03-30 10:06:10 - [MESSAGE][PASSED] - Delayed 2 second(s)

2018-03-30 10:06:10 - [TEST_STEP][PASSED] - mouseOver: Object: 'Object Repository/Page_Home Page - US Leadgen (1)/span_Administration' is hovered

2018-03-30 10:06:10 - [MESSAGE][PASSED] - Object: 'Object Repository/Page_Home Page - US Leadgen (1)/span_Administration' is hovered

2018-03-30 10:06:10 - [TEST_STEP][PASSED] - delay: Delayed 1 second(s)

2018-03-30 10:06:11 - [MESSAGE][PASSED] - Delayed 1 second(s)

2018-03-30 10:06:11 - [TEST_STEP][PASSED] - mouseOver: Object: 'Object Repository/Page_Home Page - US Leadgen (1)/span_System' is hovered

2018-03-30 10:06:11 - [MESSAGE][PASSED] - Object: 'Object Repository/Page_Home Page - US Leadgen (1)/span_System' is hovered

2018-03-30 10:06:11 - [TEST_STEP][PASSED] - delay: Delayed 1 second(s)

2018-03-30 10:06:12 - [MESSAGE][PASSED] - Delayed 1 second(s)

2018-03-30 10:06:12 - [TEST_STEP][PASSED] - click: Object: 'Object Repository/Page_- US Leadgen/a_Purge History' is clicked on

2018-03-30 10:06:13 - [MESSAGE][PASSED] - Object: 'Object Repository/Page_- US Leadgen/a_Purge History' is clicked on

2018-03-30 10:06:13 - [TEST_STEP][PASSED] - delay: Delayed 2 second(s)

2018-03-30 10:06:15 - [MESSAGE][PASSED] - Delayed 2 second(s)

2018-03-30 10:06:15 - [TEST_STEP][PASSED] - click: Object: 'Object Repository/Page_- US Leadgen/a_Dashboard' is clicked on

2018-03-30 10:06:15 - [MESSAGE][PASSED] - Object: 'Object Repository/Page_- US Leadgen/a_Dashboard' is clicked on

2018-03-30 10:06:15 - [TEST_STEP][PASSED] - delay: Delayed 5 second(s)

2018-03-30 10:06:20 - [MESSAGE][PASSED] - Delayed 5 second(s)

2018-03-30 10:06:20 - [TEST_STEP][PASSED] - mouseOver: Object: 'Object Repository/Page_Home Page - US Leadgen (1)/span_Reporting' is hovered

2018-03-30 10:06:20 - [MESSAGE][PASSED] - Object: 'Object Repository/Page_Home Page - US Leadgen (1)/span_Reporting' is hovered

2018-03-30 10:06:20 - [TEST_STEP][PASSED] - delay: Delayed 1 second(s)

2018-03-30 10:06:21 - [MESSAGE][PASSED] - Delayed 1 second(s)

2018-03-30 10:06:21 - [TEST_STEP][PASSED] - click: Object: 'Object Repository/Page_Home Page - US Leadgen (3)/a_Daily Emails' is clicked on

2018-03-30 10:06:22 - [MESSAGE][PASSED] - Object: 'Object Repository/Page_Home Page - US Leadgen (3)/a_Daily Emails' is clicked on

2018-03-30 10:06:22 - [TEST_STEP][PASSED] - delay: Delayed 2 second(s)

2018-03-30 10:06:24 - [MESSAGE][PASSED] - Delayed 2 second(s)

2018-03-30 10:06:24 - [TEST_STEP][PASSED] - mouseOver: Object: 'Object Repository/Page_Home Page - US Leadgen (1)/span_Reporting' is hovered

2018-03-30 10:06:24 - [MESSAGE][PASSED] - Object: 'Object Repository/Page_Home Page - US Leadgen (1)/span_Reporting' is hovered

2018-03-30 10:06:24 - [TEST_STEP][PASSED] - delay: Delayed 1 second(s)

2018-03-30 10:06:25 - [MESSAGE][PASSED] - Delayed 1 second(s)

2018-03-30 10:06:25 - [TEST_STEP][PASSED] - click: Object: 'Object Repository/Page_- US Leadgen/a_EDC Lead Summary' is clicked on

2018-03-30 10:06:26 - [MESSAGE][PASSED] - Object: 'Object Repository/Page_- US Leadgen/a_EDC Lead Summary' is clicked on

2018-03-30 10:06:26 - [TEST_STEP][PASSED] - delay: Delayed 2 second(s)

2018-03-30 10:06:28 - [MESSAGE][PASSED] - Delayed 2 second(s)

2018-03-30 10:06:28 - [TEST_STEP][PASSED] - click: Object: 'Object Repository/Page_- US Leadgen/i_fa fa-angle-double-left' is clicked on

2018-03-30 10:06:28 - [MESSAGE][PASSED] - Object: 'Object Repository/Page_- US Leadgen/i_fa fa-angle-double-left' is clicked on

2018-03-30 10:06:28 - [TEST_STEP][PASSED] - delay: Delayed 2 second(s)

2018-03-30 10:06:30 - [MESSAGE][PASSED] - Delayed 2 second(s)

2018-03-30 10:06:30 - [TEST_STEP][PASSED] - click: Object: 'Object Repository/Page_- US Leadgen/i_fa fa-angle-double-left_1' is clicked on

2018-03-30 10:06:30 - [MESSAGE][PASSED] - Object: 'Object Repository/Page_- US Leadgen/i_fa fa-angle-double-left_1' is clicked on

2018-03-30 10:06:30 - [TEST_STEP][PASSED] - delay: Delayed 2 second(s)

2018-03-30 10:06:32 - [MESSAGE][PASSED] - Delayed 2 second(s)

2018-03-30 10:06:32 - [TEST_STEP][PASSED] - click: Object: 'Object Repository/Page_- US Leadgen/button_uix-control-right' is clicked on

2018-03-30 10:06:32 - [MESSAGE][PASSED] - Object: 'Object Repository/Page_- US Leadgen/button_uix-control-right' is clicked on

2018-03-30 10:06:32 - [TEST_STEP][PASSED] - delay: Delayed 2 second(s)

2018-03-30 10:06:34 - [MESSAGE][PASSED] - Delayed 2 second(s)

2018-03-30 10:06:34 - [TEST_STEP][PASSED] - click: Object: 'Object Repository/Page_- US Leadgen/em_Submit' is clicked on

2018-03-30 10:06:35 - [MESSAGE][PASSED] - Object: 'Object Repository/Page_- US Leadgen/em_Submit' is clicked on

2018-03-30 10:06:35 - [TEST_STEP][PASSED] - delay: Delayed 2 second(s)

2018-03-30 10:06:37 - [MESSAGE][PASSED] - Delayed 2 second(s)

2018-03-30 10:06:37 - [TEST_STEP][PASSED] - click: Object: 'Object Repository/Page_- US Leadgen/em_Back' is clicked on

2018-03-30 10:06:38 - [MESSAGE][PASSED] - Object: 'Object Repository/Page_- US Leadgen/em_Back' is clicked on

2018-03-30 10:06:38 - [TEST_STEP][PASSED] - delay: Delayed 2 second(s)

2018-03-30 10:06:40 - [MESSAGE][PASSED] - Delayed 2 second(s)

2018-03-30 10:06:40 - [TEST_STEP][PASSED] - mouseOver: Object: 'Object Repository/Page_Home Page - US Leadgen (1)/span_Reporting' is hovered

2018-03-30 10:06:40 - [MESSAGE][PASSED] - Object: 'Object Repository/Page_Home Page - US Leadgen (1)/span_Reporting' is hovered

2018-03-30 10:06:40 - [TEST_STEP][PASSED] - delay: Delayed 1 second(s)

2018-03-30 10:06:41 - [MESSAGE][PASSED] - Delayed 1 second(s)

2018-03-30 10:06:41 - [TEST_STEP][PASSED] - click: Object: 'Object Repository/Page_- US Leadgen/a_Transmitted Leads' is clicked on

2018-03-30 10:06:42 - [MESSAGE][PASSED] - Object: 'Object Repository/Page_- US Leadgen/a_Transmitted Leads' is clicked on

2018-03-30 10:06:42 - [TEST_STEP][PASSED] - delay: Delayed 2 second(s)

2018-03-30 10:06:44 - [MESSAGE][PASSED] - Delayed 2 second(s)

2018-03-30 10:06:44 - [TEST_STEP][PASSED] - click: Object: 'Object Repository/Page_- US Leadgen/i_fa fa-angle-double-left' is clicked on

2018-03-30 10:06:44 - [MESSAGE][PASSED] - Object: 'Object Repository/Page_- US Leadgen/i_fa fa-angle-double-left' is clicked on

2018-03-30 10:06:44 - [TEST_STEP][PASSED] - delay: Delayed 3 second(s)

2018-03-30 10:06:47 - [MESSAGE][PASSED] - Delayed 3 second(s)

2018-03-30 10:06:47 - [TEST_STEP][PASSED] - click: Object: 'Object Repository/Page_- US Leadgen/em_Submit' is clicked on

2018-03-30 10:06:47 - [MESSAGE][PASSED] - Object: 'Object Repository/Page_- US Leadgen/em_Submit' is clicked on

2018-03-30 10:06:47 - [TEST_STEP][PASSED] - delay: Delayed 5 second(s)

2018-03-30 10:06:52 - [MESSAGE][PASSED] - Delayed 5 second(s)

2018-03-30 10:06:52 - [TEST_STEP][PASSED] - click: Object: 'Object Repository/Page_- US Leadgen/em_Back_1' is clicked on

2018-03-30 10:06:53 - [MESSAGE][PASSED] - Object: 'Object Repository/Page_- US Leadgen/em_Back_1' is clicked on

2018-03-30 10:06:53 - [TEST_STEP][PASSED] - delay: Delayed 2 second(s)

2018-03-30 10:06:55 - [MESSAGE][PASSED] - Delayed 2 second(s)

2018-03-30 10:06:55 - [TEST_STEP][PASSED] - mouseOver: Object: 'Object Repository/Page_Home Page - US Leadgen (1)/span_Reporting' is hovered

2018-03-30 10:06:55 - [MESSAGE][PASSED] - Object: 'Object Repository/Page_Home Page - US Leadgen (1)/span_Reporting' is hovered

2018-03-30 10:06:55 - [TEST_STEP][PASSED] - delay: Delayed 1 second(s)

2018-03-30 10:06:56 - [MESSAGE][PASSED] - Delayed 1 second(s)

2018-03-30 10:06:56 - [TEST_STEP][PASSED] - click: Object: 'Object Repository/Page_- US Leadgen/a_Lead Details' is clicked on

2018-03-30 10:06:56 - [MESSAGE][PASSED] - Object: 'Object Repository/Page_- US Leadgen/a_Lead Details' is clicked on

2018-03-30 10:06:56 - [TEST_STEP][PASSED] - delay: Delayed 2 second(s)

2018-03-30 10:06:58 - [MESSAGE][PASSED] - Delayed 2 second(s)

2018-03-30 10:06:58 - [TEST_STEP][PASSED] - click: Object: 'Object Repository/Page_- US Leadgen/i_fa fa-angle-double-left' is clicked on

2018-03-30 10:06:58 - [MESSAGE][PASSED] - Object: 'Object Repository/Page_- US Leadgen/i_fa fa-angle-double-left' is clicked on

2018-03-30 10:06:58 - [TEST_STEP][PASSED] - delay: Delayed 2 second(s)

2018-03-30 10:07:00 - [MESSAGE][PASSED] - Delayed 2 second(s)

2018-03-30 10:07:00 - [TEST_STEP][PASSED] - click: Object: 'Object Repository/Page_- US Leadgen/em_Submit' is clicked on

2018-03-30 10:07:01 - [MESSAGE][PASSED] - Object: 'Object Repository/Page_- US Leadgen/em_Submit' is clicked on

2018-03-30 10:07:01 - [TEST_STEP][PASSED] - delay: Delayed 5 second(s)

2018-03-30 10:07:06 - [MESSAGE][PASSED] - Delayed 5 second(s)

2018-03-30 10:07:06 - [TEST_STEP][PASSED] - mouseOver: Object: 'Object Repository/Page_Home Page - US Leadgen (1)/span_Reporting' is hovered

2018-03-30 10:07:06 - [MESSAGE][PASSED] - Object: 'Object Repository/Page_Home Page - US Leadgen (1)/span_Reporting' is hovered

2018-03-30 10:07:06 - [TEST_STEP][PASSED] - delay: Delayed 1 second(s)

2018-03-30 10:07:07 - [MESSAGE][PASSED] - Delayed 1 second(s)

2018-03-30 10:07:07 - [TEST_STEP][PASSED] - click: Object: 'Object Repository/Page_- US Leadgen/a_Multi-Brand Details' is clicked on

2018-03-30 10:07:07 - [MESSAGE][PASSED] - Object: 'Object Repository/Page_- US Leadgen/a_Multi-Brand Details' is clicked on

2018-03-30 10:07:07 - [TEST_STEP][PASSED] - delay: Delayed 2 second(s)

2018-03-30 10:07:09 - [MESSAGE][PASSED] - Delayed 2 second(s)

2018-03-30 10:07:09 - [TEST_STEP][PASSED] - click: Object: 'Object Repository/Page_- US Leadgen/i_fa fa-angle-double-left' is clicked on

2018-03-30 10:07:09 - [MESSAGE][PASSED] - Object: 'Object Repository/Page_- US Leadgen/i_fa fa-angle-double-left' is clicked on

2018-03-30 10:07:09 - [TEST_STEP][PASSED] - delay: Delayed 3 second(s)

2018-03-30 10:07:12 - [MESSAGE][PASSED] - Delayed 3 second(s)

2018-03-30 10:07:12 - [TEST_STEP][PASSED] - click: Object: 'Object Repository/Page_- US Leadgen/em_Submit' is clicked on

2018-03-30 10:07:12 - [MESSAGE][PASSED] - Object: 'Object Repository/Page_- US Leadgen/em_Submit' is clicked on

2018-03-30 10:07:12 - [TEST_STEP][PASSED] - delay: Delayed 5 second(s)

2018-03-30 10:07:17 - [MESSAGE][PASSED] - Delayed 5 second(s)

2018-03-30 10:07:17 - [TEST_STEP][PASSED] - mouseOver: Object: 'Object Repository/Page_Home Page - US Leadgen (1)/span_Administration' is hovered

2018-03-30 10:07:18 - [MESSAGE][PASSED] - Object: 'Object Repository/Page_Home Page - US Leadgen (1)/span_Administration' is hovered

2018-03-30 10:07:18 - [TEST_STEP][PASSED] - delay: Delayed 2 second(s)

2018-03-30 10:07:20 - [MESSAGE][PASSED] - Delayed 2 second(s)

2018-03-30 10:07:20 - [TEST_STEP][PASSED] - click: Object: 'Object Repository/Page_Home Page - US Leadgen (3)/a_Held Leads' is clicked on

2018-03-30 10:07:21 - [MESSAGE][PASSED] - Object: 'Object Repository/Page_Home Page - US Leadgen (3)/a_Held Leads' is clicked on

2018-03-30 10:07:21 - [TEST_STEP][PASSED] - delay: Delayed 1 second(s)

2018-03-30 10:07:22 - [MESSAGE][PASSED] - Delayed 1 second(s)

2018-03-30 10:07:22 - [TEST_STEP][PASSED] - click: Object: 'Object Repository/Page_- US Leadgen/a_Pending Groups' is clicked on

2018-03-30 10:07:22 - [MESSAGE][PASSED] - Object: 'Object Repository/Page_- US Leadgen/a_Pending Groups' is clicked on

2018-03-30 10:07:22 - [TEST_STEP][PASSED] - delay: Delayed 1 second(s)

2018-03-30 10:07:23 - [MESSAGE][PASSED] - Delayed 1 second(s)

2018-03-30 10:07:23 - [TEST_STEP][PASSED] - click: Object: 'Object Repository/Page_- US Leadgen/a_Overridden Leads Report' is clicked on

2018-03-30 10:07:23 - [MESSAGE][PASSED] - Object: 'Object Repository/Page_- US Leadgen/a_Overridden Leads Report' is clicked on

2018-03-30 10:07:23 - [TEST_STEP][PASSED] - delay: Delayed 1 second(s)

2018-03-30 10:07:24 - [MESSAGE][PASSED] - Delayed 1 second(s)

2018-03-30 10:07:24 - [TEST_STEP][PASSED] - click: Object: 'Object Repository/Page_- US Leadgen/a_Pending Groups' is clicked on

2018-03-30 10:07:24 - [MESSAGE][PASSED] - Object: 'Object Repository/Page_- US Leadgen/a_Pending Groups' is clicked on

2018-03-30 10:07:24 - [TEST_STEP][PASSED] - delay: Delayed 1 second(s)

2018-03-30 10:07:25 - [MESSAGE][PASSED] - Delayed 1 second(s)

2018-03-30 10:07:25 - [TEST_STEP][PASSED] - click: Object: 'Object Repository/Page_- US Leadgen/a_Incoming Held Leads' is clicked on

2018-03-30 10:07:25 - [MESSAGE][PASSED] - Object: 'Object Repository/Page_- US Leadgen/a_Incoming Held Leads' is clicked on

2018-03-30 10:07:25 - [TEST_STEP][PASSED] - delay: Delayed 2 second(s)

2018-03-30 10:07:27 - [MESSAGE][PASSED] - Delayed 2 second(s)

2018-03-30 10:07:27 - [TEST_STEP][PASSED] - mouseOver: Object: 'Object Repository/Page_Home Page - US Leadgen (1)/span_Administration' is hovered

2018-03-30 10:07:27 - [MESSAGE][PASSED] - Object: 'Object Repository/Page_Home Page - US Leadgen (1)/span_Administration' is hovered

2018-03-30 10:07:27 - [TEST_STEP][PASSED] - delay: Delayed 2 second(s)

2018-03-30 10:07:29 - [MESSAGE][PASSED] - Delayed 2 second(s)

2018-03-30 10:07:29 - [TEST_STEP][PASSED] - click: Object: 'Object Repository/Page_- US Leadgen/a_VMM Updates' is clicked on

2018-03-30 10:07:29 - [MESSAGE][PASSED] - Object: 'Object Repository/Page_- US Leadgen/a_VMM Updates' is clicked on

2018-03-30 10:07:29 - [TEST_STEP][PASSED] - delay: Delayed 1 second(s)

2018-03-30 10:07:30 - [MESSAGE][PASSED] - Delayed 1 second(s)

2018-03-30 10:07:30 - [TEST_STEP][PASSED] - mouseOver: Object: 'Object Repository/Page_Home Page - US Leadgen (1)/span_Administration' is hovered

2018-03-30 10:07:31 - [MESSAGE][PASSED] - Object: 'Object Repository/Page_Home Page - US Leadgen (1)/span_Administration' is hovered

2018-03-30 10:07:31 - [TEST_STEP][PASSED] - delay: Delayed 2 second(s)

2018-03-30 10:07:33 - [MESSAGE][PASSED] - Delayed 2 second(s)

2018-03-30 10:07:33 - [TEST_STEP][PASSED] - click: Object: 'Object Repository/Page_- US Leadgen/a_Dealerships' is clicked on

2018-03-30 10:07:33 - [MESSAGE][PASSED] - Object: 'Object Repository/Page_- US Leadgen/a_Dealerships' is clicked on

2018-03-30 10:07:33 - [TEST_STEP][PASSED] - delay: Delayed 1 second(s)

2018-03-30 10:07:34 - [MESSAGE][PASSED] - Delayed 1 second(s)

2018-03-30 10:07:34 - [TEST_STEP][PASSED] - mouseOver: Object: 'Object Repository/Page_Home Page - US Leadgen (1)/span_Administration' is hovered

2018-03-30 10:07:34 - [MESSAGE][PASSED] - Object: 'Object Repository/Page_Home Page - US Leadgen (1)/span_Administration' is hovered

2018-03-30 10:07:34 - [TEST_STEP][PASSED] - delay: Delayed 2 second(s)

2018-03-30 10:07:36 - [MESSAGE][PASSED] - Delayed 2 second(s)

2018-03-30 10:07:36 - [TEST_STEP][PASSED] - click: Object: 'Object Repository/Page_- US Leadgen/a_Zip Codes' is clicked on

2018-03-30 10:07:36 - [MESSAGE][PASSED] - Object: 'Object Repository/Page_- US Leadgen/a_Zip Codes' is clicked on

2018-03-30 10:07:36 - [TEST_STEP][PASSED] - delay: Delayed 1 second(s)

2018-03-30 10:07:37 - [MESSAGE][PASSED] - Delayed 1 second(s)

2018-03-30 10:07:37 - [TEST_STEP][PASSED] - mouseOver: Object: 'Object Repository/Page_Home Page - US Leadgen (1)/span_Administration' is hovered

2018-03-30 10:07:37 - [MESSAGE][PASSED] - Object: 'Object Repository/Page_Home Page - US Leadgen (1)/span_Administration' is hovered

2018-03-30 10:07:37 - [TEST_STEP][PASSED] - delay: Delayed 1 second(s)

2018-03-30 10:07:38 - [MESSAGE][PASSED] - Delayed 1 second(s)

2018-03-30 10:07:38 - [TEST_STEP][PASSED] - mouseOver: Object: 'Object Repository/Page_Home Page - US Leadgen (1)/span_System' is hovered

2018-03-30 10:07:38 - [MESSAGE][PASSED] - Object: 'Object Repository/Page_Home Page - US Leadgen (1)/span_System' is hovered

2018-03-30 10:07:38 - [TEST_STEP][PASSED] - delay: Delayed 1 second(s)

2018-03-30 10:07:39 - [MESSAGE][PASSED] - Delayed 1 second(s)

2018-03-30 10:07:39 - [TEST_STEP][PASSED] - click: Object: 'Object Repository/Page_- US Leadgen/a_Events' is clicked on

2018-03-30 10:07:40 - [MESSAGE][PASSED] - Object: 'Object Repository/Page_- US Leadgen/a_Events' is clicked on

2018-03-30 10:07:40 - [TEST_STEP][PASSED] - delay: Delayed 2 second(s)

2018-03-30 10:07:42 - [MESSAGE][PASSED] - Delayed 2 second(s)

2018-03-30 10:07:42 - [TEST_STEP][PASSED] - mouseOver: Object: 'Object Repository/Page_Home Page - US Leadgen (1)/span_Administration' is hovered

2018-03-30 10:07:42 - [MESSAGE][PASSED] - Object: 'Object Repository/Page_Home Page - US Leadgen (1)/span_Administration' is hovered

2018-03-30 10:07:42 - [TEST_STEP][PASSED] - delay: Delayed 1 second(s)

2018-03-30 10:07:43 - [MESSAGE][PASSED] - Delayed 1 second(s)

2018-03-30 10:07:43 - [TEST_STEP][PASSED] - mouseOver: Object: 'Object Repository/Page_Home Page - US Leadgen (1)/span_System' is hovered

2018-03-30 10:07:43 - [MESSAGE][PASSED] - Object: 'Object Repository/Page_Home Page - US Leadgen (1)/span_System' is hovered

2018-03-30 10:07:43 - [TEST_STEP][PASSED] - delay: Delayed 1 second(s)

2018-03-30 10:07:44 - [MESSAGE][PASSED] - Delayed 1 second(s)

2018-03-30 10:07:44 - [TEST_STEP][PASSED] - click: Object: 'Object Repository/Page_- US Leadgen/a_Source Codes' is clicked on

2018-03-30 10:07:44 - [MESSAGE][PASSED] - Object: 'Object Repository/Page_- US Leadgen/a_Source Codes' is clicked on

2018-03-30 10:07:44 - [TEST_STEP][PASSED] - delay: Delayed 2 second(s)

2018-03-30 10:07:46 - [MESSAGE][PASSED] - Delayed 2 second(s)

2018-03-30 10:07:46 - [TEST_STEP][PASSED] - mouseOver: Object: 'Object Repository/Page_Home Page - US Leadgen (1)/span_Administration' is hovered

2018-03-30 10:07:46 - [MESSAGE][PASSED] - Object: 'Object Repository/Page_Home Page - US Leadgen (1)/span_Administration' is hovered

2018-03-30 10:07:46 - [TEST_STEP][PASSED] - delay: Delayed 1 second(s)

2018-03-30 10:07:47 - [MESSAGE][PASSED] - Delayed 1 second(s)

2018-03-30 10:07:47 - [TEST_STEP][PASSED] - mouseOver: Object: 'Object Repository/Page_Home Page - US Leadgen (1)/span_System' is hovered

2018-03-30 10:07:47 - [MESSAGE][PASSED] - Object: 'Object Repository/Page_Home Page - US Leadgen (1)/span_System' is hovered

2018-03-30 10:07:47 - [TEST_STEP][PASSED] - delay: Delayed 1 second(s)

2018-03-30 10:07:48 - [MESSAGE][PASSED] - Delayed 1 second(s)

2018-03-30 10:07:48 - [TEST_STEP][PASSED] - click: Object: 'Object Repository/Page_- US Leadgen/a_System Settings' is clicked on

2018-03-30 10:07:49 - [MESSAGE][PASSED] - Object: 'Object Repository/Page_- US Leadgen/a_System Settings' is clicked on

2018-03-30 10:07:49 - [TEST_STEP][PASSED] - delay: Delayed 2 second(s)

2018-03-30 10:07:51 - [MESSAGE][PASSED] - Delayed 2 second(s)

2018-03-30 10:07:51 - [TEST_STEP][PASSED] - mouseOver: Object: 'Object Repository/Page_Home Page - US Leadgen (1)/span_Administration' is hovered

2018-03-30 10:07:51 - [MESSAGE][PASSED] - Object: 'Object Repository/Page_Home Page - US Leadgen (1)/span_Administration' is hovered

2018-03-30 10:07:51 - [TEST_STEP][PASSED] - delay: Delayed 1 second(s)

2018-03-30 10:07:52 - [MESSAGE][PASSED] - Delayed 1 second(s)

2018-03-30 10:07:52 - [TEST_STEP][PASSED] - mouseOver: Object: 'Object Repository/Page_Home Page - US Leadgen (1)/span_System' is hovered

2018-03-30 10:07:52 - [MESSAGE][PASSED] - Object: 'Object Repository/Page_Home Page - US Leadgen (1)/span_System' is hovered

2018-03-30 10:07:52 - [TEST_STEP][PASSED] - delay: Delayed 1 second(s)

2018-03-30 10:07:53 - [MESSAGE][PASSED] - Delayed 1 second(s)

2018-03-30 10:07:53 - [TEST_STEP][PASSED] - click: Object: 'Object Repository/Page_- US Leadgen/a_Plug In Management' is clicked on

2018-03-30 10:07:53 - [MESSAGE][PASSED] - Object: 'Object Repository/Page_- US Leadgen/a_Plug In Management' is clicked on

2018-03-30 10:07:53 - [TEST_STEP][PASSED] - delay: Delayed 2 second(s)

2018-03-30 10:07:55 - [MESSAGE][PASSED] - Delayed 2 second(s)

2018-03-30 10:07:55 - [TEST_STEP][PASSED] - mouseOver: Object: 'Object Repository/Page_Home Page - US Leadgen (1)/span_Administration' is hovered

2018-03-30 10:07:55 - [MESSAGE][PASSED] - Object: 'Object Repository/Page_Home Page - US Leadgen (1)/span_Administration' is hovered

2018-03-30 10:07:55 - [TEST_STEP][PASSED] - delay: Delayed 1 second(s)

2018-03-30 10:07:56 - [MESSAGE][PASSED] - Delayed 1 second(s)

2018-03-30 10:07:56 - [TEST_STEP][PASSED] - mouseOver: Object: 'Object Repository/Page_Home Page - US Leadgen (1)/span_System' is hovered

2018-03-30 10:07:56 - [MESSAGE][PASSED] - Object: 'Object Repository/Page_Home Page - US Leadgen (1)/span_System' is hovered

2018-03-30 10:07:56 - [TEST_STEP][PASSED] - delay: Delayed 1 second(s)

2018-03-30 10:07:57 - [MESSAGE][PASSED] - Delayed 1 second(s)

2018-03-30 10:07:57 - [TEST_STEP][PASSED] - click: Object: 'Object Repository/Page_- US Leadgen/a_Exporter Settings' is clicked on

2018-03-30 10:07:57 - [MESSAGE][PASSED] - Object: 'Object Repository/Page_- US Leadgen/a_Exporter Settings' is clicked on

2018-03-30 10:07:57 - [TEST_STEP][PASSED] - delay: Delayed 2 second(s)

2018-03-30 10:07:59 - [MESSAGE][PASSED] - Delayed 2 second(s)

2018-03-30 10:07:59 - [TEST_STEP][PASSED] - mouseOver: Object: 'Object Repository/Page_Home Page - US Leadgen (1)/span_Administration' is hovered

2018-03-30 10:07:59 - [MESSAGE][PASSED] - Object: 'Object Repository/Page_Home Page - US Leadgen (1)/span_Administration' is hovered

2018-03-30 10:07:59 - [TEST_STEP][PASSED] - delay: Delayed 1 second(s)

2018-03-30 10:08:00 - [MESSAGE][PASSED] - Delayed 1 second(s)

2018-03-30 10:08:00 - [TEST_STEP][PASSED] - mouseOver: Object: 'Object Repository/Page_Home Page - US Leadgen (1)/span_System' is hovered

2018-03-30 10:08:00 - [MESSAGE][PASSED] - Object: 'Object Repository/Page_Home Page - US Leadgen (1)/span_System' is hovered

2018-03-30 10:08:01 - [TEST_STEP][PASSED] - delay: Delayed 1 second(s)

2018-03-30 10:08:02 - [MESSAGE][PASSED] - Delayed 1 second(s)

2018-03-30 10:08:02 - [TEST_STEP][PASSED] - click: Object: 'Object Repository/Page_- US Leadgen/a_Provision Keys' is clicked on

2018-03-30 10:08:02 - [MESSAGE][PASSED] - Object: 'Object Repository/Page_- US Leadgen/a_Provision Keys' is clicked on

2018-03-30 10:08:02 - [TEST_STEP][PASSED] - delay: Delayed 2 second(s)

2018-03-30 10:08:04 - [MESSAGE][PASSED] - Delayed 2 second(s)

2018-03-30 10:08:04 - [TEST_STEP][PASSED] - mouseOver: Object: 'Object Repository/Page_Home Page - US Leadgen (1)/span_Administration' is hovered

2018-03-30 10:08:04 - [MESSAGE][PASSED] - Object: 'Object Repository/Page_Home Page - US Leadgen (1)/span_Administration' is hovered

2018-03-30 10:08:04 - [TEST_STEP][PASSED] - delay: Delayed 1 second(s)

2018-03-30 10:08:05 - [MESSAGE][PASSED] - Delayed 1 second(s)

2018-03-30 10:08:05 - [TEST_STEP][PASSED] - mouseOver: Object: 'Object Repository/Page_Home Page - US Leadgen (1)/span_System' is hovered

2018-03-30 10:08:05 - [MESSAGE][PASSED] - Object: 'Object Repository/Page_Home Page - US Leadgen (1)/span_System' is hovered

2018-03-30 10:08:05 - [TEST_STEP][PASSED] - delay: Delayed 1 second(s)

2018-03-30 10:08:06 - [MESSAGE][PASSED] - Delayed 1 second(s)

2018-03-30 10:08:06 - [TEST_STEP][PASSED] - click: Object: 'Object Repository/Page_- US Leadgen/a_The Purginator' is clicked on

2018-03-30 10:08:06 - [MESSAGE][PASSED] - Object: 'Object Repository/Page_- US Leadgen/a_The Purginator' is clicked on

2018-03-30 10:08:06 - [TEST_STEP][PASSED] - delay: Delayed 2 second(s)

2018-03-30 10:08:08 - [MESSAGE][PASSED] - Delayed 2 second(s)

2018-03-30 10:08:08 - [TEST_STEP][PASSED] - mouseOver: Object: 'Object Repository/Page_Home Page - US Leadgen (1)/span_Administration' is hovered

2018-03-30 10:08:08 - [MESSAGE][PASSED] - Object: 'Object Repository/Page_Home Page - US Leadgen (1)/span_Administration' is hovered

2018-03-30 10:08:08 - [TEST_STEP][PASSED] - delay: Delayed 1 second(s)

2018-03-30 10:08:09 - [MESSAGE][PASSED] - Delayed 1 second(s)

2018-03-30 10:08:09 - [TEST_STEP][PASSED] - mouseOver: Object: 'Object Repository/Page_Home Page - US Leadgen (1)/span_System' is hovered

2018-03-30 10:08:09 - [MESSAGE][PASSED] - Object: 'Object Repository/Page_Home Page - US Leadgen (1)/span_System' is hovered

2018-03-30 10:08:09 - [TEST_STEP][PASSED] - delay: Delayed 1 second(s)

2018-03-30 10:08:10 - [MESSAGE][PASSED] - Delayed 1 second(s)

2018-03-30 10:08:10 - [TEST_STEP][PASSED] - click: Object: 'Object Repository/Page_- US Leadgen/a_Purge History' is clicked on

2018-03-30 10:08:11 - [MESSAGE][PASSED] - Object: 'Object Repository/Page_- US Leadgen/a_Purge History' is clicked on

2018-03-30 10:08:11 - [TEST_STEP][PASSED] - delay: Delayed 2 second(s)

2018-03-30 10:08:13 - [MESSAGE][PASSED] - Delayed 2 second(s)

2018-03-30 10:08:13 - [TEST_STEP][PASSED] - click: Object: 'Object Repository/Page_- US Leadgen/a_Dashboard' is clicked on

2018-03-30 10:08:13 - [MESSAGE][PASSED] - Object: 'Object Repository/Page_- US Leadgen/a_Dashboard' is clicked on

2018-03-30 10:08:13 - [TEST_STEP][PASSED] - delay: Delayed 5 second(s)

2018-03-30 10:08:18 - [MESSAGE][PASSED] - Delayed 5 second(s)

2018-03-30 10:08:18 - [TEST_STEP][PASSED] - mouseOver: Object: 'Object Repository/Page_Home Page - US Leadgen (1)/span_Reporting' is hovered

2018-03-30 10:08:18 - [MESSAGE][PASSED] - Object: 'Object Repository/Page_Home Page - US Leadgen (1)/span_Reporting' is hovered

2018-03-30 10:08:18 - [TEST_STEP][PASSED] - delay: Delayed 1 second(s)

2018-03-30 10:08:19 - [MESSAGE][PASSED] - Delayed 1 second(s)

2018-03-30 10:08:19 - [TEST_STEP][PASSED] - click: Object: 'Object Repository/Page_Home Page - US Leadgen (3)/a_Daily Emails' is clicked on

2018-03-30 10:08:19 - [MESSAGE][PASSED] - Object: 'Object Repository/Page_Home Page - US Leadgen (3)/a_Daily Emails' is clicked on

2018-03-30 10:08:19 - [TEST_STEP][PASSED] - delay: Delayed 2 second(s)

2018-03-30 10:08:21 - [MESSAGE][PASSED] - Delayed 2 second(s)

2018-03-30 10:08:21 - [TEST_STEP][PASSED] - mouseOver: Object: 'Object Repository/Page_Home Page - US Leadgen (1)/span_Reporting' is hovered

2018-03-30 10:08:21 - [MESSAGE][PASSED] - Object: 'Object Repository/Page_Home Page - US Leadgen (1)/span_Reporting' is hovered

2018-03-30 10:08:21 - [TEST_STEP][PASSED] - delay: Delayed 1 second(s)

2018-03-30 10:08:22 - [MESSAGE][PASSED] - Delayed 1 second(s)

2018-03-30 10:08:22 - [TEST_STEP][PASSED] - click: Object: 'Object Repository/Page_- US Leadgen/a_EDC Lead Summary' is clicked on

2018-03-30 10:08:24 - [MESSAGE][PASSED] - Object: 'Object Repository/Page_- US Leadgen/a_EDC Lead Summary' is clicked on

2018-03-30 10:08:24 - [TEST_STEP][PASSED] - delay: Delayed 2 second(s)

2018-03-30 10:08:26 - [MESSAGE][PASSED] - Delayed 2 second(s)

2018-03-30 10:08:26 - [TEST_STEP][PASSED] - click: Object: 'Object Repository/Page_- US Leadgen/i_fa fa-angle-double-left' is clicked on

2018-03-30 10:08:26 - [MESSAGE][PASSED] - Object: 'Object Repository/Page_- US Leadgen/i_fa fa-angle-double-left' is clicked on

2018-03-30 10:08:26 - [TEST_STEP][PASSED] - delay: Delayed 2 second(s)

2018-03-30 10:08:28 - [MESSAGE][PASSED] - Delayed 2 second(s)

2018-03-30 10:08:28 - [TEST_STEP][PASSED] - click: Object: 'Object Repository/Page_- US Leadgen/i_fa fa-angle-double-left_1' is clicked on

2018-03-30 10:08:28 - [MESSAGE][PASSED] - Object: 'Object Repository/Page_- US Leadgen/i_fa fa-angle-double-left_1' is clicked on

2018-03-30 10:08:28 - [TEST_STEP][PASSED] - delay: Delayed 2 second(s)

2018-03-30 10:08:30 - [MESSAGE][PASSED] - Delayed 2 second(s)

2018-03-30 10:08:30 - [TEST_STEP][PASSED] - click: Object: 'Object Repository/Page_- US Leadgen/button_uix-control-right' is clicked on

2018-03-30 10:08:30 - [MESSAGE][PASSED] - Object: 'Object Repository/Page_- US Leadgen/button_uix-control-right' is clicked on

2018-03-30 10:08:30 - [TEST_STEP][PASSED] - delay: Delayed 2 second(s)

2018-03-30 10:08:32 - [MESSAGE][PASSED] - Delayed 2 second(s)

2018-03-30 10:08:32 - [TEST_STEP][PASSED] - click: Object: 'Object Repository/Page_- US Leadgen/em_Submit' is clicked on

2018-03-30 10:08:32 - [MESSAGE][PASSED] - Object: 'Object Repository/Page_- US Leadgen/em_Submit' is clicked on

2018-03-30 10:08:32 - [TEST_STEP][PASSED] - delay: Delayed 2 second(s)

2018-03-30 10:08:34 - [MESSAGE][PASSED] - Delayed 2 second(s)

2018-03-30 10:08:34 - [TEST_STEP][PASSED] - click: Object: 'Object Repository/Page_- US Leadgen/em_Back' is clicked on

2018-03-30 10:08:35 - [MESSAGE][PASSED] - Object: 'Object Repository/Page_- US Leadgen/em_Back' is clicked on

2018-03-30 10:08:35 - [TEST_STEP][PASSED] - delay: Delayed 2 second(s)

2018-03-30 10:08:37 - [MESSAGE][PASSED] - Delayed 2 second(s)

2018-03-30 10:08:37 - [TEST_STEP][PASSED] - mouseOver: Object: 'Object Repository/Page_Home Page - US Leadgen (1)/span_Reporting' is hovered

2018-03-30 10:08:37 - [MESSAGE][PASSED] - Object: 'Object Repository/Page_Home Page - US Leadgen (1)/span_Reporting' is hovered

2018-03-30 10:08:37 - [TEST_STEP][PASSED] - delay: Delayed 1 second(s)

2018-03-30 10:08:38 - [MESSAGE][PASSED] - Delayed 1 second(s)

2018-03-30 10:08:38 - [TEST_STEP][PASSED] - click: Object: 'Object Repository/Page_- US Leadgen/a_Transmitted Leads' is clicked on

2018-03-30 10:08:39 - [MESSAGE][PASSED] - Object: 'Object Repository/Page_- US Leadgen/a_Transmitted Leads' is clicked on

2018-03-30 10:08:39 - [TEST_STEP][PASSED] - delay: Delayed 2 second(s)

2018-03-30 10:08:41 - [MESSAGE][PASSED] - Delayed 2 second(s)

2018-03-30 10:08:41 - [TEST_STEP][PASSED] - click: Object: 'Object Repository/Page_- US Leadgen/i_fa fa-angle-double-left' is clicked on

2018-03-30 10:08:41 - [MESSAGE][PASSED] - Object: 'Object Repository/Page_- US Leadgen/i_fa fa-angle-double-left' is clicked on

2018-03-30 10:08:41 - [TEST_STEP][PASSED] - delay: Delayed 3 second(s)

2018-03-30 10:08:44 - [MESSAGE][PASSED] - Delayed 3 second(s)

2018-03-30 10:08:44 - [TEST_STEP][PASSED] - click: Object: 'Object Repository/Page_- US Leadgen/em_Submit' is clicked on

2018-03-30 10:08:44 - [MESSAGE][PASSED] - Object: 'Object Repository/Page_- US Leadgen/em_Submit' is clicked on

2018-03-30 10:08:44 - [TEST_STEP][PASSED] - delay: Delayed 5 second(s)

2018-03-30 10:08:49 - [MESSAGE][PASSED] - Delayed 5 second(s)

2018-03-30 10:08:49 - [TEST_STEP][PASSED] - click: Object: 'Object Repository/Page_- US Leadgen/em_Back_1' is clicked on

2018-03-30 10:08:50 - [MESSAGE][PASSED] - Object: 'Object Repository/Page_- US Leadgen/em_Back_1' is clicked on

2018-03-30 10:08:50 - [TEST_STEP][PASSED] - delay: Delayed 2 second(s)

2018-03-30 10:08:52 - [MESSAGE][PASSED] - Delayed 2 second(s)

2018-03-30 10:08:52 - [TEST_STEP][PASSED] - mouseOver: Object: 'Object Repository/Page_Home Page - US Leadgen (1)/span_Reporting' is hovered

2018-03-30 10:08:52 - [MESSAGE][PASSED] - Object: 'Object Repository/Page_Home Page - US Leadgen (1)/span_Reporting' is hovered

2018-03-30 10:08:52 - [TEST_STEP][PASSED] - delay: Delayed 1 second(s)

2018-03-30 10:08:53 - [MESSAGE][PASSED] - Delayed 1 second(s)

2018-03-30 10:08:53 - [TEST_STEP][PASSED] - click: Object: 'Object Repository/Page_- US Leadgen/a_Lead Details' is clicked on

2018-03-30 10:08:53 - [MESSAGE][PASSED] - Object: 'Object Repository/Page_- US Leadgen/a_Lead Details' is clicked on

2018-03-30 10:08:53 - [TEST_STEP][PASSED] - delay: Delayed 2 second(s)

2018-03-30 10:08:55 - [MESSAGE][PASSED] - Delayed 2 second(s)

2018-03-30 10:08:55 - [TEST_STEP][PASSED] - click: Object: 'Object Repository/Page_- US Leadgen/i_fa fa-angle-double-left' is clicked on

2018-03-30 10:08:55 - [MESSAGE][PASSED] - Object: 'Object Repository/Page_- US Leadgen/i_fa fa-angle-double-left' is clicked on

2018-03-30 10:08:55 - [TEST_STEP][PASSED] - delay: Delayed 2 second(s)

2018-03-30 10:08:57 - [MESSAGE][PASSED] - Delayed 2 second(s)

2018-03-30 10:08:57 - [TEST_STEP][PASSED] - click: Object: 'Object Repository/Page_- US Leadgen/em_Submit' is clicked on

2018-03-30 10:08:57 - [MESSAGE][PASSED] - Object: 'Object Repository/Page_- US Leadgen/em_Submit' is clicked on

2018-03-30 10:08:57 - [TEST_STEP][PASSED] - delay: Delayed 5 second(s)

2018-03-30 10:09:02 - [MESSAGE][PASSED] - Delayed 5 second(s)

2018-03-30 10:09:02 - [TEST_STEP][PASSED] - mouseOver: Object: 'Object Repository/Page_Home Page - US Leadgen (1)/span_Reporting' is hovered

2018-03-30 10:09:03 - [MESSAGE][PASSED] - Object: 'Object Repository/Page_Home Page - US Leadgen (1)/span_Reporting' is hovered

2018-03-30 10:09:03 - [TEST_STEP][PASSED] - delay: Delayed 1 second(s)

2018-03-30 10:09:04 - [MESSAGE][PASSED] - Delayed 1 second(s)

2018-03-30 10:09:04 - [TEST_STEP][PASSED] - click: Object: 'Object Repository/Page_- US Leadgen/a_Multi-Brand Details' is clicked on

2018-03-30 10:09:04 - [MESSAGE][PASSED] - Object: 'Object Repository/Page_- US Leadgen/a_Multi-Brand Details' is clicked on

2018-03-30 10:09:04 - [TEST_STEP][PASSED] - delay: Delayed 2 second(s)

2018-03-30 10:09:06 - [MESSAGE][PASSED] - Delayed 2 second(s)

2018-03-30 10:09:06 - [TEST_STEP][PASSED] - click: Object: 'Object Repository/Page_- US Leadgen/i_fa fa-angle-double-left' is clicked on

2018-03-30 10:09:06 - [MESSAGE][PASSED] - Object: 'Object Repository/Page_- US Leadgen/i_fa fa-angle-double-left' is clicked on

2018-03-30 10:09:06 - [TEST_STEP][PASSED] - delay: Delayed 3 second(s)

2018-03-30 10:09:09 - [MESSAGE][PASSED] - Delayed 3 second(s)

2018-03-30 10:09:09 - [TEST_STEP][PASSED] - click: Object: 'Object Repository/Page_- US Leadgen/em_Submit' is clicked on

2018-03-30 10:09:09 - [MESSAGE][PASSED] - Object: 'Object Repository/Page_- US Leadgen/em_Submit' is clicked on

2018-03-30 10:09:09 - [TEST_STEP][PASSED] - delay: Delayed 5 second(s)

2018-03-30 10:09:14 - [MESSAGE][PASSED] - Delayed 5 second(s)]]></system-out>
         <system-err><![CDATA[]]></system-err>
      </testcase>
      <testcase name="Test Cases/Logging Out" classname="Test Cases/Logging Out" status="PASSED">
         <system-out><![CDATA[2018-03-30 10:09:14 - [TEST_CASE][PASSED] - Test Cases/Logging Out: Test Cases/Logging Out

2018-03-30 10:09:15 - [TEST_STEP][NOT_RUN] - openBrowser: NOT_RUN: openBrowser

2018-03-30 10:09:15 - [MESSAGE][NOT_RUN] - NOT_RUN: openBrowser

2018-03-30 10:09:15 - [TEST_STEP][NOT_RUN] - navigateToUrl: NOT_RUN: navigateToUrl

2018-03-30 10:09:15 - [MESSAGE][NOT_RUN] - NOT_RUN: navigateToUrl

2018-03-30 10:09:15 - [TEST_STEP][NOT_RUN] - maximizeWindow: NOT_RUN: maximizeWindow

2018-03-30 10:09:15 - [MESSAGE][NOT_RUN] - NOT_RUN: maximizeWindow

2018-03-30 10:09:15 - [TEST_STEP][NOT_RUN] - callTestCase: NOT_RUN: callTestCase

2018-03-30 10:09:15 - [MESSAGE][NOT_RUN] - NOT_RUN: callTestCase

2018-03-30 10:09:15 - [TEST_STEP][PASSED] - comment: Disabled for reasons. DO NOT ENABLE UNLESS I TELL YOU!

2018-03-30 10:09:15 - [TEST_STEP][PASSED] - mouseOver: Object: 'Object Repository/Page_Home Page - US Leadgen (1)/span_Account' is hovered

2018-03-30 10:09:15 - [MESSAGE][PASSED] - Object: 'Object Repository/Page_Home Page - US Leadgen (1)/span_Account' is hovered

2018-03-30 10:09:15 - [TEST_STEP][PASSED] - delay: Delayed 1 second(s)

2018-03-30 10:09:16 - [MESSAGE][PASSED] - Delayed 1 second(s)

2018-03-30 10:09:16 - [TEST_STEP][PASSED] - click: Object: 'Object Repository/Page_Home Page - US Leadgen (2)/span_Sign Out' is clicked on

2018-03-30 10:09:16 - [MESSAGE][PASSED] - Object: 'Object Repository/Page_Home Page - US Leadgen (2)/span_Sign Out' is clicked on]]></system-out>
         <system-err><![CDATA[]]></system-err>
      </testcase>
      <system-out><![CDATA[2018-03-30 09:45:08 - [TEST_SUITE][PASSED] - GM - Regression Suite for Reporting Tool: Test Cases/Logging Out]]></system-out>
      <system-err><![CDATA[]]></system-err>
   </testsuite>
</testsuites>
